<?xml version="1.0" encoding="UTF-8"?>
<coverage generated="1762905181128" clover="3.2.0">
  <project timestamp="1762905181128" name="All files">
    <metrics statements="90" coveredstatements="56" conditionals="32" coveredconditionals="13" methods="15" coveredmethods="8" elements="137" coveredelements="77" complexity="0" loc="90" ncloc="90" packages="3" files="4" classes="4"/>
    <package name="src">
      <metrics statements="16" coveredstatements="0" conditionals="4" coveredconditionals="0" methods="1" coveredmethods="0"/>
      <file name="index.ts" path="/root/react-stocks/backend/src/index.ts">
        <metrics statements="16" coveredstatements="0" conditionals="4" coveredconditionals="0" methods="1" coveredmethods="0"/>
        <line num="19" count="0" type="stmt"/>
        <line num="20" count="0" type="stmt"/>
        <line num="21" count="0" type="stmt"/>
        <line num="23" count="0" type="stmt"/>
        <line num="29" count="0" type="stmt"/>
        <line num="31" count="0" type="cond" truecount="0" falsecount="1"/>
        <line num="32" count="0" type="stmt"/>
        <line num="36" count="0" type="cond" truecount="0" falsecount="3"/>
        <line num="39" count="0" type="stmt"/>
        <line num="43" count="0" type="stmt"/>
        <line num="46" count="0" type="stmt"/>
        <line num="47" count="0" type="stmt"/>
        <line num="50" count="0" type="stmt"/>
        <line num="52" count="0" type="stmt"/>
        <line num="53" count="0" type="stmt"/>
        <line num="55" count="0" type="stmt"/>
      </file>
    </package>
    <package name="src.services">
      <metrics statements="57" coveredstatements="52" conditionals="19" coveredconditionals="13" methods="7" coveredmethods="7"/>
      <file name="tiingo.service.ts" path="/root/react-stocks/backend/src/services/tiingo.service.ts">
        <metrics statements="57" coveredstatements="52" conditionals="19" coveredconditionals="13" methods="7" coveredmethods="7"/>
        <line num="11" count="1" type="stmt"/>
        <line num="12" count="1" type="stmt"/>
        <line num="18" count="12" type="stmt"/>
        <line num="37" count="12" type="stmt"/>
        <line num="39" count="12" type="stmt"/>
        <line num="40" count="30" type="stmt"/>
        <line num="41" count="30" type="stmt"/>
        <line num="43" count="24" type="stmt"/>
        <line num="46" count="24" type="cond" truecount="0" falsecount="1"/>
        <line num="47" count="0" type="stmt"/>
        <line num="48" count="0" type="cond" truecount="0" falsecount="5"/>
        <line num="49" count="0" type="stmt"/>
        <line num="54" count="24" type="cond" truecount="1" falsecount="0"/>
        <line num="55" count="4" type="stmt"/>
        <line num="59" count="20" type="stmt"/>
        <line num="60" count="20" type="stmt"/>
        <line num="61" count="20" type="stmt"/>
        <line num="65" count="4" type="stmt"/>
        <line num="83" count="8" type="stmt"/>
        <line num="85" count="8" type="stmt"/>
        <line num="86" count="22" type="stmt"/>
        <line num="87" count="22" type="stmt"/>
        <line num="92" count="22" type="cond" truecount="1" falsecount="0"/>
        <line num="93" count="1" type="stmt"/>
        <line num="96" count="22" type="cond" truecount="2" falsecount="0"/>
        <line num="98" count="22" type="stmt"/>
        <line num="103" count="4" type="stmt"/>
        <line num="104" count="4" type="stmt"/>
        <line num="106" count="18" type="cond" truecount="1" falsecount="0"/>
        <line num="107" count="18" type="stmt"/>
        <line num="109" count="18" type="cond" truecount="1" falsecount="0"/>
        <line num="110" count="8" type="stmt"/>
        <line num="113" count="10" type="cond" truecount="1" falsecount="0"/>
        <line num="114" count="1" type="stmt"/>
        <line num="117" count="9" type="cond" truecount="1" falsecount="0"/>
        <line num="118" count="4" type="stmt"/>
        <line num="122" count="5" type="stmt"/>
        <line num="123" count="5" type="stmt"/>
        <line num="127" count="8" type="stmt"/>
        <line num="141" count="4" type="stmt"/>
        <line num="143" count="4" type="stmt"/>
        <line num="144" count="8" type="stmt"/>
        <line num="145" count="8" type="stmt"/>
        <line num="147" count="8" type="stmt"/>
        <line num="154" count="2" type="stmt"/>
        <line num="155" count="2" type="stmt"/>
        <line num="157" count="6" type="cond" truecount="1" falsecount="0"/>
        <line num="158" count="6" type="stmt"/>
        <line num="160" count="6" type="cond" truecount="1" falsecount="0"/>
        <line num="161" count="3" type="stmt"/>
        <line num="164" count="3" type="cond" truecount="1" falsecount="0"/>
        <line num="165" count="1" type="stmt"/>
        <line num="168" count="2" type="cond" truecount="1" falsecount="0"/>
        <line num="169" count="2" type="stmt"/>
        <line num="173" count="0" type="stmt"/>
        <line num="174" count="0" type="stmt"/>
        <line num="178" count="4" type="stmt"/>
      </file>
    </package>
    <package name="src.utils">
      <metrics statements="17" coveredstatements="4" conditionals="9" coveredconditionals="0" methods="7" coveredmethods="1"/>
      <file name="error.util.ts" path="/root/react-stocks/backend/src/utils/error.util.ts">
        <metrics statements="13" coveredstatements="4" conditionals="7" coveredconditionals="0" methods="4" coveredmethods="1"/>
        <line num="13" count="24" type="stmt"/>
        <line num="14" count="24" type="stmt"/>
        <line num="15" count="24" type="stmt"/>
        <line num="16" count="24" type="stmt"/>
        <line num="31" count="0" type="cond" truecount="0" falsecount="2"/>
        <line num="32" count="0" type="cond" truecount="0" falsecount="2"/>
        <line num="34" count="0" type="stmt"/>
        <line num="47" count="0" type="cond" truecount="0" falsecount="1"/>
        <line num="48" count="0" type="stmt"/>
        <line num="52" count="0" type="stmt"/>
        <line num="61" count="0" type="cond" truecount="0" falsecount="1"/>
        <line num="62" count="0" type="stmt"/>
        <line num="65" count="0" type="stmt"/>
      </file>
      <file name="response.util.ts" path="/root/react-stocks/backend/src/utils/response.util.ts">
        <metrics statements="4" coveredstatements="0" conditionals="2" coveredconditionals="0" methods="3" coveredmethods="0"/>
        <line num="18" count="0" type="stmt"/>
        <line num="35" count="0" type="stmt"/>
        <line num="52" count="0" type="stmt"/>
        <line num="64" count="0" type="stmt"/>
      </file>
    </package>
  </project>
</coverage>
