{"/root/react-stocks/backend/src/index.ts": {"path":"/root/react-stocks/backend/src/index.ts","statementMap":{"0":{"start":{"line":19,"column":20},"end":{"line":19,"column":50}},"1":{"start":{"line":20,"column":15},"end":{"line":20,"column":28}},"2":{"start":{"line":21,"column":17},"end":{"line":21,"column":49}},"3":{"start":{"line":23,"column":2},"end":{"line":27,"column":5}},"4":{"start":{"line":29,"column":2},"end":{"line":56,"column":3}},"5":{"start":{"line":31,"column":4},"end":{"line":33,"column":5}},"6":{"start":{"line":32,"column":6},"end":{"line":32,"column":64}},"7":{"start":{"line":36,"column":4},"end":{"line":48,"column":5}},"8":{"start":{"line":39,"column":8},"end":{"line":39,"column":72}},"9":{"start":{"line":43,"column":8},"end":{"line":43,"column":70}},"10":{"start":{"line":46,"column":8},"end":{"line":46,"column":54}},"11":{"start":{"line":47,"column":8},"end":{"line":47,"column":61}},"12":{"start":{"line":50,"column":4},"end":{"line":50,"column":59}},"13":{"start":{"line":52,"column":23},"end":{"line":52,"column":52}},"14":{"start":{"line":53,"column":20},"end":{"line":53,"column":42}},"15":{"start":{"line":55,"column":4},"end":{"line":55,"column":46}}},"fnMap":{"0":{"name":"handler","decl":{"start":{"line":16,"column":22},"end":{"line":16,"column":29}},"loc":{"start":{"line":17,"column":31},"end":{"line":57,"column":1}}}},"branchMap":{"0":{"loc":{"start":{"line":31,"column":4},"end":{"line":33,"column":5}},"type":"if","locations":[{"start":{"line":31,"column":4},"end":{"line":33,"column":5}}]},"1":{"loc":{"start":{"line":36,"column":4},"end":{"line":48,"column":5}},"type":"switch","locations":[{"start":{"line":37,"column":6},"end":{"line":39,"column":72}},{"start":{"line":41,"column":6},"end":{"line":43,"column":70}},{"start":{"line":45,"column":6},"end":{"line":47,"column":61}}]}},"s":{"0":0,"1":0,"2":0,"3":0,"4":0,"5":0,"6":0,"7":0,"8":0,"9":0,"10":0,"11":0,"12":0,"13":0,"14":0,"15":0},"f":{"0":0},"b":{"0":[0],"1":[0,0,0]}}
,"/root/react-stocks/backend/src/services/tiingo.service.ts": {"path":"/root/react-stocks/backend/src/services/tiingo.service.ts","statementMap":{"0":{"start":{"line":11,"column":24},"end":{"line":11,"column":48}},"1":{"start":{"line":12,"column":23},"end":{"line":12,"column":28}},"2":{"start":{"line":18,"column":2},"end":{"line":24,"column":5}},"3":{"start":{"line":37,"column":32},"end":{"line":37,"column":36}},"4":{"start":{"line":39,"column":2},"end":{"line":63,"column":3}},"5":{"start":{"line":39,"column":15},"end":{"line":39,"column":16}},"6":{"start":{"line":40,"column":4},"end":{"line":62,"column":5}},"7":{"start":{"line":41,"column":6},"end":{"line":41,"column":24}},"8":{"start":{"line":43,"column":6},"end":{"line":43,"column":33}},"9":{"start":{"line":46,"column":6},"end":{"line":51,"column":7}},"10":{"start":{"line":47,"column":23},"end":{"line":47,"column":45}},"11":{"start":{"line":48,"column":8},"end":{"line":50,"column":9}},"12":{"start":{"line":49,"column":10},"end":{"line":49,"column":22}},"13":{"start":{"line":54,"column":6},"end":{"line":56,"column":7}},"14":{"start":{"line":55,"column":8},"end":{"line":55,"column":14}},"15":{"start":{"line":59,"column":20},"end":{"line":59,"column":45}},"16":{"start":{"line":60,"column":6},"end":{"line":60,"column":83}},"17":{"start":{"line":61,"column":6},"end":{"line":61,"column":65}},"18":{"start":{"line":61,"column":37},"end":{"line":61,"column":63}},"19":{"start":{"line":65,"column":2},"end":{"line":65,"column":18}},"20":{"start":{"line":83,"column":17},"end":{"line":83,"column":37}},"21":{"start":{"line":85,"column":18},"end":{"line":125,"column":3}},"22":{"start":{"line":86,"column":4},"end":{"line":124,"column":5}},"23":{"start":{"line":87,"column":45},"end":{"line":90,"column":8}},"24":{"start":{"line":92,"column":6},"end":{"line":94,"column":7}},"25":{"start":{"line":93,"column":8},"end":{"line":93,"column":33}},"26":{"start":{"line":96,"column":6},"end":{"line":96,"column":110}},"27":{"start":{"line":98,"column":23},"end":{"line":100,"column":null}},"28":{"start":{"line":103,"column":6},"end":{"line":103,"column":97}},"29":{"start":{"line":104,"column":6},"end":{"line":104,"column":27}},"30":{"start":{"line":106,"column":6},"end":{"line":120,"column":7}},"31":{"start":{"line":107,"column":23},"end":{"line":107,"column":45}},"32":{"start":{"line":109,"column":8},"end":{"line":111,"column":9}},"33":{"start":{"line":110,"column":10},"end":{"line":110,"column":66}},"34":{"start":{"line":113,"column":8},"end":{"line":115,"column":9}},"35":{"start":{"line":114,"column":10},"end":{"line":114,"column":88}},"36":{"start":{"line":117,"column":8},"end":{"line":119,"column":9}},"37":{"start":{"line":118,"column":10},"end":{"line":118,"column":88}},"38":{"start":{"line":122,"column":6},"end":{"line":122,"column":75}},"39":{"start":{"line":123,"column":6},"end":{"line":123,"column":76}},"40":{"start":{"line":127,"column":2},"end":{"line":127,"column":35}},"41":{"start":{"line":141,"column":17},"end":{"line":141,"column":37}},"42":{"start":{"line":143,"column":18},"end":{"line":176,"column":3}},"43":{"start":{"line":144,"column":4},"end":{"line":175,"column":5}},"44":{"start":{"line":145,"column":6},"end":{"line":145,"column":69}},"45":{"start":{"line":147,"column":23},"end":{"line":151,"column":null}},"46":{"start":{"line":154,"column":6},"end":{"line":154,"column":91}},"47":{"start":{"line":155,"column":6},"end":{"line":155,"column":27}},"48":{"start":{"line":157,"column":6},"end":{"line":171,"column":7}},"49":{"start":{"line":158,"column":23},"end":{"line":158,"column":45}},"50":{"start":{"line":160,"column":8},"end":{"line":162,"column":9}},"51":{"start":{"line":161,"column":10},"end":{"line":161,"column":66}},"52":{"start":{"line":164,"column":8},"end":{"line":166,"column":9}},"53":{"start":{"line":165,"column":10},"end":{"line":165,"column":88}},"54":{"start":{"line":168,"column":8},"end":{"line":170,"column":9}},"55":{"start":{"line":169,"column":10},"end":{"line":169,"column":88}},"56":{"start":{"line":173,"column":6},"end":{"line":173,"column":78}},"57":{"start":{"line":174,"column":6},"end":{"line":174,"column":72}},"58":{"start":{"line":178,"column":2},"end":{"line":178,"column":35}}},"fnMap":{"0":{"name":"createTiingoClient","decl":{"start":{"line":17,"column":9},"end":{"line":17,"column":27}},"loc":{"start":{"line":17,"column":27},"end":{"line":25,"column":1}}},"1":{"name":"retryWithBackoff","decl":{"start":{"line":33,"column":15},"end":{"line":33,"column":31}},"loc":{"start":{"line":35,"column":21},"end":{"line":66,"column":1}}},"2":{"name":"(anonymous_2)","decl":{"start":{"line":61,"column":24},"end":{"line":61,"column":25}},"loc":{"start":{"line":61,"column":37},"end":{"line":61,"column":63}}},"3":{"name":"fetchStockPrices","decl":{"start":{"line":77,"column":22},"end":{"line":77,"column":38}},"loc":{"start":{"line":81,"column":16},"end":{"line":128,"column":1}}},"4":{"name":"(anonymous_4)","decl":{"start":{"line":85,"column":18},"end":{"line":85,"column":23}},"loc":{"start":{"line":85,"column":29},"end":{"line":125,"column":3}}},"5":{"name":"fetchSymbolMetadata","decl":{"start":{"line":137,"column":22},"end":{"line":137,"column":41}},"loc":{"start":{"line":139,"column":16},"end":{"line":179,"column":1}}},"6":{"name":"(anonymous_6)","decl":{"start":{"line":143,"column":18},"end":{"line":143,"column":23}},"loc":{"start":{"line":143,"column":29},"end":{"line":176,"column":3}}}},"branchMap":{"0":{"loc":{"start":{"line":35,"column":2},"end":{"line":35,"column":21}},"type":"default-arg","locations":[{"start":{"line":35,"column":20},"end":{"line":35,"column":21}}]},"1":{"loc":{"start":{"line":46,"column":6},"end":{"line":51,"column":7}},"type":"if","locations":[{"start":{"line":46,"column":6},"end":{"line":51,"column":7}}]},"2":{"loc":{"start":{"line":48,"column":8},"end":{"line":50,"column":9}},"type":"if","locations":[{"start":{"line":48,"column":8},"end":{"line":50,"column":9}}]},"3":{"loc":{"start":{"line":48,"column":12},"end":{"line":48,"column":69}},"type":"binary-expr","locations":[{"start":{"line":48,"column":12},"end":{"line":48,"column":18}},{"start":{"line":48,"column":22},"end":{"line":48,"column":35}},{"start":{"line":48,"column":39},"end":{"line":48,"column":51}},{"start":{"line":48,"column":55},"end":{"line":48,"column":69}}]},"4":{"loc":{"start":{"line":54,"column":6},"end":{"line":56,"column":7}},"type":"if","locations":[{"start":{"line":54,"column":6},"end":{"line":56,"column":7}}]},"5":{"loc":{"start":{"line":92,"column":6},"end":{"line":94,"column":7}},"type":"if","locations":[{"start":{"line":92,"column":6},"end":{"line":94,"column":7}}]},"6":{"loc":{"start":{"line":96,"column":88},"end":{"line":96,"column":106}},"type":"binary-expr","locations":[{"start":{"line":96,"column":88},"end":{"line":96,"column":95}},{"start":{"line":96,"column":99},"end":{"line":96,"column":106}}]},"7":{"loc":{"start":{"line":106,"column":6},"end":{"line":120,"column":7}},"type":"if","locations":[{"start":{"line":106,"column":6},"end":{"line":120,"column":7}}]},"8":{"loc":{"start":{"line":109,"column":8},"end":{"line":111,"column":9}},"type":"if","locations":[{"start":{"line":109,"column":8},"end":{"line":111,"column":9}}]},"9":{"loc":{"start":{"line":113,"column":8},"end":{"line":115,"column":9}},"type":"if","locations":[{"start":{"line":113,"column":8},"end":{"line":115,"column":9}}]},"10":{"loc":{"start":{"line":117,"column":8},"end":{"line":119,"column":9}},"type":"if","locations":[{"start":{"line":117,"column":8},"end":{"line":119,"column":9}}]},"11":{"loc":{"start":{"line":157,"column":6},"end":{"line":171,"column":7}},"type":"if","locations":[{"start":{"line":157,"column":6},"end":{"line":171,"column":7}}]},"12":{"loc":{"start":{"line":160,"column":8},"end":{"line":162,"column":9}},"type":"if","locations":[{"start":{"line":160,"column":8},"end":{"line":162,"column":9}}]},"13":{"loc":{"start":{"line":164,"column":8},"end":{"line":166,"column":9}},"type":"if","locations":[{"start":{"line":164,"column":8},"end":{"line":166,"column":9}}]},"14":{"loc":{"start":{"line":168,"column":8},"end":{"line":170,"column":9}},"type":"if","locations":[{"start":{"line":168,"column":8},"end":{"line":170,"column":9}}]}},"s":{"0":1,"1":1,"2":12,"3":12,"4":12,"5":12,"6":30,"7":30,"8":24,"9":24,"10":0,"11":0,"12":0,"13":24,"14":4,"15":20,"16":20,"17":20,"18":20,"19":4,"20":8,"21":8,"22":22,"23":22,"24":22,"25":1,"26":22,"27":22,"28":4,"29":4,"30":18,"31":18,"32":18,"33":8,"34":10,"35":1,"36":9,"37":4,"38":5,"39":5,"40":8,"41":4,"42":4,"43":8,"44":8,"45":8,"46":2,"47":2,"48":6,"49":6,"50":6,"51":3,"52":3,"53":1,"54":2,"55":2,"56":0,"57":0,"58":4},"f":{"0":12,"1":12,"2":20,"3":8,"4":22,"5":4,"6":8},"b":{"0":[12],"1":[0],"2":[0],"3":[0,0,0,0],"4":[4],"5":[1],"6":[22,21],"7":[18],"8":[8],"9":[1],"10":[4],"11":[6],"12":[3],"13":[1],"14":[2]}}
,"/root/react-stocks/backend/src/utils/error.util.ts": {"path":"/root/react-stocks/backend/src/utils/error.util.ts","statementMap":{"0":{"start":{"line":13,"column":4},"end":{"line":13,"column":19}},"1":{"start":{"line":14,"column":4},"end":{"line":14,"column":27}},"2":{"start":{"line":15,"column":4},"end":{"line":15,"column":33}},"3":{"start":{"line":16,"column":4},"end":{"line":16,"column":52}},"4":{"start":{"line":31,"column":23},"end":{"line":31,"column":77}},"5":{"start":{"line":32,"column":21},"end":{"line":32,"column":69}},"6":{"start":{"line":34,"column":2},"end":{"line":38,"column":5}},"7":{"start":{"line":47,"column":2},"end":{"line":49,"column":3}},"8":{"start":{"line":48,"column":4},"end":{"line":48,"column":28}},"9":{"start":{"line":52,"column":2},"end":{"line":52,"column":13}},"10":{"start":{"line":61,"column":2},"end":{"line":63,"column":3}},"11":{"start":{"line":62,"column":4},"end":{"line":62,"column":25}},"12":{"start":{"line":65,"column":2},"end":{"line":65,"column":23}}},"fnMap":{"0":{"name":"(anonymous_0)","decl":{"start":{"line":12,"column":2},"end":{"line":12,"column":14}},"loc":{"start":{"line":12,"column":55},"end":{"line":17,"column":3}}},"1":{"name":"logError","decl":{"start":{"line":26,"column":16},"end":{"line":26,"column":24}},"loc":{"start":{"line":29,"column":42},"end":{"line":39,"column":1}}},"2":{"name":"getStatusCodeFromError","decl":{"start":{"line":46,"column":16},"end":{"line":46,"column":38}},"loc":{"start":{"line":46,"column":53},"end":{"line":53,"column":1}}},"3":{"name":"getErrorMessage","decl":{"start":{"line":60,"column":16},"end":{"line":60,"column":31}},"loc":{"start":{"line":60,"column":46},"end":{"line":66,"column":1}}}},"branchMap":{"0":{"loc":{"start":{"line":12,"column":31},"end":{"line":12,"column":55}},"type":"default-arg","locations":[{"start":{"line":12,"column":52},"end":{"line":12,"column":55}}]},"1":{"loc":{"start":{"line":31,"column":23},"end":{"line":31,"column":77}},"type":"cond-expr","locations":[{"start":{"line":31,"column":48},"end":{"line":31,"column":61}},{"start":{"line":31,"column":64},"end":{"line":31,"column":77}}]},"2":{"loc":{"start":{"line":32,"column":21},"end":{"line":32,"column":69}},"type":"cond-expr","locations":[{"start":{"line":32,"column":46},"end":{"line":32,"column":57}},{"start":{"line":32,"column":60},"end":{"line":32,"column":69}}]},"3":{"loc":{"start":{"line":47,"column":2},"end":{"line":49,"column":3}},"type":"if","locations":[{"start":{"line":47,"column":2},"end":{"line":49,"column":3}}]},"4":{"loc":{"start":{"line":61,"column":2},"end":{"line":63,"column":3}},"type":"if","locations":[{"start":{"line":61,"column":2},"end":{"line":63,"column":3}}]}},"s":{"0":24,"1":24,"2":24,"3":24,"4":0,"5":0,"6":0,"7":0,"8":0,"9":0,"10":0,"11":0,"12":0},"f":{"0":24,"1":0,"2":0,"3":0},"b":{"0":[0],"1":[0,0],"2":[0,0],"3":[0],"4":[0]}}
,"/root/react-stocks/backend/src/utils/response.util.ts": {"path":"/root/react-stocks/backend/src/utils/response.util.ts","statementMap":{"0":{"start":{"line":18,"column":21},"end":{"line":23,"column":2}},"1":{"start":{"line":35,"column":2},"end":{"line":39,"column":4}},"2":{"start":{"line":52,"column":2},"end":{"line":56,"column":4}},"3":{"start":{"line":64,"column":2},"end":{"line":64,"column":29}}},"fnMap":{"0":{"name":"successResponse","decl":{"start":{"line":31,"column":16},"end":{"line":31,"column":31}},"loc":{"start":{"line":33,"column":26},"end":{"line":40,"column":1}}},"1":{"name":"errorResponse","decl":{"start":{"line":48,"column":16},"end":{"line":48,"column":29}},"loc":{"start":{"line":50,"column":26},"end":{"line":57,"column":1}}},"2":{"name":"getCorsHeaders","decl":{"start":{"line":63,"column":16},"end":{"line":63,"column":30}},"loc":{"start":{"line":63,"column":30},"end":{"line":65,"column":1}}}},"branchMap":{"0":{"loc":{"start":{"line":33,"column":2},"end":{"line":33,"column":26}},"type":"default-arg","locations":[{"start":{"line":33,"column":23},"end":{"line":33,"column":26}}]},"1":{"loc":{"start":{"line":50,"column":2},"end":{"line":50,"column":26}},"type":"default-arg","locations":[{"start":{"line":50,"column":23},"end":{"line":50,"column":26}}]}},"s":{"0":0,"1":0,"2":0,"3":0},"f":{"0":0,"1":0,"2":0},"b":{"0":[0],"1":[0]}}
}
