{"/root/react-stocks/backend/src/index.ts": {"path":"/root/react-stocks/backend/src/index.ts","statementMap":{"0":{"start":{"line":19,"column":20},"end":{"line":19,"column":50}},"1":{"start":{"line":20,"column":15},"end":{"line":20,"column":28}},"2":{"start":{"line":21,"column":17},"end":{"line":21,"column":49}},"3":{"start":{"line":23,"column":2},"end":{"line":27,"column":5}},"4":{"start":{"line":29,"column":2},"end":{"line":56,"column":3}},"5":{"start":{"line":31,"column":4},"end":{"line":33,"column":5}},"6":{"start":{"line":32,"column":6},"end":{"line":32,"column":64}},"7":{"start":{"line":36,"column":4},"end":{"line":48,"column":5}},"8":{"start":{"line":38,"column":40},"end":{"line":38,"column":81}},"9":{"start":{"line":39,"column":8},"end":{"line":39,"column":42}},"10":{"start":{"line":42,"column":38},"end":{"line":42,"column":77}},"11":{"start":{"line":43,"column":8},"end":{"line":43,"column":40}},"12":{"start":{"line":46,"column":8},"end":{"line":46,"column":54}},"13":{"start":{"line":47,"column":8},"end":{"line":47,"column":61}},"14":{"start":{"line":50,"column":4},"end":{"line":50,"column":59}},"15":{"start":{"line":52,"column":23},"end":{"line":52,"column":52}},"16":{"start":{"line":53,"column":20},"end":{"line":53,"column":42}},"17":{"start":{"line":55,"column":4},"end":{"line":55,"column":46}}},"fnMap":{"0":{"name":"handler","decl":{"start":{"line":16,"column":22},"end":{"line":16,"column":29}},"loc":{"start":{"line":17,"column":31},"end":{"line":57,"column":1}}}},"branchMap":{"0":{"loc":{"start":{"line":31,"column":4},"end":{"line":33,"column":5}},"type":"if","locations":[{"start":{"line":31,"column":4},"end":{"line":33,"column":5}}]},"1":{"loc":{"start":{"line":36,"column":4},"end":{"line":48,"column":5}},"type":"switch","locations":[{"start":{"line":37,"column":6},"end":{"line":39,"column":42}},{"start":{"line":41,"column":6},"end":{"line":43,"column":40}},{"start":{"line":45,"column":6},"end":{"line":47,"column":61}}]}},"s":{"0":11,"1":11,"2":11,"3":11,"4":11,"5":11,"6":3,"7":8,"8":3,"9":3,"10":1,"11":1,"12":4,"13":4,"14":0,"15":0,"16":0,"17":0},"f":{"0":11},"b":{"0":[3],"1":[3,1,4]}}
,"/root/react-stocks/backend/src/handlers/news.handler.ts": {"path":"/root/react-stocks/backend/src/handlers/news.handler.ts","statementMap":{"0":{"start":{"line":18,"column":20},"end":{"line":18,"column":50}},"1":{"start":{"line":20,"column":2},"end":{"line":77,"column":3}},"2":{"start":{"line":22,"column":19},"end":{"line":22,"column":52}},"3":{"start":{"line":23,"column":19},"end":{"line":23,"column":47}},"4":{"start":{"line":24,"column":22},"end":{"line":24,"column":38}},"5":{"start":{"line":25,"column":20},"end":{"line":25,"column":34}},"6":{"start":{"line":26,"column":23},"end":{"line":26,"column":35}},"7":{"start":{"line":29,"column":4},"end":{"line":31,"column":5}},"8":{"start":{"line":30,"column":6},"end":{"line":30,"column":70}},"9":{"start":{"line":34,"column":4},"end":{"line":36,"column":5}},"10":{"start":{"line":35,"column":6},"end":{"line":35,"column":80}},"11":{"start":{"line":39,"column":4},"end":{"line":41,"column":5}},"12":{"start":{"line":40,"column":6},"end":{"line":40,"column":81}},"13":{"start":{"line":43,"column":4},"end":{"line":45,"column":5}},"14":{"start":{"line":44,"column":6},"end":{"line":44,"column":79}},"15":{"start":{"line":48,"column":16},"end":{"line":48,"column":19}},"16":{"start":{"line":49,"column":4},"end":{"line":56,"column":5}},"17":{"start":{"line":50,"column":26},"end":{"line":50,"column":50}},"18":{"start":{"line":51,"column":6},"end":{"line":53,"column":7}},"19":{"start":{"line":52,"column":8},"end":{"line":52,"column":79}},"20":{"start":{"line":55,"column":6},"end":{"line":55,"column":42}},"21":{"start":{"line":59,"column":19},"end":{"line":59,"column":46}},"22":{"start":{"line":60,"column":4},"end":{"line":63,"column":5}},"23":{"start":{"line":61,"column":6},"end":{"line":61,"column":90}},"24":{"start":{"line":62,"column":6},"end":{"line":62,"column":62}},"25":{"start":{"line":66,"column":17},"end":{"line":66,"column":75}},"26":{"start":{"line":68,"column":4},"end":{"line":68,"column":33}},"27":{"start":{"line":70,"column":4},"end":{"line":70,"column":50}},"28":{"start":{"line":73,"column":20},"end":{"line":73,"column":84}},"29":{"start":{"line":74,"column":24},"end":{"line":74,"column":55}},"30":{"start":{"line":76,"column":4},"end":{"line":76,"column":46}}},"fnMap":{"0":{"name":"handleNewsRequest","decl":{"start":{"line":15,"column":22},"end":{"line":15,"column":39}},"loc":{"start":{"line":16,"column":31},"end":{"line":78,"column":1}}}},"branchMap":{"0":{"loc":{"start":{"line":22,"column":19},"end":{"line":22,"column":52}},"type":"binary-expr","locations":[{"start":{"line":22,"column":19},"end":{"line":22,"column":46}},{"start":{"line":22,"column":50},"end":{"line":22,"column":52}}]},"1":{"loc":{"start":{"line":29,"column":4},"end":{"line":31,"column":5}},"type":"if","locations":[{"start":{"line":29,"column":4},"end":{"line":31,"column":5}}]},"2":{"loc":{"start":{"line":34,"column":4},"end":{"line":36,"column":5}},"type":"if","locations":[{"start":{"line":34,"column":4},"end":{"line":36,"column":5}}]},"3":{"loc":{"start":{"line":39,"column":4},"end":{"line":41,"column":5}},"type":"if","locations":[{"start":{"line":39,"column":4},"end":{"line":41,"column":5}}]},"4":{"loc":{"start":{"line":39,"column":8},"end":{"line":39,"column":59}},"type":"binary-expr","locations":[{"start":{"line":39,"column":8},"end":{"line":39,"column":17}},{"start":{"line":39,"column":21},"end":{"line":39,"column":59}}]},"5":{"loc":{"start":{"line":43,"column":4},"end":{"line":45,"column":5}},"type":"if","locations":[{"start":{"line":43,"column":4},"end":{"line":45,"column":5}}]},"6":{"loc":{"start":{"line":43,"column":8},"end":{"line":43,"column":55}},"type":"binary-expr","locations":[{"start":{"line":43,"column":8},"end":{"line":43,"column":15}},{"start":{"line":43,"column":19},"end":{"line":43,"column":55}}]},"7":{"loc":{"start":{"line":49,"column":4},"end":{"line":56,"column":5}},"type":"if","locations":[{"start":{"line":49,"column":4},"end":{"line":56,"column":5}}]},"8":{"loc":{"start":{"line":51,"column":6},"end":{"line":53,"column":7}},"type":"if","locations":[{"start":{"line":51,"column":6},"end":{"line":53,"column":7}}]},"9":{"loc":{"start":{"line":51,"column":10},"end":{"line":51,"column":47}},"type":"binary-expr","locations":[{"start":{"line":51,"column":10},"end":{"line":51,"column":28}},{"start":{"line":51,"column":32},"end":{"line":51,"column":47}}]},"10":{"loc":{"start":{"line":60,"column":4},"end":{"line":63,"column":5}},"type":"if","locations":[{"start":{"line":60,"column":4},"end":{"line":63,"column":5}}]},"11":{"loc":{"start":{"line":73,"column":20},"end":{"line":73,"column":84}},"type":"cond-expr","locations":[{"start":{"line":73,"column":45},"end":{"line":73,"column":58}},{"start":{"line":73,"column":61},"end":{"line":73,"column":84}}]},"12":{"loc":{"start":{"line":74,"column":24},"end":{"line":74,"column":55}},"type":"binary-expr","locations":[{"start":{"line":74,"column":24},"end":{"line":74,"column":48}},{"start":{"line":74,"column":52},"end":{"line":74,"column":55}}]}},"s":{"0":1,"1":1,"2":1,"3":1,"4":1,"5":1,"6":1,"7":1,"8":1,"9":0,"10":0,"11":0,"12":0,"13":0,"14":0,"15":0,"16":0,"17":0,"18":0,"19":0,"20":0,"21":0,"22":0,"23":0,"24":0,"25":0,"26":0,"27":0,"28":0,"29":0,"30":0},"f":{"0":1},"b":{"0":[1,1],"1":[1],"2":[0],"3":[0],"4":[0,0],"5":[0],"6":[0,0],"7":[0],"8":[0],"9":[0,0],"10":[0],"11":[0,0],"12":[0,0]}}
,"/root/react-stocks/backend/src/handlers/stocks.handler.ts": {"path":"/root/react-stocks/backend/src/handlers/stocks.handler.ts","statementMap":{"0":{"start":{"line":18,"column":20},"end":{"line":18,"column":50}},"1":{"start":{"line":20,"column":2},"end":{"line":80,"column":3}},"2":{"start":{"line":22,"column":19},"end":{"line":22,"column":52}},"3":{"start":{"line":23,"column":19},"end":{"line":23,"column":47}},"4":{"start":{"line":24,"column":22},"end":{"line":24,"column":38}},"5":{"start":{"line":25,"column":20},"end":{"line":25,"column":34}},"6":{"start":{"line":26,"column":17},"end":{"line":26,"column":40}},"7":{"start":{"line":29,"column":4},"end":{"line":31,"column":5}},"8":{"start":{"line":30,"column":6},"end":{"line":30,"column":70}},"9":{"start":{"line":34,"column":4},"end":{"line":36,"column":5}},"10":{"start":{"line":35,"column":6},"end":{"line":35,"column":80}},"11":{"start":{"line":39,"column":4},"end":{"line":41,"column":5}},"12":{"start":{"line":40,"column":6},"end":{"line":40,"column":81}},"13":{"start":{"line":44,"column":4},"end":{"line":46,"column":5}},"14":{"start":{"line":45,"column":6},"end":{"line":45,"column":81}},"15":{"start":{"line":48,"column":4},"end":{"line":50,"column":5}},"16":{"start":{"line":49,"column":6},"end":{"line":49,"column":79}},"17":{"start":{"line":53,"column":19},"end":{"line":53,"column":45}},"18":{"start":{"line":54,"column":4},"end":{"line":57,"column":5}},"19":{"start":{"line":55,"column":6},"end":{"line":55,"column":91}},"20":{"start":{"line":56,"column":6},"end":{"line":56,"column":62}},"21":{"start":{"line":61,"column":4},"end":{"line":69,"column":5}},"22":{"start":{"line":62,"column":6},"end":{"line":62,"column":55}},"23":{"start":{"line":65,"column":6},"end":{"line":67,"column":7}},"24":{"start":{"line":66,"column":8},"end":{"line":66,"column":86}},"25":{"start":{"line":68,"column":6},"end":{"line":68,"column":72}},"26":{"start":{"line":71,"column":4},"end":{"line":71,"column":33}},"27":{"start":{"line":73,"column":4},"end":{"line":73,"column":52}},"28":{"start":{"line":76,"column":20},"end":{"line":76,"column":84}},"29":{"start":{"line":77,"column":24},"end":{"line":77,"column":55}},"30":{"start":{"line":79,"column":4},"end":{"line":79,"column":46}}},"fnMap":{"0":{"name":"handleStocksRequest","decl":{"start":{"line":15,"column":22},"end":{"line":15,"column":41}},"loc":{"start":{"line":16,"column":31},"end":{"line":81,"column":1}}}},"branchMap":{"0":{"loc":{"start":{"line":22,"column":19},"end":{"line":22,"column":52}},"type":"binary-expr","locations":[{"start":{"line":22,"column":19},"end":{"line":22,"column":46}},{"start":{"line":22,"column":50},"end":{"line":22,"column":52}}]},"1":{"loc":{"start":{"line":26,"column":17},"end":{"line":26,"column":40}},"type":"binary-expr","locations":[{"start":{"line":26,"column":17},"end":{"line":26,"column":28}},{"start":{"line":26,"column":32},"end":{"line":26,"column":40}}]},"2":{"loc":{"start":{"line":29,"column":4},"end":{"line":31,"column":5}},"type":"if","locations":[{"start":{"line":29,"column":4},"end":{"line":31,"column":5}}]},"3":{"loc":{"start":{"line":34,"column":4},"end":{"line":36,"column":5}},"type":"if","locations":[{"start":{"line":34,"column":4},"end":{"line":36,"column":5}}]},"4":{"loc":{"start":{"line":39,"column":4},"end":{"line":41,"column":5}},"type":"if","locations":[{"start":{"line":39,"column":4},"end":{"line":41,"column":5}}]},"5":{"loc":{"start":{"line":39,"column":8},"end":{"line":39,"column":48}},"type":"binary-expr","locations":[{"start":{"line":39,"column":8},"end":{"line":39,"column":25}},{"start":{"line":39,"column":29},"end":{"line":39,"column":48}}]},"6":{"loc":{"start":{"line":44,"column":4},"end":{"line":46,"column":5}},"type":"if","locations":[{"start":{"line":44,"column":4},"end":{"line":46,"column":5}}]},"7":{"loc":{"start":{"line":44,"column":8},"end":{"line":44,"column":59}},"type":"binary-expr","locations":[{"start":{"line":44,"column":8},"end":{"line":44,"column":17}},{"start":{"line":44,"column":21},"end":{"line":44,"column":59}}]},"8":{"loc":{"start":{"line":48,"column":4},"end":{"line":50,"column":5}},"type":"if","locations":[{"start":{"line":48,"column":4},"end":{"line":50,"column":5}}]},"9":{"loc":{"start":{"line":48,"column":8},"end":{"line":48,"column":55}},"type":"binary-expr","locations":[{"start":{"line":48,"column":8},"end":{"line":48,"column":15}},{"start":{"line":48,"column":19},"end":{"line":48,"column":55}}]},"10":{"loc":{"start":{"line":54,"column":4},"end":{"line":57,"column":5}},"type":"if","locations":[{"start":{"line":54,"column":4},"end":{"line":57,"column":5}}]},"11":{"loc":{"start":{"line":61,"column":4},"end":{"line":69,"column":5}},"type":"if","locations":[{"start":{"line":61,"column":4},"end":{"line":69,"column":5}},{"start":{"line":63,"column":11},"end":{"line":69,"column":5}}]},"12":{"loc":{"start":{"line":65,"column":6},"end":{"line":67,"column":7}},"type":"if","locations":[{"start":{"line":65,"column":6},"end":{"line":67,"column":7}}]},"13":{"loc":{"start":{"line":76,"column":20},"end":{"line":76,"column":84}},"type":"cond-expr","locations":[{"start":{"line":76,"column":45},"end":{"line":76,"column":58}},{"start":{"line":76,"column":61},"end":{"line":76,"column":84}}]},"14":{"loc":{"start":{"line":77,"column":24},"end":{"line":77,"column":55}},"type":"binary-expr","locations":[{"start":{"line":77,"column":24},"end":{"line":77,"column":48}},{"start":{"line":77,"column":52},"end":{"line":77,"column":55}}]}},"s":{"0":3,"1":3,"2":3,"3":3,"4":3,"5":3,"6":3,"7":3,"8":3,"9":0,"10":0,"11":0,"12":0,"13":0,"14":0,"15":0,"16":0,"17":0,"18":0,"19":0,"20":0,"21":0,"22":0,"23":0,"24":0,"25":0,"26":0,"27":0,"28":0,"29":0,"30":0},"f":{"0":3},"b":{"0":[3,3],"1":[3,3],"2":[3],"3":[0],"4":[0],"5":[0,0],"6":[0],"7":[0,0],"8":[0],"9":[0,0],"10":[0],"11":[0,0],"12":[0],"13":[0,0],"14":[0,0]}}
,"/root/react-stocks/backend/src/services/polygon.service.ts": {"path":"/root/react-stocks/backend/src/services/polygon.service.ts","statementMap":{"0":{"start":{"line":11,"column":25},"end":{"line":11,"column":49}},"1":{"start":{"line":12,"column":24},"end":{"line":12,"column":29}},"2":{"start":{"line":18,"column":2},"end":{"line":24,"column":5}},"3":{"start":{"line":44,"column":17},"end":{"line":44,"column":38}},"4":{"start":{"line":45,"column":44},"end":{"line":45,"column":46}},"5":{"start":{"line":47,"column":2},"end":{"line":148,"column":3}},"6":{"start":{"line":49,"column":22},"end":{"line":49,"column":23}},"7":{"start":{"line":50,"column":21},"end":{"line":50,"column":23}},"8":{"start":{"line":52,"column":4},"end":{"line":119,"column":22}},"9":{"start":{"line":53,"column":6},"end":{"line":53,"column":20}},"10":{"start":{"line":55,"column":6},"end":{"line":57,"column":8}},"11":{"start":{"line":61,"column":6},"end":{"line":84,"column":7}},"12":{"start":{"line":63,"column":8},"end":{"line":63,"column":52}},"13":{"start":{"line":66,"column":56},"end":{"line":70,"column":10}},"14":{"start":{"line":73,"column":8},"end":{"line":75,"column":9}},"15":{"start":{"line":74,"column":10},"end":{"line":74,"column":50}},"16":{"start":{"line":76,"column":8},"end":{"line":78,"column":9}},"17":{"start":{"line":77,"column":10},"end":{"line":77,"column":48}},"18":{"start":{"line":80,"column":28},"end":{"line":82,"column":20}},"19":{"start":{"line":83,"column":8},"end":{"line":83,"column":50}},"20":{"start":{"line":86,"column":23},"end":{"line":86,"column":65}},"21":{"start":{"line":88,"column":6},"end":{"line":94,"column":7}},"22":{"start":{"line":89,"column":8},"end":{"line":92,"column":10}},"23":{"start":{"line":93,"column":8},"end":{"line":93,"column":14}},"24":{"start":{"line":96,"column":23},"end":{"line":96,"column":50}},"25":{"start":{"line":97,"column":6},"end":{"line":97,"column":36}},"26":{"start":{"line":99,"column":6},"end":{"line":101,"column":8}},"27":{"start":{"line":104,"column":6},"end":{"line":104,"column":39}},"28":{"start":{"line":107,"column":6},"end":{"line":112,"column":7}},"29":{"start":{"line":108,"column":8},"end":{"line":110,"column":10}},"30":{"start":{"line":111,"column":8},"end":{"line":111,"column":14}},"31":{"start":{"line":116,"column":6},"end":{"line":118,"column":7}},"32":{"start":{"line":117,"column":8},"end":{"line":117,"column":66}},"33":{"start":{"line":117,"column":39},"end":{"line":117,"column":64}},"34":{"start":{"line":121,"column":4},"end":{"line":123,"column":6}},"35":{"start":{"line":124,"column":4},"end":{"line":124,"column":23}},"36":{"start":{"line":126,"column":4},"end":{"line":144,"column":5}},"37":{"start":{"line":127,"column":21},"end":{"line":127,"column":43}},"38":{"start":{"line":129,"column":6},"end":{"line":134,"column":7}},"39":{"start":{"line":130,"column":8},"end":{"line":133,"column":10}},"40":{"start":{"line":136,"column":6},"end":{"line":138,"column":7}},"41":{"start":{"line":137,"column":8},"end":{"line":137,"column":90}},"42":{"start":{"line":140,"column":6},"end":{"line":143,"column":7}},"43":{"start":{"line":141,"column":8},"end":{"line":141,"column":76}},"44":{"start":{"line":142,"column":8},"end":{"line":142,"column":18}},"45":{"start":{"line":146,"column":4},"end":{"line":146,"column":66}},"46":{"start":{"line":147,"column":4},"end":{"line":147,"column":66}}},"fnMap":{"0":{"name":"createPolygonClient","decl":{"start":{"line":17,"column":9},"end":{"line":17,"column":28}},"loc":{"start":{"line":17,"column":28},"end":{"line":25,"column":1}}},"1":{"name":"fetchNews","decl":{"start":{"line":37,"column":22},"end":{"line":37,"column":31}},"loc":{"start":{"line":42,"column":16},"end":{"line":149,"column":1}}},"2":{"name":"(anonymous_2)","decl":{"start":{"line":117,"column":26},"end":{"line":117,"column":27}},"loc":{"start":{"line":117,"column":39},"end":{"line":117,"column":64}}}},"branchMap":{"0":{"loc":{"start":{"line":41,"column":2},"end":{"line":41,"column":21}},"type":"default-arg","locations":[{"start":{"line":41,"column":18},"end":{"line":41,"column":21}}]},"1":{"loc":{"start":{"line":61,"column":6},"end":{"line":84,"column":7}},"type":"if","locations":[{"start":{"line":61,"column":6},"end":{"line":84,"column":7}},{"start":{"line":64,"column":13},"end":{"line":84,"column":7}}]},"2":{"loc":{"start":{"line":73,"column":8},"end":{"line":75,"column":9}},"type":"if","locations":[{"start":{"line":73,"column":8},"end":{"line":75,"column":9}}]},"3":{"loc":{"start":{"line":76,"column":8},"end":{"line":78,"column":9}},"type":"if","locations":[{"start":{"line":76,"column":8},"end":{"line":78,"column":9}}]},"4":{"loc":{"start":{"line":88,"column":6},"end":{"line":94,"column":7}},"type":"if","locations":[{"start":{"line":88,"column":6},"end":{"line":94,"column":7}}]},"5":{"loc":{"start":{"line":96,"column":23},"end":{"line":96,"column":50}},"type":"binary-expr","locations":[{"start":{"line":96,"column":23},"end":{"line":96,"column":44}},{"start":{"line":96,"column":48},"end":{"line":96,"column":50}}]},"6":{"loc":{"start":{"line":107,"column":6},"end":{"line":112,"column":7}},"type":"if","locations":[{"start":{"line":107,"column":6},"end":{"line":112,"column":7}}]},"7":{"loc":{"start":{"line":116,"column":6},"end":{"line":118,"column":7}},"type":"if","locations":[{"start":{"line":116,"column":6},"end":{"line":118,"column":7}}]},"8":{"loc":{"start":{"line":126,"column":4},"end":{"line":144,"column":5}},"type":"if","locations":[{"start":{"line":126,"column":4},"end":{"line":144,"column":5}}]},"9":{"loc":{"start":{"line":129,"column":6},"end":{"line":134,"column":7}},"type":"if","locations":[{"start":{"line":129,"column":6},"end":{"line":134,"column":7}}]},"10":{"loc":{"start":{"line":136,"column":6},"end":{"line":138,"column":7}},"type":"if","locations":[{"start":{"line":136,"column":6},"end":{"line":138,"column":7}}]},"11":{"loc":{"start":{"line":136,"column":10},"end":{"line":136,"column":42}},"type":"binary-expr","locations":[{"start":{"line":136,"column":10},"end":{"line":136,"column":24}},{"start":{"line":136,"column":28},"end":{"line":136,"column":42}}]},"12":{"loc":{"start":{"line":140,"column":6},"end":{"line":143,"column":7}},"type":"if","locations":[{"start":{"line":140,"column":6},"end":{"line":143,"column":7}}]}},"s":{"0":2,"1":2,"2":5,"3":5,"4":5,"5":5,"6":5,"7":5,"8":5,"9":15,"10":15,"11":15,"12":10,"13":5,"14":5,"15":1,"16":5,"17":1,"18":5,"19":5,"20":15,"21":14,"22":0,"23":0,"24":14,"25":14,"26":14,"27":14,"28":14,"29":1,"30":1,"31":13,"32":10,"33":10,"34":4,"35":4,"36":1,"37":1,"38":1,"39":0,"40":1,"41":0,"42":1,"43":1,"44":1,"45":0,"46":0},"f":{"0":5,"1":5,"2":10},"b":{"0":[0],"1":[10,5],"2":[1],"3":[1],"4":[0],"5":[14,0],"6":[1],"7":[10],"8":[1],"9":[0],"10":[0],"11":[1,1],"12":[1]}}
,"/root/react-stocks/backend/src/services/tiingo.service.ts": {"path":"/root/react-stocks/backend/src/services/tiingo.service.ts","statementMap":{"0":{"start":{"line":11,"column":24},"end":{"line":11,"column":48}},"1":{"start":{"line":12,"column":23},"end":{"line":12,"column":28}},"2":{"start":{"line":18,"column":2},"end":{"line":24,"column":5}},"3":{"start":{"line":37,"column":32},"end":{"line":37,"column":36}},"4":{"start":{"line":39,"column":2},"end":{"line":63,"column":3}},"5":{"start":{"line":39,"column":15},"end":{"line":39,"column":16}},"6":{"start":{"line":40,"column":4},"end":{"line":62,"column":5}},"7":{"start":{"line":41,"column":6},"end":{"line":41,"column":24}},"8":{"start":{"line":43,"column":6},"end":{"line":43,"column":33}},"9":{"start":{"line":46,"column":6},"end":{"line":51,"column":7}},"10":{"start":{"line":47,"column":23},"end":{"line":47,"column":45}},"11":{"start":{"line":48,"column":8},"end":{"line":50,"column":9}},"12":{"start":{"line":49,"column":10},"end":{"line":49,"column":22}},"13":{"start":{"line":54,"column":6},"end":{"line":56,"column":7}},"14":{"start":{"line":55,"column":8},"end":{"line":55,"column":14}},"15":{"start":{"line":59,"column":20},"end":{"line":59,"column":45}},"16":{"start":{"line":60,"column":6},"end":{"line":60,"column":83}},"17":{"start":{"line":61,"column":6},"end":{"line":61,"column":65}},"18":{"start":{"line":61,"column":37},"end":{"line":61,"column":63}},"19":{"start":{"line":65,"column":2},"end":{"line":65,"column":18}},"20":{"start":{"line":83,"column":17},"end":{"line":83,"column":37}},"21":{"start":{"line":85,"column":18},"end":{"line":125,"column":3}},"22":{"start":{"line":86,"column":4},"end":{"line":124,"column":5}},"23":{"start":{"line":87,"column":45},"end":{"line":90,"column":8}},"24":{"start":{"line":92,"column":6},"end":{"line":94,"column":7}},"25":{"start":{"line":93,"column":8},"end":{"line":93,"column":33}},"26":{"start":{"line":96,"column":6},"end":{"line":96,"column":110}},"27":{"start":{"line":98,"column":23},"end":{"line":100,"column":null}},"28":{"start":{"line":103,"column":6},"end":{"line":103,"column":97}},"29":{"start":{"line":104,"column":6},"end":{"line":104,"column":27}},"30":{"start":{"line":106,"column":6},"end":{"line":120,"column":7}},"31":{"start":{"line":107,"column":23},"end":{"line":107,"column":45}},"32":{"start":{"line":109,"column":8},"end":{"line":111,"column":9}},"33":{"start":{"line":110,"column":10},"end":{"line":110,"column":66}},"34":{"start":{"line":113,"column":8},"end":{"line":115,"column":9}},"35":{"start":{"line":114,"column":10},"end":{"line":114,"column":88}},"36":{"start":{"line":117,"column":8},"end":{"line":119,"column":9}},"37":{"start":{"line":118,"column":10},"end":{"line":118,"column":88}},"38":{"start":{"line":122,"column":6},"end":{"line":122,"column":75}},"39":{"start":{"line":123,"column":6},"end":{"line":123,"column":76}},"40":{"start":{"line":127,"column":2},"end":{"line":127,"column":35}},"41":{"start":{"line":141,"column":17},"end":{"line":141,"column":37}},"42":{"start":{"line":143,"column":18},"end":{"line":176,"column":3}},"43":{"start":{"line":144,"column":4},"end":{"line":175,"column":5}},"44":{"start":{"line":145,"column":6},"end":{"line":145,"column":69}},"45":{"start":{"line":147,"column":23},"end":{"line":151,"column":null}},"46":{"start":{"line":154,"column":6},"end":{"line":154,"column":91}},"47":{"start":{"line":155,"column":6},"end":{"line":155,"column":27}},"48":{"start":{"line":157,"column":6},"end":{"line":171,"column":7}},"49":{"start":{"line":158,"column":23},"end":{"line":158,"column":45}},"50":{"start":{"line":160,"column":8},"end":{"line":162,"column":9}},"51":{"start":{"line":161,"column":10},"end":{"line":161,"column":66}},"52":{"start":{"line":164,"column":8},"end":{"line":166,"column":9}},"53":{"start":{"line":165,"column":10},"end":{"line":165,"column":88}},"54":{"start":{"line":168,"column":8},"end":{"line":170,"column":9}},"55":{"start":{"line":169,"column":10},"end":{"line":169,"column":88}},"56":{"start":{"line":173,"column":6},"end":{"line":173,"column":78}},"57":{"start":{"line":174,"column":6},"end":{"line":174,"column":72}},"58":{"start":{"line":178,"column":2},"end":{"line":178,"column":35}}},"fnMap":{"0":{"name":"createTiingoClient","decl":{"start":{"line":17,"column":9},"end":{"line":17,"column":27}},"loc":{"start":{"line":17,"column":27},"end":{"line":25,"column":1}}},"1":{"name":"retryWithBackoff","decl":{"start":{"line":33,"column":15},"end":{"line":33,"column":31}},"loc":{"start":{"line":35,"column":21},"end":{"line":66,"column":1}}},"2":{"name":"(anonymous_2)","decl":{"start":{"line":61,"column":24},"end":{"line":61,"column":25}},"loc":{"start":{"line":61,"column":37},"end":{"line":61,"column":63}}},"3":{"name":"fetchStockPrices","decl":{"start":{"line":77,"column":22},"end":{"line":77,"column":38}},"loc":{"start":{"line":81,"column":16},"end":{"line":128,"column":1}}},"4":{"name":"(anonymous_4)","decl":{"start":{"line":85,"column":18},"end":{"line":85,"column":23}},"loc":{"start":{"line":85,"column":29},"end":{"line":125,"column":3}}},"5":{"name":"fetchSymbolMetadata","decl":{"start":{"line":137,"column":22},"end":{"line":137,"column":41}},"loc":{"start":{"line":139,"column":16},"end":{"line":179,"column":1}}},"6":{"name":"(anonymous_6)","decl":{"start":{"line":143,"column":18},"end":{"line":143,"column":23}},"loc":{"start":{"line":143,"column":29},"end":{"line":176,"column":3}}}},"branchMap":{"0":{"loc":{"start":{"line":35,"column":2},"end":{"line":35,"column":21}},"type":"default-arg","locations":[{"start":{"line":35,"column":20},"end":{"line":35,"column":21}}]},"1":{"loc":{"start":{"line":46,"column":6},"end":{"line":51,"column":7}},"type":"if","locations":[{"start":{"line":46,"column":6},"end":{"line":51,"column":7}}]},"2":{"loc":{"start":{"line":48,"column":8},"end":{"line":50,"column":9}},"type":"if","locations":[{"start":{"line":48,"column":8},"end":{"line":50,"column":9}}]},"3":{"loc":{"start":{"line":48,"column":12},"end":{"line":48,"column":69}},"type":"binary-expr","locations":[{"start":{"line":48,"column":12},"end":{"line":48,"column":18}},{"start":{"line":48,"column":22},"end":{"line":48,"column":35}},{"start":{"line":48,"column":39},"end":{"line":48,"column":51}},{"start":{"line":48,"column":55},"end":{"line":48,"column":69}}]},"4":{"loc":{"start":{"line":54,"column":6},"end":{"line":56,"column":7}},"type":"if","locations":[{"start":{"line":54,"column":6},"end":{"line":56,"column":7}}]},"5":{"loc":{"start":{"line":92,"column":6},"end":{"line":94,"column":7}},"type":"if","locations":[{"start":{"line":92,"column":6},"end":{"line":94,"column":7}}]},"6":{"loc":{"start":{"line":96,"column":88},"end":{"line":96,"column":106}},"type":"binary-expr","locations":[{"start":{"line":96,"column":88},"end":{"line":96,"column":95}},{"start":{"line":96,"column":99},"end":{"line":96,"column":106}}]},"7":{"loc":{"start":{"line":106,"column":6},"end":{"line":120,"column":7}},"type":"if","locations":[{"start":{"line":106,"column":6},"end":{"line":120,"column":7}}]},"8":{"loc":{"start":{"line":109,"column":8},"end":{"line":111,"column":9}},"type":"if","locations":[{"start":{"line":109,"column":8},"end":{"line":111,"column":9}}]},"9":{"loc":{"start":{"line":113,"column":8},"end":{"line":115,"column":9}},"type":"if","locations":[{"start":{"line":113,"column":8},"end":{"line":115,"column":9}}]},"10":{"loc":{"start":{"line":117,"column":8},"end":{"line":119,"column":9}},"type":"if","locations":[{"start":{"line":117,"column":8},"end":{"line":119,"column":9}}]},"11":{"loc":{"start":{"line":157,"column":6},"end":{"line":171,"column":7}},"type":"if","locations":[{"start":{"line":157,"column":6},"end":{"line":171,"column":7}}]},"12":{"loc":{"start":{"line":160,"column":8},"end":{"line":162,"column":9}},"type":"if","locations":[{"start":{"line":160,"column":8},"end":{"line":162,"column":9}}]},"13":{"loc":{"start":{"line":164,"column":8},"end":{"line":166,"column":9}},"type":"if","locations":[{"start":{"line":164,"column":8},"end":{"line":166,"column":9}}]},"14":{"loc":{"start":{"line":168,"column":8},"end":{"line":170,"column":9}},"type":"if","locations":[{"start":{"line":168,"column":8},"end":{"line":170,"column":9}}]}},"s":{"0":2,"1":2,"2":6,"3":6,"4":6,"5":6,"6":9,"7":9,"8":3,"9":3,"10":0,"11":0,"12":0,"13":3,"14":0,"15":3,"16":3,"17":3,"18":3,"19":0,"20":4,"21":4,"22":6,"23":6,"24":6,"25":1,"26":6,"27":6,"28":4,"29":4,"30":2,"31":2,"32":2,"33":0,"34":2,"35":1,"36":1,"37":0,"38":1,"39":1,"40":4,"41":2,"42":2,"43":3,"44":3,"45":3,"46":2,"47":2,"48":1,"49":1,"50":1,"51":0,"52":1,"53":1,"54":0,"55":0,"56":0,"57":0,"58":2},"f":{"0":6,"1":6,"2":3,"3":4,"4":6,"5":2,"6":3},"b":{"0":[6],"1":[0],"2":[0],"3":[0,0,0,0],"4":[0],"5":[1],"6":[6,5],"7":[2],"8":[0],"9":[1],"10":[0],"11":[1],"12":[0],"13":[1],"14":[0]}}
,"/root/react-stocks/backend/src/utils/error.util.ts": {"path":"/root/react-stocks/backend/src/utils/error.util.ts","statementMap":{"0":{"start":{"line":13,"column":4},"end":{"line":13,"column":19}},"1":{"start":{"line":14,"column":4},"end":{"line":14,"column":27}},"2":{"start":{"line":15,"column":4},"end":{"line":15,"column":33}},"3":{"start":{"line":16,"column":4},"end":{"line":16,"column":52}},"4":{"start":{"line":31,"column":23},"end":{"line":31,"column":77}},"5":{"start":{"line":32,"column":21},"end":{"line":32,"column":69}},"6":{"start":{"line":34,"column":2},"end":{"line":38,"column":5}},"7":{"start":{"line":47,"column":2},"end":{"line":49,"column":3}},"8":{"start":{"line":48,"column":4},"end":{"line":48,"column":28}},"9":{"start":{"line":52,"column":2},"end":{"line":52,"column":13}},"10":{"start":{"line":61,"column":2},"end":{"line":63,"column":3}},"11":{"start":{"line":62,"column":4},"end":{"line":62,"column":25}},"12":{"start":{"line":65,"column":2},"end":{"line":65,"column":23}}},"fnMap":{"0":{"name":"(anonymous_0)","decl":{"start":{"line":12,"column":2},"end":{"line":12,"column":14}},"loc":{"start":{"line":12,"column":55},"end":{"line":17,"column":3}}},"1":{"name":"logError","decl":{"start":{"line":26,"column":16},"end":{"line":26,"column":24}},"loc":{"start":{"line":29,"column":42},"end":{"line":39,"column":1}}},"2":{"name":"getStatusCodeFromError","decl":{"start":{"line":46,"column":16},"end":{"line":46,"column":38}},"loc":{"start":{"line":46,"column":53},"end":{"line":53,"column":1}}},"3":{"name":"getErrorMessage","decl":{"start":{"line":60,"column":16},"end":{"line":60,"column":31}},"loc":{"start":{"line":60,"column":46},"end":{"line":66,"column":1}}}},"branchMap":{"0":{"loc":{"start":{"line":12,"column":31},"end":{"line":12,"column":55}},"type":"default-arg","locations":[{"start":{"line":12,"column":52},"end":{"line":12,"column":55}}]},"1":{"loc":{"start":{"line":31,"column":23},"end":{"line":31,"column":77}},"type":"cond-expr","locations":[{"start":{"line":31,"column":48},"end":{"line":31,"column":61}},{"start":{"line":31,"column":64},"end":{"line":31,"column":77}}]},"2":{"loc":{"start":{"line":32,"column":21},"end":{"line":32,"column":69}},"type":"cond-expr","locations":[{"start":{"line":32,"column":46},"end":{"line":32,"column":57}},{"start":{"line":32,"column":60},"end":{"line":32,"column":69}}]},"3":{"loc":{"start":{"line":47,"column":2},"end":{"line":49,"column":3}},"type":"if","locations":[{"start":{"line":47,"column":2},"end":{"line":49,"column":3}}]},"4":{"loc":{"start":{"line":61,"column":2},"end":{"line":63,"column":3}},"type":"if","locations":[{"start":{"line":61,"column":2},"end":{"line":63,"column":3}}]}},"s":{"0":8,"1":8,"2":8,"3":8,"4":3,"5":3,"6":3,"7":5,"8":1,"9":4,"10":7,"11":2,"12":5},"f":{"0":8,"1":3,"2":5,"3":7},"b":{"0":[2],"1":[2,1],"2":[2,1],"3":[1],"4":[2]}}
,"/root/react-stocks/backend/src/utils/response.util.ts": {"path":"/root/react-stocks/backend/src/utils/response.util.ts","statementMap":{"0":{"start":{"line":18,"column":21},"end":{"line":23,"column":2}},"1":{"start":{"line":35,"column":2},"end":{"line":39,"column":4}},"2":{"start":{"line":52,"column":2},"end":{"line":56,"column":4}},"3":{"start":{"line":64,"column":2},"end":{"line":64,"column":29}}},"fnMap":{"0":{"name":"successResponse","decl":{"start":{"line":31,"column":16},"end":{"line":31,"column":31}},"loc":{"start":{"line":33,"column":26},"end":{"line":40,"column":1}}},"1":{"name":"errorResponse","decl":{"start":{"line":48,"column":16},"end":{"line":48,"column":29}},"loc":{"start":{"line":50,"column":26},"end":{"line":57,"column":1}}},"2":{"name":"getCorsHeaders","decl":{"start":{"line":63,"column":16},"end":{"line":63,"column":30}},"loc":{"start":{"line":63,"column":30},"end":{"line":65,"column":1}}}},"branchMap":{"0":{"loc":{"start":{"line":33,"column":2},"end":{"line":33,"column":26}},"type":"default-arg","locations":[{"start":{"line":33,"column":23},"end":{"line":33,"column":26}}]},"1":{"loc":{"start":{"line":50,"column":2},"end":{"line":50,"column":26}},"type":"default-arg","locations":[{"start":{"line":50,"column":23},"end":{"line":50,"column":26}}]}},"s":{"0":2,"1":5,"2":19,"3":3},"f":{"0":5,"1":19,"2":3},"b":{"0":[4],"1":[1]}}
}
