TN:
SF:src/index.ts
FN:16,handler
FNF:1
FNH:0
FNDA:0,handler
DA:19,0
DA:20,0
DA:21,0
DA:23,0
DA:29,0
DA:31,0
DA:32,0
DA:36,0
DA:39,0
DA:43,0
DA:46,0
DA:47,0
DA:50,0
DA:52,0
DA:53,0
DA:55,0
LF:16
LH:0
BRDA:31,0,0,0
BRDA:36,1,0,0
BRDA:36,1,1,0
BRDA:36,1,2,0
BRF:4
BRH:0
end_of_record
TN:
SF:src/services/tiingo.service.ts
FN:17,createTiingoClient
FN:33,retryWithBackoff
FN:61,(anonymous_2)
FN:77,fetchStockPrices
FN:85,(anonymous_4)
FN:137,fetchSymbolMetadata
FN:143,(anonymous_6)
FNF:7
FNH:7
FNDA:12,createTiingoClient
FNDA:12,retryWithBackoff
FNDA:20,(anonymous_2)
FNDA:8,fetchStockPrices
FNDA:22,(anonymous_4)
FNDA:4,fetchSymbolMetadata
FNDA:8,(anonymous_6)
DA:11,1
DA:12,1
DA:18,12
DA:37,12
DA:39,12
DA:40,30
DA:41,30
DA:43,24
DA:46,24
DA:47,0
DA:48,0
DA:49,0
DA:54,24
DA:55,4
DA:59,20
DA:60,20
DA:61,20
DA:65,4
DA:83,8
DA:85,8
DA:86,22
DA:87,22
DA:92,22
DA:93,1
DA:96,22
DA:98,22
DA:103,4
DA:104,4
DA:106,18
DA:107,18
DA:109,18
DA:110,8
DA:113,10
DA:114,1
DA:117,9
DA:118,4
DA:122,5
DA:123,5
DA:127,8
DA:141,4
DA:143,4
DA:144,8
DA:145,8
DA:147,8
DA:154,2
DA:155,2
DA:157,6
DA:158,6
DA:160,6
DA:161,3
DA:164,3
DA:165,1
DA:168,2
DA:169,2
DA:173,0
DA:174,0
DA:178,4
LF:57
LH:52
BRDA:35,0,0,12
BRDA:46,1,0,0
BRDA:48,2,0,0
BRDA:48,3,0,0
BRDA:48,3,1,0
BRDA:48,3,2,0
BRDA:48,3,3,0
BRDA:54,4,0,4
BRDA:92,5,0,1
BRDA:96,6,0,22
BRDA:96,6,1,21
BRDA:106,7,0,18
BRDA:109,8,0,8
BRDA:113,9,0,1
BRDA:117,10,0,4
BRDA:157,11,0,6
BRDA:160,12,0,3
BRDA:164,13,0,1
BRDA:168,14,0,2
BRF:19
BRH:13
end_of_record
TN:
SF:src/utils/error.util.ts
FN:12,(anonymous_0)
FN:26,logError
FN:46,getStatusCodeFromError
FN:60,getErrorMessage
FNF:4
FNH:1
FNDA:24,(anonymous_0)
FNDA:0,logError
FNDA:0,getStatusCodeFromError
FNDA:0,getErrorMessage
DA:13,24
DA:14,24
DA:15,24
DA:16,24
DA:31,0
DA:32,0
DA:34,0
DA:47,0
DA:48,0
DA:52,0
DA:61,0
DA:62,0
DA:65,0
LF:13
LH:4
BRDA:12,0,0,0
BRDA:31,1,0,0
BRDA:31,1,1,0
BRDA:32,2,0,0
BRDA:32,2,1,0
BRDA:47,3,0,0
BRDA:61,4,0,0
BRF:7
BRH:0
end_of_record
TN:
SF:src/utils/response.util.ts
FN:31,successResponse
FN:48,errorResponse
FN:63,getCorsHeaders
FNF:3
FNH:0
FNDA:0,successResponse
FNDA:0,errorResponse
FNDA:0,getCorsHeaders
DA:18,0
DA:35,0
DA:52,0
DA:64,0
LF:4
LH:0
BRDA:33,0,0,0
BRDA:50,1,0,0
BRF:2
BRH:0
end_of_record
