TN:
SF:src/index.ts
FN:16,handler
FNF:1
FNH:1
FNDA:11,handler
DA:19,11
DA:20,11
DA:21,11
DA:23,11
DA:29,11
DA:31,11
DA:32,3
DA:36,8
DA:38,3
DA:39,3
DA:42,1
DA:43,1
DA:46,4
DA:47,4
DA:50,0
DA:52,0
DA:53,0
DA:55,0
LF:18
LH:14
BRDA:31,0,0,3
BRDA:36,1,0,3
BRDA:36,1,1,1
BRDA:36,1,2,4
BRF:4
BRH:4
end_of_record
TN:
SF:src/handlers/news.handler.ts
FN:15,handleNewsRequest
FNF:1
FNH:1
FNDA:1,handleNewsRequest
DA:18,1
DA:20,1
DA:22,1
DA:23,1
DA:24,1
DA:25,1
DA:26,1
DA:29,1
DA:30,1
DA:34,0
DA:35,0
DA:39,0
DA:40,0
DA:43,0
DA:44,0
DA:48,0
DA:49,0
DA:50,0
DA:51,0
DA:52,0
DA:55,0
DA:59,0
DA:60,0
DA:61,0
DA:62,0
DA:66,0
DA:68,0
DA:70,0
DA:73,0
DA:74,0
DA:76,0
LF:31
LH:9
BRDA:22,0,0,1
BRDA:22,0,1,1
BRDA:29,1,0,1
BRDA:34,2,0,0
BRDA:39,3,0,0
BRDA:39,4,0,0
BRDA:39,4,1,0
BRDA:43,5,0,0
BRDA:43,6,0,0
BRDA:43,6,1,0
BRDA:49,7,0,0
BRDA:51,8,0,0
BRDA:51,9,0,0
BRDA:51,9,1,0
BRDA:60,10,0,0
BRDA:73,11,0,0
BRDA:73,11,1,0
BRDA:74,12,0,0
BRDA:74,12,1,0
BRF:19
BRH:3
end_of_record
TN:
SF:src/handlers/stocks.handler.ts
FN:15,handleStocksRequest
FNF:1
FNH:1
FNDA:3,handleStocksRequest
DA:18,3
DA:20,3
DA:22,3
DA:23,3
DA:24,3
DA:25,3
DA:26,3
DA:29,3
DA:30,3
DA:34,0
DA:35,0
DA:39,0
DA:40,0
DA:44,0
DA:45,0
DA:48,0
DA:49,0
DA:53,0
DA:54,0
DA:55,0
DA:56,0
DA:61,0
DA:62,0
DA:65,0
DA:66,0
DA:68,0
DA:71,0
DA:73,0
DA:76,0
DA:77,0
DA:79,0
LF:31
LH:9
BRDA:22,0,0,3
BRDA:22,0,1,3
BRDA:26,1,0,3
BRDA:26,1,1,3
BRDA:29,2,0,3
BRDA:34,3,0,0
BRDA:39,4,0,0
BRDA:39,5,0,0
BRDA:39,5,1,0
BRDA:44,6,0,0
BRDA:44,7,0,0
BRDA:44,7,1,0
BRDA:48,8,0,0
BRDA:48,9,0,0
BRDA:48,9,1,0
BRDA:54,10,0,0
BRDA:61,11,0,0
BRDA:61,11,1,0
BRDA:65,12,0,0
BRDA:76,13,0,0
BRDA:76,13,1,0
BRDA:77,14,0,0
BRDA:77,14,1,0
BRF:23
BRH:5
end_of_record
TN:
SF:src/services/polygon.service.ts
FN:17,createPolygonClient
FN:37,fetchNews
FN:117,(anonymous_2)
FNF:3
FNH:3
FNDA:5,createPolygonClient
FNDA:5,fetchNews
FNDA:10,(anonymous_2)
DA:11,2
DA:12,2
DA:18,5
DA:44,5
DA:45,5
DA:47,5
DA:49,5
DA:50,5
DA:52,5
DA:53,15
DA:55,15
DA:61,15
DA:63,10
DA:66,5
DA:73,5
DA:74,1
DA:76,5
DA:77,1
DA:80,5
DA:83,5
DA:86,15
DA:88,14
DA:89,0
DA:93,0
DA:96,14
DA:97,14
DA:99,14
DA:104,14
DA:107,14
DA:108,1
DA:111,1
DA:116,13
DA:117,10
DA:121,4
DA:124,4
DA:126,1
DA:127,1
DA:129,1
DA:130,0
DA:136,1
DA:137,0
DA:140,1
DA:141,1
DA:142,1
DA:146,0
DA:147,0
LF:46
LH:40
BRDA:41,0,0,0
BRDA:61,1,0,10
BRDA:61,1,1,5
BRDA:73,2,0,1
BRDA:76,3,0,1
BRDA:88,4,0,0
BRDA:96,5,0,14
BRDA:96,5,1,0
BRDA:107,6,0,1
BRDA:116,7,0,10
BRDA:126,8,0,1
BRDA:129,9,0,0
BRDA:136,10,0,0
BRDA:136,11,0,1
BRDA:136,11,1,1
BRDA:140,12,0,1
BRF:16
BRH:11
end_of_record
TN:
SF:src/services/tiingo.service.ts
FN:17,createTiingoClient
FN:33,retryWithBackoff
FN:61,(anonymous_2)
FN:77,fetchStockPrices
FN:85,(anonymous_4)
FN:137,fetchSymbolMetadata
FN:143,(anonymous_6)
FNF:7
FNH:7
FNDA:6,createTiingoClient
FNDA:6,retryWithBackoff
FNDA:3,(anonymous_2)
FNDA:4,fetchStockPrices
FNDA:6,(anonymous_4)
FNDA:2,fetchSymbolMetadata
FNDA:3,(anonymous_6)
DA:11,2
DA:12,2
DA:18,6
DA:37,6
DA:39,6
DA:40,9
DA:41,9
DA:43,3
DA:46,3
DA:47,0
DA:48,0
DA:49,0
DA:54,3
DA:55,0
DA:59,3
DA:60,3
DA:61,3
DA:65,0
DA:83,4
DA:85,4
DA:86,6
DA:87,6
DA:92,6
DA:93,1
DA:96,6
DA:98,6
DA:103,4
DA:104,4
DA:106,2
DA:107,2
DA:109,2
DA:110,0
DA:113,2
DA:114,1
DA:117,1
DA:118,0
DA:122,1
DA:123,1
DA:127,4
DA:141,2
DA:143,2
DA:144,3
DA:145,3
DA:147,3
DA:154,2
DA:155,2
DA:157,1
DA:158,1
DA:160,1
DA:161,0
DA:164,1
DA:165,1
DA:168,0
DA:169,0
DA:173,0
DA:174,0
DA:178,2
LF:57
LH:45
BRDA:35,0,0,6
BRDA:46,1,0,0
BRDA:48,2,0,0
BRDA:48,3,0,0
BRDA:48,3,1,0
BRDA:48,3,2,0
BRDA:48,3,3,0
BRDA:54,4,0,0
BRDA:92,5,0,1
BRDA:96,6,0,6
BRDA:96,6,1,5
BRDA:106,7,0,2
BRDA:109,8,0,0
BRDA:113,9,0,1
BRDA:117,10,0,0
BRDA:157,11,0,1
BRDA:160,12,0,0
BRDA:164,13,0,1
BRDA:168,14,0,0
BRF:19
BRH:8
end_of_record
TN:
SF:src/utils/error.util.ts
FN:12,(anonymous_0)
FN:26,logError
FN:46,getStatusCodeFromError
FN:60,getErrorMessage
FNF:4
FNH:4
FNDA:8,(anonymous_0)
FNDA:3,logError
FNDA:5,getStatusCodeFromError
FNDA:7,getErrorMessage
DA:13,8
DA:14,8
DA:15,8
DA:16,8
DA:31,3
DA:32,3
DA:34,3
DA:47,5
DA:48,1
DA:52,4
DA:61,7
DA:62,2
DA:65,5
LF:13
LH:13
BRDA:12,0,0,2
BRDA:31,1,0,2
BRDA:31,1,1,1
BRDA:32,2,0,2
BRDA:32,2,1,1
BRDA:47,3,0,1
BRDA:61,4,0,2
BRF:7
BRH:7
end_of_record
TN:
SF:src/utils/response.util.ts
FN:31,successResponse
FN:48,errorResponse
FN:63,getCorsHeaders
FNF:3
FNH:3
FNDA:5,successResponse
FNDA:19,errorResponse
FNDA:3,getCorsHeaders
DA:18,2
DA:35,5
DA:52,19
DA:64,3
LF:4
LH:4
BRDA:33,0,0,4
BRDA:50,1,0,1
BRF:2
BRH:2
end_of_record
