<?xml version="1.0" encoding="UTF-8"?>
<coverage generated="1762921584912" clover="3.2.0">
  <project timestamp="1762921584912" name="All files">
    <metrics statements="319" coveredstatements="308" conditionals="165" coveredconditionals="149" methods="37" coveredmethods="37" elements="521" coveredelements="494" complexity="0" loc="319" ncloc="319" packages="1" files="6" classes="6"/>
    <file name="cross-validation.ts" path="/root/react-stocks/src/ml/prediction/cross-validation.ts">
      <metrics statements="47" coveredstatements="47" conditionals="23" coveredconditionals="23" methods="12" coveredmethods="12"/>
      <line num="21" count="114" type="cond" truecount="2" falsecount="0"/>
      <line num="22" count="2" type="stmt"/>
      <line num="25" count="112" type="cond" truecount="2" falsecount="0"/>
      <line num="26" count="1" type="stmt"/>
      <line num="29" count="111" type="stmt"/>
      <line num="30" count="111" type="stmt"/>
      <line num="32" count="111" type="stmt"/>
      <line num="33" count="819" type="stmt"/>
      <line num="34" count="819" type="cond" truecount="2" falsecount="0"/>
      <line num="36" count="819" type="stmt"/>
      <line num="37" count="819" type="stmt"/>
      <line num="39" count="819" type="stmt"/>
      <line num="40" count="17326" type="cond" truecount="4" falsecount="0"/>
      <line num="41" count="2224" type="stmt"/>
      <line num="43" count="15102" type="stmt"/>
      <line num="47" count="819" type="stmt"/>
      <line num="50" count="111" type="stmt"/>
      <line num="57" count="16836" type="stmt"/>
      <line num="64" count="16836" type="stmt"/>
      <line num="81" count="105" type="cond" truecount="2" falsecount="0"/>
      <line num="82" count="1" type="stmt"/>
      <line num="85" count="104" type="stmt"/>
      <line num="86" count="104" type="stmt"/>
      <line num="88" count="104" type="stmt"/>
      <line num="89" count="786" type="stmt"/>
      <line num="92" count="786" type="stmt"/>
      <line num="93" count="786" type="stmt"/>
      <line num="94" count="786" type="stmt"/>
      <line num="95" count="786" type="stmt"/>
      <line num="98" count="786" type="stmt"/>
      <line num="99" count="786" type="stmt"/>
      <line num="107" count="786" type="stmt"/>
      <line num="108" count="786" type="stmt"/>
      <line num="112" count="786" type="stmt"/>
      <line num="115" count="786" type="stmt"/>
      <line num="117" count="104" type="stmt"/>
      <line num="119" count="104" type="stmt"/>
      <line num="133" count="102" type="stmt"/>
      <line num="147" count="101" type="cond" truecount="4" falsecount="0"/>
      <line num="148" count="1" type="stmt"/>
      <line num="151" count="100" type="cond" truecount="2" falsecount="0"/>
      <line num="152" count="1" type="stmt"/>
      <line num="158" count="99" type="stmt"/>
      <line num="161" count="99" type="stmt"/>
      <line num="173" count="2" type="stmt"/>
      <line num="180" count="3" type="cond" truecount="2" falsecount="0"/>
      <line num="187" count="95" type="cond" truecount="2" falsecount="0"/>
    </file>
    <file name="model.ts" path="/root/react-stocks/src/ml/prediction/model.ts">
      <metrics statements="88" coveredstatements="85" conditionals="42" coveredconditionals="37" methods="9" coveredmethods="9"/>
      <line num="20" count="9173990" type="cond" truecount="2" falsecount="0"/>
      <line num="21" count="9173988" type="cond" truecount="2" falsecount="0"/>
      <line num="23" count="9173986" type="stmt"/>
      <line num="32" count="912" type="stmt"/>
      <line num="33" count="912" type="stmt"/>
      <line num="34" count="912" type="stmt"/>
      <line num="35" count="912" type="stmt"/>
      <line num="51" count="908" type="cond" truecount="2" falsecount="0"/>
      <line num="53" count="908" type="cond" truecount="4" falsecount="0"/>
      <line num="54" count="1" type="stmt"/>
      <line num="57" count="907" type="cond" truecount="2" falsecount="0"/>
      <line num="58" count="1" type="stmt"/>
      <line num="63" count="906" type="stmt"/>
      <line num="64" count="906" type="stmt"/>
      <line num="67" count="906" type="stmt"/>
      <line num="68" count="906" type="stmt"/>
      <line num="71" count="906" type="stmt"/>
      <line num="73" count="906" type="stmt"/>
      <line num="74" count="906" type="stmt"/>
      <line num="76" count="906" type="stmt"/>
      <line num="78" count="600602" type="stmt"/>
      <line num="79" count="600602" type="stmt"/>
      <line num="80" count="9171694" type="stmt"/>
      <line num="81" count="9171694" type="stmt"/>
      <line num="82" count="72628379" type="stmt"/>
      <line num="84" count="9171694" type="stmt"/>
      <line num="88" count="600602" type="stmt"/>
      <line num="89" count="600602" type="stmt"/>
      <line num="91" count="600602" type="stmt"/>
      <line num="92" count="9171694" type="stmt"/>
      <line num="93" count="9171694" type="stmt"/>
      <line num="94" count="9171694" type="stmt"/>
      <line num="95" count="72628379" type="stmt"/>
      <line num="100" count="600602" type="stmt"/>
      <line num="101" count="600602" type="stmt"/>
      <line num="102" count="4685204" type="stmt"/>
      <line num="106" count="600602" type="stmt"/>
      <line num="107" count="600602" type="stmt"/>
      <line num="108" count="4685204" type="stmt"/>
      <line num="112" count="600602" type="stmt"/>
      <line num="113" count="600602" type="stmt"/>
      <line num="114" count="9171694" type="stmt"/>
      <line num="116" count="9171694" type="stmt"/>
      <line num="118" count="600602" type="stmt"/>
      <line num="121" count="600602" type="stmt"/>
      <line num="122" count="600602" type="stmt"/>
      <line num="123" count="4685204" type="stmt"/>
      <line num="125" count="600602" type="stmt"/>
      <line num="127" count="600602" type="cond" truecount="2" falsecount="3"/>
      <line num="128" count="0" type="stmt"/>
      <line num="132" count="600602" type="cond" truecount="2" falsecount="0"/>
      <line num="133" count="346" type="stmt"/>
      <line num="134" count="346" type="stmt"/>
      <line num="135" count="346" type="cond" truecount="1" falsecount="1"/>
      <line num="136" count="0" type="stmt"/>
      <line num="138" count="346" type="stmt"/>
      <line num="141" count="600256" type="stmt"/>
      <line num="142" count="600256" type="stmt"/>
      <line num="145" count="906" type="cond" truecount="3" falsecount="1"/>
      <line num="146" count="0" type="stmt"/>
      <line num="157" count="892" type="stmt"/>
      <line num="159" count="891" type="stmt"/>
      <line num="160" count="2270" type="cond" truecount="2" falsecount="0"/>
      <line num="170" count="896" type="stmt"/>
      <line num="172" count="895" type="cond" truecount="2" falsecount="0"/>
      <line num="173" count="2" type="stmt"/>
      <line num="176" count="893" type="stmt"/>
      <line num="177" count="893" type="stmt"/>
      <line num="179" count="893" type="stmt"/>
      <line num="180" count="2280" type="cond" truecount="2" falsecount="0"/>
      <line num="181" count="1" type="stmt"/>
      <line num="186" count="2279" type="stmt"/>
      <line num="187" count="2279" type="stmt"/>
      <line num="188" count="17078" type="stmt"/>
      <line num="191" count="2279" type="stmt"/>
      <line num="192" count="2279" type="stmt"/>
      <line num="194" count="2279" type="stmt"/>
      <line num="197" count="892" type="stmt"/>
      <line num="204" count="10" type="stmt"/>
      <line num="216" count="1791" type="stmt"/>
      <line num="223" count="1788" type="cond" truecount="2" falsecount="0"/>
      <line num="224" count="2" type="stmt"/>
      <line num="236" count="790" type="stmt"/>
      <line num="237" count="790" type="stmt"/>
      <line num="238" count="790" type="stmt"/>
      <line num="239" count="2156" type="cond" truecount="2" falsecount="0"/>
      <line num="240" count="1955" type="stmt"/>
      <line num="243" count="790" type="stmt"/>
    </file>
    <file name="prediction.service.ts" path="/root/react-stocks/src/ml/prediction/prediction.service.ts">
      <metrics statements="37" coveredstatements="36" conditionals="8" coveredconditionals="6" methods="3" coveredmethods="3"/>
      <line num="16" count="2" type="stmt"/>
      <line num="26" count="2" type="stmt"/>
      <line num="50" count="34" type="stmt"/>
      <line num="52" count="34" type="stmt"/>
      <line num="54" count="34" type="cond" truecount="2" falsecount="0"/>
      <line num="55" count="1" type="stmt"/>
      <line num="58" count="33" type="cond" truecount="2" falsecount="0"/>
      <line num="59" count="1" type="stmt"/>
      <line num="65" count="32" type="stmt"/>
      <line num="74" count="32" type="stmt"/>
      <line num="79" count="32" type="stmt"/>
      <line num="82" count="31" type="stmt"/>
      <line num="84" count="31" type="stmt"/>
      <line num="86" count="93" type="stmt"/>
      <line num="88" count="93" type="cond" truecount="1" falsecount="1"/>
      <line num="89" count="0" type="stmt"/>
      <line num="97" count="93" type="stmt"/>
      <line num="98" count="93" type="stmt"/>
      <line num="101" count="93" type="stmt"/>
      <line num="102" count="93" type="stmt"/>
      <line num="105" count="93" type="stmt"/>
      <line num="106" count="93" type="stmt"/>
      <line num="109" count="93" type="stmt"/>
      <line num="110" count="93" type="stmt"/>
      <line num="116" count="93" type="stmt"/>
      <line num="117" count="93" type="stmt"/>
      <line num="120" count="93" type="stmt"/>
      <line num="121" count="93" type="stmt"/>
      <line num="124" count="31" type="stmt"/>
      <line num="125" count="31" type="stmt"/>
      <line num="127" count="31" type="stmt"/>
      <line num="134" count="31" type="stmt"/>
      <line num="141" count="3" type="stmt"/>
      <line num="142" count="3" type="stmt"/>
      <line num="159" count="2" type="stmt"/>
      <line num="174" count="2" type="stmt"/>
      <line num="178" count="2" type="stmt"/>
    </file>
    <file name="preprocessing.ts" path="/root/react-stocks/src/ml/prediction/preprocessing.ts">
      <metrics statements="50" coveredstatements="50" conditionals="42" coveredconditionals="42" methods="5" coveredmethods="5"/>
      <line num="17" count="45" type="stmt"/>
      <line num="19" count="45" type="stmt"/>
      <line num="20" count="1033" type="cond" truecount="2" falsecount="0"/>
      <line num="22" count="1033" type="cond" truecount="2" falsecount="0"/>
      <line num="23" count="722" type="stmt"/>
      <line num="24" count="311" type="cond" truecount="2" falsecount="0"/>
      <line num="25" count="260" type="stmt"/>
      <line num="26" count="51" type="cond" truecount="4" falsecount="0"/>
      <line num="27" count="47" type="stmt"/>
      <line num="29" count="4" type="stmt"/>
      <line num="33" count="45" type="stmt"/>
      <line num="47" count="39" type="stmt"/>
      <line num="50" count="39" type="stmt"/>
      <line num="51" count="39" type="cond" truecount="2" falsecount="0"/>
      <line num="57" count="2" type="stmt"/>
      <line num="65" count="37" type="cond" truecount="2" falsecount="0"/>
      <line num="66" count="1" type="stmt"/>
      <line num="70" count="36" type="stmt"/>
      <line num="73" count="36" type="stmt"/>
      <line num="74" count="36" type="stmt"/>
      <line num="75" count="1018" type="stmt"/>
      <line num="84" count="36" type="stmt"/>
      <line num="99" count="105" type="cond" truecount="2" falsecount="0"/>
      <line num="100" count="2" type="stmt"/>
      <line num="103" count="103" type="cond" truecount="2" falsecount="0"/>
      <line num="104" count="2" type="stmt"/>
      <line num="107" count="101" type="stmt"/>
      <line num="109" count="101" type="stmt"/>
      <line num="111" count="2157" type="cond" truecount="2" falsecount="0"/>
      <line num="112" count="2157" type="stmt"/>
      <line num="115" count="101" type="stmt"/>
      <line num="121" count="3" type="stmt"/>
      <line num="126" count="3" type="stmt"/>
      <line num="144" count="5" type="cond" truecount="4" falsecount="0"/>
      <line num="145" count="1" type="stmt"/>
      <line num="148" count="4" type="stmt"/>
      <line num="149" count="4" type="cond" truecount="2" falsecount="0"/>
      <line num="150" count="1" type="stmt"/>
      <line num="156" count="3" type="stmt"/>
      <line num="157" count="2" type="cond" truecount="2" falsecount="0"/>
      <line num="158" count="1" type="stmt"/>
      <line num="166" count="2" type="stmt"/>
      <line num="167" count="3" type="stmt"/>
      <line num="168" count="20" type="cond" truecount="2" falsecount="0"/>
      <line num="169" count="1" type="stmt"/>
      <line num="184" count="4" type="cond" truecount="4" falsecount="0"/>
      <line num="185" count="1" type="stmt"/>
      <line num="188" count="3" type="stmt"/>
      <line num="189" count="12" type="cond" truecount="4" falsecount="0"/>
      <line num="190" count="2" type="stmt"/>
    </file>
    <file name="scaler.ts" path="/root/react-stocks/src/ml/prediction/scaler.ts">
      <metrics statements="97" coveredstatements="90" conditionals="50" coveredconditionals="41" methods="8" coveredmethods="8"/>
      <line num="21" count="111" type="stmt"/>
      <line num="22" count="111" type="stmt"/>
      <line num="30" count="110" type="cond" truecount="4" falsecount="0"/>
      <line num="31" count="1" type="stmt"/>
      <line num="34" count="109" type="stmt"/>
      <line num="35" count="109" type="stmt"/>
      <line num="38" count="109" type="stmt"/>
      <line num="39" count="1956" type="cond" truecount="2" falsecount="0"/>
      <line num="40" count="1" type="stmt"/>
      <line num="46" count="108" type="stmt"/>
      <line num="47" count="108" type="stmt"/>
      <line num="50" count="108" type="stmt"/>
      <line num="52" count="773" type="stmt"/>
      <line num="53" count="773" type="stmt"/>
      <line num="54" count="16252" type="stmt"/>
      <line num="55" count="16252" type="cond" truecount="2" falsecount="0"/>
      <line num="56" count="1" type="stmt"/>
      <line num="60" count="16251" type="stmt"/>
      <line num="62" count="772" type="stmt"/>
      <line num="66" count="772" type="stmt"/>
      <line num="67" count="772" type="stmt"/>
      <line num="68" count="16250" type="stmt"/>
      <line num="69" count="16250" type="stmt"/>
      <line num="71" count="772" type="stmt"/>
      <line num="72" count="772" type="stmt"/>
      <line num="83" count="197" type="cond" truecount="4" falsecount="0"/>
      <line num="84" count="1" type="stmt"/>
      <line num="87" count="196" type="cond" truecount="3" falsecount="1"/>
      <line num="88" count="0" type="stmt"/>
      <line num="91" count="196" type="stmt"/>
      <line num="92" count="196" type="stmt"/>
      <line num="94" count="196" type="cond" truecount="2" falsecount="0"/>
      <line num="95" count="1" type="stmt"/>
      <line num="100" count="195" type="stmt"/>
      <line num="102" count="195" type="stmt"/>
      <line num="103" count="2142" type="stmt"/>
      <line num="105" count="2142" type="stmt"/>
      <line num="106" count="16980" type="stmt"/>
      <line num="108" count="16980" type="cond" truecount="1" falsecount="1"/>
      <line num="109" count="0" type="stmt"/>
      <line num="115" count="16980" type="cond" truecount="2" falsecount="0"/>
      <line num="116" count="4364" type="stmt"/>
      <line num="118" count="12616" type="stmt"/>
      <line num="123" count="195" type="stmt"/>
      <line num="133" count="98" type="stmt"/>
      <line num="134" count="98" type="stmt"/>
      <line num="144" count="1" type="cond" truecount="3" falsecount="1"/>
      <line num="145" count="0" type="stmt"/>
      <line num="150" count="1" type="cond" truecount="3" falsecount="1"/>
      <line num="151" count="0" type="stmt"/>
      <line num="154" count="1" type="stmt"/>
      <line num="155" count="1" type="stmt"/>
      <line num="157" count="1" type="cond" truecount="1" falsecount="1"/>
      <line num="158" count="0" type="stmt"/>
      <line num="163" count="1" type="stmt"/>
      <line num="165" count="1" type="stmt"/>
      <line num="166" count="3" type="stmt"/>
      <line num="168" count="3" type="stmt"/>
      <line num="170" count="3" type="stmt"/>
      <line num="174" count="1" type="stmt"/>
      <line num="181" count="9" type="stmt"/>
      <line num="191" count="2" type="cond" truecount="2" falsecount="0"/>
      <line num="199" count="18" type="cond" truecount="3" falsecount="1"/>
      <line num="200" count="0" type="stmt"/>
      <line num="203" count="18" type="stmt"/>
      <line num="204" count="18" type="stmt"/>
      <line num="206" count="18" type="cond" truecount="2" falsecount="0"/>
      <line num="208" count="15" type="stmt"/>
      <line num="209" count="15" type="stmt"/>
      <line num="210" count="35" type="stmt"/>
      <line num="212" count="15" type="stmt"/>
      <line num="215" count="3" type="stmt"/>
      <line num="216" count="3" type="stmt"/>
      <line num="217" count="3" type="stmt"/>
      <line num="218" count="8" type="stmt"/>
      <line num="219" count="10" type="stmt"/>
      <line num="220" count="10" type="stmt"/>
      <line num="223" count="3" type="stmt"/>
      <line num="231" count="8" type="cond" truecount="3" falsecount="1"/>
      <line num="232" count="0" type="stmt"/>
      <line num="235" count="8" type="stmt"/>
      <line num="236" count="8" type="stmt"/>
      <line num="237" count="8" type="stmt"/>
      <line num="239" count="8" type="cond" truecount="2" falsecount="0"/>
      <line num="241" count="7" type="stmt"/>
      <line num="242" count="7" type="stmt"/>
      <line num="243" count="17" type="stmt"/>
      <line num="244" count="17" type="stmt"/>
      <line num="246" count="7" type="stmt"/>
      <line num="249" count="1" type="stmt"/>
      <line num="250" count="1" type="stmt"/>
      <line num="251" count="1" type="stmt"/>
      <line num="252" count="3" type="stmt"/>
      <line num="253" count="3" type="stmt"/>
      <line num="254" count="3" type="stmt"/>
      <line num="255" count="3" type="stmt"/>
      <line num="258" count="1" type="stmt"/>
    </file>
    <file name="types.ts" path="/root/react-stocks/src/ml/prediction/types.ts">
      <metrics statements="0" coveredstatements="0" conditionals="0" coveredconditionals="0" methods="0" coveredmethods="0"/>
    </file>
  </project>
</coverage>
