<?xml version="1.0" encoding="UTF-8"?>
<coverage generated="1762925693534" clover="3.2.0">
  <project timestamp="1762925693535" name="All files">
    <metrics statements="2184" coveredstatements="899" conditionals="1021" coveredconditionals="461" methods="421" coveredmethods="182" elements="3626" coveredelements="1542" complexity="0" loc="2184" ncloc="2184" packages="26" files="100" classes="100"/>
    <package name="components.common">
      <metrics statements="85" coveredstatements="0" conditionals="56" coveredconditionals="0" methods="28" coveredmethods="0"/>
      <file name="DateRangePicker.tsx" path="/root/react-stocks/src/components/common/DateRangePicker.tsx">
        <metrics statements="18" coveredstatements="0" conditionals="10" coveredconditionals="0" methods="5" coveredmethods="0"/>
        <line num="24" count="0" type="stmt"/>
        <line num="26" count="0" type="stmt"/>
        <line num="27" count="0" type="stmt"/>
        <line num="30" count="0" type="stmt"/>
        <line num="31" count="0" type="stmt"/>
        <line num="32" count="0" type="cond" truecount="0" falsecount="4"/>
        <line num="34" count="0" type="stmt"/>
        <line num="35" count="0" type="stmt"/>
        <line num="36" count="0" type="stmt"/>
        <line num="40" count="0" type="stmt"/>
        <line num="41" count="0" type="cond" truecount="0" falsecount="2"/>
        <line num="42" count="0" type="stmt"/>
        <line num="43" count="0" type="stmt"/>
        <line num="44" count="0" type="stmt"/>
        <line num="46" count="0" type="stmt"/>
        <line num="50" count="0" type="stmt"/>
        <line num="78" count="0" type="stmt"/>
        <line num="98" count="0" type="stmt"/>
      </file>
      <file name="EmptyState.tsx" path="/root/react-stocks/src/components/common/EmptyState.tsx">
        <metrics statements="2" coveredstatements="0" conditionals="3" coveredconditionals="0" methods="1" coveredmethods="0"/>
        <line num="21" count="0" type="stmt"/>
        <line num="30" count="0" type="stmt"/>
      </file>
      <file name="ErrorBoundary.tsx" path="/root/react-stocks/src/components/common/ErrorBoundary.tsx">
        <metrics statements="11" coveredstatements="0" conditionals="7" coveredconditionals="0" methods="5" coveredmethods="0"/>
        <line num="24" count="0" type="stmt"/>
        <line num="25" count="0" type="stmt"/>
        <line num="34" count="0" type="stmt"/>
        <line num="39" count="0" type="stmt"/>
        <line num="42" count="0" type="stmt"/>
        <line num="51" count="0" type="stmt"/>
        <line num="52" count="0" type="stmt"/>
        <line num="60" count="0" type="cond" truecount="0" falsecount="2"/>
        <line num="61" count="0" type="stmt"/>
        <line num="101" count="0" type="stmt"/>
        <line num="105" count="0" type="stmt"/>
      </file>
      <file name="ErrorDisplay.tsx" path="/root/react-stocks/src/components/common/ErrorDisplay.tsx">
        <metrics statements="3" coveredstatements="0" conditionals="7" coveredconditionals="0" methods="1" coveredmethods="0"/>
        <line num="17" count="0" type="cond" truecount="0" falsecount="4"/>
        <line num="19" count="0" type="stmt"/>
        <line num="32" count="0" type="stmt"/>
      </file>
      <file name="LoadingIndicator.tsx" path="/root/react-stocks/src/components/common/LoadingIndicator.tsx">
        <metrics statements="8" coveredstatements="0" conditionals="3" coveredconditionals="0" methods="3" coveredmethods="0"/>
        <line num="15" count="0" type="stmt"/>
        <line num="17" count="0" type="stmt"/>
        <line num="18" count="0" type="stmt"/>
        <line num="33" count="0" type="stmt"/>
        <line num="35" count="0" type="stmt"/>
        <line num="36" count="0" type="stmt"/>
        <line num="40" count="0" type="stmt"/>
        <line num="54" count="0" type="stmt"/>
      </file>
      <file name="NewsCard.tsx" path="/root/react-stocks/src/components/common/NewsCard.tsx">
        <metrics statements="6" coveredstatements="0" conditionals="4" coveredconditionals="0" methods="3" coveredmethods="0"/>
        <line num="17" count="0" type="stmt"/>
        <line num="18" count="0" type="cond" truecount="0" falsecount="2"/>
        <line num="19" count="0" type="stmt"/>
        <line num="20" count="0" type="stmt"/>
        <line num="25" count="0" type="stmt"/>
        <line num="47" count="0" type="stmt"/>
      </file>
      <file name="OfflineIndicator.tsx" path="/root/react-stocks/src/components/common/OfflineIndicator.tsx">
        <metrics statements="5" coveredstatements="0" conditionals="2" coveredconditionals="0" methods="1" coveredmethods="0"/>
        <line num="12" count="0" type="stmt"/>
        <line num="14" count="0" type="cond" truecount="0" falsecount="2"/>
        <line num="15" count="0" type="stmt"/>
        <line num="18" count="0" type="stmt"/>
        <line num="26" count="0" type="stmt"/>
      </file>
      <file name="SentimentChip.tsx" path="/root/react-stocks/src/components/common/SentimentChip.tsx">
        <metrics statements="15" coveredstatements="0" conditionals="10" coveredconditionals="0" methods="3" coveredmethods="0"/>
        <line num="18" count="0" type="stmt"/>
        <line num="19" count="0" type="cond" truecount="0" falsecount="4"/>
        <line num="21" count="0" type="stmt"/>
        <line num="23" count="0" type="stmt"/>
        <line num="25" count="0" type="stmt"/>
        <line num="27" count="0" type="stmt"/>
        <line num="31" count="0" type="stmt"/>
        <line num="32" count="0" type="cond" truecount="0" falsecount="3"/>
        <line num="34" count="0" type="stmt"/>
        <line num="36" count="0" type="stmt"/>
        <line num="38" count="0" type="stmt"/>
        <line num="42" count="0" type="stmt"/>
        <line num="43" count="0" type="stmt"/>
        <line num="45" count="0" type="stmt"/>
        <line num="72" count="0" type="stmt"/>
      </file>
      <file name="StockCard.tsx" path="/root/react-stocks/src/components/common/StockCard.tsx">
        <metrics statements="4" coveredstatements="0" conditionals="4" coveredconditionals="0" methods="1" coveredmethods="0"/>
        <line num="20" count="0" type="stmt"/>
        <line num="21" count="0" type="cond" truecount="0" falsecount="2"/>
        <line num="23" count="0" type="stmt"/>
        <line num="68" count="0" type="stmt"/>
      </file>
      <file name="SuccessFeedback.tsx" path="/root/react-stocks/src/components/common/SuccessFeedback.tsx">
        <metrics statements="13" coveredstatements="0" conditionals="6" coveredconditionals="0" methods="5" coveredmethods="0"/>
        <line num="18" count="0" type="stmt"/>
        <line num="19" count="0" type="stmt"/>
        <line num="21" count="0" type="stmt"/>
        <line num="22" count="0" type="cond" truecount="0" falsecount="2"/>
        <line num="23" count="0" type="stmt"/>
        <line num="38" count="0" type="stmt"/>
        <line num="39" count="0" type="stmt"/>
        <line num="51" count="0" type="stmt"/>
        <line num="56" count="0" type="stmt"/>
        <line num="57" count="0" type="stmt"/>
        <line num="61" count="0" type="cond" truecount="0" falsecount="2"/>
        <line num="63" count="0" type="stmt"/>
        <line num="83" count="0" type="stmt"/>
      </file>
      <file name="index.ts" path="/root/react-stocks/src/components/common/index.ts">
        <metrics statements="0" coveredstatements="0" conditionals="0" coveredconditionals="0" methods="0" coveredmethods="0"/>
      </file>
    </package>
    <package name="components.news">
      <metrics statements="17" coveredstatements="0" conditionals="6" coveredconditionals="0" methods="2" coveredmethods="0"/>
      <file name="NewsListItem.tsx" path="/root/react-stocks/src/components/news/NewsListItem.tsx">
        <metrics statements="17" coveredstatements="0" conditionals="6" coveredconditionals="0" methods="2" coveredmethods="0"/>
        <line num="16" count="0" type="stmt"/>
        <line num="17" count="0" type="stmt"/>
        <line num="19" count="0" type="stmt"/>
        <line num="20" count="0" type="stmt"/>
        <line num="22" count="0" type="cond" truecount="0" falsecount="2"/>
        <line num="23" count="0" type="stmt"/>
        <line num="24" count="0" type="stmt"/>
        <line num="27" count="0" type="stmt"/>
        <line num="28" count="0" type="stmt"/>
        <line num="29" count="0" type="cond" truecount="0" falsecount="2"/>
        <line num="30" count="0" type="stmt"/>
        <line num="32" count="0" type="stmt"/>
        <line num="35" count="0" type="stmt"/>
        <line num="36" count="0" type="stmt"/>
        <line num="40" count="0" type="stmt"/>
        <line num="88" count="0" type="stmt"/>
        <line num="90" count="0" type="stmt"/>
      </file>
    </package>
    <package name="components.portfolio">
      <metrics statements="13" coveredstatements="0" conditionals="16" coveredconditionals="0" methods="4" coveredmethods="0"/>
      <file name="AddStockButton.tsx" path="/root/react-stocks/src/components/portfolio/AddStockButton.tsx">
        <metrics statements="2" coveredstatements="0" conditionals="0" coveredconditionals="0" methods="1" coveredmethods="0"/>
        <line num="15" count="0" type="stmt"/>
        <line num="28" count="0" type="stmt"/>
      </file>
      <file name="PortfolioItem.tsx" path="/root/react-stocks/src/components/portfolio/PortfolioItem.tsx">
        <metrics statements="11" coveredstatements="0" conditionals="16" coveredconditionals="0" methods="3" coveredmethods="0"/>
        <line num="19" count="0" type="stmt"/>
        <line num="20" count="0" type="cond" truecount="0" falsecount="2"/>
        <line num="21" count="0" type="cond" truecount="0" falsecount="2"/>
        <line num="22" count="0" type="cond" truecount="0" falsecount="2"/>
        <line num="25" count="0" type="stmt"/>
        <line num="26" count="0" type="cond" truecount="0" falsecount="2"/>
        <line num="27" count="0" type="cond" truecount="0" falsecount="2"/>
        <line num="28" count="0" type="cond" truecount="0" falsecount="2"/>
        <line num="29" count="0" type="stmt"/>
        <line num="32" count="0" type="stmt"/>
        <line num="116" count="0" type="stmt"/>
      </file>
    </package>
    <package name="components.search">
      <metrics statements="9" coveredstatements="0" conditionals="3" coveredconditionals="0" methods="5" coveredmethods="0"/>
      <file name="SearchBar.tsx" path="/root/react-stocks/src/components/search/SearchBar.tsx">
        <metrics statements="7" coveredstatements="0" conditionals="1" coveredconditionals="0" methods="4" coveredmethods="0"/>
        <line num="16" count="0" type="stmt"/>
        <line num="19" count="0" type="stmt"/>
        <line num="20" count="0" type="stmt"/>
        <line num="21" count="0" type="stmt"/>
        <line num="24" count="0" type="stmt"/>
        <line num="27" count="0" type="stmt"/>
        <line num="40" count="0" type="stmt"/>
      </file>
      <file name="SearchResultItem.tsx" path="/root/react-stocks/src/components/search/SearchResultItem.tsx">
        <metrics statements="2" coveredstatements="0" conditionals="2" coveredconditionals="0" methods="1" coveredmethods="0"/>
        <line num="18" count="0" type="stmt"/>
        <line num="55" count="0" type="stmt"/>
      </file>
    </package>
    <package name="components.sentiment">
      <metrics statements="32" coveredstatements="0" conditionals="12" coveredconditionals="0" methods="8" coveredmethods="0"/>
      <file name="CombinedWordItem.tsx" path="/root/react-stocks/src/components/sentiment/CombinedWordItem.tsx">
        <metrics statements="13" coveredstatements="0" conditionals="5" coveredconditionals="0" methods="3" coveredmethods="0"/>
        <line num="17" count="0" type="stmt"/>
        <line num="18" count="0" type="stmt"/>
        <line num="21" count="0" type="stmt"/>
        <line num="22" count="0" type="cond" truecount="0" falsecount="3"/>
        <line num="24" count="0" type="stmt"/>
        <line num="26" count="0" type="stmt"/>
        <line num="28" count="0" type="stmt"/>
        <line num="33" count="0" type="stmt"/>
        <line num="34" count="0" type="cond" truecount="0" falsecount="2"/>
        <line num="37" count="0" type="stmt"/>
        <line num="39" count="0" type="stmt"/>
        <line num="134" count="0" type="stmt"/>
        <line num="136" count="0" type="stmt"/>
      </file>
      <file name="SentimentToggle.tsx" path="/root/react-stocks/src/components/sentiment/SentimentToggle.tsx">
        <metrics statements="4" coveredstatements="0" conditionals="0" coveredconditionals="0" methods="2" coveredmethods="0"/>
        <line num="15" count="0" type="stmt"/>
        <line num="19" count="0" type="stmt"/>
        <line num="23" count="0" type="stmt"/>
        <line num="41" count="0" type="stmt"/>
      </file>
      <file name="SingleWordItem.tsx" path="/root/react-stocks/src/components/sentiment/SingleWordItem.tsx">
        <metrics statements="15" coveredstatements="0" conditionals="7" coveredconditionals="0" methods="3" coveredmethods="0"/>
        <line num="16" count="0" type="stmt"/>
        <line num="17" count="0" type="stmt"/>
        <line num="20" count="0" type="stmt"/>
        <line num="21" count="0" type="cond" truecount="0" falsecount="3"/>
        <line num="23" count="0" type="stmt"/>
        <line num="25" count="0" type="stmt"/>
        <line num="27" count="0" type="stmt"/>
        <line num="31" count="0" type="stmt"/>
        <line num="34" count="0" type="stmt"/>
        <line num="35" count="0" type="cond" truecount="0" falsecount="2"/>
        <line num="36" count="0" type="cond" truecount="0" falsecount="2"/>
        <line num="37" count="0" type="stmt"/>
        <line num="40" count="0" type="stmt"/>
        <line num="100" count="0" type="stmt"/>
        <line num="102" count="0" type="stmt"/>
      </file>
    </package>
    <package name="components.stock">
      <metrics statements="30" coveredstatements="0" conditionals="14" coveredconditionals="0" methods="5" coveredmethods="0"/>
      <file name="PriceListHeader.tsx" path="/root/react-stocks/src/components/stock/PriceListHeader.tsx">
        <metrics statements="4" coveredstatements="0" conditionals="0" coveredconditionals="0" methods="1" coveredmethods="0"/>
        <line num="10" count="0" type="stmt"/>
        <line num="11" count="0" type="stmt"/>
        <line num="13" count="0" type="stmt"/>
        <line num="56" count="0" type="stmt"/>
      </file>
      <file name="PriceListItem.tsx" path="/root/react-stocks/src/components/stock/PriceListItem.tsx">
        <metrics statements="18" coveredstatements="0" conditionals="8" coveredconditionals="0" methods="3" coveredmethods="0"/>
        <line num="17" count="0" type="stmt"/>
        <line num="18" count="0" type="stmt"/>
        <line num="21" count="0" type="stmt"/>
        <line num="22" count="0" type="cond" truecount="0" falsecount="2"/>
        <line num="23" count="0" type="stmt"/>
        <line num="24" count="0" type="cond" truecount="0" falsecount="2"/>
        <line num="25" count="0" type="stmt"/>
        <line num="27" count="0" type="stmt"/>
        <line num="30" count="0" type="stmt"/>
        <line num="31" count="0" type="cond" truecount="0" falsecount="2"/>
        <line num="32" count="0" type="stmt"/>
        <line num="33" count="0" type="cond" truecount="0" falsecount="2"/>
        <line num="34" count="0" type="stmt"/>
        <line num="36" count="0" type="stmt"/>
        <line num="39" count="0" type="stmt"/>
        <line num="41" count="0" type="stmt"/>
        <line num="87" count="0" type="stmt"/>
        <line num="89" count="0" type="stmt"/>
      </file>
      <file name="StockMetadataCard.tsx" path="/root/react-stocks/src/components/stock/StockMetadataCard.tsx">
        <metrics statements="8" coveredstatements="0" conditionals="6" coveredconditionals="0" methods="1" coveredmethods="0"/>
        <line num="16" count="0" type="stmt"/>
        <line num="20" count="0" type="stmt"/>
        <line num="22" count="0" type="cond" truecount="0" falsecount="2"/>
        <line num="23" count="0" type="stmt"/>
        <line num="32" count="0" type="cond" truecount="0" falsecount="2"/>
        <line num="33" count="0" type="stmt"/>
        <line num="42" count="0" type="stmt"/>
        <line num="72" count="0" type="stmt"/>
      </file>
    </package>
    <package name="config">
      <metrics statements="18" coveredstatements="4" conditionals="6" coveredconditionals="0" methods="6" coveredmethods="2"/>
      <file name="environment.ts" path="/root/react-stocks/src/config/environment.ts">
        <metrics statements="12" coveredstatements="1" conditionals="6" coveredconditionals="0" methods="3" coveredmethods="0"/>
        <line num="13" count="3" type="stmt"/>
        <line num="43" count="0" type="stmt"/>
        <line num="45" count="0" type="cond" truecount="0" falsecount="2"/>
        <line num="46" count="0" type="stmt"/>
        <line num="51" count="0" type="cond" truecount="0" falsecount="2"/>
        <line num="52" count="0" type="stmt"/>
        <line num="65" count="0" type="stmt"/>
        <line num="74" count="0" type="stmt"/>
        <line num="75" count="0" type="cond" truecount="0" falsecount="2"/>
        <line num="76" count="0" type="stmt"/>
        <line num="77" count="0" type="stmt"/>
        <line num="85" count="0" type="stmt"/>
      </file>
      <file name="features.ts" path="/root/react-stocks/src/config/features.ts">
        <metrics statements="6" coveredstatements="3" conditionals="0" coveredconditionals="0" methods="3" coveredmethods="2"/>
        <line num="14" count="3" type="stmt"/>
        <line num="36" count="0" type="stmt"/>
        <line num="37" count="0" type="stmt"/>
        <line num="38" count="0" type="stmt"/>
        <line num="45" count="3" type="stmt"/>
        <line num="52" count="2" type="stmt"/>
      </file>
    </package>
    <package name="constants">
      <metrics statements="6" coveredstatements="6" conditionals="2" coveredconditionals="2" methods="0" coveredmethods="0"/>
      <file name="api.constants.ts" path="/root/react-stocks/src/constants/api.constants.ts">
        <metrics statements="3" coveredstatements="3" conditionals="2" coveredconditionals="2" methods="0" coveredmethods="0"/>
        <line num="11" count="2" type="stmt"/>
        <line num="35" count="2" type="stmt"/>
        <line num="56" count="2" type="stmt"/>
      </file>
      <file name="database.constants.ts" path="/root/react-stocks/src/constants/database.constants.ts">
        <metrics statements="3" coveredstatements="3" conditionals="0" coveredconditionals="0" methods="0" coveredmethods="0"/>
        <line num="6" count="14" type="stmt"/>
        <line num="7" count="14" type="stmt"/>
        <line num="9" count="14" type="stmt"/>
      </file>
    </package>
    <package name="contexts">
      <metrics statements="40" coveredstatements="0" conditionals="4" coveredconditionals="0" methods="9" coveredmethods="0"/>
      <file name="PortfolioContext.tsx" path="/root/react-stocks/src/contexts/PortfolioContext.tsx">
        <metrics statements="23" coveredstatements="0" conditionals="2" coveredconditionals="0" methods="6" coveredmethods="0"/>
        <line num="20" count="0" type="stmt"/>
        <line num="27" count="0" type="stmt"/>
        <line num="29" count="0" type="stmt"/>
        <line num="30" count="0" type="stmt"/>
        <line num="33" count="0" type="stmt"/>
        <line num="34" count="0" type="stmt"/>
        <line num="35" count="0" type="stmt"/>
        <line num="38" count="0" type="stmt"/>
        <line num="46" count="0" type="stmt"/>
        <line num="48" count="0" type="stmt"/>
        <line num="49" count="0" type="stmt"/>
        <line num="53" count="0" type="stmt"/>
        <line num="54" count="0" type="stmt"/>
        <line num="55" count="0" type="stmt"/>
        <line num="56" count="0" type="stmt"/>
        <line num="58" count="0" type="stmt"/>
        <line num="59" count="0" type="stmt"/>
        <line num="63" count="0" type="stmt"/>
        <line num="73" count="0" type="stmt"/>
        <line num="77" count="0" type="stmt"/>
        <line num="78" count="0" type="cond" truecount="0" falsecount="2"/>
        <line num="79" count="0" type="stmt"/>
        <line num="81" count="0" type="stmt"/>
      </file>
      <file name="StockContext.tsx" path="/root/react-stocks/src/contexts/StockContext.tsx">
        <metrics statements="17" coveredstatements="0" conditionals="2" coveredconditionals="0" methods="3" coveredmethods="0"/>
        <line num="19" count="0" type="stmt"/>
        <line num="26" count="0" type="stmt"/>
        <line num="27" count="0" type="stmt"/>
        <line num="30" count="0" type="stmt"/>
        <line num="31" count="0" type="stmt"/>
        <line num="32" count="0" type="stmt"/>
        <line num="34" count="0" type="stmt"/>
        <line num="35" count="0" type="stmt"/>
        <line num="37" count="0" type="stmt"/>
        <line num="38" count="0" type="stmt"/>
        <line num="39" count="0" type="stmt"/>
        <line num="42" count="0" type="stmt"/>
        <line num="52" count="0" type="stmt"/>
        <line num="56" count="0" type="stmt"/>
        <line num="57" count="0" type="cond" truecount="0" falsecount="2"/>
        <line num="58" count="0" type="stmt"/>
        <line num="60" count="0" type="stmt"/>
      </file>
    </package>
    <package name="database">
      <metrics statements="220" coveredstatements="64" conditionals="134" coveredconditionals="17" methods="41" coveredmethods="10"/>
      <file name="database.ts" path="/root/react-stocks/src/database/database.ts">
        <metrics statements="74" coveredstatements="50" conditionals="26" coveredconditionals="15" methods="8" coveredmethods="8"/>
        <line num="11" count="7" type="stmt"/>
        <line num="12" count="7" type="stmt"/>
        <line num="20" count="5" type="stmt"/>
        <line num="21" count="5" type="stmt"/>
        <line num="24" count="5" type="stmt"/>
        <line num="27" count="5" type="stmt"/>
        <line num="29" count="5" type="cond" truecount="1" falsecount="1"/>
        <line num="30" count="0" type="stmt"/>
        <line num="31" count="0" type="stmt"/>
        <line num="33" count="5" type="stmt"/>
        <line num="37" count="5" type="stmt"/>
        <line num="38" count="5" type="cond" truecount="1" falsecount="1"/>
        <line num="39" count="0" type="stmt"/>
        <line num="43" count="5" type="stmt"/>
        <line num="44" count="5" type="stmt"/>
        <line num="46" count="0" type="stmt"/>
        <line num="47" count="0" type="stmt"/>
        <line num="57" count="7" type="cond" truecount="4" falsecount="0"/>
        <line num="58" count="2" type="stmt"/>
        <line num="61" count="7" type="cond" truecount="1" falsecount="1"/>
        <line num="62" count="0" type="stmt"/>
        <line num="65" count="7" type="stmt"/>
        <line num="72" count="1" type="cond" truecount="1" falsecount="1"/>
        <line num="73" count="0" type="stmt"/>
        <line num="76" count="1" type="stmt"/>
        <line num="78" count="1" type="stmt"/>
        <line num="79" count="6" type="stmt"/>
        <line num="80" count="6" type="stmt"/>
        <line num="84" count="1" type="stmt"/>
        <line num="85" count="1" type="stmt"/>
        <line num="87" count="1" type="stmt"/>
        <line num="89" count="0" type="stmt"/>
        <line num="90" count="0" type="stmt"/>
        <line num="99" count="5" type="cond" truecount="1" falsecount="1"/>
        <line num="100" count="0" type="stmt"/>
        <line num="103" count="5" type="stmt"/>
        <line num="104" count="5" type="stmt"/>
        <line num="107" count="5" type="stmt"/>
        <line num="109" count="0" type="stmt"/>
        <line num="110" count="0" type="stmt"/>
        <line num="120" count="5" type="cond" truecount="1" falsecount="1"/>
        <line num="121" count="0" type="stmt"/>
        <line num="124" count="5" type="stmt"/>
        <line num="125" count="5" type="stmt"/>
        <line num="128" count="5" type="cond" truecount="1" falsecount="1"/>
        <line num="130" count="0" type="stmt"/>
        <line num="131" count="0" type="stmt"/>
        <line num="141" count="1" type="cond" truecount="1" falsecount="1"/>
        <line num="142" count="0" type="stmt"/>
        <line num="145" count="1" type="stmt"/>
        <line num="146" count="1" type="stmt"/>
        <line num="148" count="0" type="stmt"/>
        <line num="149" count="0" type="stmt"/>
        <line num="159" count="1" type="cond" truecount="1" falsecount="1"/>
        <line num="160" count="0" type="stmt"/>
        <line num="163" count="1" type="stmt"/>
        <line num="164" count="1" type="stmt"/>
        <line num="166" count="1" type="cond" truecount="1" falsecount="1"/>
        <line num="167" count="0" type="stmt"/>
        <line num="171" count="1" type="stmt"/>
        <line num="172" count="1" type="stmt"/>
        <line num="175" count="1" type="stmt"/>
        <line num="178" count="1" type="stmt"/>
        <line num="180" count="1" type="stmt"/>
        <line num="182" count="0" type="stmt"/>
        <line num="183" count="0" type="stmt"/>
        <line num="192" count="2" type="cond" truecount="1" falsecount="1"/>
        <line num="193" count="2" type="stmt"/>
        <line num="194" count="2" type="stmt"/>
        <line num="195" count="2" type="stmt"/>
        <line num="196" count="2" type="stmt"/>
        <line num="197" count="2" type="stmt"/>
        <line num="199" count="0" type="stmt"/>
        <line num="200" count="0" type="stmt"/>
      </file>
      <file name="database.web.ts" path="/root/react-stocks/src/database/database.web.ts">
        <metrics statements="123" coveredstatements="0" conditionals="104" coveredconditionals="0" methods="28" coveredmethods="0"/>
        <line num="18" count="0" type="stmt"/>
        <line num="22" count="0" type="stmt"/>
        <line num="26" count="0" type="stmt"/>
        <line num="27" count="0" type="stmt"/>
        <line num="28" count="0" type="cond" truecount="0" falsecount="2"/>
        <line num="29" count="0" type="stmt"/>
        <line num="32" count="0" type="stmt"/>
        <line num="35" count="0" type="stmt"/>
        <line num="46" count="0" type="stmt"/>
        <line num="47" count="0" type="stmt"/>
        <line num="49" count="0" type="stmt"/>
        <line num="55" count="0" type="stmt"/>
        <line num="57" count="0" type="cond" truecount="0" falsecount="2"/>
        <line num="58" count="0" type="cond" truecount="0" falsecount="2"/>
        <line num="59" count="0" type="cond" truecount="0" falsecount="2"/>
        <line num="60" count="0" type="cond" truecount="0" falsecount="2"/>
        <line num="61" count="0" type="cond" truecount="0" falsecount="2"/>
        <line num="62" count="0" type="cond" truecount="0" falsecount="2"/>
        <line num="63" count="0" type="cond" truecount="0" falsecount="2"/>
        <line num="64" count="0" type="cond" truecount="0" falsecount="2"/>
        <line num="65" count="0" type="cond" truecount="0" falsecount="2"/>
        <line num="66" count="0" type="cond" truecount="0" falsecount="2"/>
        <line num="67" count="0" type="cond" truecount="0" falsecount="2"/>
        <line num="68" count="0" type="cond" truecount="0" falsecount="2"/>
        <line num="69" count="0" type="cond" truecount="0" falsecount="2"/>
        <line num="70" count="0" type="cond" truecount="0" falsecount="2"/>
        <line num="73" count="0" type="stmt"/>
        <line num="77" count="0" type="stmt"/>
        <line num="79" count="0" type="cond" truecount="0" falsecount="2"/>
        <line num="80" count="0" type="cond" truecount="0" falsecount="2"/>
        <line num="81" count="0" type="cond" truecount="0" falsecount="2"/>
        <line num="82" count="0" type="cond" truecount="0" falsecount="2"/>
        <line num="83" count="0" type="cond" truecount="0" falsecount="2"/>
        <line num="84" count="0" type="cond" truecount="0" falsecount="2"/>
        <line num="85" count="0" type="cond" truecount="0" falsecount="2"/>
        <line num="86" count="0" type="cond" truecount="0" falsecount="2"/>
        <line num="87" count="0" type="cond" truecount="0" falsecount="2"/>
        <line num="88" count="0" type="cond" truecount="0" falsecount="2"/>
        <line num="89" count="0" type="cond" truecount="0" falsecount="2"/>
        <line num="90" count="0" type="cond" truecount="0" falsecount="2"/>
        <line num="93" count="0" type="stmt"/>
        <line num="97" count="0" type="stmt"/>
        <line num="98" count="0" type="cond" truecount="0" falsecount="2"/>
        <line num="103" count="0" type="stmt"/>
        <line num="104" count="0" type="stmt"/>
        <line num="105" count="0" type="stmt"/>
        <line num="106" count="0" type="stmt"/>
        <line num="110" count="0" type="cond" truecount="0" falsecount="2"/>
        <line num="112" count="0" type="stmt"/>
        <line num="113" count="0" type="stmt"/>
        <line num="114" count="0" type="cond" truecount="0" falsecount="2"/>
        <line num="117" count="0" type="cond" truecount="0" falsecount="2"/>
        <line num="118" count="0" type="stmt"/>
        <line num="120" count="0" type="cond" truecount="0" falsecount="2"/>
        <line num="127" count="0" type="stmt"/>
        <line num="128" count="0" type="cond" truecount="0" falsecount="2"/>
        <line num="129" count="0" type="stmt"/>
        <line num="132" count="0" type="stmt"/>
        <line num="133" count="0" type="stmt"/>
        <line num="135" count="0" type="cond" truecount="0" falsecount="2"/>
        <line num="136" count="0" type="stmt"/>
        <line num="146" count="0" type="stmt"/>
        <line num="147" count="0" type="cond" truecount="0" falsecount="2"/>
        <line num="151" count="0" type="stmt"/>
        <line num="152" count="0" type="cond" truecount="0" falsecount="2"/>
        <line num="157" count="0" type="stmt"/>
        <line num="158" count="0" type="cond" truecount="0" falsecount="2"/>
        <line num="159" count="0" type="stmt"/>
        <line num="161" count="0" type="stmt"/>
        <line num="162" count="0" type="cond" truecount="0" falsecount="2"/>
        <line num="163" count="0" type="stmt"/>
        <line num="172" count="0" type="stmt"/>
        <line num="173" count="0" type="cond" truecount="0" falsecount="2"/>
        <line num="177" count="0" type="stmt"/>
        <line num="178" count="0" type="cond" truecount="0" falsecount="2"/>
        <line num="183" count="0" type="stmt"/>
        <line num="184" count="0" type="cond" truecount="0" falsecount="2"/>
        <line num="185" count="0" type="stmt"/>
        <line num="187" count="0" type="stmt"/>
        <line num="188" count="0" type="cond" truecount="0" falsecount="2"/>
        <line num="189" count="0" type="stmt"/>
        <line num="198" count="0" type="stmt"/>
        <line num="199" count="0" type="cond" truecount="0" falsecount="2"/>
        <line num="203" count="0" type="stmt"/>
        <line num="204" count="0" type="cond" truecount="0" falsecount="2"/>
        <line num="209" count="0" type="stmt"/>
        <line num="210" count="0" type="cond" truecount="0" falsecount="2"/>
        <line num="211" count="0" type="stmt"/>
        <line num="213" count="0" type="stmt"/>
        <line num="214" count="0" type="cond" truecount="0" falsecount="2"/>
        <line num="215" count="0" type="stmt"/>
        <line num="225" count="0" type="stmt"/>
        <line num="226" count="0" type="cond" truecount="0" falsecount="2"/>
        <line num="230" count="0" type="stmt"/>
        <line num="231" count="0" type="cond" truecount="0" falsecount="2"/>
        <line num="236" count="0" type="stmt"/>
        <line num="237" count="0" type="stmt"/>
        <line num="238" count="0" type="stmt"/>
        <line num="239" count="0" type="stmt"/>
        <line num="243" count="0" type="stmt"/>
        <line num="244" count="0" type="cond" truecount="0" falsecount="2"/>
        <line num="245" count="0" type="stmt"/>
        <line num="246" count="0" type="stmt"/>
        <line num="247" count="0" type="stmt"/>
        <line num="249" count="0" type="stmt"/>
        <line num="253" count="0" type="cond" truecount="0" falsecount="2"/>
        <line num="255" count="0" type="stmt"/>
        <line num="256" count="0" type="stmt"/>
        <line num="257" count="0" type="cond" truecount="0" falsecount="2"/>
        <line num="260" count="0" type="stmt"/>
        <line num="265" count="0" type="stmt"/>
        <line num="268" count="0" type="stmt"/>
        <line num="269" count="0" type="stmt"/>
        <line num="270" count="0" type="stmt"/>
        <line num="274" count="0" type="cond" truecount="0" falsecount="2"/>
        <line num="275" count="0" type="stmt"/>
        <line num="277" count="0" type="stmt"/>
        <line num="281" count="0" type="stmt"/>
        <line num="282" count="0" type="stmt"/>
        <line num="286" count="0" type="stmt"/>
        <line num="287" count="0" type="stmt"/>
        <line num="288" count="0" type="stmt"/>
        <line num="289" count="0" type="stmt"/>
      </file>
      <file name="index.ts" path="/root/react-stocks/src/database/index.ts">
        <metrics statements="14" coveredstatements="5" conditionals="4" coveredconditionals="2" methods="5" coveredmethods="2"/>
        <line num="9" count="7" type="stmt"/>
        <line num="12" count="79" type="cond" truecount="1" falsecount="1"/>
        <line num="13" count="79" type="cond" truecount="1" falsecount="1"/>
        <line num="14" count="0" type="stmt"/>
        <line num="16" count="79" type="stmt"/>
        <line num="19" count="0" type="stmt"/>
        <line num="23" count="0" type="stmt"/>
        <line num="24" count="0" type="stmt"/>
        <line num="28" count="79" type="stmt"/>
        <line num="29" count="0" type="stmt"/>
        <line num="33" count="0" type="stmt"/>
        <line num="34" count="0" type="stmt"/>
        <line num="38" count="0" type="stmt"/>
        <line num="39" count="0" type="stmt"/>
      </file>
      <file name="schema.ts" path="/root/react-stocks/src/database/schema.ts">
        <metrics statements="9" coveredstatements="9" conditionals="0" coveredconditionals="0" methods="0" coveredmethods="0"/>
        <line num="6" count="7" type="stmt"/>
        <line num="32" count="7" type="stmt"/>
        <line num="44" count="7" type="stmt"/>
        <line num="59" count="7" type="stmt"/>
        <line num="76" count="7" type="stmt"/>
        <line num="91" count="7" type="stmt"/>
        <line num="102" count="7" type="stmt"/>
        <line num="121" count="7" type="stmt"/>
        <line num="131" count="7" type="stmt"/>
      </file>
    </package>
    <package name="database.repositories">
      <metrics statements="262" coveredstatements="39" conditionals="22" coveredconditionals="0" methods="42" coveredmethods="39"/>
      <file name="combinedWord.repository.ts" path="/root/react-stocks/src/database/repositories/combinedWord.repository.ts">
        <metrics statements="39" coveredstatements="6" conditionals="2" coveredconditionals="0" methods="6" coveredmethods="6"/>
        <line num="16" count="1" type="stmt"/>
        <line num="17" count="0" type="stmt"/>
        <line num="19" count="0" type="stmt"/>
        <line num="20" count="0" type="stmt"/>
        <line num="21" count="0" type="stmt"/>
        <line num="23" count="0" type="stmt"/>
        <line num="24" count="0" type="stmt"/>
        <line num="40" count="1" type="stmt"/>
        <line num="41" count="0" type="stmt"/>
        <line num="47" count="0" type="stmt"/>
        <line num="48" count="0" type="stmt"/>
        <line num="49" count="0" type="stmt"/>
        <line num="51" count="0" type="stmt"/>
        <line num="52" count="0" type="stmt"/>
        <line num="62" count="2" type="stmt"/>
        <line num="63" count="0" type="stmt"/>
        <line num="65" count="0" type="stmt"/>
        <line num="66" count="0" type="stmt"/>
        <line num="67" count="0" type="cond" truecount="0" falsecount="2"/>
        <line num="69" count="0" type="stmt"/>
        <line num="70" count="0" type="stmt"/>
        <line num="80" count="1" type="stmt"/>
        <line num="81" count="0" type="stmt"/>
        <line num="88" count="0" type="stmt"/>
        <line num="89" count="0" type="stmt"/>
        <line num="102" count="0" type="stmt"/>
        <line num="103" count="0" type="stmt"/>
        <line num="113" count="1" type="stmt"/>
        <line num="114" count="0" type="stmt"/>
        <line num="116" count="0" type="stmt"/>
        <line num="117" count="0" type="stmt"/>
        <line num="119" count="0" type="stmt"/>
        <line num="120" count="0" type="stmt"/>
        <line num="129" count="1" type="stmt"/>
        <line num="130" count="0" type="stmt"/>
        <line num="132" count="0" type="stmt"/>
        <line num="133" count="0" type="stmt"/>
        <line num="135" count="0" type="stmt"/>
        <line num="136" count="0" type="stmt"/>
      </file>
      <file name="index.ts" path="/root/react-stocks/src/database/repositories/index.ts">
        <metrics statements="0" coveredstatements="0" conditionals="0" coveredconditionals="0" methods="0" coveredmethods="0"/>
      </file>
      <file name="news.repository.ts" path="/root/react-stocks/src/database/repositories/news.repository.ts">
        <metrics statements="48" coveredstatements="7" conditionals="4" coveredconditionals="0" methods="8" coveredmethods="7"/>
        <line num="16" count="2" type="stmt"/>
        <line num="17" count="0" type="stmt"/>
        <line num="19" count="0" type="stmt"/>
        <line num="20" count="0" type="stmt"/>
        <line num="21" count="0" type="stmt"/>
        <line num="23" count="0" type="stmt"/>
        <line num="24" count="0" type="stmt"/>
        <line num="40" count="1" type="stmt"/>
        <line num="41" count="0" type="stmt"/>
        <line num="47" count="0" type="stmt"/>
        <line num="48" count="0" type="stmt"/>
        <line num="49" count="0" type="stmt"/>
        <line num="51" count="0" type="stmt"/>
        <line num="52" count="0" type="stmt"/>
        <line num="62" count="1" type="stmt"/>
        <line num="63" count="0" type="stmt"/>
        <line num="70" count="0" type="stmt"/>
        <line num="71" count="0" type="stmt"/>
        <line num="83" count="0" type="stmt"/>
        <line num="85" count="0" type="stmt"/>
        <line num="86" count="0" type="stmt"/>
        <line num="95" count="1" type="stmt"/>
        <line num="97" count="0" type="stmt"/>
        <line num="98" count="0" type="stmt"/>
        <line num="99" count="0" type="stmt"/>
        <line num="100" count="0" type="stmt"/>
        <line num="104" count="0" type="stmt"/>
        <line num="105" count="0" type="stmt"/>
        <line num="115" count="2" type="stmt"/>
        <line num="116" count="0" type="stmt"/>
        <line num="118" count="0" type="stmt"/>
        <line num="119" count="0" type="stmt"/>
        <line num="120" count="0" type="cond" truecount="0" falsecount="2"/>
        <line num="122" count="0" type="stmt"/>
        <line num="123" count="0" type="stmt"/>
        <line num="132" count="1" type="stmt"/>
        <line num="133" count="0" type="stmt"/>
        <line num="135" count="0" type="stmt"/>
        <line num="136" count="0" type="stmt"/>
        <line num="138" count="0" type="stmt"/>
        <line num="139" count="0" type="stmt"/>
        <line num="149" count="1" type="stmt"/>
        <line num="150" count="0" type="stmt"/>
        <line num="152" count="0" type="stmt"/>
        <line num="153" count="0" type="stmt"/>
        <line num="154" count="0" type="cond" truecount="0" falsecount="2"/>
        <line num="156" count="0" type="stmt"/>
        <line num="157" count="0" type="stmt"/>
      </file>
      <file name="portfolio.repository.ts" path="/root/react-stocks/src/database/repositories/portfolio.repository.ts">
        <metrics statements="46" coveredstatements="7" conditionals="6" coveredconditionals="0" methods="7" coveredmethods="7"/>
        <line num="15" count="2" type="stmt"/>
        <line num="16" count="0" type="stmt"/>
        <line num="18" count="0" type="stmt"/>
        <line num="19" count="0" type="stmt"/>
        <line num="20" count="0" type="stmt"/>
        <line num="22" count="0" type="stmt"/>
        <line num="23" count="0" type="stmt"/>
        <line num="33" count="2" type="stmt"/>
        <line num="34" count="0" type="stmt"/>
        <line num="36" count="0" type="stmt"/>
        <line num="37" count="0" type="stmt"/>
        <line num="38" count="0" type="cond" truecount="0" falsecount="2"/>
        <line num="40" count="0" type="stmt"/>
        <line num="41" count="0" type="stmt"/>
        <line num="51" count="1" type="stmt"/>
        <line num="52" count="0" type="stmt"/>
        <line num="58" count="0" type="stmt"/>
        <line num="59" count="0" type="stmt"/>
        <line num="67" count="0" type="stmt"/>
        <line num="68" count="0" type="stmt"/>
        <line num="77" count="1" type="stmt"/>
        <line num="78" count="0" type="stmt"/>
        <line num="80" count="0" type="stmt"/>
        <line num="81" count="0" type="stmt"/>
        <line num="83" count="0" type="stmt"/>
        <line num="84" count="0" type="stmt"/>
        <line num="94" count="2" type="stmt"/>
        <line num="95" count="0" type="stmt"/>
        <line num="97" count="0" type="stmt"/>
        <line num="98" count="0" type="stmt"/>
        <line num="99" count="0" type="cond" truecount="0" falsecount="2"/>
        <line num="101" count="0" type="stmt"/>
        <line num="102" count="0" type="stmt"/>
        <line num="111" count="1" type="stmt"/>
        <line num="112" count="0" type="stmt"/>
        <line num="114" count="0" type="stmt"/>
        <line num="115" count="0" type="stmt"/>
        <line num="116" count="0" type="cond" truecount="0" falsecount="2"/>
        <line num="118" count="0" type="stmt"/>
        <line num="119" count="0" type="stmt"/>
        <line num="128" count="1" type="stmt"/>
        <line num="129" count="0" type="stmt"/>
        <line num="131" count="0" type="stmt"/>
        <line num="132" count="0" type="stmt"/>
        <line num="134" count="0" type="stmt"/>
        <line num="135" count="0" type="stmt"/>
      </file>
      <file name="stock.repository.ts" path="/root/react-stocks/src/database/repositories/stock.repository.ts">
        <metrics statements="48" coveredstatements="7" conditionals="4" coveredconditionals="0" methods="8" coveredmethods="7"/>
        <line num="16" count="2" type="stmt"/>
        <line num="17" count="0" type="stmt"/>
        <line num="19" count="0" type="stmt"/>
        <line num="20" count="0" type="stmt"/>
        <line num="21" count="0" type="stmt"/>
        <line num="23" count="0" type="stmt"/>
        <line num="24" count="0" type="stmt"/>
        <line num="40" count="1" type="stmt"/>
        <line num="41" count="0" type="stmt"/>
        <line num="47" count="0" type="stmt"/>
        <line num="48" count="0" type="stmt"/>
        <line num="49" count="0" type="stmt"/>
        <line num="51" count="0" type="stmt"/>
        <line num="52" count="0" type="stmt"/>
        <line num="62" count="1" type="stmt"/>
        <line num="63" count="0" type="stmt"/>
        <line num="72" count="0" type="stmt"/>
        <line num="73" count="0" type="stmt"/>
        <line num="96" count="0" type="stmt"/>
        <line num="98" count="0" type="stmt"/>
        <line num="99" count="0" type="stmt"/>
        <line num="108" count="1" type="stmt"/>
        <line num="110" count="0" type="stmt"/>
        <line num="111" count="0" type="stmt"/>
        <line num="112" count="0" type="stmt"/>
        <line num="113" count="0" type="stmt"/>
        <line num="117" count="0" type="stmt"/>
        <line num="118" count="0" type="stmt"/>
        <line num="127" count="1" type="stmt"/>
        <line num="128" count="0" type="stmt"/>
        <line num="130" count="0" type="stmt"/>
        <line num="131" count="0" type="stmt"/>
        <line num="133" count="0" type="stmt"/>
        <line num="134" count="0" type="stmt"/>
        <line num="144" count="2" type="stmt"/>
        <line num="145" count="0" type="stmt"/>
        <line num="147" count="0" type="stmt"/>
        <line num="148" count="0" type="stmt"/>
        <line num="149" count="0" type="cond" truecount="0" falsecount="2"/>
        <line num="151" count="0" type="stmt"/>
        <line num="152" count="0" type="stmt"/>
        <line num="162" count="2" type="stmt"/>
        <line num="163" count="0" type="stmt"/>
        <line num="170" count="0" type="stmt"/>
        <line num="171" count="0" type="stmt"/>
        <line num="172" count="0" type="cond" truecount="0" falsecount="2"/>
        <line num="174" count="0" type="stmt"/>
        <line num="175" count="0" type="stmt"/>
      </file>
      <file name="symbol.repository.ts" path="/root/react-stocks/src/database/repositories/symbol.repository.ts">
        <metrics statements="40" coveredstatements="6" conditionals="4" coveredconditionals="0" methods="6" coveredmethods="6"/>
        <line num="16" count="2" type="stmt"/>
        <line num="17" count="0" type="stmt"/>
        <line num="19" count="0" type="stmt"/>
        <line num="20" count="0" type="stmt"/>
        <line num="21" count="0" type="cond" truecount="0" falsecount="2"/>
        <line num="23" count="0" type="stmt"/>
        <line num="24" count="0" type="stmt"/>
        <line num="33" count="1" type="stmt"/>
        <line num="34" count="0" type="stmt"/>
        <line num="36" count="0" type="stmt"/>
        <line num="37" count="0" type="stmt"/>
        <line num="38" count="0" type="stmt"/>
        <line num="40" count="0" type="stmt"/>
        <line num="41" count="0" type="stmt"/>
        <line num="51" count="1" type="stmt"/>
        <line num="52" count="0" type="stmt"/>
        <line num="58" count="0" type="stmt"/>
        <line num="59" count="0" type="stmt"/>
        <line num="68" count="0" type="stmt"/>
        <line num="70" count="0" type="stmt"/>
        <line num="71" count="0" type="stmt"/>
        <line num="81" count="1" type="stmt"/>
        <line num="82" count="0" type="stmt"/>
        <line num="88" count="0" type="stmt"/>
        <line num="89" count="0" type="stmt"/>
        <line num="98" count="0" type="stmt"/>
        <line num="99" count="0" type="stmt"/>
        <line num="108" count="1" type="stmt"/>
        <line num="109" count="0" type="stmt"/>
        <line num="111" count="0" type="stmt"/>
        <line num="112" count="0" type="stmt"/>
        <line num="114" count="0" type="stmt"/>
        <line num="115" count="0" type="stmt"/>
        <line num="125" count="2" type="stmt"/>
        <line num="126" count="0" type="stmt"/>
        <line num="128" count="0" type="stmt"/>
        <line num="129" count="0" type="stmt"/>
        <line num="130" count="0" type="cond" truecount="0" falsecount="2"/>
        <line num="132" count="0" type="stmt"/>
        <line num="133" count="0" type="stmt"/>
      </file>
      <file name="wordCount.repository.ts" path="/root/react-stocks/src/database/repositories/wordCount.repository.ts">
        <metrics statements="41" coveredstatements="6" conditionals="2" coveredconditionals="0" methods="7" coveredmethods="6"/>
        <line num="16" count="1" type="stmt"/>
        <line num="17" count="0" type="stmt"/>
        <line num="19" count="0" type="stmt"/>
        <line num="20" count="0" type="stmt"/>
        <line num="21" count="0" type="stmt"/>
        <line num="23" count="0" type="stmt"/>
        <line num="24" count="0" type="stmt"/>
        <line num="35" count="1" type="stmt"/>
        <line num="36" count="0" type="stmt"/>
        <line num="38" count="0" type="stmt"/>
        <line num="39" count="0" type="stmt"/>
        <line num="40" count="0" type="stmt"/>
        <line num="42" count="0" type="stmt"/>
        <line num="43" count="0" type="stmt"/>
        <line num="53" count="1" type="stmt"/>
        <line num="54" count="0" type="stmt"/>
        <line num="61" count="0" type="stmt"/>
        <line num="62" count="0" type="stmt"/>
        <line num="76" count="0" type="stmt"/>
        <line num="78" count="0" type="stmt"/>
        <line num="79" count="0" type="stmt"/>
        <line num="88" count="1" type="stmt"/>
        <line num="90" count="0" type="stmt"/>
        <line num="91" count="0" type="stmt"/>
        <line num="92" count="0" type="stmt"/>
        <line num="93" count="0" type="stmt"/>
        <line num="97" count="0" type="stmt"/>
        <line num="98" count="0" type="stmt"/>
        <line num="108" count="2" type="stmt"/>
        <line num="109" count="0" type="stmt"/>
        <line num="111" count="0" type="stmt"/>
        <line num="112" count="0" type="stmt"/>
        <line num="113" count="0" type="cond" truecount="0" falsecount="2"/>
        <line num="115" count="0" type="stmt"/>
        <line num="116" count="0" type="stmt"/>
        <line num="125" count="29" type="stmt"/>
        <line num="126" count="0" type="stmt"/>
        <line num="128" count="0" type="stmt"/>
        <line num="129" count="0" type="stmt"/>
        <line num="131" count="0" type="stmt"/>
        <line num="132" count="0" type="stmt"/>
      </file>
    </package>
    <package name="hooks">
      <metrics statements="164" coveredstatements="0" conditionals="65" coveredconditionals="0" methods="48" coveredmethods="0"/>
      <file name="index.ts" path="/root/react-stocks/src/hooks/index.ts">
        <metrics statements="0" coveredstatements="0" conditionals="0" coveredconditionals="0" methods="0" coveredmethods="0"/>
      </file>
      <file name="useNetworkStatus.ts" path="/root/react-stocks/src/hooks/useNetworkStatus.ts">
        <metrics statements="9" coveredstatements="0" conditionals="4" coveredconditionals="0" methods="5" coveredmethods="0"/>
        <line num="33" count="0" type="stmt"/>
        <line num="38" count="0" type="stmt"/>
        <line num="40" count="0" type="stmt"/>
        <line num="41" count="0" type="stmt"/>
        <line num="48" count="0" type="stmt"/>
        <line num="49" count="0" type="stmt"/>
        <line num="55" count="0" type="stmt"/>
        <line num="56" count="0" type="stmt"/>
        <line num="60" count="0" type="stmt"/>
      </file>
      <file name="useNewsData.ts" path="/root/react-stocks/src/hooks/useNewsData.ts">
        <metrics statements="25" coveredstatements="0" conditionals="12" coveredconditionals="0" methods="6" coveredmethods="0"/>
        <line num="62" count="0" type="cond" truecount="0" falsecount="2"/>
        <line num="64" count="0" type="stmt"/>
        <line num="67" count="0" type="stmt"/>
        <line num="68" count="0" type="stmt"/>
        <line num="70" count="0" type="stmt"/>
        <line num="73" count="0" type="stmt"/>
        <line num="80" count="0" type="cond" truecount="0" falsecount="2"/>
        <line num="81" count="0" type="stmt"/>
        <line num="82" count="0" type="stmt"/>
        <line num="85" count="0" type="stmt"/>
        <line num="92" count="0" type="stmt"/>
        <line num="93" count="0" type="stmt"/>
        <line num="123" count="0" type="stmt"/>
        <line num="126" count="0" type="stmt"/>
        <line num="128" count="0" type="stmt"/>
        <line num="131" count="0" type="cond" truecount="0" falsecount="2"/>
        <line num="132" count="0" type="stmt"/>
        <line num="133" count="0" type="stmt"/>
        <line num="134" count="0" type="stmt"/>
        <line num="137" count="0" type="stmt"/>
        <line num="152" count="0" type="stmt"/>
        <line num="155" count="0" type="stmt"/>
        <line num="156" count="0" type="stmt"/>
        <line num="158" count="0" type="stmt"/>
        <line num="164" count="0" type="stmt"/>
      </file>
      <file name="usePortfolio.ts" path="/root/react-stocks/src/hooks/usePortfolio.ts">
        <metrics statements="31" coveredstatements="0" conditionals="2" coveredconditionals="0" methods="15" coveredmethods="0"/>
        <line num="59" count="0" type="stmt"/>
        <line num="67" count="0" type="stmt"/>
        <line num="70" count="0" type="stmt"/>
        <line num="71" count="0" type="stmt"/>
        <line num="72" count="0" type="stmt"/>
        <line num="73" count="0" type="stmt"/>
        <line num="78" count="0" type="stmt"/>
        <line num="80" count="0" type="stmt"/>
        <line num="81" count="0" type="stmt"/>
        <line num="84" count="0" type="stmt"/>
        <line num="86" count="0" type="stmt"/>
        <line num="89" count="0" type="stmt"/>
        <line num="94" count="0" type="stmt"/>
        <line num="96" count="0" type="stmt"/>
        <line num="97" count="0" type="stmt"/>
        <line num="100" count="0" type="stmt"/>
        <line num="102" count="0" type="stmt"/>
        <line num="105" count="0" type="stmt"/>
        <line num="110" count="0" type="stmt"/>
        <line num="112" count="0" type="stmt"/>
        <line num="113" count="0" type="stmt"/>
        <line num="116" count="0" type="stmt"/>
        <line num="118" count="0" type="stmt"/>
        <line num="121" count="0" type="stmt"/>
        <line num="125" count="0" type="stmt"/>
        <line num="166" count="0" type="stmt"/>
        <line num="169" count="0" type="stmt"/>
        <line num="170" count="0" type="stmt"/>
        <line num="200" count="0" type="stmt"/>
        <line num="203" count="0" type="stmt"/>
        <line num="204" count="0" type="stmt"/>
      </file>
      <file name="useSentimentData.ts" path="/root/react-stocks/src/hooks/useSentimentData.ts">
        <metrics statements="44" coveredstatements="0" conditionals="26" coveredconditionals="0" methods="11" coveredmethods="0"/>
        <line num="64" count="0" type="cond" truecount="0" falsecount="2"/>
        <line num="66" count="0" type="stmt"/>
        <line num="69" count="0" type="stmt"/>
        <line num="70" count="0" type="stmt"/>
        <line num="72" count="0" type="stmt"/>
        <line num="74" count="0" type="stmt"/>
        <line num="81" count="0" type="cond" truecount="0" falsecount="2"/>
        <line num="82" count="0" type="stmt"/>
        <line num="85" count="0" type="stmt"/>
        <line num="86" count="0" type="stmt"/>
        <line num="87" count="0" type="stmt"/>
        <line num="90" count="0" type="stmt"/>
        <line num="91" count="0" type="stmt"/>
        <line num="95" count="0" type="stmt"/>
        <line num="102" count="0" type="stmt"/>
        <line num="103" count="0" type="stmt"/>
        <line num="141" count="0" type="cond" truecount="0" falsecount="2"/>
        <line num="143" count="0" type="stmt"/>
        <line num="146" count="0" type="stmt"/>
        <line num="150" count="0" type="stmt"/>
        <line num="153" count="0" type="stmt"/>
        <line num="154" count="0" type="stmt"/>
        <line num="156" count="0" type="stmt"/>
        <line num="157" count="0" type="cond" truecount="0" falsecount="2"/>
        <line num="160" count="0" type="stmt"/>
        <line num="191" count="0" type="stmt"/>
        <line num="194" count="0" type="stmt"/>
        <line num="197" count="0" type="stmt"/>
        <line num="199" count="0" type="cond" truecount="0" falsecount="2"/>
        <line num="201" count="0" type="stmt"/>
        <line num="202" count="0" type="stmt"/>
        <line num="203" count="0" type="stmt"/>
        <line num="205" count="0" type="stmt"/>
        <line num="206" count="0" type="cond" truecount="0" falsecount="2"/>
        <line num="210" count="0" type="stmt"/>
        <line num="211" count="0" type="stmt"/>
        <line num="226" count="0" type="stmt"/>
        <line num="229" count="0" type="stmt"/>
        <line num="231" count="0" type="stmt"/>
        <line num="238" count="0" type="cond" truecount="0" falsecount="2"/>
        <line num="239" count="0" type="stmt"/>
        <line num="240" count="0" type="stmt"/>
        <line num="245" count="0" type="cond" truecount="0" falsecount="2"/>
        <line num="248" count="0" type="cond" truecount="0" falsecount="2"/>
      </file>
      <file name="useStockData.ts" path="/root/react-stocks/src/hooks/useStockData.ts">
        <metrics statements="21" coveredstatements="0" conditionals="9" coveredconditionals="0" methods="4" coveredmethods="0"/>
        <line num="57" count="0" type="cond" truecount="0" falsecount="2"/>
        <line num="59" count="0" type="stmt"/>
        <line num="62" count="0" type="stmt"/>
        <line num="63" count="0" type="stmt"/>
        <line num="65" count="0" type="stmt"/>
        <line num="68" count="0" type="stmt"/>
        <line num="75" count="0" type="cond" truecount="0" falsecount="2"/>
        <line num="76" count="0" type="stmt"/>
        <line num="77" count="0" type="stmt"/>
        <line num="80" count="0" type="stmt"/>
        <line num="87" count="0" type="stmt"/>
        <line num="88" count="0" type="stmt"/>
        <line num="114" count="0" type="stmt"/>
        <line num="117" count="0" type="stmt"/>
        <line num="120" count="0" type="cond" truecount="0" falsecount="2"/>
        <line num="121" count="0" type="stmt"/>
        <line num="122" count="0" type="stmt"/>
        <line num="123" count="0" type="stmt"/>
        <line num="124" count="0" type="stmt"/>
        <line num="126" count="0" type="stmt"/>
        <line num="129" count="0" type="stmt"/>
      </file>
      <file name="useSymbolSearch.ts" path="/root/react-stocks/src/hooks/useSymbolSearch.ts">
        <metrics statements="34" coveredstatements="0" conditionals="12" coveredconditionals="0" methods="7" coveredmethods="0"/>
        <line num="70" count="0" type="cond" truecount="0" falsecount="3"/>
        <line num="72" count="0" type="stmt"/>
        <line num="74" count="0" type="stmt"/>
        <line num="77" count="0" type="stmt"/>
        <line num="81" count="0" type="stmt"/>
        <line num="82" count="0" type="stmt"/>
        <line num="84" count="0" type="cond" truecount="0" falsecount="2"/>
        <line num="88" count="0" type="cond" truecount="0" falsecount="2"/>
        <line num="89" count="0" type="stmt"/>
        <line num="90" count="0" type="stmt"/>
        <line num="95" count="0" type="stmt"/>
        <line num="97" count="0" type="stmt"/>
        <line num="98" count="0" type="stmt"/>
        <line num="101" count="0" type="stmt"/>
        <line num="110" count="0" type="stmt"/>
        <line num="113" count="0" type="stmt"/>
        <line num="115" count="0" type="stmt"/>
        <line num="116" count="0" type="stmt"/>
        <line num="149" count="0" type="stmt"/>
        <line num="152" count="0" type="stmt"/>
        <line num="155" count="0" type="stmt"/>
        <line num="157" count="0" type="cond" truecount="0" falsecount="2"/>
        <line num="158" count="0" type="stmt"/>
        <line num="162" count="0" type="stmt"/>
        <line num="164" count="0" type="stmt"/>
        <line num="165" count="0" type="stmt"/>
        <line num="168" count="0" type="stmt"/>
        <line num="177" count="0" type="stmt"/>
        <line num="179" count="0" type="stmt"/>
        <line num="181" count="0" type="stmt"/>
        <line num="182" count="0" type="stmt"/>
        <line num="214" count="0" type="stmt"/>
        <line num="217" count="0" type="stmt"/>
        <line num="218" count="0" type="stmt"/>
      </file>
    </package>
    <package name="ml.prediction">
      <metrics statements="319" coveredstatements="308" conditionals="165" coveredconditionals="149" methods="37" coveredmethods="37"/>
      <file name="cross-validation.ts" path="/root/react-stocks/src/ml/prediction/cross-validation.ts">
        <metrics statements="47" coveredstatements="47" conditionals="23" coveredconditionals="23" methods="12" coveredmethods="12"/>
        <line num="21" count="114" type="cond" truecount="2" falsecount="0"/>
        <line num="22" count="2" type="stmt"/>
        <line num="25" count="112" type="cond" truecount="2" falsecount="0"/>
        <line num="26" count="1" type="stmt"/>
        <line num="29" count="111" type="stmt"/>
        <line num="30" count="111" type="stmt"/>
        <line num="32" count="111" type="stmt"/>
        <line num="33" count="819" type="stmt"/>
        <line num="34" count="819" type="cond" truecount="2" falsecount="0"/>
        <line num="36" count="819" type="stmt"/>
        <line num="37" count="819" type="stmt"/>
        <line num="39" count="819" type="stmt"/>
        <line num="40" count="17326" type="cond" truecount="4" falsecount="0"/>
        <line num="41" count="2224" type="stmt"/>
        <line num="43" count="15102" type="stmt"/>
        <line num="47" count="819" type="stmt"/>
        <line num="50" count="111" type="stmt"/>
        <line num="57" count="16836" type="stmt"/>
        <line num="64" count="16836" type="stmt"/>
        <line num="81" count="105" type="cond" truecount="2" falsecount="0"/>
        <line num="82" count="1" type="stmt"/>
        <line num="85" count="104" type="stmt"/>
        <line num="86" count="104" type="stmt"/>
        <line num="88" count="104" type="stmt"/>
        <line num="89" count="786" type="stmt"/>
        <line num="92" count="786" type="stmt"/>
        <line num="93" count="786" type="stmt"/>
        <line num="94" count="786" type="stmt"/>
        <line num="95" count="786" type="stmt"/>
        <line num="98" count="786" type="stmt"/>
        <line num="99" count="786" type="stmt"/>
        <line num="107" count="786" type="stmt"/>
        <line num="108" count="786" type="stmt"/>
        <line num="112" count="786" type="stmt"/>
        <line num="115" count="786" type="stmt"/>
        <line num="117" count="104" type="stmt"/>
        <line num="119" count="104" type="stmt"/>
        <line num="133" count="102" type="stmt"/>
        <line num="147" count="101" type="cond" truecount="4" falsecount="0"/>
        <line num="148" count="1" type="stmt"/>
        <line num="151" count="100" type="cond" truecount="2" falsecount="0"/>
        <line num="152" count="1" type="stmt"/>
        <line num="158" count="99" type="stmt"/>
        <line num="161" count="99" type="stmt"/>
        <line num="173" count="2" type="stmt"/>
        <line num="180" count="3" type="cond" truecount="2" falsecount="0"/>
        <line num="187" count="95" type="cond" truecount="2" falsecount="0"/>
      </file>
      <file name="model.ts" path="/root/react-stocks/src/ml/prediction/model.ts">
        <metrics statements="88" coveredstatements="85" conditionals="42" coveredconditionals="37" methods="9" coveredmethods="9"/>
        <line num="20" count="9173990" type="cond" truecount="2" falsecount="0"/>
        <line num="21" count="9173988" type="cond" truecount="2" falsecount="0"/>
        <line num="23" count="9173986" type="stmt"/>
        <line num="32" count="912" type="stmt"/>
        <line num="33" count="912" type="stmt"/>
        <line num="34" count="912" type="stmt"/>
        <line num="35" count="912" type="stmt"/>
        <line num="51" count="908" type="cond" truecount="2" falsecount="0"/>
        <line num="53" count="908" type="cond" truecount="4" falsecount="0"/>
        <line num="54" count="1" type="stmt"/>
        <line num="57" count="907" type="cond" truecount="2" falsecount="0"/>
        <line num="58" count="1" type="stmt"/>
        <line num="63" count="906" type="stmt"/>
        <line num="64" count="906" type="stmt"/>
        <line num="67" count="906" type="stmt"/>
        <line num="68" count="906" type="stmt"/>
        <line num="71" count="906" type="stmt"/>
        <line num="73" count="906" type="stmt"/>
        <line num="74" count="906" type="stmt"/>
        <line num="76" count="906" type="stmt"/>
        <line num="78" count="600602" type="stmt"/>
        <line num="79" count="600602" type="stmt"/>
        <line num="80" count="9171694" type="stmt"/>
        <line num="81" count="9171694" type="stmt"/>
        <line num="82" count="72628379" type="stmt"/>
        <line num="84" count="9171694" type="stmt"/>
        <line num="88" count="600602" type="stmt"/>
        <line num="89" count="600602" type="stmt"/>
        <line num="91" count="600602" type="stmt"/>
        <line num="92" count="9171694" type="stmt"/>
        <line num="93" count="9171694" type="stmt"/>
        <line num="94" count="9171694" type="stmt"/>
        <line num="95" count="72628379" type="stmt"/>
        <line num="100" count="600602" type="stmt"/>
        <line num="101" count="600602" type="stmt"/>
        <line num="102" count="4685204" type="stmt"/>
        <line num="106" count="600602" type="stmt"/>
        <line num="107" count="600602" type="stmt"/>
        <line num="108" count="4685204" type="stmt"/>
        <line num="112" count="600602" type="stmt"/>
        <line num="113" count="600602" type="stmt"/>
        <line num="114" count="9171694" type="stmt"/>
        <line num="116" count="9171694" type="stmt"/>
        <line num="118" count="600602" type="stmt"/>
        <line num="121" count="600602" type="stmt"/>
        <line num="122" count="600602" type="stmt"/>
        <line num="123" count="4685204" type="stmt"/>
        <line num="125" count="600602" type="stmt"/>
        <line num="127" count="600602" type="cond" truecount="2" falsecount="3"/>
        <line num="128" count="0" type="stmt"/>
        <line num="132" count="600602" type="cond" truecount="2" falsecount="0"/>
        <line num="133" count="346" type="stmt"/>
        <line num="134" count="346" type="stmt"/>
        <line num="135" count="346" type="cond" truecount="1" falsecount="1"/>
        <line num="136" count="0" type="stmt"/>
        <line num="138" count="346" type="stmt"/>
        <line num="141" count="600256" type="stmt"/>
        <line num="142" count="600256" type="stmt"/>
        <line num="145" count="906" type="cond" truecount="3" falsecount="1"/>
        <line num="146" count="0" type="stmt"/>
        <line num="157" count="892" type="stmt"/>
        <line num="159" count="891" type="stmt"/>
        <line num="160" count="2270" type="cond" truecount="2" falsecount="0"/>
        <line num="170" count="896" type="stmt"/>
        <line num="172" count="895" type="cond" truecount="2" falsecount="0"/>
        <line num="173" count="2" type="stmt"/>
        <line num="176" count="893" type="stmt"/>
        <line num="177" count="893" type="stmt"/>
        <line num="179" count="893" type="stmt"/>
        <line num="180" count="2280" type="cond" truecount="2" falsecount="0"/>
        <line num="181" count="1" type="stmt"/>
        <line num="186" count="2279" type="stmt"/>
        <line num="187" count="2279" type="stmt"/>
        <line num="188" count="17078" type="stmt"/>
        <line num="191" count="2279" type="stmt"/>
        <line num="192" count="2279" type="stmt"/>
        <line num="194" count="2279" type="stmt"/>
        <line num="197" count="892" type="stmt"/>
        <line num="204" count="10" type="stmt"/>
        <line num="216" count="1791" type="stmt"/>
        <line num="223" count="1788" type="cond" truecount="2" falsecount="0"/>
        <line num="224" count="2" type="stmt"/>
        <line num="236" count="790" type="stmt"/>
        <line num="237" count="790" type="stmt"/>
        <line num="238" count="790" type="stmt"/>
        <line num="239" count="2156" type="cond" truecount="2" falsecount="0"/>
        <line num="240" count="1955" type="stmt"/>
        <line num="243" count="790" type="stmt"/>
      </file>
      <file name="prediction.service.ts" path="/root/react-stocks/src/ml/prediction/prediction.service.ts">
        <metrics statements="37" coveredstatements="36" conditionals="8" coveredconditionals="6" methods="3" coveredmethods="3"/>
        <line num="16" count="2" type="stmt"/>
        <line num="26" count="2" type="stmt"/>
        <line num="50" count="34" type="stmt"/>
        <line num="52" count="34" type="stmt"/>
        <line num="54" count="34" type="cond" truecount="2" falsecount="0"/>
        <line num="55" count="1" type="stmt"/>
        <line num="58" count="33" type="cond" truecount="2" falsecount="0"/>
        <line num="59" count="1" type="stmt"/>
        <line num="65" count="32" type="stmt"/>
        <line num="74" count="32" type="stmt"/>
        <line num="79" count="32" type="stmt"/>
        <line num="82" count="31" type="stmt"/>
        <line num="84" count="31" type="stmt"/>
        <line num="86" count="93" type="stmt"/>
        <line num="88" count="93" type="cond" truecount="1" falsecount="1"/>
        <line num="89" count="0" type="stmt"/>
        <line num="97" count="93" type="stmt"/>
        <line num="98" count="93" type="stmt"/>
        <line num="101" count="93" type="stmt"/>
        <line num="102" count="93" type="stmt"/>
        <line num="105" count="93" type="stmt"/>
        <line num="106" count="93" type="stmt"/>
        <line num="109" count="93" type="stmt"/>
        <line num="110" count="93" type="stmt"/>
        <line num="116" count="93" type="stmt"/>
        <line num="117" count="93" type="stmt"/>
        <line num="120" count="93" type="stmt"/>
        <line num="121" count="93" type="stmt"/>
        <line num="124" count="31" type="stmt"/>
        <line num="125" count="31" type="stmt"/>
        <line num="127" count="31" type="stmt"/>
        <line num="134" count="31" type="stmt"/>
        <line num="141" count="3" type="stmt"/>
        <line num="142" count="3" type="stmt"/>
        <line num="159" count="2" type="stmt"/>
        <line num="174" count="2" type="stmt"/>
        <line num="178" count="2" type="stmt"/>
      </file>
      <file name="preprocessing.ts" path="/root/react-stocks/src/ml/prediction/preprocessing.ts">
        <metrics statements="50" coveredstatements="50" conditionals="42" coveredconditionals="42" methods="5" coveredmethods="5"/>
        <line num="17" count="45" type="stmt"/>
        <line num="19" count="45" type="stmt"/>
        <line num="20" count="1033" type="cond" truecount="2" falsecount="0"/>
        <line num="22" count="1033" type="cond" truecount="2" falsecount="0"/>
        <line num="23" count="722" type="stmt"/>
        <line num="24" count="311" type="cond" truecount="2" falsecount="0"/>
        <line num="25" count="260" type="stmt"/>
        <line num="26" count="51" type="cond" truecount="4" falsecount="0"/>
        <line num="27" count="47" type="stmt"/>
        <line num="29" count="4" type="stmt"/>
        <line num="33" count="45" type="stmt"/>
        <line num="47" count="39" type="stmt"/>
        <line num="50" count="39" type="stmt"/>
        <line num="51" count="39" type="cond" truecount="2" falsecount="0"/>
        <line num="57" count="2" type="stmt"/>
        <line num="65" count="37" type="cond" truecount="2" falsecount="0"/>
        <line num="66" count="1" type="stmt"/>
        <line num="70" count="36" type="stmt"/>
        <line num="73" count="36" type="stmt"/>
        <line num="74" count="36" type="stmt"/>
        <line num="75" count="1018" type="stmt"/>
        <line num="84" count="36" type="stmt"/>
        <line num="99" count="105" type="cond" truecount="2" falsecount="0"/>
        <line num="100" count="2" type="stmt"/>
        <line num="103" count="103" type="cond" truecount="2" falsecount="0"/>
        <line num="104" count="2" type="stmt"/>
        <line num="107" count="101" type="stmt"/>
        <line num="109" count="101" type="stmt"/>
        <line num="111" count="2157" type="cond" truecount="2" falsecount="0"/>
        <line num="112" count="2157" type="stmt"/>
        <line num="115" count="101" type="stmt"/>
        <line num="121" count="3" type="stmt"/>
        <line num="126" count="3" type="stmt"/>
        <line num="144" count="5" type="cond" truecount="4" falsecount="0"/>
        <line num="145" count="1" type="stmt"/>
        <line num="148" count="4" type="stmt"/>
        <line num="149" count="4" type="cond" truecount="2" falsecount="0"/>
        <line num="150" count="1" type="stmt"/>
        <line num="156" count="3" type="stmt"/>
        <line num="157" count="2" type="cond" truecount="2" falsecount="0"/>
        <line num="158" count="1" type="stmt"/>
        <line num="166" count="2" type="stmt"/>
        <line num="167" count="3" type="stmt"/>
        <line num="168" count="20" type="cond" truecount="2" falsecount="0"/>
        <line num="169" count="1" type="stmt"/>
        <line num="184" count="4" type="cond" truecount="4" falsecount="0"/>
        <line num="185" count="1" type="stmt"/>
        <line num="188" count="3" type="stmt"/>
        <line num="189" count="12" type="cond" truecount="4" falsecount="0"/>
        <line num="190" count="2" type="stmt"/>
      </file>
      <file name="scaler.ts" path="/root/react-stocks/src/ml/prediction/scaler.ts">
        <metrics statements="97" coveredstatements="90" conditionals="50" coveredconditionals="41" methods="8" coveredmethods="8"/>
        <line num="21" count="111" type="stmt"/>
        <line num="22" count="111" type="stmt"/>
        <line num="30" count="110" type="cond" truecount="4" falsecount="0"/>
        <line num="31" count="1" type="stmt"/>
        <line num="34" count="109" type="stmt"/>
        <line num="35" count="109" type="stmt"/>
        <line num="38" count="109" type="stmt"/>
        <line num="39" count="1956" type="cond" truecount="2" falsecount="0"/>
        <line num="40" count="1" type="stmt"/>
        <line num="46" count="108" type="stmt"/>
        <line num="47" count="108" type="stmt"/>
        <line num="50" count="108" type="stmt"/>
        <line num="52" count="773" type="stmt"/>
        <line num="53" count="773" type="stmt"/>
        <line num="54" count="16252" type="stmt"/>
        <line num="55" count="16252" type="cond" truecount="2" falsecount="0"/>
        <line num="56" count="1" type="stmt"/>
        <line num="60" count="16251" type="stmt"/>
        <line num="62" count="772" type="stmt"/>
        <line num="66" count="772" type="stmt"/>
        <line num="67" count="772" type="stmt"/>
        <line num="68" count="16250" type="stmt"/>
        <line num="69" count="16250" type="stmt"/>
        <line num="71" count="772" type="stmt"/>
        <line num="72" count="772" type="stmt"/>
        <line num="83" count="197" type="cond" truecount="4" falsecount="0"/>
        <line num="84" count="1" type="stmt"/>
        <line num="87" count="196" type="cond" truecount="3" falsecount="1"/>
        <line num="88" count="0" type="stmt"/>
        <line num="91" count="196" type="stmt"/>
        <line num="92" count="196" type="stmt"/>
        <line num="94" count="196" type="cond" truecount="2" falsecount="0"/>
        <line num="95" count="1" type="stmt"/>
        <line num="100" count="195" type="stmt"/>
        <line num="102" count="195" type="stmt"/>
        <line num="103" count="2142" type="stmt"/>
        <line num="105" count="2142" type="stmt"/>
        <line num="106" count="16980" type="stmt"/>
        <line num="108" count="16980" type="cond" truecount="1" falsecount="1"/>
        <line num="109" count="0" type="stmt"/>
        <line num="115" count="16980" type="cond" truecount="2" falsecount="0"/>
        <line num="116" count="4364" type="stmt"/>
        <line num="118" count="12616" type="stmt"/>
        <line num="123" count="195" type="stmt"/>
        <line num="133" count="98" type="stmt"/>
        <line num="134" count="98" type="stmt"/>
        <line num="144" count="1" type="cond" truecount="3" falsecount="1"/>
        <line num="145" count="0" type="stmt"/>
        <line num="150" count="1" type="cond" truecount="3" falsecount="1"/>
        <line num="151" count="0" type="stmt"/>
        <line num="154" count="1" type="stmt"/>
        <line num="155" count="1" type="stmt"/>
        <line num="157" count="1" type="cond" truecount="1" falsecount="1"/>
        <line num="158" count="0" type="stmt"/>
        <line num="163" count="1" type="stmt"/>
        <line num="165" count="1" type="stmt"/>
        <line num="166" count="3" type="stmt"/>
        <line num="168" count="3" type="stmt"/>
        <line num="170" count="3" type="stmt"/>
        <line num="174" count="1" type="stmt"/>
        <line num="181" count="9" type="stmt"/>
        <line num="191" count="2" type="cond" truecount="2" falsecount="0"/>
        <line num="199" count="18" type="cond" truecount="3" falsecount="1"/>
        <line num="200" count="0" type="stmt"/>
        <line num="203" count="18" type="stmt"/>
        <line num="204" count="18" type="stmt"/>
        <line num="206" count="18" type="cond" truecount="2" falsecount="0"/>
        <line num="208" count="15" type="stmt"/>
        <line num="209" count="15" type="stmt"/>
        <line num="210" count="35" type="stmt"/>
        <line num="212" count="15" type="stmt"/>
        <line num="215" count="3" type="stmt"/>
        <line num="216" count="3" type="stmt"/>
        <line num="217" count="3" type="stmt"/>
        <line num="218" count="8" type="stmt"/>
        <line num="219" count="10" type="stmt"/>
        <line num="220" count="10" type="stmt"/>
        <line num="223" count="3" type="stmt"/>
        <line num="231" count="8" type="cond" truecount="3" falsecount="1"/>
        <line num="232" count="0" type="stmt"/>
        <line num="235" count="8" type="stmt"/>
        <line num="236" count="8" type="stmt"/>
        <line num="237" count="8" type="stmt"/>
        <line num="239" count="8" type="cond" truecount="2" falsecount="0"/>
        <line num="241" count="7" type="stmt"/>
        <line num="242" count="7" type="stmt"/>
        <line num="243" count="17" type="stmt"/>
        <line num="244" count="17" type="stmt"/>
        <line num="246" count="7" type="stmt"/>
        <line num="249" count="1" type="stmt"/>
        <line num="250" count="1" type="stmt"/>
        <line num="251" count="1" type="stmt"/>
        <line num="252" count="3" type="stmt"/>
        <line num="253" count="3" type="stmt"/>
        <line num="254" count="3" type="stmt"/>
        <line num="255" count="3" type="stmt"/>
        <line num="258" count="1" type="stmt"/>
      </file>
      <file name="types.ts" path="/root/react-stocks/src/ml/prediction/types.ts">
        <metrics statements="0" coveredstatements="0" conditionals="0" coveredconditionals="0" methods="0" coveredmethods="0"/>
      </file>
    </package>
    <package name="ml.sentiment">
      <metrics statements="79" coveredstatements="72" conditionals="28" coveredconditionals="22" methods="25" coveredmethods="21"/>
      <file name="analyzer.ts" path="/root/react-stocks/src/ml/sentiment/analyzer.ts">
        <metrics statements="45" coveredstatements="42" conditionals="20" coveredconditionals="17" methods="12" coveredmethods="12"/>
        <line num="20" count="4" type="stmt"/>
        <line num="41" count="53" type="stmt"/>
        <line num="44" count="53" type="stmt"/>
        <line num="46" count="53" type="cond" truecount="2" falsecount="0"/>
        <line num="48" count="52" type="stmt"/>
        <line num="62" count="265" type="stmt"/>
        <line num="65" count="265" type="stmt"/>
        <line num="68" count="265" type="stmt"/>
        <line num="78" count="267" type="cond" truecount="4" falsecount="0"/>
        <line num="79" count="2" type="stmt"/>
        <line num="83" count="265" type="stmt"/>
        <line num="87" count="265" type="stmt"/>
[...]
        <line num="142" count="1" type="stmt"/>
        <line num="144" count="0" type="stmt"/>
        <line num="150" count="2" type="cond" truecount="2" falsecount="0"/>
        <line num="151" count="1" type="stmt"/>
        <line num="153" count="1" type="stmt"/>
        <line num="157" count="11" type="stmt"/>
        <line num="159" count="11" type="stmt"/>
        <line num="174" count="3" type="stmt"/>
        <line num="180" count="3" type="stmt"/>
        <line num="182" count="3" type="stmt"/>
        <line num="195" count="17" type="cond" truecount="4" falsecount="0"/>
        <line num="196" count="2" type="stmt"/>
        <line num="200" count="15" type="cond" truecount="2" falsecount="0"/>
        <line num="201" count="1" type="stmt"/>
        <line num="205" count="14" type="cond" truecount="2" falsecount="0"/>
        <line num="206" count="1" type="stmt"/>
        <line num="210" count="13" type="cond" truecount="5" falsecount="0"/>
        <line num="211" count="2" type="stmt"/>
        <line num="215" count="11" type="cond" truecount="2" falsecount="0"/>
        <line num="217" count="6" type="cond" truecount="2" falsecount="0"/>
        <line num="218" count="1" type="stmt"/>
        <line num="221" count="5" type="stmt"/>
        <line num="224" count="5" type="cond" truecount="2" falsecount="0"/>
        <line num="225" count="1" type="stmt"/>
        <line num="229" count="4" type="cond" truecount="2" falsecount="0"/>
        <line num="230" count="2" type="stmt"/>
        <line num="235" count="7" type="stmt"/>
        <line num="244" count="2" type="stmt"/>
        <line num="245" count="2" type="cond" truecount="1" falsecount="1"/>
      </file>
      <file name="errorMessages.ts" path="/root/react-stocks/src/utils/errors/errorMessages.ts">
        <metrics statements="44" coveredstatements="44" conditionals="48" coveredconditionals="47" methods="2" coveredmethods="2"/>
        <line num="34" count="45" type="cond" truecount="2" falsecount="0"/>
        <line num="35" count="4" type="stmt"/>
        <line num="42" count="41" type="cond" truecount="2" falsecount="0"/>
        <line num="43" count="3" type="cond" truecount="2" falsecount="0"/>
        <line num="46" count="3" type="stmt"/>
        <line num="53" count="38" type="cond" truecount="2" falsecount="0"/>
        <line num="54" count="3" type="stmt"/>
        <line num="61" count="35" type="cond" truecount="2" falsecount="0"/>
        <line num="62" count="2" type="stmt"/>
        <line num="69" count="33" type="cond" truecount="2" falsecount="0"/>
        <line num="70" count="3" type="stmt"/>
        <line num="77" count="30" type="cond" truecount="2" falsecount="0"/>
        <line num="78" count="5" type="cond" truecount="2" falsecount="0"/>
        <line num="79" count="5" type="stmt"/>
        <line num="86" count="25" type="cond" truecount="2" falsecount="0"/>
        <line num="87" count="2" type="cond" truecount="2" falsecount="0"/>
        <line num="88" count="2" type="stmt"/>
        <line num="95" count="23" type="cond" truecount="2" falsecount="0"/>
        <line num="96" count="2" type="stmt"/>
        <line num="103" count="21" type="cond" truecount="2" falsecount="0"/>
        <line num="104" count="5" type="cond" truecount="2" falsecount="0"/>
        <line num="105" count="2" type="stmt"/>
        <line num="112" count="3" type="cond" truecount="2" falsecount="0"/>
        <line num="113" count="1" type="stmt"/>
        <line num="120" count="2" type="stmt"/>
        <line num="128" count="16" type="cond" truecount="2" falsecount="0"/>
        <line num="129" count="8" type="cond" truecount="2" falsecount="0"/>
        <line num="130" count="1" type="stmt"/>
        <line num="137" count="7" type="cond" truecount="2" falsecount="0"/>
        <line num="138" count="1" type="stmt"/>
        <line num="145" count="6" type="cond" truecount="2" falsecount="0"/>
        <line num="146" count="1" type="stmt"/>
        <line num="153" count="5" type="cond" truecount="2" falsecount="0"/>
        <line num="154" count="1" type="stmt"/>
        <line num="161" count="4" type="cond" truecount="2" falsecount="0"/>
        <line num="162" count="1" type="stmt"/>
        <line num="169" count="3" type="cond" truecount="2" falsecount="0"/>
        <line num="170" count="1" type="stmt"/>
        <line num="177" count="2" type="cond" truecount="3" falsecount="1"/>
        <line num="178" count="2" type="stmt"/>
        <line num="187" count="8" type="stmt"/>
        <line num="200" count="2" type="stmt"/>
        <line num="201" count="2" type="stmt"/>
        <line num="207" count="2" type="stmt"/>
      </file>
      <file name="index.ts" path="/root/react-stocks/src/utils/errors/index.ts">
        <metrics statements="0" coveredstatements="0" conditionals="0" coveredconditionals="0" methods="0" coveredmethods="0"/>
      </file>
    </package>
    <package name="utils.formatting">
      <metrics statements="31" coveredstatements="31" conditionals="26" coveredconditionals="23" methods="11" coveredmethods="11"/>
      <file name="dateFormatting.ts" path="/root/react-stocks/src/utils/formatting/dateFormatting.ts">
        <metrics statements="10" coveredstatements="10" conditionals="10" coveredconditionals="7" methods="5" coveredmethods="5"/>
        <line num="13" count="3" type="cond" truecount="1" falsecount="1"/>
        <line num="14" count="3" type="stmt"/>
        <line num="23" count="4" type="cond" truecount="1" falsecount="1"/>
        <line num="24" count="4" type="stmt"/>
        <line num="33" count="3" type="cond" truecount="2" falsecount="0"/>
        <line num="34" count="3" type="stmt"/>
        <line num="44" count="4" type="cond" truecount="1" falsecount="1"/>
        <line num="45" count="4" type="stmt"/>
        <line num="54" count="4" type="cond" truecount="2" falsecount="0"/>
        <line num="55" count="4" type="stmt"/>
      </file>
      <file name="numberFormatting.ts" path="/root/react-stocks/src/utils/formatting/numberFormatting.ts">
        <metrics statements="21" coveredstatements="21" conditionals="16" coveredconditionals="16" methods="6" coveredmethods="6"/>
        <line num="12" count="7" type="stmt"/>
        <line num="22" count="6" type="stmt"/>
        <line num="23" count="6" type="cond" truecount="2" falsecount="0"/>
        <line num="24" count="6" type="stmt"/>
        <line num="33" count="9" type="cond" truecount="2" falsecount="0"/>
        <line num="34" count="2" type="stmt"/>
        <line num="35" count="7" type="cond" truecount="2" falsecount="0"/>
        <line num="36" count="2" type="stmt"/>
        <line num="37" count="5" type="cond" truecount="2" falsecount="0"/>
        <line num="38" count="2" type="stmt"/>
        <line num="40" count="3" type="stmt"/>
        <line num="50" count="9" type="cond" truecount="2" falsecount="0"/>
        <line num="51" count="2" type="stmt"/>
        <line num="52" count="7" type="cond" truecount="2" falsecount="0"/>
        <line num="53" count="2" type="stmt"/>
        <line num="54" count="5" type="cond" truecount="2" falsecount="0"/>
        <line num="55" count="2" type="stmt"/>
        <line num="57" count="3" type="stmt"/>
        <line num="68" count="7" type="stmt"/>
        <line num="69" count="7" type="stmt"/>
        <line num="78" count="6" type="stmt"/>
      </file>
    </package>
    <package name="utils.mockData">
      <metrics statements="71" coveredstatements="0" conditionals="18" coveredconditionals="0" methods="11" coveredmethods="0"/>
      <file name="index.ts" path="/root/react-stocks/src/utils/mockData/index.ts">
        <metrics statements="19" coveredstatements="0" conditionals="1" coveredconditionals="0" methods="1" coveredmethods="0"/>
        <line num="25" count="0" type="stmt"/>
        <line num="27" count="0" type="stmt"/>
        <line num="29" count="0" type="stmt"/>
        <line num="30" count="0" type="stmt"/>
        <line num="33" count="0" type="stmt"/>
        <line num="34" count="0" type="stmt"/>
        <line num="37" count="0" type="stmt"/>
        <line num="38" count="0" type="stmt"/>
        <line num="41" count="0" type="stmt"/>
        <line num="42" count="0" type="stmt"/>
        <line num="45" count="0" type="stmt"/>
        <line num="46" count="0" type="stmt"/>
        <line num="47" count="0" type="stmt"/>
        <line num="51" count="0" type="stmt"/>
        <line num="52" count="0" type="stmt"/>
        <line num="56" count="0" type="stmt"/>
        <line num="57" count="0" type="stmt"/>
        <line num="58" count="0" type="stmt"/>
        <line num="61" count="0" type="stmt"/>
      </file>
      <file name="newsMock.ts" path="/root/react-stocks/src/utils/mockData/newsMock.ts">
        <metrics statements="12" coveredstatements="0" conditionals="1" coveredconditionals="0" methods="1" coveredmethods="0"/>
        <line num="8" count="0" type="stmt"/>
        <line num="19" count="0" type="stmt"/>
        <line num="28" count="0" type="stmt"/>
        <line num="29" count="0" type="stmt"/>
        <line num="31" count="0" type="stmt"/>
        <line num="32" count="0" type="stmt"/>
        <line num="33" count="0" type="stmt"/>
        <line num="34" count="0" type="stmt"/>
        <line num="36" count="0" type="stmt"/>
        <line num="40" count="0" type="stmt"/>
        <line num="42" count="0" type="stmt"/>
        <line num="55" count="0" type="stmt"/>
      </file>
      <file name="portfolioMock.ts" path="/root/react-stocks/src/utils/mockData/portfolioMock.ts">
        <metrics statements="2" coveredstatements="0" conditionals="2" coveredconditionals="0" methods="2" coveredmethods="0"/>
        <line num="13" count="0" type="stmt"/>
        <line num="21" count="0" type="stmt"/>
      </file>
      <file name="sentimentMock.ts" path="/root/react-stocks/src/utils/mockData/sentimentMock.ts">
        <metrics statements="19" coveredstatements="0" conditionals="7" coveredconditionals="0" methods="4" coveredmethods="0"/>
        <line num="15" count="0" type="cond" truecount="0" falsecount="2"/>
        <line num="16" count="0" type="cond" truecount="0" falsecount="2"/>
        <line num="17" count="0" type="stmt"/>
        <line num="27" count="0" type="stmt"/>
        <line num="28" count="0" type="cond" truecount="0" falsecount="2"/>
        <line num="29" count="0" type="stmt"/>
        <line num="44" count="0" type="stmt"/>
        <line num="45" count="0" type="stmt"/>
        <line num="46" count="0" type="stmt"/>
        <line num="47" count="0" type="stmt"/>
        <line num="49" count="0" type="stmt"/>
        <line num="77" count="0" type="stmt"/>
        <line num="78" count="0" type="stmt"/>
        <line num="80" count="0" type="stmt"/>
        <line num="81" count="0" type="stmt"/>
        <line num="82" count="0" type="stmt"/>
        <line num="85" count="0" type="stmt"/>
        <line num="86" count="0" type="stmt"/>
        <line num="88" count="0" type="stmt"/>
      </file>
      <file name="stockMock.ts" path="/root/react-stocks/src/utils/mockData/stockMock.ts">
        <metrics statements="19" coveredstatements="0" conditionals="7" coveredconditionals="0" methods="3" coveredmethods="0"/>
        <line num="27" count="0" type="cond" truecount="0" falsecount="2"/>
        <line num="29" count="0" type="stmt"/>
        <line num="30" count="0" type="stmt"/>
        <line num="31" count="0" type="stmt"/>
        <line num="33" count="0" type="stmt"/>
        <line num="35" count="0" type="stmt"/>
        <line num="36" count="0" type="stmt"/>
        <line num="39" count="0" type="stmt"/>
        <line num="40" count="0" type="stmt"/>
        <line num="41" count="0" type="stmt"/>
        <line num="42" count="0" type="stmt"/>
        <line num="43" count="0" type="stmt"/>
        <line num="45" count="0" type="stmt"/>
        <line num="69" count="0" type="stmt"/>
        <line num="72" count="0" type="stmt"/>
        <line num="81" count="0" type="stmt"/>
        <line num="89" count="0" type="stmt"/>
        <line num="90" count="0" type="stmt"/>
        <line num="92" count="0" type="stmt"/>
      </file>
    </package>
    <package name="utils.sentiment">
      <metrics statements="86" coveredstatements="78" conditionals="55" coveredconditionals="48" methods="20" coveredmethods="14"/>
      <file name="sentimentCalculator.ts" path="/root/react-stocks/src/utils/sentiment/sentimentCalculator.ts">
        <metrics statements="18" coveredstatements="18" conditionals="10" coveredconditionals="10" methods="3" coveredmethods="3"/>
        <line num="18" count="40" type="cond" truecount="2" falsecount="0"/>
        <line num="19" count="20" type="stmt"/>
        <line num="20" count="20" type="cond" truecount="2" falsecount="0"/>
        <line num="21" count="9" type="stmt"/>
        <line num="23" count="11" type="stmt"/>
        <line num="38" count="49" type="stmt"/>
        <line num="40" count="49" type="cond" truecount="2" falsecount="0"/>
        <line num="41" count="5" type="stmt"/>
        <line num="46" count="44" type="stmt"/>
        <line num="63" count="23" type="stmt"/>
        <line num="64" count="23" type="stmt"/>
        <line num="65" count="23" type="stmt"/>
        <line num="68" count="23" type="cond" truecount="2" falsecount="0"/>
        <line num="69" count="11" type="stmt"/>
        <line num="70" count="12" type="cond" truecount="2" falsecount="0"/>
        <line num="71" count="5" type="stmt"/>
        <line num="73" count="7" type="stmt"/>
        <line num="76" count="23" type="stmt"/>
      </file>
      <file name="textProcessor.ts" path="/root/react-stocks/src/utils/sentiment/textProcessor.ts">
        <metrics statements="9" coveredstatements="1" conditionals="2" coveredconditionals="0" methods="7" coveredmethods="1"/>
        <line num="14" count="0" type="stmt"/>
        <line num="26" count="0" type="stmt"/>
        <line num="29" count="0" type="stmt"/>
        <line num="31" count="0" type="stmt"/>
        <line num="41" count="0" type="stmt"/>
        <line num="43" count="0" type="stmt"/>
        <line num="53" count="1155" type="stmt"/>
        <line num="62" count="0" type="stmt"/>
        <line num="63" count="0" type="cond" truecount="0" falsecount="2"/>
      </file>
      <file name="vocabularyLoader.ts" path="/root/react-stocks/src/utils/sentiment/vocabularyLoader.ts">
        <metrics statements="34" coveredstatements="34" conditionals="31" coveredconditionals="28" methods="8" coveredmethods="8"/>
        <line num="9" count="3" type="stmt"/>
        <line num="16" count="29" type="stmt"/>
        <line num="25" count="16" type="cond" truecount="4" falsecount="0"/>
        <line num="26" count="3" type="stmt"/>
        <line num="29" count="13" type="stmt"/>
        <line num="30" count="13" type="cond" truecount="2" falsecount="0"/>
        <line num="31" count="1" type="stmt"/>
        <line num="34" count="12" type="stmt"/>
        <line num="35" count="12" type="cond" truecount="2" falsecount="0"/>
        <line num="36" count="2" type="stmt"/>
        <line num="39" count="10" type="stmt"/>
        <line num="40" count="10" type="cond" truecount="1" falsecount="1"/>
        <line num="49" count="12" type="cond" truecount="4" falsecount="0"/>
        <line num="50" count="1" type="stmt"/>
        <line num="53" count="11" type="stmt"/>
        <line num="54" count="11" type="cond" truecount="2" falsecount="0"/>
        <line num="55" count="1" type="stmt"/>
        <line num="58" count="10" type="stmt"/>
        <line num="59" count="10" type="cond" truecount="2" falsecount="0"/>
        <line num="60" count="1" type="stmt"/>
        <line num="63" count="9" type="stmt"/>
        <line num="64" count="9" type="cond" truecount="1" falsecount="1"/>
        <line num="74" count="4" type="cond" truecount="2" falsecount="0"/>
        <line num="84" count="6" type="cond" truecount="5" falsecount="0"/>
        <line num="85" count="1" type="stmt"/>
        <line num="88" count="5" type="stmt"/>
        <line num="89" count="5" type="cond" truecount="2" falsecount="0"/>
        <line num="90" count="2" type="stmt"/>
        <line num="93" count="3" type="cond" truecount="1" falsecount="1"/>
        <line num="101" count="4" type="stmt"/>
        <line num="102" count="104" type="stmt"/>
        <line num="105" count="4" type="stmt"/>
        <line num="106" count="104" type="stmt"/>
        <line num="110" count="4" type="stmt"/>
      </file>
      <file name="wordCounter.ts" path="/root/react-stocks/src/utils/sentiment/wordCounter.ts">
        <metrics statements="25" coveredstatements="25" conditionals="12" coveredconditionals="10" methods="2" coveredmethods="2"/>
        <line num="21" count="26" type="stmt"/>
        <line num="23" count="26" type="stmt"/>
        <line num="24" count="26" type="stmt"/>
        <line num="27" count="26" type="stmt"/>
        <line num="30" count="24" type="stmt"/>
        <line num="33" count="24" type="stmt"/>
        <line num="34" count="24" type="stmt"/>
        <line num="35" count="24" type="stmt"/>
        <line num="37" count="24" type="stmt"/>
        <line num="39" count="1155" type="stmt"/>
        <line num="42" count="1155" type="cond" truecount="2" falsecount="0"/>
        <line num="43" count="15" type="stmt"/>
        <line num="47" count="1140" type="stmt"/>
        <line num="50" count="1140" type="cond" truecount="2" falsecount="0"/>
        <line num="51" count="96" type="stmt"/>
        <line num="52" count="96" type="cond" truecount="1" falsecount="1"/>
        <line num="53" count="96" type="cond" truecount="1" falsecount="1"/>
        <line num="57" count="1140" type="cond" truecount="2" falsecount="0"/>
        <line num="58" count="542" type="stmt"/>
        <line num="61" count="1140" type="cond" truecount="2" falsecount="0"/>
        <line num="62" count="523" type="stmt"/>
        <line num="66" count="24" type="stmt"/>
        <line num="82" count="5" type="stmt"/>
        <line num="85" count="5" type="stmt"/>
        <line num="87" count="5" type="stmt"/>
      </file>
    </package>
    <package name="utils.validation">
      <metrics statements="24" coveredstatements="23" conditionals="22" coveredconditionals="22" methods="5" coveredmethods="5"/>
      <file name="inputValidation.ts" path="/root/react-stocks/src/utils/validation/inputValidation.ts">
        <metrics statements="24" coveredstatements="23" conditionals="22" coveredconditionals="22" methods="5" coveredmethods="5"/>
        <line num="14" count="14" type="cond" truecount="4" falsecount="0"/>
        <line num="15" count="4" type="stmt"/>
        <line num="18" count="10" type="stmt"/>
        <line num="19" count="10" type="stmt"/>
        <line num="29" count="10" type="cond" truecount="4" falsecount="0"/>
        <line num="30" count="3" type="stmt"/>
        <line num="33" count="7" type="stmt"/>
        <line num="44" count="12" type="stmt"/>
        <line num="45" count="12" type="stmt"/>
        <line num="46" count="12" type="stmt"/>
        <line num="48" count="12" type="cond" truecount="4" falsecount="0"/>
        <line num="49" count="7" type="stmt"/>
        <line num="52" count="5" type="stmt"/>
        <line num="54" count="0" type="stmt"/>
        <line num="64" count="12" type="cond" truecount="4" falsecount="0"/>
        <line num="65" count="4" type="stmt"/>
        <line num="68" count="8" type="stmt"/>
        <line num="69" count="8" type="stmt"/>
        <line num="70" count="6" type="cond" truecount="2" falsecount="0"/>
        <line num="72" count="2" type="stmt"/>
        <line num="82" count="13" type="cond" truecount="4" falsecount="0"/>
        <line num="83" count="4" type="stmt"/>
        <line num="86" count="9" type="stmt"/>
        <line num="87" count="9" type="stmt"/>
      </file>
    </package>
  </project>
</coverage>
