{"/root/react-stocks/src/ml/prediction/cross-validation.ts": {"path":"/root/react-stocks/src/ml/prediction/cross-validation.ts","statementMap":{"0":{"start":{"line":21,"column":2},"end":{"line":23,"column":3}},"1":{"start":{"line":22,"column":4},"end":{"line":22,"column":52}},"2":{"start":{"line":25,"column":2},"end":{"line":27,"column":3}},"3":{"start":{"line":26,"column":4},"end":{"line":26,"column":79}},"4":{"start":{"line":29,"column":26},"end":{"line":29,"column":28}},"5":{"start":{"line":30,"column":19},"end":{"line":30,"column":43}},"6":{"start":{"line":32,"column":2},"end":{"line":48,"column":3}},"7":{"start":{"line":32,"column":15},"end":{"line":32,"column":16}},"8":{"start":{"line":33,"column":22},"end":{"line":33,"column":34}},"9":{"start":{"line":34,"column":20},"end":{"line":34,"column":63}},"10":{"start":{"line":36,"column":34},"end":{"line":36,"column":36}},"11":{"start":{"line":37,"column":35},"end":{"line":37,"column":37}},"12":{"start":{"line":39,"column":4},"end":{"line":45,"column":5}},"13":{"start":{"line":39,"column":17},"end":{"line":39,"column":18}},"14":{"start":{"line":40,"column":6},"end":{"line":44,"column":7}},"15":{"start":{"line":41,"column":8},"end":{"line":41,"column":28}},"16":{"start":{"line":43,"column":8},"end":{"line":43,"column":29}},"17":{"start":{"line":47,"column":4},"end":{"line":47,"column":46}},"18":{"start":{"line":50,"column":2},"end":{"line":50,"column":15}},"19":{"start":{"line":57,"column":2},"end":{"line":57,"column":34}},"20":{"start":{"line":57,"column":28},"end":{"line":57,"column":32}},"21":{"start":{"line":64,"column":2},"end":{"line":64,"column":34}},"22":{"start":{"line":64,"column":28},"end":{"line":64,"column":32}},"23":{"start":{"line":81,"column":2},"end":{"line":83,"column":3}},"24":{"start":{"line":82,"column":4},"end":{"line":82,"column":81}},"25":{"start":{"line":85,"column":16},"end":{"line":85,"column":39}},"26":{"start":{"line":86,"column":27},"end":{"line":86,"column":29}},"27":{"start":{"line":88,"column":2},"end":{"line":109,"column":3}},"28":{"start":{"line":88,"column":15},"end":{"line":88,"column":16}},"29":{"start":{"line":89,"column":42},"end":{"line":89,"column":50}},"30":{"start":{"line":92,"column":20},"end":{"line":92,"column":52}},"31":{"start":{"line":93,"column":20},"end":{"line":93,"column":58}},"32":{"start":{"line":94,"column":19},"end":{"line":94,"column":50}},"33":{"start":{"line":95,"column":19},"end":{"line":95,"column":56}},"34":{"start":{"line":98,"column":22},"end":{"line":98,"column":46}},"35":{"start":{"line":99,"column":4},"end":{"line":104,"column":7}},"36":{"start":{"line":107,"column":21},"end":{"line":107,"column":52}},"37":{"start":{"line":108,"column":4},"end":{"line":108,"column":26}},"38":{"start":{"line":112,"column":20},"end":{"line":112,"column":69}},"39":{"start":{"line":112,"column":44},"end":{"line":112,"column":49}},"40":{"start":{"line":115,"column":4},"end":{"line":116,"column":17}},"41":{"start":{"line":115,"column":34},"end":{"line":115,"column":70}},"42":{"start":{"line":117,"column":19},"end":{"line":117,"column":38}},"43":{"start":{"line":119,"column":2},"end":{"line":123,"column":4}},"44":{"start":{"line":133,"column":40},"end":{"line":133,"column":44}},"45":{"start":{"line":147,"column":4},"end":{"line":149,"column":5}},"46":{"start":{"line":148,"column":6},"end":{"line":148,"column":72}},"47":{"start":{"line":151,"column":4},"end":{"line":155,"column":5}},"48":{"start":{"line":152,"column":6},"end":{"line":154,"column":8}},"49":{"start":{"line":158,"column":4},"end":{"line":158,"column":44}},"50":{"start":{"line":161,"column":4},"end":{"line":166,"column":7}},"51":{"start":{"line":173,"column":4},"end":{"line":173,"column":26}},"52":{"start":{"line":180,"column":4},"end":{"line":180,"column":55}},"53":{"start":{"line":187,"column":4},"end":{"line":187,"column":60}}},"fnMap":{"0":{"name":"kFoldSplit","decl":{"start":{"line":20,"column":16},"end":{"line":20,"column":26}},"loc":{"start":{"line":20,"column":66},"end":{"line":51,"column":1}},"line":20},"1":{"name":"selectByIndices","decl":{"start":{"line":56,"column":9},"end":{"line":56,"column":24}},"loc":{"start":{"line":56,"column":77},"end":{"line":58,"column":1}},"line":56},"2":{"name":"(anonymous_2)","decl":{"start":{"line":57,"column":21},"end":{"line":57,"column":22}},"loc":{"start":{"line":57,"column":28},"end":{"line":57,"column":32}},"line":57},"3":{"name":"selectLabelsByIndices","decl":{"start":{"line":63,"column":9},"end":{"line":63,"column":30}},"loc":{"start":{"line":63,"column":69},"end":{"line":65,"column":1}},"line":63},"4":{"name":"(anonymous_4)","decl":{"start":{"line":64,"column":21},"end":{"line":64,"column":22}},"loc":{"start":{"line":64,"column":28},"end":{"line":64,"column":32}},"line":64},"5":{"name":"crossValidate","decl":{"start":{"line":76,"column":16},"end":{"line":76,"column":29}},"loc":{"start":{"line":80,"column":13},"end":{"line":124,"column":1}},"line":80},"6":{"name":"(anonymous_6)","decl":{"start":{"line":112,"column":34},"end":{"line":112,"column":35}},"loc":{"start":{"line":112,"column":44},"end":{"line":112,"column":49}},"line":112},"7":{"name":"(anonymous_7)","decl":{"start":{"line":115,"column":18},"end":{"line":115,"column":19}},"loc":{"start":{"line":115,"column":34},"end":{"line":115,"column":70}},"line":115},"8":{"name":"(anonymous_8)","decl":{"start":{"line":146,"column":2},"end":{"line":146,"column":3}},"loc":{"start":{"line":146,"column":58},"end":{"line":167,"column":3}},"line":146},"9":{"name":"(anonymous_9)","decl":{"start":{"line":172,"column":2},"end":{"line":172,"column":3}},"loc":{"start":{"line":172,"column":35},"end":{"line":174,"column":3}},"line":172},"10":{"name":"(anonymous_10)","decl":{"start":{"line":179,"column":2},"end":{"line":179,"column":3}},"loc":{"start":{"line":179,"column":26},"end":{"line":181,"column":3}},"line":179},"11":{"name":"(anonymous_11)","decl":{"start":{"line":186,"column":2},"end":{"line":186,"column":3}},"loc":{"start":{"line":186,"column":34},"end":{"line":188,"column":3}},"line":186}},"branchMap":{"0":{"loc":{"start":{"line":21,"column":2},"end":{"line":23,"column":3}},"type":"if","locations":[{"start":{"line":21,"column":2},"end":{"line":23,"column":3}},{"start":{},"end":{}}],"line":21},"1":{"loc":{"start":{"line":25,"column":2},"end":{"line":27,"column":3}},"type":"if","locations":[{"start":{"line":25,"column":2},"end":{"line":27,"column":3}},{"start":{},"end":{}}],"line":25},"2":{"loc":{"start":{"line":34,"column":20},"end":{"line":34,"column":63}},"type":"cond-expr","locations":[{"start":{"line":34,"column":34},"end":{"line":34,"column":42}},{"start":{"line":34,"column":45},"end":{"line":34,"column":63}}],"line":34},"3":{"loc":{"start":{"line":40,"column":6},"end":{"line":44,"column":7}},"type":"if","locations":[{"start":{"line":40,"column":6},"end":{"line":44,"column":7}},{"start":{"line":42,"column":13},"end":{"line":44,"column":7}}],"line":40},"4":{"loc":{"start":{"line":40,"column":10},"end":{"line":40,"column":39}},"type":"binary-expr","locations":[{"start":{"line":40,"column":10},"end":{"line":40,"column":24}},{"start":{"line":40,"column":28},"end":{"line":40,"column":39}}],"line":40},"5":{"loc":{"start":{"line":81,"column":2},"end":{"line":83,"column":3}},"type":"if","locations":[{"start":{"line":81,"column":2},"end":{"line":83,"column":3}},{"start":{},"end":{}}],"line":81},"6":{"loc":{"start":{"line":146,"column":37},"end":{"line":146,"column":50}},"type":"default-arg","locations":[{"start":{"line":146,"column":49},"end":{"line":146,"column":50}}],"line":146},"7":{"loc":{"start":{"line":147,"column":4},"end":{"line":149,"column":5}},"type":"if","locations":[{"start":{"line":147,"column":4},"end":{"line":149,"column":5}},{"start":{},"end":{}}],"line":147},"8":{"loc":{"start":{"line":147,"column":8},"end":{"line":147,"column":40}},"type":"binary-expr","locations":[{"start":{"line":147,"column":8},"end":{"line":147,"column":22}},{"start":{"line":147,"column":26},"end":{"line":147,"column":40}}],"line":147},"9":{"loc":{"start":{"line":151,"column":4},"end":{"line":155,"column":5}},"type":"if","locations":[{"start":{"line":151,"column":4},"end":{"line":155,"column":5}},{"start":{},"end":{}}],"line":151},"10":{"loc":{"start":{"line":180,"column":11},"end":{"line":180,"column":54}},"type":"cond-expr","locations":[{"start":{"line":180,"column":28},"end":{"line":180,"column":49}},{"start":{"line":180,"column":52},"end":{"line":180,"column":54}}],"line":180},"11":{"loc":{"start":{"line":187,"column":11},"end":{"line":187,"column":59}},"type":"cond-expr","locations":[{"start":{"line":187,"column":28},"end":{"line":187,"column":52}},{"start":{"line":187,"column":55},"end":{"line":187,"column":59}}],"line":187}},"s":{"0":114,"1":2,"2":112,"3":1,"4":111,"5":111,"6":111,"7":111,"8":819,"9":819,"10":819,"11":819,"12":819,"13":819,"14":17326,"15":2224,"16":15102,"17":819,"18":111,"19":1572,"20":16836,"21":1572,"22":16836,"23":105,"24":1,"25":104,"26":104,"27":104,"28":104,"29":786,"30":786,"31":786,"32":786,"33":786,"34":786,"35":786,"36":786,"37":786,"38":104,"39":786,"40":104,"41":786,"42":104,"43":104,"44":102,"45":101,"46":1,"47":100,"48":1,"49":99,"50":99,"51":2,"52":3,"53":95},"f":{"0":114,"1":1572,"2":16836,"3":1572,"4":16836,"5":105,"6":786,"7":786,"8":101,"9":2,"10":3,"11":95},"b":{"0":[2,112],"1":[1,111],"2":[111,708],"3":[2224,15102],"4":[17326,10819],"5":[1,104],"6":[3],"7":[1,100],"8":[101,100],"9":[1,99],"10":[2,1],"11":[94,1]},"_coverageSchema":"1a1c01bbd47fc00a2c39e90264f33305004495a9","hash":"786a741dd3b98e4fd2a0bd96d7140f20bc6b8edc"}
,"/root/react-stocks/src/ml/prediction/model.ts": {"path":"/root/react-stocks/src/ml/prediction/model.ts","statementMap":{"0":{"start":{"line":20,"column":2},"end":{"line":20,"column":26}},"1":{"start":{"line":20,"column":15},"end":{"line":20,"column":26}},"2":{"start":{"line":21,"column":2},"end":{"line":21,"column":27}},"3":{"start":{"line":21,"column":16},"end":{"line":21,"column":27}},"4":{"start":{"line":23,"column":2},"end":{"line":23,"column":32}},"5":{"start":{"line":32,"column":37},"end":{"line":32,"column":41}},"6":{"start":{"line":33,"column":25},"end":{"line":33,"column":26}},"7":{"start":{"line":34,"column":31},"end":{"line":34,"column":36}},"8":{"start":{"line":35,"column":31},"end":{"line":35,"column":32}},"9":{"start":{"line":51,"column":8},"end":{"line":51,"column":21}},"10":{"start":{"line":53,"column":4},"end":{"line":55,"column":5}},"11":{"start":{"line":54,"column":6},"end":{"line":54,"column":70}},"12":{"start":{"line":57,"column":4},"end":{"line":61,"column":5}},"13":{"start":{"line":58,"column":6},"end":{"line":60,"column":8}},"14":{"start":{"line":63,"column":21},"end":{"line":63,"column":29}},"15":{"start":{"line":64,"column":22},"end":{"line":64,"column":33}},"16":{"start":{"line":67,"column":4},"end":{"line":67,"column":48}},"17":{"start":{"line":68,"column":4},"end":{"line":68,"column":18}},"18":{"start":{"line":71,"column":18},"end":{"line":71,"column":38}},"19":{"start":{"line":73,"column":19},"end":{"line":73,"column":27}},"20":{"start":{"line":74,"column":4},"end":{"line":74,"column":27}},"21":{"start":{"line":76,"column":4},"end":{"line":143,"column":5}},"22":{"start":{"line":76,"column":20},"end":{"line":76,"column":21}},"23":{"start":{"line":78,"column":26},"end":{"line":78,"column":45}},"24":{"start":{"line":79,"column":6},"end":{"line":85,"column":7}},"25":{"start":{"line":79,"column":19},"end":{"line":79,"column":20}},"26":{"start":{"line":80,"column":16},"end":{"line":80,"column":25}},"27":{"start":{"line":81,"column":8},"end":{"line":83,"column":9}},"28":{"start":{"line":81,"column":21},"end":{"line":81,"column":22}},"29":{"start":{"line":82,"column":10},"end":{"line":82,"column":41}},"30":{"start":{"line":84,"column":8},"end":{"line":84,"column":36}},"31":{"start":{"line":88,"column":30},"end":{"line":88,"column":58}},"32":{"start":{"line":89,"column":25},"end":{"line":89,"column":26}},"33":{"start":{"line":91,"column":6},"end":{"line":97,"column":7}},"34":{"start":{"line":91,"column":19},"end":{"line":91,"column":20}},"35":{"start":{"line":92,"column":22},"end":{"line":92,"column":43}},"36":{"start":{"line":93,"column":8},"end":{"line":93,"column":30}},"37":{"start":{"line":94,"column":8},"end":{"line":96,"column":9}},"38":{"start":{"line":94,"column":21},"end":{"line":94,"column":22}},"39":{"start":{"line":95,"column":10},"end":{"line":95,"column":48}},"40":{"start":{"line":100,"column":6},"end":{"line":100,"column":31}},"41":{"start":{"line":101,"column":6},"end":{"line":103,"column":7}},"42":{"start":{"line":101,"column":19},"end":{"line":101,"column":20}},"43":{"start":{"line":102,"column":8},"end":{"line":102,"column":85}},"44":{"start":{"line":106,"column":6},"end":{"line":106,"column":47}},"45":{"start":{"line":107,"column":6},"end":{"line":109,"column":7}},"46":{"start":{"line":107,"column":19},"end":{"line":107,"column":20}},"47":{"start":{"line":108,"column":8},"end":{"line":108,"column":61}},"48":{"start":{"line":112,"column":17},"end":{"line":112,"column":18}},"49":{"start":{"line":113,"column":6},"end":{"line":117,"column":7}},"50":{"start":{"line":113,"column":19},"end":{"line":113,"column":20}},"51":{"start":{"line":114,"column":18},"end":{"line":114,"column":32}},"52":{"start":{"line":116,"column":8},"end":{"line":116,"column":82}},"53":{"start":{"line":118,"column":6},"end":{"line":118,"column":23}},"54":{"start":{"line":121,"column":22},"end":{"line":121,"column":23}},"55":{"start":{"line":122,"column":6},"end":{"line":124,"column":7}},"56":{"start":{"line":122,"column":19},"end":{"line":122,"column":20}},"57":{"start":{"line":123,"column":8},"end":{"line":123,"column":55}},"58":{"start":{"line":125,"column":6},"end":{"line":125,"column":38}},"59":{"start":{"line":127,"column":6},"end":{"line":129,"column":7}},"60":{"start":{"line":128,"column":8},"end":{"line":128,"column":87}},"61":{"start":{"line":132,"column":6},"end":{"line":139,"column":7}},"62":{"start":{"line":133,"column":8},"end":{"line":133,"column":30}},"63":{"start":{"line":134,"column":8},"end":{"line":134,"column":35}},"64":{"start":{"line":135,"column":8},"end":{"line":137,"column":9}},"65":{"start":{"line":136,"column":10},"end":{"line":136,"column":92}},"66":{"start":{"line":138,"column":8},"end":{"line":138,"column":14}},"67":{"start":{"line":141,"column":6},"end":{"line":141,"column":22}},"68":{"start":{"line":142,"column":6},"end":{"line":142,"column":33}},"69":{"start":{"line":145,"column":4},"end":{"line":147,"column":5}},"70":{"start":{"line":146,"column":6},"end":{"line":146,"column":94}},"71":{"start":{"line":157,"column":4},"end":{"line":157,"column":23}},"72":{"start":{"line":159,"column":26},"end":{"line":159,"column":46}},"73":{"start":{"line":160,"column":4},"end":{"line":160,"column":67}},"74":{"start":{"line":160,"column":41},"end":{"line":160,"column":64}},"75":{"start":{"line":170,"column":4},"end":{"line":170,"column":23}},"76":{"start":{"line":172,"column":4},"end":{"line":174,"column":5}},"77":{"start":{"line":173,"column":6},"end":{"line":173,"column":16}},"78":{"start":{"line":176,"column":22},"end":{"line":176,"column":42}},"79":{"start":{"line":177,"column":38},"end":{"line":177,"column":40}},"80":{"start":{"line":179,"column":4},"end":{"line":195,"column":5}},"81":{"start":{"line":179,"column":17},"end":{"line":179,"column":18}},"82":{"start":{"line":180,"column":6},"end":{"line":184,"column":7}},"83":{"start":{"line":181,"column":8},"end":{"line":183,"column":10}},"84":{"start":{"line":186,"column":14},"end":{"line":186,"column":23}},"85":{"start":{"line":187,"column":6},"end":{"line":189,"column":7}},"86":{"start":{"line":187,"column":19},"end":{"line":187,"column":20}},"87":{"start":{"line":188,"column":8},"end":{"line":188,"column":40}},"88":{"start":{"line":191,"column":20},"end":{"line":191,"column":30}},"89":{"start":{"line":192,"column":20},"end":{"line":192,"column":29}},"90":{"start":{"line":194,"column":6},"end":{"line":194,"column":41}},"91":{"start":{"line":197,"column":4},"end":{"line":197,"column":25}},"92":{"start":{"line":204,"column":4},"end":{"line":209,"column":6}},"93":{"start":{"line":216,"column":4},"end":{"line":216,"column":33}},"94":{"start":{"line":223,"column":4},"end":{"line":225,"column":5}},"95":{"start":{"line":224,"column":6},"end":{"line":224,"column":81}},"96":{"start":{"line":236,"column":24},"end":{"line":236,"column":39}},"97":{"start":{"line":237,"column":18},"end":{"line":237,"column":19}},"98":{"start":{"line":238,"column":4},"end":{"line":242,"column":5}},"99":{"start":{"line":238,"column":17},"end":{"line":238,"column":18}},"100":{"start":{"line":239,"column":6},"end":{"line":241,"column":7}},"101":{"start":{"line":240,"column":8},"end":{"line":240,"column":18}},"102":{"start":{"line":243,"column":4},"end":{"line":243,"column":30}}},"fnMap":{"0":{"name":"sigmoid","decl":{"start":{"line":18,"column":16},"end":{"line":18,"column":23}},"loc":{"start":{"line":18,"column":43},"end":{"line":24,"column":1}},"line":18},"1":{"name":"(anonymous_1)","decl":{"start":{"line":44,"column":2},"end":{"line":44,"column":3}},"loc":{"start":{"line":44,"column":68},"end":{"line":148,"column":3}},"line":44},"2":{"name":"(anonymous_2)","decl":{"start":{"line":156,"column":2},"end":{"line":156,"column":3}},"loc":{"start":{"line":156,"column":38},"end":{"line":161,"column":3}},"line":156},"3":{"name":"(anonymous_3)","decl":{"start":{"line":160,"column":29},"end":{"line":160,"column":30}},"loc":{"start":{"line":160,"column":41},"end":{"line":160,"column":64}},"line":160},"4":{"name":"(anonymous_4)","decl":{"start":{"line":169,"column":2},"end":{"line":169,"column":3}},"loc":{"start":{"line":169,"column":45},"end":{"line":198,"column":3}},"line":169},"5":{"name":"(anonymous_5)","decl":{"start":{"line":203,"column":2},"end":{"line":203,"column":3}},"loc":{"start":{"line":203,"column":98},"end":{"line":210,"column":3}},"line":203},"6":{"name":"(anonymous_6)","decl":{"start":{"line":215,"column":2},"end":{"line":215,"column":3}},"loc":{"start":{"line":215,"column":22},"end":{"line":217,"column":3}},"line":215},"7":{"name":"(anonymous_7)","decl":{"start":{"line":222,"column":2},"end":{"line":222,"column":3}},"loc":{"start":{"line":222,"column":30},"end":{"line":226,"column":3}},"line":222},"8":{"name":"(anonymous_8)","decl":{"start":{"line":235,"column":2},"end":{"line":235,"column":3}},"loc":{"start":{"line":235,"column":45},"end":{"line":244,"column":3}},"line":235}},"branchMap":{"0":{"loc":{"start":{"line":20,"column":2},"end":{"line":20,"column":26}},"type":"if","locations":[{"start":{"line":20,"column":2},"end":{"line":20,"column":26}},{"start":{},"end":{}}],"line":20},"1":{"loc":{"start":{"line":21,"column":2},"end":{"line":21,"column":27}},"type":"if","locations":[{"start":{"line":21,"column":2},"end":{"line":21,"column":27}},{"start":{},"end":{}}],"line":21},"2":{"loc":{"start":{"line":46,"column":6},"end":{"line":46,"column":26}},"type":"default-arg","locations":[{"start":{"line":46,"column":22},"end":{"line":46,"column":26}}],"line":46},"3":{"loc":{"start":{"line":47,"column":6},"end":{"line":47,"column":25}},"type":"default-arg","locations":[{"start":{"line":47,"column":21},"end":{"line":47,"column":25}}],"line":47},"4":{"loc":{"start":{"line":48,"column":6},"end":{"line":48,"column":26}},"type":"default-arg","locations":[{"start":{"line":48,"column":23},"end":{"line":48,"column":26}}],"line":48},"5":{"loc":{"start":{"line":49,"column":6},"end":{"line":49,"column":22}},"type":"default-arg","locations":[{"start":{"line":49,"column":18},"end":{"line":49,"column":22}}],"line":49},"6":{"loc":{"start":{"line":50,"column":6},"end":{"line":50,"column":21}},"type":"default-arg","locations":[{"start":{"line":50,"column":16},"end":{"line":50,"column":21}}],"line":50},"7":{"loc":{"start":{"line":51,"column":8},"end":{"line":51,"column":21}},"type":"binary-expr","locations":[{"start":{"line":51,"column":8},"end":{"line":51,"column":15}},{"start":{"line":51,"column":19},"end":{"line":51,"column":21}}],"line":51},"8":{"loc":{"start":{"line":53,"column":4},"end":{"line":55,"column":5}},"type":"if","locations":[{"start":{"line":53,"column":4},"end":{"line":55,"column":5}},{"start":{},"end":{}}],"line":53},"9":{"loc":{"start":{"line":53,"column":8},"end":{"line":53,"column":40}},"type":"binary-expr","locations":[{"start":{"line":53,"column":8},"end":{"line":53,"column":22}},{"start":{"line":53,"column":26},"end":{"line":53,"column":40}}],"line":53},"10":{"loc":{"start":{"line":57,"column":4},"end":{"line":61,"column":5}},"type":"if","locations":[{"start":{"line":57,"column":4},"end":{"line":61,"column":5}},{"start":{},"end":{}}],"line":57},"11":{"loc":{"start":{"line":127,"column":6},"end":{"line":129,"column":7}},"type":"if","locations":[{"start":{"line":127,"column":6},"end":{"line":129,"column":7}},{"start":{},"end":{}}],"line":127},"12":{"loc":{"start":{"line":127,"column":10},"end":{"line":127,"column":69}},"type":"binary-expr","locations":[{"start":{"line":127,"column":10},"end":{"line":127,"column":17}},{"start":{"line":127,"column":22},"end":{"line":127,"column":38}},{"start":{"line":127,"column":42},"end":{"line":127,"column":68}}],"line":127},"13":{"loc":{"start":{"line":132,"column":6},"end":{"line":139,"column":7}},"type":"if","locations":[{"start":{"line":132,"column":6},"end":{"line":139,"column":7}},{"start":{},"end":{}}],"line":132},"14":{"loc":{"start":{"line":135,"column":8},"end":{"line":137,"column":9}},"type":"if","locations":[{"start":{"line":135,"column":8},"end":{"line":137,"column":9}},{"start":{},"end":{}}],"line":135},"15":{"loc":{"start":{"line":145,"column":4},"end":{"line":147,"column":5}},"type":"if","locations":[{"start":{"line":145,"column":4},"end":{"line":147,"column":5}},{"start":{},"end":{}}],"line":145},"16":{"loc":{"start":{"line":145,"column":8},"end":{"line":145,"column":34}},"type":"binary-expr","locations":[{"start":{"line":145,"column":8},"end":{"line":145,"column":23}},{"start":{"line":145,"column":27},"end":{"line":145,"column":34}}],"line":145},"17":{"loc":{"start":{"line":160,"column":41},"end":{"line":160,"column":64}},"type":"cond-expr","locations":[{"start":{"line":160,"column":59},"end":{"line":160,"column":60}},{"start":{"line":160,"column":63},"end":{"line":160,"column":64}}],"line":160},"18":{"loc":{"start":{"line":172,"column":4},"end":{"line":174,"column":5}},"type":"if","locations":[{"start":{"line":172,"column":4},"end":{"line":174,"column":5}},{"start":{},"end":{}}],"line":172},"19":{"loc":{"start":{"line":180,"column":6},"end":{"line":184,"column":7}},"type":"if","locations":[{"start":{"line":180,"column":6},"end":{"line":184,"column":7}},{"start":{},"end":{}}],"line":180},"20":{"loc":{"start":{"line":205,"column":15},"end":{"line":205,"column":54}},"type":"cond-expr","locations":[{"start":{"line":205,"column":30},"end":{"line":205,"column":47}},{"start":{"line":205,"column":50},"end":{"line":205,"column":54}}],"line":205},"21":{"loc":{"start":{"line":223,"column":4},"end":{"line":225,"column":5}},"type":"if","locations":[{"start":{"line":223,"column":4},"end":{"line":225,"column":5}},{"start":{},"end":{}}],"line":223},"22":{"loc":{"start":{"line":239,"column":6},"end":{"line":241,"column":7}},"type":"if","locations":[{"start":{"line":239,"column":6},"end":{"line":241,"column":7}},{"start":{},"end":{}}],"line":239}},"s":{"0":9173990,"1":2,"2":9173988,"3":2,"4":9173986,"5":912,"6":912,"7":912,"8":912,"9":908,"10":908,"11":1,"12":907,"13":1,"14":906,"15":906,"16":906,"17":906,"18":906,"19":906,"20":906,"21":906,"22":906,"23":600602,"24":600602,"25":600602,"26":9171694,"27":9171694,"28":9171694,"29":72628379,"30":9171694,"31":600602,"32":600602,"33":600602,"34":600602,"35":9171694,"36":9171694,"37":9171694,"38":9171694,"39":72628379,"40":600602,"41":600602,"42":600602,"43":4685204,"44":600602,"45":600602,"46":600602,"47":4685204,"48":600602,"49":600602,"50":600602,"51":9171694,"52":9171694,"53":600602,"54":600602,"55":600602,"56":600602,"57":4685204,"58":600602,"59":600602,"60":0,"61":600602,"62":346,"63":346,"64":346,"65":0,"66":346,"67":600256,"68":600256,"69":906,"70":0,"71":892,"72":891,"73":890,"74":2270,"75":896,"76":895,"77":2,"78":893,"79":893,"80":893,"81":893,"82":2280,"83":1,"84":2279,"85":2279,"86":2279,"87":17078,"88":2279,"89":2279,"90":2279,"91":892,"92":10,"93":1791,"94":1788,"95":2,"96":790,"97":790,"98":790,"99":790,"100":2156,"101":1955,"102":790},"f":{"0":9173990,"1":908,"2":892,"3":2270,"4":896,"5":10,"6":1791,"7":1788,"8":790},"b":{"0":[2,9173988],"1":[2,9173986],"2":[2],"3":[14],"4":[20],"5":[21],"6":[908],"7":[908,2],"8":[1,907],"9":[908,907],"10":[1,906],"11":[0,600602],"12":[600602,0,0],"13":[346,600256],"14":[0,346],"15":[0,906],"16":[906,560],"17":[703,1567],"18":[2,893],"19":[1,2279],"20":[9,1],"21":[2,1786],"22":[1955,201]},"_coverageSchema":"1a1c01bbd47fc00a2c39e90264f33305004495a9","hash":"32efc8ff6a8a6a47f6436fd8096d1c5566c35d2f"}
,"/root/react-stocks/src/ml/prediction/prediction.service.ts": {"path":"/root/react-stocks/src/ml/prediction/prediction.service.ts","statementMap":{"0":{"start":{"line":16,"column":17},"end":{"line":20,"column":10}},"1":{"start":{"line":26,"column":24},"end":{"line":26,"column":26}},"2":{"start":{"line":50,"column":20},"end":{"line":50,"column":37}},"3":{"start":{"line":52,"column":2},"end":{"line":143,"column":3}},"4":{"start":{"line":54,"column":4},"end":{"line":56,"column":5}},"5":{"start":{"line":55,"column":6},"end":{"line":55,"column":51}},"6":{"start":{"line":58,"column":4},"end":{"line":62,"column":5}},"7":{"start":{"line":59,"column":6},"end":{"line":61,"column":8}},"8":{"start":{"line":65,"column":35},"end":{"line":72,"column":5}},"9":{"start":{"line":74,"column":4},"end":{"line":76,"column":6}},"10":{"start":{"line":79,"column":21},"end":{"line":79,"column":46}},"11":{"start":{"line":82,"column":51},"end":{"line":82,"column":53}},"12":{"start":{"line":84,"column":4},"end":{"line":122,"column":5}},"13":{"start":{"line":86,"column":21},"end":{"line":86,"column":55}},"14":{"start":{"line":88,"column":6},"end":{"line":93,"column":7}},"15":{"start":{"line":89,"column":8},"end":{"line":92,"column":10}},"16":{"start":{"line":97,"column":16},"end":{"line":97,"column":48}},"17":{"start":{"line":98,"column":16},"end":{"line":98,"column":22}},"18":{"start":{"line":101,"column":21},"end":{"line":101,"column":41}},"19":{"start":{"line":102,"column":23},"end":{"line":102,"column":45}},"20":{"start":{"line":105,"column":20},"end":{"line":105,"column":46}},"21":{"start":{"line":106,"column":6},"end":{"line":106,"column":34}},"22":{"start":{"line":109,"column":22},"end":{"line":109,"column":44}},"23":{"start":{"line":110,"column":6},"end":{"line":112,"column":8}},"24":{"start":{"line":116,"column":32},"end":{"line":116,"column":61}},"25":{"start":{"line":117,"column":23},"end":{"line":117,"column":60}},"26":{"start":{"line":120,"column":25},"end":{"line":120,"column":51}},"27":{"start":{"line":121,"column":6},"end":{"line":121,"column":37}},"28":{"start":{"line":124,"column":20},"end":{"line":124,"column":37}},"29":{"start":{"line":125,"column":21},"end":{"line":125,"column":53}},"30":{"start":{"line":127,"column":4},"end":{"line":131,"column":6}},"31":{"start":{"line":134,"column":4},"end":{"line":139,"column":6}},"32":{"start":{"line":141,"column":4},"end":{"line":141,"column":78}},"33":{"start":{"line":142,"column":4},"end":{"line":142,"column":16}},"34":{"start":{"line":159,"column":2},"end":{"line":164,"column":4}},"35":{"start":{"line":174,"column":2},"end":{"line":176,"column":4}},"36":{"start":{"line":178,"column":2},"end":{"line":183,"column":4}}},"fnMap":{"0":{"name":"getStockPredictions","decl":{"start":{"line":42,"column":22},"end":{"line":42,"column":41}},"loc":{"start":{"line":49,"column":29},"end":{"line":144,"column":1}},"line":49},"1":{"name":"parsePredictionResponse","decl":{"start":{"line":153,"column":16},"end":{"line":153,"column":39}},"loc":{"start":{"line":158,"column":2},"end":{"line":165,"column":1}},"line":158},"2":{"name":"getDefaultPredictions","decl":{"start":{"line":173,"column":16},"end":{"line":173,"column":37}},"loc":{"start":{"line":173,"column":72},"end":{"line":184,"column":1}},"line":173}},"branchMap":{"0":{"loc":{"start":{"line":54,"column":4},"end":{"line":56,"column":5}},"type":"if","locations":[{"start":{"line":54,"column":4},"end":{"line":56,"column":5}},{"start":{},"end":{}}],"line":54},"1":{"loc":{"start":{"line":58,"column":4},"end":{"line":62,"column":5}},"type":"if","locations":[{"start":{"line":58,"column":4},"end":{"line":62,"column":5}},{"start":{},"end":{}}],"line":58},"2":{"loc":{"start":{"line":88,"column":6},"end":{"line":93,"column":7}},"type":"if","locations":[{"start":{"line":88,"column":6},"end":{"line":93,"column":7}},{"start":{},"end":{}}],"line":88},"3":{"loc":{"start":{"line":111,"column":61},"end":{"line":111,"column":89}},"type":"binary-expr","locations":[{"start":{"line":111,"column":61},"end":{"line":111,"column":80}},{"start":{"line":111,"column":84},"end":{"line":111,"column":89}}],"line":111}},"s":{"0":2,"1":2,"2":34,"3":34,"4":34,"5":1,"6":33,"7":1,"8":32,"9":32,"10":32,"11":31,"12":31,"13":93,"14":93,"15":0,"16":93,"17":93,"18":93,"19":93,"20":93,"21":93,"22":93,"23":93,"24":93,"25":93,"26":93,"27":93,"28":31,"29":31,"30":31,"31":31,"32":3,"33":3,"34":2,"35":2,"36":2},"f":{"0":34,"1":2,"2":2},"b":{"0":[1,33],"1":[1,32],"2":[0,93],"3":[93,0]},"_coverageSchema":"1a1c01bbd47fc00a2c39e90264f33305004495a9","hash":"30d36371ea20a496a8aa7c1647f4b17c0178d7bf"}
,"/root/react-stocks/src/ml/prediction/preprocessing.ts": {"path":"/root/react-stocks/src/ml/prediction/preprocessing.ts","statementMap":{"0":{"start":{"line":17,"column":30},"end":{"line":17,"column":32}},"1":{"start":{"line":19,"column":2},"end":{"line":31,"column":3}},"2":{"start":{"line":20,"column":23},"end":{"line":20,"column":61}},"3":{"start":{"line":22,"column":4},"end":{"line":30,"column":5}},"4":{"start":{"line":23,"column":6},"end":{"line":23,"column":33}},"5":{"start":{"line":24,"column":11},"end":{"line":30,"column":5}},"6":{"start":{"line":25,"column":6},"end":{"line":25,"column":33}},"7":{"start":{"line":26,"column":11},"end":{"line":30,"column":5}},"8":{"start":{"line":27,"column":6},"end":{"line":27,"column":33}},"9":{"start":{"line":29,"column":6},"end":{"line":29,"column":33}},"10":{"start":{"line":33,"column":2},"end":{"line":33,"column":17}},"11":{"start":{"line":47,"column":59},"end":{"line":47,"column":64}},"12":{"start":{"line":50,"column":12},"end":{"line":50,"column":24}},"13":{"start":{"line":51,"column":2},"end":{"line":63,"column":3}},"14":{"start":{"line":57,"column":4},"end":{"line":62,"column":6}},"15":{"start":{"line":65,"column":2},"end":{"line":67,"column":3}},"16":{"start":{"line":66,"column":4},"end":{"line":66,"column":14}},"17":{"start":{"line":70,"column":17},"end":{"line":70,"column":40}},"18":{"start":{"line":73,"column":34},"end":{"line":73,"column":46}},"19":{"start":{"line":74,"column":2},"end":{"line":82,"column":3}},"20":{"start":{"line":74,"column":15},"end":{"line":74,"column":16}},"21":{"start":{"line":75,"column":4},"end":{"line":81,"column":6}},"22":{"start":{"line":84,"column":2},"end":{"line":84,"column":18}},"23":{"start":{"line":99,"column":2},"end":{"line":101,"column":3}},"24":{"start":{"line":100,"column":4},"end":{"line":100,"column":75}},"25":{"start":{"line":103,"column":2},"end":{"line":105,"column":3}},"26":{"start":{"line":104,"column":4},"end":{"line":104,"column":14}},"27":{"start":{"line":107,"column":25},"end":{"line":107,"column":27}},"28":{"start":{"line":109,"column":2},"end":{"line":113,"column":3}},"29":{"start":{"line":109,"column":15},"end":{"line":109,"column":16}},"30":{"start":{"line":111,"column":18},"end":{"line":111,"column":55}},"31":{"start":{"line":112,"column":4},"end":{"line":112,"column":23}},"32":{"start":{"line":115,"column":2},"end":{"line":115,"column":16}},"33":{"start":{"line":121,"column":29},"end":{"line":121,"column":30}},"34":{"start":{"line":126,"column":29},"end":{"line":135,"column":10}},"35":{"start":{"line":144,"column":2},"end":{"line":146,"column":3}},"36":{"start":{"line":145,"column":4},"end":{"line":145,"column":69}},"37":{"start":{"line":148,"column":20},"end":{"line":148,"column":31}},"38":{"start":{"line":149,"column":2},"end":{"line":153,"column":3}},"39":{"start":{"line":150,"column":4},"end":{"line":152,"column":6}},"40":{"start":{"line":156,"column":2},"end":{"line":163,"column":3}},"41":{"start":{"line":156,"column":15},"end":{"line":156,"column":16}},"42":{"start":{"line":157,"column":4},"end":{"line":162,"column":5}},"43":{"start":{"line":158,"column":6},"end":{"line":161,"column":8}},"44":{"start":{"line":166,"column":2},"end":{"line":174,"column":3}},"45":{"start":{"line":166,"column":15},"end":{"line":166,"column":16}},"46":{"start":{"line":167,"column":4},"end":{"line":173,"column":5}},"47":{"start":{"line":167,"column":17},"end":{"line":167,"column":18}},"48":{"start":{"line":168,"column":6},"end":{"line":172,"column":7}},"49":{"start":{"line":169,"column":8},"end":{"line":171,"column":10}},"50":{"start":{"line":184,"column":2},"end":{"line":186,"column":3}},"51":{"start":{"line":185,"column":4},"end":{"line":185,"column":61}},"52":{"start":{"line":188,"column":2},"end":{"line":195,"column":3}},"53":{"start":{"line":188,"column":15},"end":{"line":188,"column":16}},"54":{"start":{"line":189,"column":4},"end":{"line":194,"column":5}},"55":{"start":{"line":190,"column":6},"end":{"line":193,"column":8}}},"fnMap":{"0":{"name":"oneHotEncode","decl":{"start":{"line":16,"column":16},"end":{"line":16,"column":28}},"loc":{"start":{"line":16,"column":62},"end":{"line":34,"column":1}},"line":16},"1":{"name":"buildFeatureMatrix","decl":{"start":{"line":46,"column":16},"end":{"line":46,"column":34}},"loc":{"start":{"line":46,"column":74},"end":{"line":85,"column":1}},"line":46},"2":{"name":"createLabels","decl":{"start":{"line":98,"column":16},"end":{"line":98,"column":28}},"loc":{"start":{"line":98,"column":71},"end":{"line":116,"column":1}},"line":98},"3":{"name":"validateFeatureMatrix","decl":{"start":{"line":143,"column":16},"end":{"line":143,"column":37}},"loc":{"start":{"line":143,"column":62},"end":{"line":175,"column":1}},"line":143},"4":{"name":"validateLabels","decl":{"start":{"line":183,"column":16},"end":{"line":183,"column":30}},"loc":{"start":{"line":183,"column":48},"end":{"line":196,"column":1}},"line":183}},"branchMap":{"0":{"loc":{"start":{"line":20,"column":23},"end":{"line":20,"column":61}},"type":"cond-expr","locations":[{"start":{"line":20,"column":27},"end":{"line":20,"column":49}},{"start":{"line":20,"column":52},"end":{"line":20,"column":61}}],"line":20},"1":{"loc":{"start":{"line":22,"column":4},"end":{"line":30,"column":5}},"type":"if","locations":[{"start":{"line":22,"column":4},"end":{"line":30,"column":5}},{"start":{"line":24,"column":11},"end":{"line":30,"column":5}}],"line":22},"2":{"loc":{"start":{"line":24,"column":11},"end":{"line":30,"column":5}},"type":"if","locations":[{"start":{"line":24,"column":11},"end":{"line":30,"column":5}},{"start":{"line":26,"column":11},"end":{"line":30,"column":5}}],"line":24},"3":{"loc":{"start":{"line":26,"column":11},"end":{"line":30,"column":5}},"type":"if","locations":[{"start":{"line":26,"column":11},"end":{"line":30,"column":5}},{"start":{"line":28,"column":11},"end":{"line":30,"column":5}}],"line":26},"4":{"loc":{"start":{"line":26,"column":15},"end":{"line":26,"column":64}},"type":"binary-expr","locations":[{"start":{"line":26,"column":15},"end":{"line":26,"column":36}},{"start":{"line":26,"column":40},"end":{"line":26,"column":64}}],"line":26},"5":{"loc":{"start":{"line":51,"column":2},"end":{"line":63,"column":3}},"type":"if","locations":[{"start":{"line":51,"column":2},"end":{"line":63,"column":3}},{"start":{},"end":{}}],"line":51},"6":{"loc":{"start":{"line":52,"column":4},"end":{"line":55,"column":26}},"type":"binary-expr","locations":[{"start":{"line":52,"column":4},"end":{"line":52,"column":23}},{"start":{"line":53,"column":4},"end":{"line":53,"column":25}},{"start":{"line":54,"column":4},"end":{"line":54,"column":25}},{"start":{"line":55,"column":4},"end":{"line":55,"column":26}}],"line":52},"7":{"loc":{"start":{"line":65,"column":2},"end":{"line":67,"column":3}},"type":"if","locations":[{"start":{"line":65,"column":2},"end":{"line":67,"column":3}},{"start":{},"end":{}}],"line":65},"8":{"loc":{"start":{"line":99,"column":2},"end":{"line":101,"column":3}},"type":"if","locations":[{"start":{"line":99,"column":2},"end":{"line":101,"column":3}},{"start":{},"end":{}}],"line":99},"9":{"loc":{"start":{"line":103,"column":2},"end":{"line":105,"column":3}},"type":"if","locations":[{"start":{"line":103,"column":2},"end":{"line":105,"column":3}},{"start":{},"end":{}}],"line":103},"10":{"loc":{"start":{"line":111,"column":18},"end":{"line":111,"column":55}},"type":"cond-expr","locations":[{"start":{"line":111,"column":50},"end":{"line":111,"column":51}},{"start":{"line":111,"column":54},"end":{"line":111,"column":55}}],"line":111},"11":{"loc":{"start":{"line":144,"column":2},"end":{"line":146,"column":3}},"type":"if","locations":[{"start":{"line":144,"column":2},"end":{"line":146,"column":3}},{"start":{},"end":{}}],"line":144},"12":{"loc":{"start":{"line":144,"column":6},"end":{"line":144,"column":26}},"type":"binary-expr","locations":[{"start":{"line":144,"column":6},"end":{"line":144,"column":8}},{"start":{"line":144,"column":12},"end":{"line":144,"column":26}}],"line":144},"13":{"loc":{"start":{"line":149,"column":2},"end":{"line":153,"column":3}},"type":"if","locations":[{"start":{"line":149,"column":2},"end":{"line":153,"column":3}},{"start":{},"end":{}}],"line":149},"14":{"loc":{"start":{"line":157,"column":4},"end":{"line":162,"column":5}},"type":"if","locations":[{"start":{"line":157,"column":4},"end":{"line":162,"column":5}},{"start":{},"end":{}}],"line":157},"15":{"loc":{"start":{"line":168,"column":6},"end":{"line":172,"column":7}},"type":"if","locations":[{"start":{"line":168,"column":6},"end":{"line":172,"column":7}},{"start":{},"end":{}}],"line":168},"16":{"loc":{"start":{"line":184,"column":2},"end":{"line":186,"column":3}},"type":"if","locations":[{"start":{"line":184,"column":2},"end":{"line":186,"column":3}},{"start":{},"end":{}}],"line":184},"17":{"loc":{"start":{"line":184,"column":6},"end":{"line":184,"column":26}},"type":"binary-expr","locations":[{"start":{"line":184,"column":6},"end":{"line":184,"column":8}},{"start":{"line":184,"column":12},"end":{"line":184,"column":26}}],"line":184},"18":{"loc":{"start":{"line":189,"column":4},"end":{"line":194,"column":5}},"type":"if","locations":[{"start":{"line":189,"column":4},"end":{"line":194,"column":5}},{"start":{},"end":{}}],"line":189},"19":{"loc":{"start":{"line":189,"column":8},"end":{"line":189,"column":32}},"type":"binary-expr","locations":[{"start":{"line":189,"column":8},"end":{"line":189,"column":18}},{"start":{"line":189,"column":22},"end":{"line":189,"column":32}}],"line":189}},"s":{"0":45,"1":45,"2":1033,"3":1033,"4":722,"5":311,"6":260,"7":51,"8":47,"9":4,"10":45,"11":39,"12":39,"13":39,"14":2,"15":37,"16":1,"17":36,"18":36,"19":36,"20":36,"21":1018,"22":36,"23":105,"24":2,"25":103,"26":2,"27":101,"28":101,"29":101,"30":2157,"31":2157,"32":101,"33":3,"34":3,"35":5,"36":1,"37":4,"38":4,"39":1,"40":3,"41":3,"42":2,"43":1,"44":2,"45":2,"46":3,"47":3,"48":20,"49":1,"50":4,"51":1,"52":3,"53":3,"54":12,"55":2},"f":{"0":45,"1":39,"2":105,"3":5,"4":4},"b":{"0":[1032,1],"1":[722,311],"2":[260,51],"3":[47,4],"4":[51,5],"5":[2,37],"6":[39,37,37,37],"7":[1,36],"8":[2,103],"9":[2,101],"10":[692,1465],"11":[1,4],"12":[5,5],"13":[1,3],"14":[1,1],"15":[1,19],"16":[1,3],"17":[4,4],"18":[2,10],"19":[12,7]},"_coverageSchema":"1a1c01bbd47fc00a2c39e90264f33305004495a9","hash":"15ab7ae8bcc5ab57949047b7ac953db25ac175b7"}
,"/root/react-stocks/src/ml/prediction/scaler.ts": {"path":"/root/react-stocks/src/ml/prediction/scaler.ts","statementMap":{"0":{"start":{"line":21,"column":34},"end":{"line":21,"column":38}},"1":{"start":{"line":22,"column":33},"end":{"line":22,"column":37}},"2":{"start":{"line":30,"column":4},"end":{"line":32,"column":5}},"3":{"start":{"line":31,"column":6},"end":{"line":31,"column":66}},"4":{"start":{"line":34,"column":21},"end":{"line":34,"column":29}},"5":{"start":{"line":35,"column":22},"end":{"line":35,"column":33}},"6":{"start":{"line":38,"column":4},"end":{"line":44,"column":5}},"7":{"start":{"line":38,"column":17},"end":{"line":38,"column":18}},"8":{"start":{"line":39,"column":6},"end":{"line":43,"column":7}},"9":{"start":{"line":40,"column":8},"end":{"line":42,"column":10}},"10":{"start":{"line":46,"column":4},"end":{"line":46,"column":37}},"11":{"start":{"line":47,"column":4},"end":{"line":47,"column":36}},"12":{"start":{"line":50,"column":4},"end":{"line":73,"column":5}},"13":{"start":{"line":50,"column":17},"end":{"line":50,"column":18}},"14":{"start":{"line":52,"column":16},"end":{"line":52,"column":17}},"15":{"start":{"line":53,"column":6},"end":{"line":61,"column":7}},"16":{"start":{"line":53,"column":19},"end":{"line":53,"column":20}},"17":{"start":{"line":54,"column":22},"end":{"line":54,"column":29}},"18":{"start":{"line":55,"column":8},"end":{"line":59,"column":9}},"19":{"start":{"line":56,"column":10},"end":{"line":58,"column":12}},"20":{"start":{"line":60,"column":8},"end":{"line":60,"column":21}},"21":{"start":{"line":62,"column":6},"end":{"line":62,"column":36}},"22":{"start":{"line":66,"column":27},"end":{"line":66,"column":28}},"23":{"start":{"line":67,"column":6},"end":{"line":70,"column":7}},"24":{"start":{"line":67,"column":19},"end":{"line":67,"column":20}},"25":{"start":{"line":68,"column":21},"end":{"line":68,"column":43}},"26":{"start":{"line":69,"column":8},"end":{"line":69,"column":38}},"27":{"start":{"line":71,"column":23},"end":{"line":71,"column":48}},"28":{"start":{"line":72,"column":6},"end":{"line":72,"column":40}},"29":{"start":{"line":83,"column":4},"end":{"line":85,"column":5}},"30":{"start":{"line":84,"column":6},"end":{"line":84,"column":76}},"31":{"start":{"line":87,"column":4},"end":{"line":89,"column":5}},"32":{"start":{"line":88,"column":6},"end":{"line":88,"column":16}},"33":{"start":{"line":91,"column":21},"end":{"line":91,"column":29}},"34":{"start":{"line":92,"column":22},"end":{"line":92,"column":33}},"35":{"start":{"line":94,"column":4},"end":{"line":98,"column":5}},"36":{"start":{"line":95,"column":6},"end":{"line":97,"column":8}},"37":{"start":{"line":100,"column":34},"end":{"line":100,"column":53}},"38":{"start":{"line":102,"column":4},"end":{"line":121,"column":5}},"39":{"start":{"line":102,"column":17},"end":{"line":102,"column":18}},"40":{"start":{"line":103,"column":6},"end":{"line":103,"column":39}},"41":{"start":{"line":105,"column":6},"end":{"line":120,"column":7}},"42":{"start":{"line":105,"column":19},"end":{"line":105,"column":20}},"43":{"start":{"line":106,"column":22},"end":{"line":106,"column":29}},"44":{"start":{"line":108,"column":8},"end":{"line":112,"column":9}},"45":{"start":{"line":109,"column":10},"end":{"line":111,"column":12}},"46":{"start":{"line":115,"column":8},"end":{"line":119,"column":9}},"47":{"start":{"line":116,"column":10},"end":{"line":116,"column":29}},"48":{"start":{"line":118,"column":10},"end":{"line":118,"column":62}},"49":{"start":{"line":123,"column":4},"end":{"line":123,"column":18}},"50":{"start":{"line":133,"column":4},"end":{"line":133,"column":16}},"51":{"start":{"line":134,"column":4},"end":{"line":134,"column":29}},"52":{"start":{"line":144,"column":4},"end":{"line":148,"column":5}},"53":{"start":{"line":145,"column":6},"end":{"line":147,"column":8}},"54":{"start":{"line":150,"column":4},"end":{"line":152,"column":5}},"55":{"start":{"line":151,"column":6},"end":{"line":151,"column":16}},"56":{"start":{"line":154,"column":21},"end":{"line":154,"column":29}},"57":{"start":{"line":155,"column":22},"end":{"line":155,"column":33}},"58":{"start":{"line":157,"column":4},"end":{"line":161,"column":5}},"59":{"start":{"line":158,"column":6},"end":{"line":160,"column":8}},"60":{"start":{"line":163,"column":36},"end":{"line":163,"column":55}},"61":{"start":{"line":165,"column":4},"end":{"line":172,"column":5}},"62":{"start":{"line":165,"column":17},"end":{"line":165,"column":18}},"63":{"start":{"line":166,"column":6},"end":{"line":166,"column":41}},"64":{"start":{"line":168,"column":6},"end":{"line":171,"column":7}},"65":{"start":{"line":168,"column":19},"end":{"line":168,"column":20}},"66":{"start":{"line":170,"column":8},"end":{"line":170,"column":62}},"67":{"start":{"line":174,"column":4},"end":{"line":174,"column":20}},"68":{"start":{"line":181,"column":4},"end":{"line":184,"column":6}},"69":{"start":{"line":191,"column":4},"end":{"line":191,"column":51}},"70":{"start":{"line":199,"column":2},"end":{"line":201,"column":3}},"71":{"start":{"line":200,"column":4},"end":{"line":200,"column":13}},"72":{"start":{"line":203,"column":19},"end":{"line":203,"column":27}},"73":{"start":{"line":204,"column":20},"end":{"line":204,"column":31}},"74":{"start":{"line":206,"column":2},"end":{"line":224,"column":3}},"75":{"start":{"line":208,"column":14},"end":{"line":208,"column":15}},"76":{"start":{"line":209,"column":4},"end":{"line":211,"column":5}},"77":{"start":{"line":209,"column":17},"end":{"line":209,"column":18}},"78":{"start":{"line":210,"column":6},"end":{"line":210,"column":32}},"79":{"start":{"line":212,"column":4},"end":{"line":212,"column":26}},"80":{"start":{"line":215,"column":14},"end":{"line":215,"column":15}},"81":{"start":{"line":216,"column":16},"end":{"line":216,"column":17}},"82":{"start":{"line":217,"column":4},"end":{"line":222,"column":5}},"83":{"start":{"line":217,"column":17},"end":{"line":217,"column":18}},"84":{"start":{"line":218,"column":6},"end":{"line":221,"column":7}},"85":{"start":{"line":218,"column":19},"end":{"line":218,"column":20}},"86":{"start":{"line":219,"column":8},"end":{"line":219,"column":23}},"87":{"start":{"line":220,"column":8},"end":{"line":220,"column":16}},"88":{"start":{"line":223,"column":4},"end":{"line":223,"column":23}},"89":{"start":{"line":231,"column":2},"end":{"line":233,"column":3}},"90":{"start":{"line":232,"column":4},"end":{"line":232,"column":13}},"91":{"start":{"line":235,"column":15},"end":{"line":235,"column":45}},"92":{"start":{"line":236,"column":19},"end":{"line":236,"column":27}},"93":{"start":{"line":237,"column":20},"end":{"line":237,"column":31}},"94":{"start":{"line":239,"column":2},"end":{"line":259,"column":3}},"95":{"start":{"line":241,"column":25},"end":{"line":241,"column":26}},"96":{"start":{"line":242,"column":4},"end":{"line":245,"column":5}},"97":{"start":{"line":242,"column":17},"end":{"line":242,"column":18}},"98":{"start":{"line":243,"column":19},"end":{"line":243,"column":44}},"99":{"start":{"line":244,"column":6},"end":{"line":244,"column":36}},"100":{"start":{"line":246,"column":4},"end":{"line":246,"column":48}},"101":{"start":{"line":249,"column":25},"end":{"line":249,"column":26}},"102":{"start":{"line":250,"column":16},"end":{"line":250,"column":17}},"103":{"start":{"line":251,"column":4},"end":{"line":257,"column":5}},"104":{"start":{"line":251,"column":17},"end":{"line":251,"column":18}},"105":{"start":{"line":252,"column":6},"end":{"line":256,"column":7}},"106":{"start":{"line":252,"column":19},"end":{"line":252,"column":20}},"107":{"start":{"line":253,"column":21},"end":{"line":253,"column":35}},"108":{"start":{"line":254,"column":8},"end":{"line":254,"column":38}},"109":{"start":{"line":255,"column":8},"end":{"line":255,"column":16}},"110":{"start":{"line":258,"column":4},"end":{"line":258,"column":45}}},"fnMap":{"0":{"name":"(anonymous_0)","decl":{"start":{"line":29,"column":2},"end":{"line":29,"column":3}},"loc":{"start":{"line":29,"column":30},"end":{"line":74,"column":3}},"line":29},"1":{"name":"(anonymous_1)","decl":{"start":{"line":82,"column":2},"end":{"line":82,"column":3}},"loc":{"start":{"line":82,"column":45},"end":{"line":124,"column":3}},"line":82},"2":{"name":"(anonymous_2)","decl":{"start":{"line":132,"column":2},"end":{"line":132,"column":3}},"loc":{"start":{"line":132,"column":48},"end":{"line":135,"column":3}},"line":132},"3":{"name":"(anonymous_3)","decl":{"start":{"line":143,"column":2},"end":{"line":143,"column":3}},"loc":{"start":{"line":143,"column":52},"end":{"line":175,"column":3}},"line":143},"4":{"name":"(anonymous_4)","decl":{"start":{"line":180,"column":2},"end":{"line":180,"column":3}},"loc":{"start":{"line":180,"column":63},"end":{"line":185,"column":3}},"line":180},"5":{"name":"(anonymous_5)","decl":{"start":{"line":190,"column":2},"end":{"line":190,"column":3}},"loc":{"start":{"line":190,"column":22},"end":{"line":192,"column":3}},"line":190},"6":{"name":"calculateMean","decl":{"start":{"line":198,"column":16},"end":{"line":198,"column":29}},"loc":{"start":{"line":198,"column":79},"end":{"line":225,"column":1}},"line":198},"7":{"name":"calculateStd","decl":{"start":{"line":230,"column":16},"end":{"line":230,"column":28}},"loc":{"start":{"line":230,"column":78},"end":{"line":260,"column":1}},"line":230}},"branchMap":{"0":{"loc":{"start":{"line":30,"column":4},"end":{"line":32,"column":5}},"type":"if","locations":[{"start":{"line":30,"column":4},"end":{"line":32,"column":5}},{"start":{},"end":{}}],"line":30},"1":{"loc":{"start":{"line":30,"column":8},"end":{"line":30,"column":28}},"type":"binary-expr","locations":[{"start":{"line":30,"column":8},"end":{"line":30,"column":10}},{"start":{"line":30,"column":14},"end":{"line":30,"column":28}}],"line":30},"2":{"loc":{"start":{"line":39,"column":6},"end":{"line":43,"column":7}},"type":"if","locations":[{"start":{"line":39,"column":6},"end":{"line":43,"column":7}},{"start":{},"end":{}}],"line":39},"3":{"loc":{"start":{"line":55,"column":8},"end":{"line":59,"column":9}},"type":"if","locations":[{"start":{"line":55,"column":8},"end":{"line":59,"column":9}},{"start":{},"end":{}}],"line":55},"4":{"loc":{"start":{"line":83,"column":4},"end":{"line":85,"column":5}},"type":"if","locations":[{"start":{"line":83,"column":4},"end":{"line":85,"column":5}},{"start":{},"end":{}}],"line":83},"5":{"loc":{"start":{"line":83,"column":8},"end":{"line":83,"column":47}},"type":"binary-expr","locations":[{"start":{"line":83,"column":8},"end":{"line":83,"column":26}},{"start":{"line":83,"column":30},"end":{"line":83,"column":47}}],"line":83},"6":{"loc":{"start":{"line":87,"column":4},"end":{"line":89,"column":5}},"type":"if","locations":[{"start":{"line":87,"column":4},"end":{"line":89,"column":5}},{"start":{},"end":{}}],"line":87},"7":{"loc":{"start":{"line":87,"column":8},"end":{"line":87,"column":28}},"type":"binary-expr","locations":[{"start":{"line":87,"column":8},"end":{"line":87,"column":10}},{"start":{"line":87,"column":14},"end":{"line":87,"column":28}}],"line":87},"8":{"loc":{"start":{"line":94,"column":4},"end":{"line":98,"column":5}},"type":"if","locations":[{"start":{"line":94,"column":4},"end":{"line":98,"column":5}},{"start":{},"end":{}}],"line":94},"9":{"loc":{"start":{"line":108,"column":8},"end":{"line":112,"column":9}},"type":"if","locations":[{"start":{"line":108,"column":8},"end":{"line":112,"column":9}},{"start":{},"end":{}}],"line":108},"10":{"loc":{"start":{"line":115,"column":8},"end":{"line":119,"column":9}},"type":"if","locations":[{"start":{"line":115,"column":8},"end":{"line":119,"column":9}},{"start":{"line":117,"column":15},"end":{"line":119,"column":9}}],"line":115},"11":{"loc":{"start":{"line":144,"column":4},"end":{"line":148,"column":5}},"type":"if","locations":[{"start":{"line":144,"column":4},"end":{"line":148,"column":5}},{"start":{},"end":{}}],"line":144},"12":{"loc":{"start":{"line":144,"column":8},"end":{"line":144,"column":47}},"type":"binary-expr","locations":[{"start":{"line":144,"column":8},"end":{"line":144,"column":26}},{"start":{"line":144,"column":30},"end":{"line":144,"column":47}}],"line":144},"13":{"loc":{"start":{"line":150,"column":4},"end":{"line":152,"column":5}},"type":"if","locations":[{"start":{"line":150,"column":4},"end":{"line":152,"column":5}},{"start":{},"end":{}}],"line":150},"14":{"loc":{"start":{"line":150,"column":8},"end":{"line":150,"column":28}},"type":"binary-expr","locations":[{"start":{"line":150,"column":8},"end":{"line":150,"column":10}},{"start":{"line":150,"column":14},"end":{"line":150,"column":28}}],"line":150},"15":{"loc":{"start":{"line":157,"column":4},"end":{"line":161,"column":5}},"type":"if","locations":[{"start":{"line":157,"column":4},"end":{"line":161,"column":5}},{"start":{},"end":{}}],"line":157},"16":{"loc":{"start":{"line":182,"column":12},"end":{"line":182,"column":45}},"type":"cond-expr","locations":[{"start":{"line":182,"column":24},"end":{"line":182,"column":38}},{"start":{"line":182,"column":41},"end":{"line":182,"column":45}}],"line":182},"17":{"loc":{"start":{"line":183,"column":11},"end":{"line":183,"column":42}},"type":"cond-expr","locations":[{"start":{"line":183,"column":22},"end":{"line":183,"column":35}},{"start":{"line":183,"column":38},"end":{"line":183,"column":42}}],"line":183},"18":{"loc":{"start":{"line":191,"column":11},"end":{"line":191,"column":50}},"type":"binary-expr","locations":[{"start":{"line":191,"column":11},"end":{"line":191,"column":29}},{"start":{"line":191,"column":33},"end":{"line":191,"column":50}}],"line":191},"19":{"loc":{"start":{"line":199,"column":2},"end":{"line":201,"column":3}},"type":"if","locations":[{"start":{"line":199,"column":2},"end":{"line":201,"column":3}},{"start":{},"end":{}}],"line":199},"20":{"loc":{"start":{"line":199,"column":6},"end":{"line":199,"column":26}},"type":"binary-expr","locations":[{"start":{"line":199,"column":6},"end":{"line":199,"column":8}},{"start":{"line":199,"column":12},"end":{"line":199,"column":26}}],"line":199},"21":{"loc":{"start":{"line":206,"column":2},"end":{"line":224,"column":3}},"type":"if","locations":[{"start":{"line":206,"column":2},"end":{"line":224,"column":3}},{"start":{"line":213,"column":9},"end":{"line":224,"column":3}}],"line":206},"22":{"loc":{"start":{"line":231,"column":2},"end":{"line":233,"column":3}},"type":"if","locations":[{"start":{"line":231,"column":2},"end":{"line":233,"column":3}},{"start":{},"end":{}}],"line":231},"23":{"loc":{"start":{"line":231,"column":6},"end":{"line":231,"column":26}},"type":"binary-expr","locations":[{"start":{"line":231,"column":6},"end":{"line":231,"column":8}},{"start":{"line":231,"column":12},"end":{"line":231,"column":26}}],"line":231},"24":{"loc":{"start":{"line":239,"column":2},"end":{"line":259,"column":3}},"type":"if","locations":[{"start":{"line":239,"column":2},"end":{"line":259,"column":3}},{"start":{"line":247,"column":9},"end":{"line":259,"column":3}}],"line":239}},"s":{"0":111,"1":111,"2":110,"3":1,"4":109,"5":109,"6":109,"7":109,"8":1956,"9":1,"10":108,"11":108,"12":108,"13":108,"14":773,"15":773,"16":773,"17":16252,"18":16252,"19":1,"20":16251,"21":772,"22":772,"23":772,"24":772,"25":16250,"26":16250,"27":772,"28":772,"29":197,"30":1,"31":196,"32":0,"33":196,"34":196,"35":196,"36":1,"37":195,"38":195,"39":195,"40":2142,"41":2142,"42":2142,"43":16980,"44":16980,"45":0,"46":16980,"47":4364,"48":12616,"49":195,"50":98,"51":98,"52":1,"53":0,"54":1,"55":0,"56":1,"57":1,"58":1,"59":0,"60":1,"61":1,"62":1,"63":3,"64":3,"65":3,"66":3,"67":1,"68":9,"69":2,"70":18,"71":0,"72":18,"73":18,"74":18,"75":15,"76":15,"77":15,"78":35,"79":15,"80":3,"81":3,"82":3,"83":3,"84":8,"85":8,"86":10,"87":10,"88":3,"89":8,"90":0,"91":8,"92":8,"93":8,"94":8,"95":7,"96":7,"97":7,"98":17,"99":17,"100":7,"101":1,"102":1,"103":1,"104":1,"105":3,"106":3,"107":3,"108":3,"109":3,"110":1},"f":{"0":110,"1":197,"2":98,"3":1,"4":9,"5":2,"6":18,"7":8},"b":{"0":[1,109],"1":[110,110],"2":[1,1955],"3":[1,16251],"4":[1,196],"5":[197,196],"6":[0,196],"7":[196,196],"8":[1,195],"9":[0,16980],"10":[4364,12616],"11":[0,1],"12":[1,1],"13":[0,1],"14":[1,1],"15":[0,1],"16":[9,0],"17":[9,0],"18":[2,1],"19":[0,18],"20":[18,18],"21":[15,3],"22":[0,8],"23":[8,8],"24":[7,1]},"_coverageSchema":"1a1c01bbd47fc00a2c39e90264f33305004495a9","hash":"876c828ca476c4722bf8b978cc9694dc0bdd61bd"}
,"/root/react-stocks/src/ml/prediction/types.ts": {"path":"/root/react-stocks/src/ml/prediction/types.ts","statementMap":{},"fnMap":{},"branchMap":{},"s":{},"f":{},"b":{}}
}
