{"/root/react-stocks/src/components/common/DateRangePicker.tsx": {"path":"/root/react-stocks/src/components/common/DateRangePicker.tsx","statementMap":{"0":{"start":{"line":24,"column":32},"end":{"line":24,"column":47}},"1":{"start":{"line":26,"column":20},"end":{"line":28,"column":3}},"2":{"start":{"line":27,"column":4},"end":{"line":27,"column":22}},"3":{"start":{"line":30,"column":20},"end":{"line":38,"column":3}},"4":{"start":{"line":31,"column":4},"end":{"line":31,"column":22}},"5":{"start":{"line":32,"column":4},"end":{"line":37,"column":5}},"6":{"start":{"line":34,"column":23},"end":{"line":34,"column":50}},"7":{"start":{"line":35,"column":21},"end":{"line":35,"column":46}},"8":{"start":{"line":36,"column":6},"end":{"line":36,"column":42}},"9":{"start":{"line":40,"column":28},"end":{"line":48,"column":3}},"10":{"start":{"line":41,"column":4},"end":{"line":41,"column":40}},"11":{"start":{"line":41,"column":18},"end":{"line":41,"column":40}},"12":{"start":{"line":42,"column":4},"end":{"line":47,"column":5}},"13":{"start":{"line":43,"column":19},"end":{"line":43,"column":36}},"14":{"start":{"line":44,"column":6},"end":{"line":44,"column":42}},"15":{"start":{"line":46,"column":6},"end":{"line":46,"column":28}},"16":{"start":{"line":50,"column":2},"end":{"line":95,"column":4}},"17":{"start":{"line":78,"column":23},"end":{"line":78,"column":39}},"18":{"start":{"line":98,"column":15},"end":{"line":128,"column":2}}},"fnMap":{"0":{"name":"DateRangePicker","decl":{"start":{"line":19,"column":16},"end":{"line":19,"column":31}},"loc":{"start":{"line":23,"column":25},"end":{"line":96,"column":1}},"line":23},"1":{"name":"(anonymous_1)","decl":{"start":{"line":26,"column":20},"end":{"line":26,"column":21}},"loc":{"start":{"line":26,"column":26},"end":{"line":28,"column":3}},"line":26},"2":{"name":"(anonymous_2)","decl":{"start":{"line":30,"column":20},"end":{"line":30,"column":21}},"loc":{"start":{"line":30,"column":98},"end":{"line":38,"column":3}},"line":30},"3":{"name":"(anonymous_3)","decl":{"start":{"line":40,"column":28},"end":{"line":40,"column":29}},"loc":{"start":{"line":40,"column":50},"end":{"line":48,"column":3}},"line":40},"4":{"name":"(anonymous_4)","decl":{"start":{"line":78,"column":17},"end":{"line":78,"column":18}},"loc":{"start":{"line":78,"column":23},"end":{"line":78,"column":39}},"line":78}},"branchMap":{"0":{"loc":{"start":{"line":32,"column":4},"end":{"line":37,"column":5}},"type":"if","locations":[{"start":{"line":32,"column":4},"end":{"line":37,"column":5}},{"start":{},"end":{}}],"line":32},"1":{"loc":{"start":{"line":32,"column":8},"end":{"line":32,"column":20}},"type":"binary-expr","locations":[{"start":{"line":32,"column":8},"end":{"line":32,"column":13}},{"start":{"line":32,"column":17},"end":{"line":32,"column":20}}],"line":32},"2":{"loc":{"start":{"line":41,"column":4},"end":{"line":41,"column":40}},"type":"if","locations":[{"start":{"line":41,"column":4},"end":{"line":41,"column":40}},{"start":{},"end":{}}],"line":41},"3":{"loc":{"start":{"line":90,"column":19},"end":{"line":90,"column":62}},"type":"cond-expr","locations":[{"start":{"line":90,"column":31},"end":{"line":90,"column":50}},{"start":{"line":90,"column":53},"end":{"line":90,"column":62}}],"line":90},"4":{"loc":{"start":{"line":91,"column":17},"end":{"line":91,"column":56}},"type":"cond-expr","locations":[{"start":{"line":91,"column":27},"end":{"line":91,"column":44}},{"start":{"line":91,"column":47},"end":{"line":91,"column":56}}],"line":91}},"s":{"0":0,"1":0,"2":0,"3":0,"4":0,"5":0,"6":0,"7":0,"8":0,"9":0,"10":0,"11":0,"12":0,"13":0,"14":0,"15":0,"16":0,"17":0,"18":0},"f":{"0":0,"1":0,"2":0,"3":0,"4":0},"b":{"0":[0,0],"1":[0,0],"2":[0,0],"3":[0,0],"4":[0,0]}}
,"/root/react-stocks/src/components/common/EmptyState.tsx": {"path":"/root/react-stocks/src/components/common/EmptyState.tsx","statementMap":{"0":{"start":{"line":21,"column":2},"end":{"line":27,"column":4}},"1":{"start":{"line":30,"column":15},"end":{"line":50,"column":2}}},"fnMap":{"0":{"name":"EmptyState","decl":{"start":{"line":16,"column":16},"end":{"line":16,"column":26}},"loc":{"start":{"line":20,"column":20},"end":{"line":28,"column":1}},"line":20}},"branchMap":{"0":{"loc":{"start":{"line":18,"column":2},"end":{"line":18,"column":28}},"type":"default-arg","locations":[{"start":{"line":18,"column":9},"end":{"line":18,"column":28}}],"line":18},"1":{"loc":{"start":{"line":25,"column":7},"end":{"line":25,"column":75}},"type":"binary-expr","locations":[{"start":{"line":25,"column":7},"end":{"line":25,"column":18}},{"start":{"line":25,"column":22},"end":{"line":25,"column":75}}],"line":25}},"s":{"0":0,"1":0},"f":{"0":0},"b":{"0":[0],"1":[0,0]}}
,"/root/react-stocks/src/components/common/ErrorBoundary.tsx": {"path":"/root/react-stocks/src/components/common/ErrorBoundary.tsx","statementMap":{"0":{"start":{"line":24,"column":4},"end":{"line":24,"column":17}},"1":{"start":{"line":25,"column":4},"end":{"line":29,"column":6}},"2":{"start":{"line":34,"column":4},"end":{"line":34,"column":30}},"3":{"start":{"line":39,"column":4},"end":{"line":39,"column":71}},"4":{"start":{"line":42,"column":4},"end":{"line":45,"column":7}},"5":{"start":{"line":51,"column":16},"end":{"line":57,"column":3}},"6":{"start":{"line":52,"column":4},"end":{"line":56,"column":7}},"7":{"start":{"line":60,"column":4},"end":{"line":99,"column":5}},"8":{"start":{"line":61,"column":6},"end":{"line":98,"column":8}},"9":{"start":{"line":101,"column":4},"end":{"line":101,"column":31}},"10":{"start":{"line":105,"column":15},"end":{"line":172,"column":2}}},"fnMap":{"0":{"name":"(anonymous_0)","decl":{"start":{"line":23,"column":2},"end":{"line":23,"column":3}},"loc":{"start":{"line":23,"column":28},"end":{"line":30,"column":3}},"line":23},"1":{"name":"(anonymous_1)","decl":{"start":{"line":32,"column":2},"end":{"line":32,"column":3}},"loc":{"start":{"line":32,"column":64},"end":{"line":35,"column":3}},"line":32},"2":{"name":"(anonymous_2)","decl":{"start":{"line":37,"column":2},"end":{"line":37,"column":3}},"loc":{"start":{"line":37,"column":62},"end":{"line":49,"column":3}},"line":37},"3":{"name":"(anonymous_3)","decl":{"start":{"line":51,"column":16},"end":{"line":51,"column":17}},"loc":{"start":{"line":51,"column":22},"end":{"line":57,"column":3}},"line":51},"4":{"name":"(anonymous_4)","decl":{"start":{"line":59,"column":2},"end":{"line":59,"column":3}},"loc":{"start":{"line":59,"column":11},"end":{"line":102,"column":3}},"line":59}},"branchMap":{"0":{"loc":{"start":{"line":60,"column":4},"end":{"line":99,"column":5}},"type":"if","locations":[{"start":{"line":60,"column":4},"end":{"line":99,"column":5}},{"start":{},"end":{}}],"line":60},"1":{"loc":{"start":{"line":74,"column":13},"end":{"line":82,"column":13}},"type":"binary-expr","locations":[{"start":{"line":74,"column":13},"end":{"line":74,"column":20}},{"start":{"line":74,"column":24},"end":{"line":74,"column":40}},{"start":{"line":75,"column":14},"end":{"line":81,"column":21}}],"line":74},"2":{"loc":{"start":{"line":78,"column":17},"end":{"line":80,"column":17}},"type":"binary-expr","locations":[{"start":{"line":78,"column":17},"end":{"line":78,"column":37}},{"start":{"line":79,"column":18},"end":{"line":79,"column":94}}],"line":78}},"s":{"0":0,"1":0,"2":0,"3":0,"4":0,"5":0,"6":0,"7":0,"8":0,"9":0,"10":0},"f":{"0":0,"1":0,"2":0,"3":0,"4":0},"b":{"0":[0,0],"1":[0,0,0],"2":[0,0]}}
,"/root/react-stocks/src/components/common/ErrorDisplay.tsx": {"path":"/root/react-stocks/src/components/common/ErrorDisplay.tsx","statementMap":{"0":{"start":{"line":17,"column":23},"end":{"line":17,"column":104}},"1":{"start":{"line":19,"column":2},"end":{"line":29,"column":4}},"2":{"start":{"line":32,"column":15},"end":{"line":55,"column":2}}},"fnMap":{"0":{"name":"ErrorDisplay","decl":{"start":{"line":16,"column":16},"end":{"line":16,"column":28}},"loc":{"start":{"line":16,"column":100},"end":{"line":30,"column":1}},"line":16}},"branchMap":{"0":{"loc":{"start":{"line":16,"column":47},"end":{"line":16,"column":77}},"type":"default-arg","locations":[{"start":{"line":16,"column":55},"end":{"line":16,"column":77}}],"line":16},"1":{"loc":{"start":{"line":17,"column":23},"end":{"line":17,"column":104}},"type":"cond-expr","locations":[{"start":{"line":17,"column":51},"end":{"line":17,"column":56}},{"start":{"line":17,"column":59},"end":{"line":17,"column":104}}],"line":17},"2":{"loc":{"start":{"line":17,"column":59},"end":{"line":17,"column":104}},"type":"binary-expr","locations":[{"start":{"line":17,"column":59},"end":{"line":17,"column":73}},{"start":{"line":17,"column":77},"end":{"line":17,"column":104}}],"line":17},"3":{"loc":{"start":{"line":23,"column":7},"end":{"line":27,"column":7}},"type":"binary-expr","locations":[{"start":{"line":23,"column":7},"end":{"line":23,"column":14}},{"start":{"line":24,"column":8},"end":{"line":26,"column":17}}],"line":23}},"s":{"0":0,"1":0,"2":0},"f":{"0":0},"b":{"0":[0],"1":[0,0],"2":[0,0],"3":[0,0]}}
,"/root/react-stocks/src/components/common/LoadingIndicator.tsx": {"path":"/root/react-stocks/src/components/common/LoadingIndicator.tsx","statementMap":{"0":{"start":{"line":15,"column":20},"end":{"line":15,"column":57}},"1":{"start":{"line":17,"column":2},"end":{"line":38,"column":18}},"2":{"start":{"line":18,"column":18},"end":{"line":31,"column":5}},"3":{"start":{"line":33,"column":4},"end":{"line":33,"column":18}},"4":{"start":{"line":35,"column":4},"end":{"line":37,"column":6}},"5":{"start":{"line":36,"column":6},"end":{"line":36,"column":19}},"6":{"start":{"line":40,"column":2},"end":{"line":51,"column":4}},"7":{"start":{"line":54,"column":15},"end":{"line":67,"column":2}}},"fnMap":{"0":{"name":"LoadingIndicator","decl":{"start":{"line":14,"column":16},"end":{"line":14,"column":32}},"loc":{"start":{"line":14,"column":85},"end":{"line":52,"column":1}},"line":14},"1":{"name":"(anonymous_1)","decl":{"start":{"line":17,"column":12},"end":{"line":17,"column":13}},"loc":{"start":{"line":17,"column":18},"end":{"line":38,"column":3}},"line":17},"2":{"name":"(anonymous_2)","decl":{"start":{"line":35,"column":11},"end":{"line":35,"column":12}},"loc":{"start":{"line":35,"column":17},"end":{"line":37,"column":5}},"line":35}},"branchMap":{"0":{"loc":{"start":{"line":14,"column":44},"end":{"line":14,"column":58}},"type":"default-arg","locations":[{"start":{"line":14,"column":51},"end":{"line":14,"column":58}}],"line":14},"1":{"loc":{"start":{"line":45,"column":7},"end":{"line":49,"column":7}},"type":"binary-expr","locations":[{"start":{"line":45,"column":7},"end":{"line":45,"column":14}},{"start":{"line":46,"column":8},"end":{"line":48,"column":24}}],"line":45}},"s":{"0":0,"1":0,"2":0,"3":0,"4":0,"5":0,"6":0,"7":0},"f":{"0":0,"1":0,"2":0},"b":{"0":[0],"1":[0,0]}}
,"/root/react-stocks/src/components/common/NewsCard.tsx": {"path":"/root/react-stocks/src/components/common/NewsCard.tsx","statementMap":{"0":{"start":{"line":17,"column":22},"end":{"line":23,"column":3}},"1":{"start":{"line":18,"column":4},"end":{"line":22,"column":5}},"2":{"start":{"line":19,"column":6},"end":{"line":21,"column":9}},"3":{"start":{"line":20,"column":8},"end":{"line":20,"column":51}},"4":{"start":{"line":25,"column":2},"end":{"line":44,"column":4}},"5":{"start":{"line":47,"column":15},"end":{"line":78,"column":2}}},"fnMap":{"0":{"name":"NewsCard","decl":{"start":{"line":16,"column":16},"end":{"line":16,"column":24}},"loc":{"start":{"line":16,"column":53},"end":{"line":45,"column":1}},"line":16},"1":{"name":"(anonymous_1)","decl":{"start":{"line":17,"column":22},"end":{"line":17,"column":23}},"loc":{"start":{"line":17,"column":28},"end":{"line":23,"column":3}},"line":17},"2":{"name":"(anonymous_2)","decl":{"start":{"line":19,"column":48},"end":{"line":19,"column":49}},"loc":{"start":{"line":19,"column":59},"end":{"line":21,"column":7}},"line":19}},"branchMap":{"0":{"loc":{"start":{"line":18,"column":4},"end":{"line":22,"column":5}},"type":"if","locations":[{"start":{"line":18,"column":4},"end":{"line":22,"column":5}},{"start":{},"end":{}}],"line":18},"1":{"loc":{"start":{"line":37,"column":9},"end":{"line":41,"column":9}},"type":"binary-expr","locations":[{"start":{"line":37,"column":9},"end":{"line":37,"column":35}},{"start":{"line":38,"column":10},"end":{"line":40,"column":17}}],"line":37}},"s":{"0":0,"1":0,"2":0,"3":0,"4":0,"5":0},"f":{"0":0,"1":0,"2":0},"b":{"0":[0,0],"1":[0,0]}}
,"/root/react-stocks/src/components/common/OfflineIndicator.tsx": {"path":"/root/react-stocks/src/components/common/OfflineIndicator.tsx","statementMap":{"0":{"start":{"line":12,"column":26},"end":{"line":12,"column":44}},"1":{"start":{"line":14,"column":2},"end":{"line":16,"column":3}},"2":{"start":{"line":15,"column":4},"end":{"line":15,"column":16}},"3":{"start":{"line":18,"column":2},"end":{"line":23,"column":4}},"4":{"start":{"line":26,"column":15},"end":{"line":41,"column":2}}},"fnMap":{"0":{"name":"OfflineIndicator","decl":{"start":{"line":11,"column":16},"end":{"line":11,"column":32}},"loc":{"start":{"line":11,"column":35},"end":{"line":24,"column":1}},"line":11}},"branchMap":{"0":{"loc":{"start":{"line":14,"column":2},"end":{"line":16,"column":3}},"type":"if","locations":[{"start":{"line":14,"column":2},"end":{"line":16,"column":3}},{"start":{},"end":{}}],"line":14}},"s":{"0":0,"1":0,"2":0,"3":0,"4":0},"f":{"0":0},"b":{"0":[0,0]}}
,"/root/react-stocks/src/components/common/SentimentChip.tsx": {"path":"/root/react-stocks/src/components/common/SentimentChip.tsx","statementMap":{"0":{"start":{"line":18,"column":31},"end":{"line":29,"column":3}},"1":{"start":{"line":19,"column":4},"end":{"line":28,"column":5}},"2":{"start":{"line":21,"column":8},"end":{"line":21,"column":50}},"3":{"start":{"line":23,"column":8},"end":{"line":23,"column":50}},"4":{"start":{"line":25,"column":8},"end":{"line":25,"column":50}},"5":{"start":{"line":27,"column":8},"end":{"line":27,"column":50}},"6":{"start":{"line":31,"column":24},"end":{"line":40,"column":3}},"7":{"start":{"line":32,"column":4},"end":{"line":39,"column":5}},"8":{"start":{"line":34,"column":8},"end":{"line":34,"column":58}},"9":{"start":{"line":36,"column":8},"end":{"line":36,"column":59}},"10":{"start":{"line":38,"column":8},"end":{"line":38,"column":59}},"11":{"start":{"line":42,"column":17},"end":{"line":42,"column":48}},"12":{"start":{"line":43,"column":21},"end":{"line":43,"column":36}},"13":{"start":{"line":45,"column":2},"end":{"line":69,"column":4}},"14":{"start":{"line":72,"column":15},"end":{"line":80,"column":2}}},"fnMap":{"0":{"name":"SentimentChip","decl":{"start":{"line":17,"column":16},"end":{"line":17,"column":29}},"loc":{"start":{"line":17,"column":89},"end":{"line":70,"column":1}},"line":17},"1":{"name":"(anonymous_1)","decl":{"start":{"line":18,"column":31},"end":{"line":18,"column":32}},"loc":{"start":{"line":18,"column":58},"end":{"line":29,"column":3}},"line":18},"2":{"name":"(anonymous_2)","decl":{"start":{"line":31,"column":24},"end":{"line":31,"column":25}},"loc":{"start":{"line":31,"column":30},"end":{"line":40,"column":3}},"line":31}},"branchMap":{"0":{"loc":{"start":{"line":17,"column":50},"end":{"line":17,"column":65}},"type":"default-arg","locations":[{"start":{"line":17,"column":57},"end":{"line":17,"column":65}}],"line":17},"1":{"loc":{"start":{"line":19,"column":4},"end":{"line":28,"column":5}},"type":"switch","locations":[{"start":{"line":20,"column":6},"end":{"line":21,"column":50}},{"start":{"line":22,"column":6},"end":{"line":23,"column":50}},{"start":{"line":24,"column":6},"end":{"line":25,"column":50}},{"start":{"line":26,"column":6},"end":{"line":27,"column":50}}],"line":19},"2":{"loc":{"start":{"line":32,"column":4},"end":{"line":39,"column":5}},"type":"switch","locations":[{"start":{"line":33,"column":6},"end":{"line":34,"column":58}},{"start":{"line":35,"column":6},"end":{"line":36,"column":59}},{"start":{"line":37,"column":6},"end":{"line":38,"column":59}}],"line":32},"3":{"loc":{"start":{"line":66,"column":9},"end":{"line":66,"column":56}},"type":"binary-expr","locations":[{"start":{"line":66,"column":9},"end":{"line":66,"column":28}},{"start":{"line":66,"column":32},"end":{"line":66,"column":56}}],"line":66}},"s":{"0":0,"1":0,"2":0,"3":0,"4":0,"5":0,"6":0,"7":0,"8":0,"9":0,"10":0,"11":0,"12":0,"13":0,"14":0},"f":{"0":0,"1":0,"2":0},"b":{"0":[0],"1":[0,0,0,0],"2":[0,0,0],"3":[0,0]}}
,"/root/react-stocks/src/components/common/StockCard.tsx": {"path":"/root/react-stocks/src/components/common/StockCard.tsx","statementMap":{"0":{"start":{"line":20,"column":21},"end":{"line":20,"column":46}},"1":{"start":{"line":21,"column":22},"end":{"line":21,"column":56}},"2":{"start":{"line":23,"column":2},"end":{"line":65,"column":4}},"3":{"start":{"line":68,"column":15},"end":{"line":116,"column":2}}},"fnMap":{"0":{"name":"StockCard","decl":{"start":{"line":18,"column":16},"end":{"line":18,"column":25}},"loc":{"start":{"line":18,"column":62},"end":{"line":66,"column":1}},"line":18}},"branchMap":{"0":{"loc":{"start":{"line":21,"column":22},"end":{"line":21,"column":56}},"type":"cond-expr","locations":[{"start":{"line":21,"column":35},"end":{"line":21,"column":44}},{"start":{"line":21,"column":47},"end":{"line":21,"column":56}}],"line":21},"1":{"loc":{"start":{"line":29,"column":13},"end":{"line":29,"column":35}},"type":"cond-expr","locations":[{"start":{"line":29,"column":26},"end":{"line":29,"column":29}},{"start":{"line":29,"column":32},"end":{"line":29,"column":35}}],"line":29}},"s":{"0":0,"1":0,"2":0,"3":0},"f":{"0":0},"b":{"0":[0,0],"1":[0,0]}}
,"/root/react-stocks/src/components/common/SuccessFeedback.tsx": {"path":"/root/react-stocks/src/components/common/SuccessFeedback.tsx","statementMap":{"0":{"start":{"line":18,"column":20},"end":{"line":18,"column":57}},"1":{"start":{"line":19,"column":22},"end":{"line":19,"column":59}},"2":{"start":{"line":21,"column":2},"end":{"line":59,"column":52}},"3":{"start":{"line":22,"column":4},"end":{"line":58,"column":5}},"4":{"start":{"line":23,"column":6},"end":{"line":54,"column":9}},"5":{"start":{"line":38,"column":8},"end":{"line":53,"column":17}},"6":{"start":{"line":39,"column":10},"end":{"line":52,"column":13}},"7":{"start":{"line":51,"column":12},"end":{"line":51,"column":27}},"8":{"start":{"line":56,"column":6},"end":{"line":56,"column":28}},"9":{"start":{"line":57,"column":6},"end":{"line":57,"column":30}},"10":{"start":{"line":61,"column":2},"end":{"line":61,"column":28}},"11":{"start":{"line":61,"column":16},"end":{"line":61,"column":28}},"12":{"start":{"line":63,"column":2},"end":{"line":80,"column":4}},"13":{"start":{"line":83,"column":15},"end":{"line":112,"column":2}}},"fnMap":{"0":{"name":"SuccessFeedback","decl":{"start":{"line":17,"column":16},"end":{"line":17,"column":31}},"loc":{"start":{"line":17,"column":88},"end":{"line":81,"column":1}},"line":17},"1":{"name":"(anonymous_1)","decl":{"start":{"line":21,"column":12},"end":{"line":21,"column":13}},"loc":{"start":{"line":21,"column":18},"end":{"line":59,"column":3}},"line":21},"2":{"name":"(anonymous_2)","decl":{"start":{"line":36,"column":15},"end":{"line":36,"column":16}},"loc":{"start":{"line":36,"column":21},"end":{"line":54,"column":7}},"line":36},"3":{"name":"(anonymous_3)","decl":{"start":{"line":38,"column":19},"end":{"line":38,"column":20}},"loc":{"start":{"line":38,"column":25},"end":{"line":53,"column":9}},"line":38},"4":{"name":"(anonymous_4)","decl":{"start":{"line":50,"column":19},"end":{"line":50,"column":20}},"loc":{"start":{"line":50,"column":25},"end":{"line":52,"column":11}},"line":50}},"branchMap":{"0":{"loc":{"start":{"line":22,"column":4},"end":{"line":58,"column":5}},"type":"if","locations":[{"start":{"line":22,"column":4},"end":{"line":58,"column":5}},{"start":{"line":55,"column":11},"end":{"line":58,"column":5}}],"line":22},"1":{"loc":{"start":{"line":61,"column":2},"end":{"line":61,"column":28}},"type":"if","locations":[{"start":{"line":61,"column":2},"end":{"line":61,"column":28}},{"start":{},"end":{}}],"line":61},"2":{"loc":{"start":{"line":77,"column":9},"end":{"line":77,"column":65}},"type":"binary-expr","locations":[{"start":{"line":77,"column":9},"end":{"line":77,"column":16}},{"start":{"line":77,"column":20},"end":{"line":77,"column":65}}],"line":77}},"s":{"0":0,"1":0,"2":0,"3":0,"4":0,"5":0,"6":0,"7":0,"8":0,"9":0,"10":0,"11":0,"12":0,"13":0},"f":{"0":0,"1":0,"2":0,"3":0,"4":0},"b":{"0":[0,0],"1":[0,0],"2":[0,0]}}
,"/root/react-stocks/src/components/common/index.ts": {"path":"/root/react-stocks/src/components/common/index.ts","statementMap":{},"fnMap":{},"branchMap":{},"s":{},"f":{},"b":{}}
,"/root/react-stocks/src/components/news/NewsListItem.tsx": {"path":"/root/react-stocks/src/components/news/NewsListItem.tsx","statementMap":{"0":{"start":{"line":16,"column":57},"end":{"line":86,"column":2}},"1":{"start":{"line":17,"column":16},"end":{"line":17,"column":26}},"2":{"start":{"line":19,"column":22},"end":{"line":38,"column":3}},"3":{"start":{"line":20,"column":16},"end":{"line":20,"column":31}},"4":{"start":{"line":22,"column":4},"end":{"line":25,"column":5}},"5":{"start":{"line":23,"column":6},"end":{"line":23,"column":64}},"6":{"start":{"line":24,"column":6},"end":{"line":24,"column":13}},"7":{"start":{"line":27,"column":4},"end":{"line":37,"column":5}},"8":{"start":{"line":28,"column":22},"end":{"line":28,"column":51}},"9":{"start":{"line":29,"column":6},"end":{"line":33,"column":7}},"10":{"start":{"line":30,"column":8},"end":{"line":30,"column":35}},"11":{"start":{"line":32,"column":8},"end":{"line":32,"column":64}},"12":{"start":{"line":35,"column":6},"end":{"line":35,"column":49}},"13":{"start":{"line":36,"column":6},"end":{"line":36,"column":64}},"14":{"start":{"line":40,"column":2},"end":{"line":85,"column":4}},"15":{"start":{"line":88,"column":0},"end":{"line":88,"column":42}},"16":{"start":{"line":90,"column":15},"end":{"line":117,"column":2}}},"fnMap":{"0":{"name":"(anonymous_0)","decl":{"start":{"line":16,"column":68},"end":{"line":16,"column":69}},"loc":{"start":{"line":16,"column":82},"end":{"line":86,"column":1}},"line":16},"1":{"name":"(anonymous_1)","decl":{"start":{"line":19,"column":22},"end":{"line":19,"column":23}},"loc":{"start":{"line":19,"column":34},"end":{"line":38,"column":3}},"line":19}},"branchMap":{"0":{"loc":{"start":{"line":22,"column":4},"end":{"line":25,"column":5}},"type":"if","locations":[{"start":{"line":22,"column":4},"end":{"line":25,"column":5}},{"start":{},"end":{}}],"line":22},"1":{"loc":{"start":{"line":29,"column":6},"end":{"line":33,"column":7}},"type":"if","locations":[{"start":{"line":29,"column":6},"end":{"line":33,"column":7}},{"start":{"line":31,"column":13},"end":{"line":33,"column":7}}],"line":29},"2":{"loc":{"start":{"line":73,"column":11},"end":{"line":81,"column":11}},"type":"binary-expr","locations":[{"start":{"line":73,"column":11},"end":{"line":73,"column":34}},{"start":{"line":74,"column":12},"end":{"line":80,"column":19}}],"line":73}},"s":{"0":0,"1":0,"2":0,"3":0,"4":0,"5":0,"6":0,"7":0,"8":0,"9":0,"10":0,"11":0,"12":0,"13":0,"14":0,"15":0,"16":0},"f":{"0":0,"1":0},"b":{"0":[0,0],"1":[0,0],"2":[0,0]}}
,"/root/react-stocks/src/components/portfolio/AddStockButton.tsx": {"path":"/root/react-stocks/src/components/portfolio/AddStockButton.tsx","statementMap":{"0":{"start":{"line":15,"column":2},"end":{"line":25,"column":4}},"1":{"start":{"line":28,"column":15},"end":{"line":36,"column":2}}},"fnMap":{"0":{"name":"AddStockButton","decl":{"start":{"line":14,"column":16},"end":{"line":14,"column":30}},"loc":{"start":{"line":14,"column":65},"end":{"line":26,"column":1}},"line":14}},"branchMap":{},"s":{"0":0,"1":0},"f":{"0":0},"b":{}}
,"/root/react-stocks/src/components/portfolio/PortfolioItem.tsx": {"path":"/root/react-stocks/src/components/portfolio/PortfolioItem.tsx","statementMap":{"0":{"start":{"line":19,"column":29},"end":{"line":23,"column":3}},"1":{"start":{"line":20,"column":21},"end":{"line":20,"column":74}},"2":{"start":{"line":21,"column":4},"end":{"line":21,"column":42}},"3":{"start":{"line":21,"column":25},"end":{"line":21,"column":42}},"4":{"start":{"line":22,"column":4},"end":{"line":22,"column":49}},"5":{"start":{"line":25,"column":27},"end":{"line":30,"column":3}},"6":{"start":{"line":26,"column":21},"end":{"line":26,"column":74}},"7":{"start":{"line":27,"column":4},"end":{"line":27,"column":38}},"8":{"start":{"line":27,"column":25},"end":{"line":27,"column":38}},"9":{"start":{"line":28,"column":17},"end":{"line":28,"column":41}},"10":{"start":{"line":29,"column":4},"end":{"line":29,"column":44}},"11":{"start":{"line":32,"column":2},"end":{"line":113,"column":4}},"12":{"start":{"line":116,"column":15},"end":{"line":163,"column":2}}},"fnMap":{"0":{"name":"PortfolioItem","decl":{"start":{"line":18,"column":16},"end":{"line":18,"column":29}},"loc":{"start":{"line":18,"column":79},"end":{"line":114,"column":1}},"line":18},"1":{"name":"(anonymous_1)","decl":{"start":{"line":19,"column":29},"end":{"line":19,"column":30}},"loc":{"start":{"line":19,"column":65},"end":{"line":23,"column":3}},"line":19},"2":{"name":"(anonymous_2)","decl":{"start":{"line":25,"column":27},"end":{"line":25,"column":28}},"loc":{"start":{"line":25,"column":63},"end":{"line":30,"column":3}},"line":25}},"branchMap":{"0":{"loc":{"start":{"line":20,"column":21},"end":{"line":20,"column":74}},"type":"cond-expr","locations":[{"start":{"line":20,"column":49},"end":{"line":20,"column":66}},{"start":{"line":20,"column":69},"end":{"line":20,"column":74}}],"line":20},"1":{"loc":{"start":{"line":21,"column":4},"end":{"line":21,"column":42}},"type":"if","locations":[{"start":{"line":21,"column":4},"end":{"line":21,"column":42}},{"start":{},"end":{}}],"line":21},"2":{"loc":{"start":{"line":22,"column":11},"end":{"line":22,"column":48}},"type":"cond-expr","locations":[{"start":{"line":22,"column":27},"end":{"line":22,"column":36}},{"start":{"line":22,"column":39},"end":{"line":22,"column":48}}],"line":22},"3":{"loc":{"start":{"line":26,"column":21},"end":{"line":26,"column":74}},"type":"cond-expr","locations":[{"start":{"line":26,"column":49},"end":{"line":26,"column":66}},{"start":{"line":26,"column":69},"end":{"line":26,"column":74}}],"line":26},"4":{"loc":{"start":{"line":27,"column":4},"end":{"line":27,"column":38}},"type":"if","locations":[{"start":{"line":27,"column":4},"end":{"line":27,"column":38}},{"start":{},"end":{}}],"line":27},"5":{"loc":{"start":{"line":28,"column":17},"end":{"line":28,"column":41}},"type":"cond-expr","locations":[{"start":{"line":28,"column":33},"end":{"line":28,"column":36}},{"start":{"line":28,"column":39},"end":{"line":28,"column":41}}],"line":28},"6":{"loc":{"start":{"line":36,"column":45},"end":{"line":36,"column":65}},"type":"binary-expr","locations":[{"start":{"line":36,"column":45},"end":{"line":36,"column":54}},{"start":{"line":36,"column":58},"end":{"line":36,"column":65}}],"line":36},"7":{"loc":{"start":{"line":59,"column":15},"end":{"line":63,"column":15}},"type":"binary-expr","locations":[{"start":{"line":59,"column":15},"end":{"line":59,"column":24}},{"start":{"line":60,"column":16},"end":{"line":62,"column":23}}],"line":59}},"s":{"0":0,"1":0,"2":0,"3":0,"4":0,"5":0,"6":0,"7":0,"8":0,"9":0,"10":0,"11":0,"12":0},"f":{"0":0,"1":0,"2":0},"b":{"0":[0,0],"1":[0,0],"2":[0,0],"3":[0,0],"4":[0,0],"5":[0,0],"6":[0,0],"7":[0,0]}}
,"/root/react-stocks/src/components/search/SearchBar.tsx": {"path":"/root/react-stocks/src/components/search/SearchBar.tsx","statementMap":{"0":{"start":{"line":16,"column":40},"end":{"line":16,"column":52}},"1":{"start":{"line":19,"column":2},"end":{"line":25,"column":36}},"2":{"start":{"line":20,"column":18},"end":{"line":22,"column":11}},"3":{"start":{"line":21,"column":6},"end":{"line":21,"column":34}},"4":{"start":{"line":24,"column":4},"end":{"line":24,"column":37}},"5":{"start":{"line":24,"column":17},"end":{"line":24,"column":36}},"6":{"start":{"line":27,"column":2},"end":{"line":37,"column":4}},"7":{"start":{"line":40,"column":15},"end":{"line":50,"column":2}}},"fnMap":{"0":{"name":"SearchBar","decl":{"start":{"line":15,"column":16},"end":{"line":15,"column":25}},"loc":{"start":{"line":15,"column":112},"end":{"line":38,"column":1}},"line":15},"1":{"name":"(anonymous_1)","decl":{"start":{"line":19,"column":12},"end":{"line":19,"column":13}},"loc":{"start":{"line":19,"column":18},"end":{"line":25,"column":3}},"line":19},"2":{"name":"(anonymous_2)","decl":{"start":{"line":20,"column":29},"end":{"line":20,"column":30}},"loc":{"start":{"line":20,"column":35},"end":{"line":22,"column":5}},"line":20},"3":{"name":"(anonymous_3)","decl":{"start":{"line":24,"column":11},"end":{"line":24,"column":12}},"loc":{"start":{"line":24,"column":17},"end":{"line":24,"column":36}},"line":24}},"branchMap":{"0":{"loc":{"start":{"line":15,"column":44},"end":{"line":15,"column":92}},"type":"default-arg","locations":[{"start":{"line":15,"column":58},"end":{"line":15,"column":92}}],"line":15}},"s":{"0":0,"1":0,"2":0,"3":0,"4":0,"5":0,"6":0,"7":0},"f":{"0":0,"1":0,"2":0,"3":0},"b":{"0":[0]}}
,"/root/react-stocks/src/components/search/SearchResultItem.tsx": {"path":"/root/react-stocks/src/components/search/SearchResultItem.tsx","statementMap":{"0":{"start":{"line":18,"column":2},"end":{"line":52,"column":4}},"1":{"start":{"line":55,"column":15},"end":{"line":83,"column":2}}},"fnMap":{"0":{"name":"SearchResultItem","decl":{"start":{"line":17,"column":16},"end":{"line":17,"column":32}},"loc":{"start":{"line":17,"column":77},"end":{"line":53,"column":1}},"line":17}},"branchMap":{"0":{"loc":{"start":{"line":36,"column":15},"end":{"line":40,"column":15}},"type":"binary-expr","locations":[{"start":{"line":36,"column":15},"end":{"line":36,"column":34}},{"start":{"line":37,"column":16},"end":{"line":39,"column":23}}],"line":36}},"s":{"0":0,"1":0},"f":{"0":0},"b":{"0":[0,0]}}
,"/root/react-stocks/src/components/sentiment/CombinedWordItem.tsx": {"path":"/root/react-stocks/src/components/sentiment/CombinedWordItem.tsx","statementMap":{"0":{"start":{"line":17,"column":65},"end":{"line":132,"column":2}},"1":{"start":{"line":18,"column":16},"end":{"line":18,"column":26}},"2":{"start":{"line":21,"column":28},"end":{"line":30,"column":3}},"3":{"start":{"line":22,"column":4},"end":{"line":29,"column":5}},"4":{"start":{"line":24,"column":8},"end":{"line":24,"column":25}},"5":{"start":{"line":26,"column":8},"end":{"line":26,"column":25}},"6":{"start":{"line":28,"column":8},"end":{"line":28,"column":25}},"7":{"start":{"line":33,"column":29},"end":{"line":35,"column":3}},"8":{"start":{"line":34,"column":4},"end":{"line":34,"column":46}},"9":{"start":{"line":37,"column":25},"end":{"line":37,"column":58}},"10":{"start":{"line":39,"column":2},"end":{"line":131,"column":4}},"11":{"start":{"line":134,"column":0},"end":{"line":134,"column":50}},"12":{"start":{"line":136,"column":15},"end":{"line":183,"column":2}}},"fnMap":{"0":{"name":"(anonymous_0)","decl":{"start":{"line":17,"column":76},"end":{"line":17,"column":77}},"loc":{"start":{"line":17,"column":90},"end":{"line":132,"column":1}},"line":17},"1":{"name":"(anonymous_1)","decl":{"start":{"line":21,"column":28},"end":{"line":21,"column":29}},"loc":{"start":{"line":21,"column":59},"end":{"line":30,"column":3}},"line":21},"2":{"name":"(anonymous_2)","decl":{"start":{"line":33,"column":29},"end":{"line":33,"column":30}},"loc":{"start":{"line":33,"column":56},"end":{"line":35,"column":3}},"line":33}},"branchMap":{"0":{"loc":{"start":{"line":22,"column":4},"end":{"line":29,"column":5}},"type":"switch","locations":[{"start":{"line":23,"column":6},"end":{"line":24,"column":25}},{"start":{"line":25,"column":6},"end":{"line":26,"column":25}},{"start":{"line":27,"column":6},"end":{"line":28,"column":25}}],"line":22},"1":{"loc":{"start":{"line":34,"column":11},"end":{"line":34,"column":45}},"type":"cond-expr","locations":[{"start":{"line":34,"column":24},"end":{"line":34,"column":33}},{"start":{"line":34,"column":36},"end":{"line":34,"column":45}}],"line":34}},"s":{"0":0,"1":0,"2":0,"3":0,"4":0,"5":0,"6":0,"7":0,"8":0,"9":0,"10":0,"11":0,"12":0},"f":{"0":0,"1":0,"2":0},"b":{"0":[0,0,0],"1":[0,0]}}
,"/root/react-stocks/src/components/sentiment/SentimentToggle.tsx": {"path":"/root/react-stocks/src/components/sentiment/SentimentToggle.tsx","statementMap":{"0":{"start":{"line":15,"column":63},"end":{"line":39,"column":1}},"1":{"start":{"line":19,"column":2},"end":{"line":38,"column":4}},"2":{"start":{"line":23,"column":32},"end":{"line":23,"column":80}},"3":{"start":{"line":41,"column":15},"end":{"line":46,"column":2}}},"fnMap":{"0":{"name":"(anonymous_0)","decl":{"start":{"line":15,"column":63},"end":{"line":15,"column":64}},"loc":{"start":{"line":18,"column":6},"end":{"line":39,"column":1}},"line":18},"1":{"name":"(anonymous_1)","decl":{"start":{"line":23,"column":23},"end":{"line":23,"column":24}},"loc":{"start":{"line":23,"column":32},"end":{"line":23,"column":80}},"line":23}},"branchMap":{},"s":{"0":0,"1":0,"2":0,"3":0},"f":{"0":0,"1":0},"b":{}}
,"/root/react-stocks/src/components/sentiment/SingleWordItem.tsx": {"path":"/root/react-stocks/src/components/sentiment/SingleWordItem.tsx","statementMap":{"0":{"start":{"line":16,"column":61},"end":{"line":98,"column":2}},"1":{"start":{"line":17,"column":16},"end":{"line":17,"column":26}},"2":{"start":{"line":20,"column":28},"end":{"line":29,"column":3}},"3":{"start":{"line":21,"column":4},"end":{"line":28,"column":5}},"4":{"start":{"line":23,"column":8},"end":{"line":23,"column":25}},"5":{"start":{"line":25,"column":8},"end":{"line":25,"column":25}},"6":{"start":{"line":27,"column":8},"end":{"line":27,"column":25}},"7":{"start":{"line":31,"column":25},"end":{"line":31,"column":58}},"8":{"start":{"line":34,"column":27},"end":{"line":38,"column":3}},"9":{"start":{"line":35,"column":4},"end":{"line":35,"column":45}},"10":{"start":{"line":35,"column":15},"end":{"line":35,"column":45}},"11":{"start":{"line":36,"column":4},"end":{"line":36,"column":40}},"12":{"start":{"line":36,"column":28},"end":{"line":36,"column":40}},"13":{"start":{"line":37,"column":4},"end":{"line":37,"column":42}},"14":{"start":{"line":40,"column":2},"end":{"line":97,"column":4}},"15":{"start":{"line":100,"column":0},"end":{"line":100,"column":46}},"16":{"start":{"line":102,"column":15},"end":{"line":142,"column":2}}},"fnMap":{"0":{"name":"(anonymous_0)","decl":{"start":{"line":16,"column":72},"end":{"line":16,"column":73}},"loc":{"start":{"line":16,"column":86},"end":{"line":98,"column":1}},"line":16},"1":{"name":"(anonymous_1)","decl":{"start":{"line":20,"column":28},"end":{"line":20,"column":29}},"loc":{"start":{"line":20,"column":59},"end":{"line":29,"column":3}},"line":20},"2":{"name":"(anonymous_2)","decl":{"start":{"line":34,"column":27},"end":{"line":34,"column":28}},"loc":{"start":{"line":34,"column":53},"end":{"line":38,"column":3}},"line":34}},"branchMap":{"0":{"loc":{"start":{"line":21,"column":4},"end":{"line":28,"column":5}},"type":"switch","locations":[{"start":{"line":22,"column":6},"end":{"line":23,"column":25}},{"start":{"line":24,"column":6},"end":{"line":25,"column":25}},{"start":{"line":26,"column":6},"end":{"line":27,"column":25}}],"line":21},"1":{"loc":{"start":{"line":35,"column":4},"end":{"line":35,"column":45}},"type":"if","locations":[{"start":{"line":35,"column":4},"end":{"line":35,"column":45}},{"start":{},"end":{}}],"line":35},"2":{"loc":{"start":{"line":36,"column":4},"end":{"line":36,"column":40}},"type":"if","locations":[{"start":{"line":36,"column":4},"end":{"line":36,"column":40}},{"start":{},"end":{}}],"line":36}},"s":{"0":0,"1":0,"2":0,"3":0,"4":0,"5":0,"6":0,"7":0,"8":0,"9":0,"10":0,"11":0,"12":0,"13":0,"14":0,"15":0,"16":0},"f":{"0":0,"1":0,"2":0},"b":{"0":[0,0,0],"1":[0,0],"2":[0,0]}}
,"/root/react-stocks/src/components/stock/PriceListHeader.tsx": {"path":"/root/react-stocks/src/components/stock/PriceListHeader.tsx","statementMap":{"0":{"start":{"line":10,"column":41},"end":{"line":54,"column":1}},"1":{"start":{"line":11,"column":16},"end":{"line":11,"column":26}},"2":{"start":{"line":13,"column":2},"end":{"line":53,"column":4}},"3":{"start":{"line":56,"column":15},"end":{"line":87,"column":2}}},"fnMap":{"0":{"name":"(anonymous_0)","decl":{"start":{"line":10,"column":41},"end":{"line":10,"column":42}},"loc":{"start":{"line":10,"column":47},"end":{"line":54,"column":1}},"line":10}},"branchMap":{},"s":{"0":0,"1":0,"2":0,"3":0},"f":{"0":0},"b":{}}
,"/root/react-stocks/src/components/stock/PriceListItem.tsx": {"path":"/root/react-stocks/src/components/stock/PriceListItem.tsx","statementMap":{"0":{"start":{"line":17,"column":59},"end":{"line":85,"column":2}},"1":{"start":{"line":18,"column":16},"end":{"line":18,"column":26}},"2":{"start":{"line":21,"column":22},"end":{"line":28,"column":3}},"3":{"start":{"line":22,"column":4},"end":{"line":26,"column":5}},"4":{"start":{"line":23,"column":6},"end":{"line":23,"column":23}},"5":{"start":{"line":24,"column":11},"end":{"line":26,"column":5}},"6":{"start":{"line":25,"column":6},"end":{"line":25,"column":23}},"7":{"start":{"line":27,"column":4},"end":{"line":27,"column":21}},"8":{"start":{"line":30,"column":23},"end":{"line":37,"column":3}},"9":{"start":{"line":31,"column":4},"end":{"line":35,"column":5}},"10":{"start":{"line":32,"column":6},"end":{"line":32,"column":23}},"11":{"start":{"line":33,"column":11},"end":{"line":35,"column":5}},"12":{"start":{"line":34,"column":6},"end":{"line":34,"column":23}},"13":{"start":{"line":36,"column":4},"end":{"line":36,"column":34}},"14":{"start":{"line":39,"column":20},"end":{"line":39,"column":34}},"15":{"start":{"line":41,"column":2},"end":{"line":84,"column":4}},"16":{"start":{"line":87,"column":0},"end":{"line":87,"column":44}},"17":{"start":{"line":89,"column":15},"end":{"line":118,"column":2}}},"fnMap":{"0":{"name":"(anonymous_0)","decl":{"start":{"line":17,"column":70},"end":{"line":17,"column":71}},"loc":{"start":{"line":17,"column":84},"end":{"line":85,"column":1}},"line":17},"1":{"name":"(anonymous_1)","decl":{"start":{"line":21,"column":22},"end":{"line":21,"column":23}},"loc":{"start":{"line":21,"column":36},"end":{"line":28,"column":3}},"line":21},"2":{"name":"(anonymous_2)","decl":{"start":{"line":30,"column":23},"end":{"line":30,"column":24}},"loc":{"start":{"line":30,"column":37},"end":{"line":37,"column":3}},"line":30}},"branchMap":{"0":{"loc":{"start":{"line":22,"column":4},"end":{"line":26,"column":5}},"type":"if","locations":[{"start":{"line":22,"column":4},"end":{"line":26,"column":5}},{"start":{"line":24,"column":11},"end":{"line":26,"column":5}}],"line":22},"1":{"loc":{"start":{"line":24,"column":11},"end":{"line":26,"column":5}},"type":"if","locations":[{"start":{"line":24,"column":11},"end":{"line":26,"column":5}},{"start":{},"end":{}}],"line":24},"2":{"loc":{"start":{"line":31,"column":4},"end":{"line":35,"column":5}},"type":"if","locations":[{"start":{"line":31,"column":4},"end":{"line":35,"column":5}},{"start":{"line":33,"column":11},"end":{"line":35,"column":5}}],"line":31},"3":{"loc":{"start":{"line":33,"column":11},"end":{"line":35,"column":5}},"type":"if","locations":[{"start":{"line":33,"column":11},"end":{"line":35,"column":5}},{"start":{},"end":{}}],"line":33}},"s":{"0":0,"1":0,"2":0,"3":0,"4":0,"5":0,"6":0,"7":0,"8":0,"9":0,"10":0,"11":0,"12":0,"13":0,"14":0,"15":0,"16":0,"17":0},"f":{"0":0,"1":0,"2":0},"b":{"0":[0,0],"1":[0,0],"2":[0,0],"3":[0,0]}}
,"/root/react-stocks/src/components/stock/StockMetadataCard.tsx": {"path":"/root/react-stocks/src/components/stock/StockMetadataCard.tsx","statementMap":{"0":{"start":{"line":16,"column":67},"end":{"line":70,"column":1}},"1":{"start":{"line":20,"column":16},"end":{"line":20,"column":26}},"2":{"start":{"line":22,"column":2},"end":{"line":30,"column":3}},"3":{"start":{"line":23,"column":4},"end":{"line":29,"column":6}},"4":{"start":{"line":32,"column":2},"end":{"line":40,"column":3}},"5":{"start":{"line":33,"column":4},"end":{"line":39,"column":6}},"6":{"start":{"line":42,"column":2},"end":{"line":69,"column":4}},"7":{"start":{"line":72,"column":15},"end":{"line":96,"column":2}}},"fnMap":{"0":{"name":"(anonymous_0)","decl":{"start":{"line":16,"column":67},"end":{"line":16,"column":68}},"loc":{"start":{"line":19,"column":6},"end":{"line":70,"column":1}},"line":19}},"branchMap":{"0":{"loc":{"start":{"line":22,"column":2},"end":{"line":30,"column":3}},"type":"if","locations":[{"start":{"line":22,"column":2},"end":{"line":30,"column":3}},{"start":{},"end":{}}],"line":22},"1":{"loc":{"start":{"line":32,"column":2},"end":{"line":40,"column":3}},"type":"if","locations":[{"start":{"line":32,"column":2},"end":{"line":40,"column":3}},{"start":{},"end":{}}],"line":32},"2":{"loc":{"start":{"line":58,"column":9},"end":{"line":66,"column":9}},"type":"binary-expr","locations":[{"start":{"line":58,"column":9},"end":{"line":58,"column":31}},{"start":{"line":59,"column":10},"end":{"line":65,"column":17}}],"line":58}},"s":{"0":0,"1":0,"2":0,"3":0,"4":0,"5":0,"6":0,"7":0},"f":{"0":0},"b":{"0":[0,0],"1":[0,0],"2":[0,0]}}
,"/root/react-stocks/src/config/environment.ts": {"path":"/root/react-stocks/src/config/environment.ts","statementMap":{"0":{"start":{"line":13,"column":27},"end":{"line":36,"column":10}},"1":{"start":{"line":43,"column":27},"end":{"line":43,"column":29}},"2":{"start":{"line":45,"column":2},"end":{"line":49,"column":3}},"3":{"start":{"line":46,"column":4},"end":{"line":48,"column":6}},"4":{"start":{"line":51,"column":2},"end":{"line":66,"column":3}},"5":{"start":{"line":52,"column":25},"end":{"line":63,"column":16}},"6":{"start":{"line":65,"column":4},"end":{"line":65,"column":34}},"7":{"start":{"line":74,"column":2},"end":{"line":74,"column":46}},"8":{"start":{"line":75,"column":2},"end":{"line":75,"column":76}},"9":{"start":{"line":76,"column":2},"end":{"line":76,"column":81}},"10":{"start":{"line":77,"column":2},"end":{"line":77,"column":83}},"11":{"start":{"line":85,"column":2},"end":{"line":85,"column":28}}},"fnMap":{"0":{"name":"validateEnvironment","decl":{"start":{"line":42,"column":16},"end":{"line":42,"column":35}},"loc":{"start":{"line":42,"column":44},"end":{"line":67,"column":1}},"line":42},"1":{"name":"logEnvironmentStatus","decl":{"start":{"line":73,"column":16},"end":{"line":73,"column":36}},"loc":{"start":{"line":73,"column":45},"end":{"line":78,"column":1}},"line":73},"2":{"name":"getEnvironmentConfig","decl":{"start":{"line":84,"column":16},"end":{"line":84,"column":36}},"loc":{"start":{"line":84,"column":85},"end":{"line":86,"column":1}},"line":84}},"branchMap":{"0":{"loc":{"start":{"line":45,"column":2},"end":{"line":49,"column":3}},"type":"if","locations":[{"start":{"line":45,"column":2},"end":{"line":49,"column":3}},{"start":{},"end":{}}],"line":45},"1":{"loc":{"start":{"line":51,"column":2},"end":{"line":66,"column":3}},"type":"if","locations":[{"start":{"line":51,"column":2},"end":{"line":66,"column":3}},{"start":{},"end":{}}],"line":51},"2":{"loc":{"start":{"line":75,"column":34},"end":{"line":75,"column":72}},"type":"binary-expr","locations":[{"start":{"line":75,"column":34},"end":{"line":75,"column":57}},{"start":{"line":75,"column":61},"end":{"line":75,"column":72}}],"line":75}},"s":{"0":3,"1":0,"2":0,"3":0,"4":0,"5":0,"6":0,"7":0,"8":0,"9":0,"10":0,"11":0},"f":{"0":0,"1":0,"2":0},"b":{"0":[0,0],"1":[0,0],"2":[0,0]},"_coverageSchema":"1a1c01bbd47fc00a2c39e90264f33305004495a9","hash":"0f23c41353d68c7fd36b986b891b662109bca17f"}
,"/root/react-stocks/src/config/features.ts": {"path":"/root/react-stocks/src/config/features.ts","statementMap":{"0":{"start":{"line":14,"column":28},"end":{"line":30,"column":1}},"1":{"start":{"line":36,"column":2},"end":{"line":36,"column":47}},"2":{"start":{"line":37,"column":2},"end":{"line":37,"column":82}},"3":{"start":{"line":38,"column":2},"end":{"line":38,"column":84}},"4":{"start":{"line":45,"column":2},"end":{"line":45,"column":29}},"5":{"start":{"line":52,"column":2},"end":{"line":52,"column":31}}},"fnMap":{"0":{"name":"logFeatureFlags","decl":{"start":{"line":35,"column":16},"end":{"line":35,"column":31}},"loc":{"start":{"line":35,"column":40},"end":{"line":39,"column":1}},"line":35},"1":{"name":"getAllFeatureFlags","decl":{"start":{"line":44,"column":16},"end":{"line":44,"column":34}},"loc":{"start":{"line":44,"column":62},"end":{"line":46,"column":1}},"line":44},"2":{"name":"isFeatureEnabled","decl":{"start":{"line":51,"column":16},"end":{"line":51,"column":32}},"loc":{"start":{"line":51,"column":78},"end":{"line":53,"column":1}},"line":51}},"branchMap":{},"s":{"0":3,"1":0,"2":0,"3":0,"4":3,"5":2},"f":{"0":0,"1":3,"2":2},"b":{},"_coverageSchema":"1a1c01bbd47fc00a2c39e90264f33305004495a9","hash":"abc5180f868aa7e09072dd0ea9f0ca78c0324311"}
,"/root/react-stocks/src/constants/api.constants.ts": {"path":"/root/react-stocks/src/constants/api.constants.ts","statementMap":{"0":{"start":{"line":11,"column":29},"end":{"line":30,"column":10}},"1":{"start":{"line":35,"column":28},"end":{"line":48,"column":10}},"2":{"start":{"line":56,"column":31},"end":{"line":61,"column":10}}},"fnMap":{},"branchMap":{"0":{"loc":{"start":{"line":14,"column":15},"end":{"line":14,"column":44}},"type":"binary-expr","locations":[{"start":{"line":14,"column":15},"end":{"line":14,"column":38}},{"start":{"line":14,"column":42},"end":{"line":14,"column":44}}],"line":14}},"s":{"0":2,"1":2,"2":2},"f":{},"b":{"0":[2,2]},"_coverageSchema":"1a1c01bbd47fc00a2c39e90264f33305004495a9","hash":"752f3f66a56622dfa2081dbc9cfc8d2ac657df83"}
,"/root/react-stocks/src/constants/database.constants.ts": {"path":"/root/react-stocks/src/constants/database.constants.ts","statementMap":{"0":{"start":{"line":6,"column":23},"end":{"line":6,"column":43}},"1":{"start":{"line":7,"column":26},"end":{"line":7,"column":27}},"2":{"start":{"line":9,"column":27},"end":{"line":16,"column":10}}},"fnMap":{},"branchMap":{},"s":{"0":8,"1":8,"2":8},"f":{},"b":{},"_coverageSchema":"1a1c01bbd47fc00a2c39e90264f33305004495a9","hash":"ef96e3f859e3b45f7e51ac1859604475b8019edc"}
,"/root/react-stocks/src/contexts/PortfolioContext.tsx": {"path":"/root/react-stocks/src/contexts/PortfolioContext.tsx","statementMap":{"0":{"start":{"line":20,"column":25},"end":{"line":20,"column":83}},"1":{"start":{"line":27,"column":24},"end":{"line":27,"column":38}},"2":{"start":{"line":29,"column":24},"end":{"line":31,"column":3}},"3":{"start":{"line":30,"column":4},"end":{"line":30,"column":92}},"4":{"start":{"line":30,"column":68},"end":{"line":30,"column":90}},"5":{"start":{"line":33,"column":25},"end":{"line":51,"column":3}},"6":{"start":{"line":34,"column":4},"end":{"line":50,"column":5}},"7":{"start":{"line":35,"column":6},"end":{"line":35,"column":69}},"8":{"start":{"line":38,"column":59},"end":{"line":44,"column":7}},"9":{"start":{"line":46,"column":6},"end":{"line":46,"column":89}},"10":{"start":{"line":48,"column":6},"end":{"line":48,"column":76}},"11":{"start":{"line":49,"column":6},"end":{"line":49,"column":18}},"12":{"start":{"line":53,"column":30},"end":{"line":61,"column":3}},"13":{"start":{"line":54,"column":4},"end":{"line":60,"column":5}},"14":{"start":{"line":55,"column":6},"end":{"line":55,"column":73}},"15":{"start":{"line":56,"column":6},"end":{"line":56,"column":66}},"16":{"start":{"line":58,"column":6},"end":{"line":58,"column":80}},"17":{"start":{"line":59,"column":6},"end":{"line":59,"column":18}},"18":{"start":{"line":63,"column":38},"end":{"line":71,"column":3}},"19":{"start":{"line":73,"column":2},"end":{"line":73,"column":89}},"20":{"start":{"line":77,"column":18},"end":{"line":77,"column":46}},"21":{"start":{"line":78,"column":2},"end":{"line":80,"column":3}},"22":{"start":{"line":79,"column":4},"end":{"line":79,"column":83}},"23":{"start":{"line":81,"column":2},"end":{"line":81,"column":17}}},"fnMap":{"0":{"name":"PortfolioProvider","decl":{"start":{"line":26,"column":16},"end":{"line":26,"column":33}},"loc":{"start":{"line":26,"column":72},"end":{"line":74,"column":1}},"line":26},"1":{"name":"(anonymous_1)","decl":{"start":{"line":29,"column":24},"end":{"line":29,"column":25}},"loc":{"start":{"line":29,"column":53},"end":{"line":31,"column":3}},"line":29},"2":{"name":"(anonymous_2)","decl":{"start":{"line":30,"column":40},"end":{"line":30,"column":41}},"loc":{"start":{"line":30,"column":68},"end":{"line":30,"column":90}},"line":30},"3":{"name":"(anonymous_3)","decl":{"start":{"line":33,"column":25},"end":{"line":33,"column":26}},"loc":{"start":{"line":33,"column":66},"end":{"line":51,"column":3}},"line":33},"4":{"name":"(anonymous_4)","decl":{"start":{"line":53,"column":30},"end":{"line":53,"column":31}},"loc":{"start":{"line":53,"column":71},"end":{"line":61,"column":3}},"line":53},"5":{"name":"usePortfolioContext","decl":{"start":{"line":76,"column":16},"end":{"line":76,"column":35}},"loc":{"start":{"line":76,"column":38},"end":{"line":82,"column":1}},"line":76}},"branchMap":{"0":{"loc":{"start":{"line":78,"column":2},"end":{"line":80,"column":3}},"type":"if","locations":[{"start":{"line":78,"column":2},"end":{"line":80,"column":3}},{"start":{},"end":{}}],"line":78}},"s":{"0":0,"1":0,"2":0,"3":0,"4":0,"5":0,"6":0,"7":0,"8":0,"9":0,"10":0,"11":0,"12":0,"13":0,"14":0,"15":0,"16":0,"17":0,"18":0,"19":0,"20":0,"21":0,"22":0,"23":0},"f":{"0":0,"1":0,"2":0,"3":0,"4":0,"5":0},"b":{"0":[0,0]}}
,"/root/react-stocks/src/contexts/StockContext.tsx": {"path":"/root/react-stocks/src/contexts/StockContext.tsx","statementMap":{"0":{"start":{"line":19,"column":21},"end":{"line":19,"column":75}},"1":{"start":{"line":26,"column":46},"end":{"line":26,"column":77}},"2":{"start":{"line":27,"column":42},"end":{"line":27,"column":87}},"3":{"start":{"line":30,"column":16},"end":{"line":30,"column":26}},"4":{"start":{"line":31,"column":24},"end":{"line":31,"column":39}},"5":{"start":{"line":32,"column":2},"end":{"line":32,"column":46}},"6":{"start":{"line":34,"column":36},"end":{"line":34,"column":84}},"7":{"start":{"line":35,"column":32},"end":{"line":35,"column":72}},"8":{"start":{"line":37,"column":23},"end":{"line":40,"column":3}},"9":{"start":{"line":38,"column":4},"end":{"line":38,"column":24}},"10":{"start":{"line":39,"column":4},"end":{"line":39,"column":20}},"11":{"start":{"line":42,"column":34},"end":{"line":50,"column":3}},"12":{"start":{"line":52,"column":2},"end":{"line":52,"column":81}},"13":{"start":{"line":56,"column":18},"end":{"line":56,"column":42}},"14":{"start":{"line":57,"column":2},"end":{"line":59,"column":3}},"15":{"start":{"line":58,"column":4},"end":{"line":58,"column":68}},"16":{"start":{"line":60,"column":2},"end":{"line":60,"column":17}}},"fnMap":{"0":{"name":"StockProvider","decl":{"start":{"line":25,"column":16},"end":{"line":25,"column":29}},"loc":{"start":{"line":25,"column":64},"end":{"line":53,"column":1}},"line":25},"1":{"name":"(anonymous_1)","decl":{"start":{"line":37,"column":23},"end":{"line":37,"column":24}},"loc":{"start":{"line":37,"column":55},"end":{"line":40,"column":3}},"line":37},"2":{"name":"useStock","decl":{"start":{"line":55,"column":16},"end":{"line":55,"column":24}},"loc":{"start":{"line":55,"column":27},"end":{"line":61,"column":1}},"line":55}},"branchMap":{"0":{"loc":{"start":{"line":57,"column":2},"end":{"line":59,"column":3}},"type":"if","locations":[{"start":{"line":57,"column":2},"end":{"line":59,"column":3}},{"start":{},"end":{}}],"line":57}},"s":{"0":0,"1":0,"2":0,"3":0,"4":0,"5":0,"6":0,"7":0,"8":0,"9":0,"10":0,"11":0,"12":0,"13":0,"14":0,"15":0,"16":0},"f":{"0":0,"1":0,"2":0},"b":{"0":[0,0]}}
,"/root/react-stocks/src/database/database.ts": {"path":"/root/react-stocks/src/database/database.ts","statementMap":{"0":{"start":{"line":11,"column":45},"end":{"line":11,"column":49}},"1":{"start":{"line":12,"column":20},"end":{"line":12,"column":25}},"2":{"start":{"line":20,"column":2},"end":{"line":48,"column":3}},"3":{"start":{"line":21,"column":4},"end":{"line":21,"column":64}},"4":{"start":{"line":24,"column":4},"end":{"line":24,"column":55}},"5":{"start":{"line":27,"column":24},"end":{"line":27,"column":48}},"6":{"start":{"line":29,"column":4},"end":{"line":34,"column":5}},"7":{"start":{"line":30,"column":6},"end":{"line":30,"column":72}},"8":{"start":{"line":31,"column":6},"end":{"line":31,"column":27}},"9":{"start":{"line":33,"column":6},"end":{"line":33,"column":53}},"10":{"start":{"line":37,"column":27},"end":{"line":37,"column":53}},"11":{"start":{"line":38,"column":4},"end":{"line":41,"column":5}},"12":{"start":{"line":39,"column":6},"end":{"line":39,"column":85}},"13":{"start":{"line":43,"column":4},"end":{"line":43,"column":25}},"14":{"start":{"line":44,"column":4},"end":{"line":44,"column":54}},"15":{"start":{"line":46,"column":4},"end":{"line":46,"column":62}},"16":{"start":{"line":47,"column":4},"end":{"line":47,"column":64}},"17":{"start":{"line":57,"column":2},"end":{"line":59,"column":3}},"18":{"start":{"line":58,"column":4},"end":{"line":58,"column":31}},"19":{"start":{"line":61,"column":2},"end":{"line":63,"column":3}},"20":{"start":{"line":62,"column":4},"end":{"line":62,"column":51}},"21":{"start":{"line":65,"column":2},"end":{"line":65,"column":18}},"22":{"start":{"line":72,"column":2},"end":{"line":74,"column":3}},"23":{"start":{"line":73,"column":4},"end":{"line":73,"column":51}},"24":{"start":{"line":76,"column":2},"end":{"line":91,"column":3}},"25":{"start":{"line":78,"column":4},"end":{"line":81,"column":5}},"26":{"start":{"line":79,"column":6},"end":{"line":79,"column":50}},"27":{"start":{"line":80,"column":6},"end":{"line":80,"column":41}},"28":{"start":{"line":84,"column":4},"end":{"line":84,"column":50}},"29":{"start":{"line":85,"column":4},"end":{"line":85,"column":45}},"30":{"start":{"line":87,"column":4},"end":{"line":87,"column":74}},"31":{"start":{"line":89,"column":4},"end":{"line":89,"column":62}},"32":{"start":{"line":90,"column":4},"end":{"line":90,"column":57}},"33":{"start":{"line":99,"column":2},"end":{"line":101,"column":3}},"34":{"start":{"line":100,"column":4},"end":{"line":100,"column":17}},"35":{"start":{"line":103,"column":2},"end":{"line":111,"column":3}},"36":{"start":{"line":104,"column":19},"end":{"line":106,"column":5}},"37":{"start":{"line":107,"column":4},"end":{"line":107,"column":29}},"38":{"start":{"line":109,"column":4},"end":{"line":109,"column":62}},"39":{"start":{"line":110,"column":4},"end":{"line":110,"column":17}},"40":{"start":{"line":120,"column":2},"end":{"line":122,"column":3}},"41":{"start":{"line":121,"column":4},"end":{"line":121,"column":13}},"42":{"start":{"line":124,"column":2},"end":{"line":132,"column":3}},"43":{"start":{"line":125,"column":19},"end":{"line":127,"column":5}},"44":{"start":{"line":128,"column":4},"end":{"line":128,"column":37}},"45":{"start":{"line":130,"column":4},"end":{"line":130,"column":62}},"46":{"start":{"line":131,"column":4},"end":{"line":131,"column":13}},"47":{"start":{"line":141,"column":2},"end":{"line":143,"column":3}},"48":{"start":{"line":142,"column":4},"end":{"line":142,"column":51}},"49":{"start":{"line":145,"column":2},"end":{"line":150,"column":3}},"50":{"start":{"line":146,"column":4},"end":{"line":146,"column":65}},"51":{"start":{"line":148,"column":4},"end":{"line":148,"column":62}},"52":{"start":{"line":149,"column":4},"end":{"line":149,"column":64}},"53":{"start":{"line":159,"column":2},"end":{"line":161,"column":3}},"54":{"start":{"line":160,"column":4},"end":{"line":160,"column":77}},"55":{"start":{"line":163,"column":2},"end":{"line":184,"column":3}},"56":{"start":{"line":164,"column":4},"end":{"line":164,"column":52}},"57":{"start":{"line":166,"column":4},"end":{"line":168,"column":5}},"58":{"start":{"line":167,"column":6},"end":{"line":167,"column":57}},"59":{"start":{"line":171,"column":4},"end":{"line":171,"column":46}},"60":{"start":{"line":172,"column":4},"end":{"line":172,"column":49}},"61":{"start":{"line":175,"column":4},"end":{"line":175,"column":25}},"62":{"start":{"line":178,"column":4},"end":{"line":178,"column":41}},"63":{"start":{"line":180,"column":4},"end":{"line":180,"column":54}},"64":{"start":{"line":182,"column":4},"end":{"line":182,"column":65}},"65":{"start":{"line":183,"column":4},"end":{"line":183,"column":58}},"66":{"start":{"line":192,"column":2},"end":{"line":202,"column":3}},"67":{"start":{"line":193,"column":4},"end":{"line":201,"column":5}},"68":{"start":{"line":194,"column":6},"end":{"line":194,"column":34}},"69":{"start":{"line":195,"column":6},"end":{"line":195,"column":22}},"70":{"start":{"line":196,"column":6},"end":{"line":196,"column":28}},"71":{"start":{"line":197,"column":6},"end":{"line":197,"column":59}},"72":{"start":{"line":199,"column":6},"end":{"line":199,"column":65}},"73":{"start":{"line":200,"column":6},"end":{"line":200,"column":60}}},"fnMap":{"0":{"name":"initializeDatabase","decl":{"start":{"line":19,"column":22},"end":{"line":19,"column":40}},"loc":{"start":{"line":19,"column":58},"end":{"line":49,"column":1}},"line":19},"1":{"name":"getDatabase","decl":{"start":{"line":56,"column":22},"end":{"line":56,"column":33}},"loc":{"start":{"line":56,"column":68},"end":{"line":66,"column":1}},"line":56},"2":{"name":"createTables","decl":{"start":{"line":71,"column":15},"end":{"line":71,"column":27}},"loc":{"start":{"line":71,"column":45},"end":{"line":92,"column":1}},"line":71},"3":{"name":"checkTablesExist","decl":{"start":{"line":98,"column":15},"end":{"line":98,"column":31}},"loc":{"start":{"line":98,"column":52},"end":{"line":112,"column":1}},"line":98},"4":{"name":"getDatabaseVersion","decl":{"start":{"line":119,"column":15},"end":{"line":119,"column":33}},"loc":{"start":{"line":119,"column":53},"end":{"line":133,"column":1}},"line":119},"5":{"name":"setDatabaseVersion","decl":{"start":{"line":140,"column":15},"end":{"line":140,"column":33}},"loc":{"start":{"line":140,"column":66},"end":{"line":151,"column":1}},"line":140},"6":{"name":"resetDatabase","decl":{"start":{"line":158,"column":22},"end":{"line":158,"column":35}},"loc":{"start":{"line":158,"column":53},"end":{"line":185,"column":1}},"line":158},"7":{"name":"closeDatabase","decl":{"start":{"line":191,"column":22},"end":{"line":191,"column":35}},"loc":{"start":{"line":191,"column":53},"end":{"line":203,"column":1}},"line":191}},"branchMap":{"0":{"loc":{"start":{"line":29,"column":4},"end":{"line":34,"column":5}},"type":"if","locations":[{"start":{"line":29,"column":4},"end":{"line":34,"column":5}},{"start":{"line":32,"column":11},"end":{"line":34,"column":5}}],"line":29},"1":{"loc":{"start":{"line":38,"column":4},"end":{"line":41,"column":5}},"type":"if","locations":[{"start":{"line":38,"column":4},"end":{"line":41,"column":5}},{"start":{},"end":{}}],"line":38},"2":{"loc":{"start":{"line":57,"column":2},"end":{"line":59,"column":3}},"type":"if","locations":[{"start":{"line":57,"column":2},"end":{"line":59,"column":3}},{"start":{},"end":{}}],"line":57},"3":{"loc":{"start":{"line":57,"column":6},"end":{"line":57,"column":33}},"type":"binary-expr","locations":[{"start":{"line":57,"column":6},"end":{"line":57,"column":20}},{"start":{"line":57,"column":24},"end":{"line":57,"column":33}}],"line":57},"4":{"loc":{"start":{"line":61,"column":2},"end":{"line":63,"column":3}},"type":"if","locations":[{"start":{"line":61,"column":2},"end":{"line":63,"column":3}},{"start":{},"end":{}}],"line":61},"5":{"loc":{"start":{"line":72,"column":2},"end":{"line":74,"column":3}},"type":"if","locations":[{"start":{"line":72,"column":2},"end":{"line":74,"column":3}},{"start":{},"end":{}}],"line":72},"6":{"loc":{"start":{"line":99,"column":2},"end":{"line":101,"column":3}},"type":"if","locations":[{"start":{"line":99,"column":2},"end":{"line":101,"column":3}},{"start":{},"end":{}}],"line":99},"7":{"loc":{"start":{"line":120,"column":2},"end":{"line":122,"column":3}},"type":"if","locations":[{"start":{"line":120,"column":2},"end":{"line":122,"column":3}},{"start":{},"end":{}}],"line":120},"8":{"loc":{"start":{"line":128,"column":11},"end":{"line":128,"column":36}},"type":"binary-expr","locations":[{"start":{"line":128,"column":11},"end":{"line":128,"column":31}},{"start":{"line":128,"column":35},"end":{"line":128,"column":36}}],"line":128},"9":{"loc":{"start":{"line":141,"column":2},"end":{"line":143,"column":3}},"type":"if","locations":[{"start":{"line":141,"column":2},"end":{"line":143,"column":3}},{"start":{},"end":{}}],"line":141},"10":{"loc":{"start":{"line":159,"column":2},"end":{"line":161,"column":3}},"type":"if","locations":[{"start":{"line":159,"column":2},"end":{"line":161,"column":3}},{"start":{},"end":{}}],"line":159},"11":{"loc":{"start":{"line":166,"column":4},"end":{"line":168,"column":5}},"type":"if","locations":[{"start":{"line":166,"column":4},"end":{"line":168,"column":5}},{"start":{},"end":{}}],"line":166},"12":{"loc":{"start":{"line":192,"column":2},"end":{"line":202,"column":3}},"type":"if","locations":[{"start":{"line":192,"column":2},"end":{"line":202,"column":3}},{"start":{},"end":{}}],"line":192}},"s":{"0":8,"1":8,"2":5,"3":5,"4":5,"5":5,"6":5,"7":0,"8":0,"9":5,"10":5,"11":5,"12":0,"13":5,"14":5,"15":0,"16":0,"17":7,"18":2,"19":7,"20":0,"21":7,"22":1,"23":0,"24":1,"25":1,"26":6,"27":6,"28":1,"29":1,"30":1,"31":0,"32":0,"33":5,"34":0,"35":5,"36":5,"37":5,"38":0,"39":0,"40":5,"41":0,"42":5,"43":5,"44":5,"45":0,"46":0,"47":1,"48":0,"49":1,"50":1,"51":0,"52":0,"53":1,"54":0,"55":1,"56":1,"57":1,"58":0,"59":1,"60":1,"61":1,"62":1,"63":1,"64":0,"65":0,"66":2,"67":2,"68":2,"69":2,"70":2,"71":2,"72":0,"73":0},"f":{"0":5,"1":7,"2":1,"3":5,"4":5,"5":1,"6":1,"7":2},"b":{"0":[0,5],"1":[0,5],"2":[2,5],"3":[7,5],"4":[0,7],"5":[0,1],"6":[0,5],"7":[0,5],"8":[5,0],"9":[0,1],"10":[0,1],"11":[0,1],"12":[2,0]},"_coverageSchema":"1a1c01bbd47fc00a2c39e90264f33305004495a9","hash":"5817704208297f6c2c78400030e913d2d6380f2a"}
,"/root/react-stocks/src/database/database.web.ts": {"path":"/root/react-stocks/src/database/database.web.ts","statementMap":{"0":{"start":{"line":18,"column":23},"end":{"line":18,"column":40}},"1":{"start":{"line":22,"column":4},"end":{"line":22,"column":32}},"2":{"start":{"line":26,"column":4},"end":{"line":33,"column":5}},"3":{"start":{"line":27,"column":21},"end":{"line":27,"column":58}},"4":{"start":{"line":28,"column":6},"end":{"line":30,"column":7}},"5":{"start":{"line":29,"column":8},"end":{"line":29,"column":34}},"6":{"start":{"line":32,"column":6},"end":{"line":32,"column":59}},"7":{"start":{"line":35,"column":4},"end":{"line":42,"column":6}},"8":{"start":{"line":46,"column":4},"end":{"line":50,"column":5}},"9":{"start":{"line":47,"column":6},"end":{"line":47,"column":71}},"10":{"start":{"line":49,"column":6},"end":{"line":49,"column":59}},"11":{"start":{"line":55,"column":21},"end":{"line":55,"column":45}},"12":{"start":{"line":57,"column":4},"end":{"line":71,"column":5}},"13":{"start":{"line":58,"column":6},"end":{"line":58,"column":45}},"14":{"start":{"line":59,"column":11},"end":{"line":71,"column":5}},"15":{"start":{"line":60,"column":6},"end":{"line":60,"column":44}},"16":{"start":{"line":61,"column":11},"end":{"line":71,"column":5}},"17":{"start":{"line":62,"column":6},"end":{"line":62,"column":43}},"18":{"start":{"line":63,"column":11},"end":{"line":71,"column":5}},"19":{"start":{"line":64,"column":6},"end":{"line":64,"column":48}},"20":{"start":{"line":65,"column":11},"end":{"line":71,"column":5}},"21":{"start":{"line":66,"column":6},"end":{"line":66,"column":55}},"22":{"start":{"line":67,"column":11},"end":{"line":71,"column":5}},"23":{"start":{"line":68,"column":6},"end":{"line":68,"column":48}},"24":{"start":{"line":69,"column":11},"end":{"line":71,"column":5}},"25":{"start":{"line":70,"column":6},"end":{"line":70,"column":52}},"26":{"start":{"line":73,"column":4},"end":{"line":73,"column":26}},"27":{"start":{"line":77,"column":21},"end":{"line":77,"column":45}},"28":{"start":{"line":79,"column":4},"end":{"line":91,"column":5}},"29":{"start":{"line":80,"column":6},"end":{"line":80,"column":43}},"30":{"start":{"line":81,"column":11},"end":{"line":91,"column":5}},"31":{"start":{"line":82,"column":6},"end":{"line":82,"column":42}},"32":{"start":{"line":83,"column":11},"end":{"line":91,"column":5}},"33":{"start":{"line":84,"column":6},"end":{"line":84,"column":40}},"34":{"start":{"line":85,"column":11},"end":{"line":91,"column":5}},"35":{"start":{"line":86,"column":6},"end":{"line":86,"column":45}},"36":{"start":{"line":87,"column":11},"end":{"line":91,"column":5}},"37":{"start":{"line":88,"column":6},"end":{"line":88,"column":52}},"38":{"start":{"line":89,"column":11},"end":{"line":91,"column":5}},"39":{"start":{"line":90,"column":6},"end":{"line":90,"column":45}},"40":{"start":{"line":93,"column":4},"end":{"line":93,"column":14}},"41":{"start":{"line":97,"column":20},"end":{"line":97,"column":55}},"42":{"start":{"line":98,"column":4},"end":{"line":98,"column":30}},"43":{"start":{"line":103,"column":53},"end":{"line":103,"column":59}},"44":{"start":{"line":104,"column":4},"end":{"line":104,"column":75}},"45":{"start":{"line":105,"column":4},"end":{"line":105,"column":20}},"46":{"start":{"line":106,"column":4},"end":{"line":106,"column":26}},"47":{"start":{"line":110,"column":4},"end":{"line":115,"column":5}},"48":{"start":{"line":112,"column":21},"end":{"line":112,"column":30}},"49":{"start":{"line":113,"column":21},"end":{"line":113,"column":46}},"50":{"start":{"line":114,"column":6},"end":{"line":114,"column":36}},"51":{"start":{"line":117,"column":18},"end":{"line":117,"column":48}},"52":{"start":{"line":118,"column":4},"end":{"line":122,"column":6}},"53":{"start":{"line":120,"column":8},"end":{"line":121,"column":45}},"54":{"start":{"line":127,"column":59},"end":{"line":127,"column":65}},"55":{"start":{"line":128,"column":4},"end":{"line":130,"column":5}},"56":{"start":{"line":129,"column":6},"end":{"line":129,"column":36}},"57":{"start":{"line":132,"column":19},"end":{"line":134,"column":5}},"58":{"start":{"line":133,"column":13},"end":{"line":133,"column":28}},"59":{"start":{"line":135,"column":4},"end":{"line":145,"column":5}},"60":{"start":{"line":136,"column":6},"end":{"line":144,"column":9}},"61":{"start":{"line":146,"column":4},"end":{"line":146,"column":20}},"62":{"start":{"line":147,"column":4},"end":{"line":147,"column":39}},"63":{"start":{"line":151,"column":19},"end":{"line":151,"column":28}},"64":{"start":{"line":152,"column":4},"end":{"line":152,"column":42}},"65":{"start":{"line":157,"column":75},"end":{"line":157,"column":81}},"66":{"start":{"line":158,"column":4},"end":{"line":160,"column":5}},"67":{"start":{"line":159,"column":6},"end":{"line":159,"column":34}},"68":{"start":{"line":161,"column":19},"end":{"line":161,"column":70}},"69":{"start":{"line":161,"column":54},"end":{"line":161,"column":69}},"70":{"start":{"line":162,"column":4},"end":{"line":171,"column":5}},"71":{"start":{"line":163,"column":6},"end":{"line":170,"column":9}},"72":{"start":{"line":172,"column":4},"end":{"line":172,"column":20}},"73":{"start":{"line":173,"column":4},"end":{"line":173,"column":39}},"74":{"start":{"line":177,"column":19},"end":{"line":177,"column":28}},"75":{"start":{"line":178,"column":4},"end":{"line":178,"column":40}},"76":{"start":{"line":183,"column":86},"end":{"line":183,"column":92}},"77":{"start":{"line":184,"column":4},"end":{"line":186,"column":5}},"78":{"start":{"line":185,"column":6},"end":{"line":185,"column":39}},"79":{"start":{"line":187,"column":19},"end":{"line":187,"column":75}},"80":{"start":{"line":187,"column":59},"end":{"line":187,"column":74}},"81":{"start":{"line":188,"column":4},"end":{"line":197,"column":5}},"82":{"start":{"line":189,"column":6},"end":{"line":196,"column":9}},"83":{"start":{"line":198,"column":4},"end":{"line":198,"column":20}},"84":{"start":{"line":199,"column":4},"end":{"line":199,"column":39}},"85":{"start":{"line":203,"column":19},"end":{"line":203,"column":28}},"86":{"start":{"line":204,"column":4},"end":{"line":204,"column":45}},"87":{"start":{"line":209,"column":92},"end":{"line":209,"column":98}},"88":{"start":{"line":210,"column":4},"end":{"line":212,"column":5}},"89":{"start":{"line":211,"column":6},"end":{"line":211,"column":46}},"90":{"start":{"line":213,"column":19},"end":{"line":213,"column":82}},"91":{"start":{"line":213,"column":66},"end":{"line":213,"column":81}},"92":{"start":{"line":214,"column":4},"end":{"line":224,"column":5}},"93":{"start":{"line":215,"column":6},"end":{"line":223,"column":9}},"94":{"start":{"line":225,"column":4},"end":{"line":225,"column":20}},"95":{"start":{"line":226,"column":4},"end":{"line":226,"column":39}},"96":{"start":{"line":230,"column":19},"end":{"line":230,"column":28}},"97":{"start":{"line":231,"column":4},"end":{"line":231,"column":52}},"98":{"start":{"line":236,"column":36},"end":{"line":236,"column":42}},"99":{"start":{"line":237,"column":4},"end":{"line":237,"column":60}},"100":{"start":{"line":238,"column":4},"end":{"line":238,"column":20}},"101":{"start":{"line":239,"column":4},"end":{"line":239,"column":26}},"102":{"start":{"line":243,"column":19},"end":{"line":243,"column":28}},"103":{"start":{"line":244,"column":4},"end":{"line":248,"column":5}},"104":{"start":{"line":245,"column":6},"end":{"line":245,"column":41}},"105":{"start":{"line":246,"column":6},"end":{"line":246,"column":22}},"106":{"start":{"line":247,"column":6},"end":{"line":247,"column":28}},"107":{"start":{"line":249,"column":4},"end":{"line":249,"column":26}},"108":{"start":{"line":253,"column":4},"end":{"line":258,"column":5}},"109":{"start":{"line":255,"column":21},"end":{"line":255,"column":30}},"110":{"start":{"line":256,"column":19},"end":{"line":256,"column":46}},"111":{"start":{"line":257,"column":6},"end":{"line":257,"column":32}},"112":{"start":{"line":260,"column":4},"end":{"line":260,"column":46}},"113":{"start":{"line":265,"column":38},"end":{"line":265,"column":42}},"114":{"start":{"line":268,"column":2},"end":{"line":268,"column":60}},"115":{"start":{"line":269,"column":2},"end":{"line":269,"column":34}},"116":{"start":{"line":270,"column":2},"end":{"line":270,"column":49}},"117":{"start":{"line":274,"column":2},"end":{"line":276,"column":3}},"118":{"start":{"line":275,"column":4},"end":{"line":275,"column":90}},"119":{"start":{"line":277,"column":2},"end":{"line":277,"column":21}},"120":{"start":{"line":281,"column":2},"end":{"line":281,"column":21}},"121":{"start":{"line":282,"column":2},"end":{"line":282,"column":41}},"122":{"start":{"line":286,"column":2},"end":{"line":286,"column":44}},"123":{"start":{"line":287,"column":2},"end":{"line":287,"column":45}},"124":{"start":{"line":288,"column":2},"end":{"line":288,"column":34}},"125":{"start":{"line":289,"column":2},"end":{"line":289,"column":49}}},"fnMap":{"0":{"name":"(anonymous_0)","decl":{"start":{"line":21,"column":2},"end":{"line":21,"column":3}},"loc":{"start":{"line":21,"column":16},"end":{"line":23,"column":3}},"line":21},"1":{"name":"(anonymous_1)","decl":{"start":{"line":25,"column":2},"end":{"line":25,"column":3}},"loc":{"start":{"line":25,"column":34},"end":{"line":43,"column":3}},"line":25},"2":{"name":"(anonymous_2)","decl":{"start":{"line":45,"column":2},"end":{"line":45,"column":3}},"loc":{"start":{"line":45,"column":27},"end":{"line":51,"column":3}},"line":45},"3":{"name":"(anonymous_3)","decl":{"start":{"line":53,"column":2},"end":{"line":53,"column":3}},"loc":{"start":{"line":53,"column":60},"end":{"line":74,"column":3}},"line":53},"4":{"name":"(anonymous_4)","decl":{"start":{"line":76,"column":2},"end":{"line":76,"column":3}},"loc":{"start":{"line":76,"column":65},"end":{"line":94,"column":3}},"line":76},"5":{"name":"(anonymous_5)","decl":{"start":{"line":96,"column":2},"end":{"line":96,"column":3}},"loc":{"start":{"line":96,"column":65},"end":{"line":99,"column":3}},"line":96},"6":{"name":"(anonymous_6)","decl":{"start":{"line":102,"column":2},"end":{"line":102,"column":3}},"loc":{"start":{"line":102,"column":43},"end":{"line":107,"column":3}},"line":102},"7":{"name":"(anonymous_7)","decl":{"start":{"line":109,"column":2},"end":{"line":109,"column":3}},"loc":{"start":{"line":109,"column":43},"end":{"line":123,"column":3}},"line":109},"8":{"name":"(anonymous_8)","decl":{"start":{"line":119,"column":6},"end":{"line":119,"column":7}},"loc":{"start":{"line":120,"column":8},"end":{"line":121,"column":45}},"line":120},"9":{"name":"(anonymous_9)","decl":{"start":{"line":126,"column":2},"end":{"line":126,"column":3}},"loc":{"start":{"line":126,"column":42},"end":{"line":148,"column":3}},"line":126},"10":{"name":"(anonymous_10)","decl":{"start":{"line":133,"column":6},"end":{"line":133,"column":7}},"loc":{"start":{"line":133,"column":13},"end":{"line":133,"column":28}},"line":133},"11":{"name":"(anonymous_11)","decl":{"start":{"line":150,"column":2},"end":{"line":150,"column":3}},"loc":{"start":{"line":150,"column":42},"end":{"line":153,"column":3}},"line":150},"12":{"name":"(anonymous_12)","decl":{"start":{"line":156,"column":2},"end":{"line":156,"column":3}},"loc":{"start":{"line":156,"column":41},"end":{"line":174,"column":3}},"line":156},"13":{"name":"(anonymous_13)","decl":{"start":{"line":161,"column":47},"end":{"line":161,"column":48}},"loc":{"start":{"line":161,"column":54},"end":{"line":161,"column":69}},"line":161},"14":{"name":"(anonymous_14)","decl":{"start":{"line":176,"column":2},"end":{"line":176,"column":3}},"loc":{"start":{"line":176,"column":40},"end":{"line":179,"column":3}},"line":176},"15":{"name":"(anonymous_15)","decl":{"start":{"line":182,"column":2},"end":{"line":182,"column":3}},"loc":{"start":{"line":182,"column":46},"end":{"line":200,"column":3}},"line":182},"16":{"name":"(anonymous_16)","decl":{"start":{"line":187,"column":52},"end":{"line":187,"column":53}},"loc":{"start":{"line":187,"column":59},"end":{"line":187,"column":74}},"line":187},"17":{"name":"(anonymous_17)","decl":{"start":{"line":202,"column":2},"end":{"line":202,"column":3}},"loc":{"start":{"line":202,"column":45},"end":{"line":205,"column":3}},"line":202},"18":{"name":"(anonymous_18)","decl":{"start":{"line":208,"column":2},"end":{"line":208,"column":3}},"loc":{"start":{"line":208,"column":53},"end":{"line":227,"column":3}},"line":208},"19":{"name":"(anonymous_19)","decl":{"start":{"line":213,"column":59},"end":{"line":213,"column":60}},"loc":{"start":{"line":213,"column":66},"end":{"line":213,"column":81}},"line":213},"20":{"name":"(anonymous_20)","decl":{"start":{"line":229,"column":2},"end":{"line":229,"column":3}},"loc":{"start":{"line":229,"column":52},"end":{"line":232,"column":3}},"line":229},"21":{"name":"(anonymous_21)","decl":{"start":{"line":235,"column":2},"end":{"line":235,"column":3}},"loc":{"start":{"line":235,"column":46},"end":{"line":240,"column":3}},"line":235},"22":{"name":"(anonymous_22)","decl":{"start":{"line":242,"column":2},"end":{"line":242,"column":3}},"loc":{"start":{"line":242,"column":50},"end":{"line":250,"column":3}},"line":242},"23":{"name":"(anonymous_23)","decl":{"start":{"line":252,"column":2},"end":{"line":252,"column":3}},"loc":{"start":{"line":252,"column":45},"end":{"line":261,"column":3}},"line":252},"24":{"name":"initializeDatabase","decl":{"start":{"line":267,"column":22},"end":{"line":267,"column":40}},"loc":{"start":{"line":267,"column":58},"end":{"line":271,"column":1}},"line":267},"25":{"name":"getDatabase","decl":{"start":{"line":273,"column":16},"end":{"line":273,"column":27}},"loc":{"start":{"line":273,"column":43},"end":{"line":278,"column":1}},"line":273},"26":{"name":"closeDatabase","decl":{"start":{"line":280,"column":22},"end":{"line":280,"column":35}},"loc":{"start":{"line":280,"column":53},"end":{"line":283,"column":1}},"line":280},"27":{"name":"resetDatabase","decl":{"start":{"line":285,"column":22},"end":{"line":285,"column":35}},"loc":{"start":{"line":285,"column":53},"end":{"line":290,"column":1}},"line":285}},"branchMap":{"0":{"loc":{"start":{"line":28,"column":6},"end":{"line":30,"column":7}},"type":"if","locations":[{"start":{"line":28,"column":6},"end":{"line":30,"column":7}},{"start":{},"end":{}}],"line":28},"1":{"loc":{"start":{"line":57,"column":4},"end":{"line":71,"column":5}},"type":"if","locations":[{"start":{"line":57,"column":4},"end":{"line":71,"column":5}},{"start":{"line":59,"column":11},"end":{"line":71,"column":5}}],"line":57},"2":{"loc":{"start":{"line":58,"column":31},"end":{"line":58,"column":43}},"type":"binary-expr","locations":[{"start":{"line":58,"column":31},"end":{"line":58,"column":37}},{"start":{"line":58,"column":41},"end":{"line":58,"column":43}}],"line":58},"3":{"loc":{"start":{"line":59,"column":11},"end":{"line":71,"column":5}},"type":"if","locations":[{"start":{"line":59,"column":11},"end":{"line":71,"column":5}},{"start":{"line":61,"column":11},"end":{"line":71,"column":5}}],"line":59},"4":{"loc":{"start":{"line":60,"column":30},"end":{"line":60,"column":42}},"type":"binary-expr","locations":[{"start":{"line":60,"column":30},"end":{"line":60,"column":36}},{"start":{"line":60,"column":40},"end":{"line":60,"column":42}}],"line":60},"5":{"loc":{"start":{"line":61,"column":11},"end":{"line":71,"column":5}},"type":"if","locations":[{"start":{"line":61,"column":11},"end":{"line":71,"column":5}},{"start":{"line":63,"column":11},"end":{"line":71,"column":5}}],"line":61},"6":{"loc":{"start":{"line":62,"column":29},"end":{"line":62,"column":41}},"type":"binary-expr","locations":[{"start":{"line":62,"column":29},"end":{"line":62,"column":35}},{"start":{"line":62,"column":39},"end":{"line":62,"column":41}}],"line":62},"7":{"loc":{"start":{"line":63,"column":11},"end":{"line":71,"column":5}},"type":"if","locations":[{"start":{"line":63,"column":11},"end":{"line":71,"column":5}},{"start":{"line":65,"column":11},"end":{"line":71,"column":5}}],"line":63},"8":{"loc":{"start":{"line":64,"column":34},"end":{"line":64,"column":46}},"type":"binary-expr","locations":[{"start":{"line":64,"column":34},"end":{"line":64,"column":40}},{"start":{"line":64,"column":44},"end":{"line":64,"column":46}}],"line":64},"9":{"loc":{"start":{"line":65,"column":11},"end":{"line":71,"column":5}},"type":"if","locations":[{"start":{"line":65,"column":11},"end":{"line":71,"column":5}},{"start":{"line":67,"column":11},"end":{"line":71,"column":5}}],"line":65},"10":{"loc":{"start":{"line":66,"column":41},"end":{"line":66,"column":53}},"type":"binary-expr","locations":[{"start":{"line":66,"column":41},"end":{"line":66,"column":47}},{"start":{"line":66,"column":51},"end":{"line":66,"column":53}}],"line":66},"11":{"loc":{"start":{"line":67,"column":11},"end":{"line":71,"column":5}},"type":"if","locations":[{"start":{"line":67,"column":11},"end":{"line":71,"column":5}},{"start":{"line":69,"column":11},"end":{"line":71,"column":5}}],"line":67},"12":{"loc":{"start":{"line":68,"column":34},"end":{"line":68,"column":46}},"type":"binary-expr","locations":[{"start":{"line":68,"column":34},"end":{"line":68,"column":40}},{"start":{"line":68,"column":44},"end":{"line":68,"column":46}}],"line":68},"13":{"loc":{"start":{"line":69,"column":11},"end":{"line":71,"column":5}},"type":"if","locations":[{"start":{"line":69,"column":11},"end":{"line":71,"column":5}},{"start":{},"end":{}}],"line":69},"14":{"loc":{"start":{"line":70,"column":38},"end":{"line":70,"column":50}},"type":"binary-expr","locations":[{"start":{"line":70,"column":38},"end":{"line":70,"column":44}},{"start":{"line":70,"column":48},"end":{"line":70,"column":50}}],"line":70},"15":{"loc":{"start":{"line":79,"column":4},"end":{"line":91,"column":5}},"type":"if","locations":[{"start":{"line":79,"column":4},"end":{"line":91,"column":5}},{"start":{"line":81,"column":11},"end":{"line":91,"column":5}}],"line":79},"16":{"loc":{"start":{"line":80,"column":29},"end":{"line":80,"column":41}},"type":"binary-expr","locations":[{"start":{"line":80,"column":29},"end":{"line":80,"column":35}},{"start":{"line":80,"column":39},"end":{"line":80,"column":41}}],"line":80},"17":{"loc":{"start":{"line":81,"column":11},"end":{"line":91,"column":5}},"type":"if","locations":[{"start":{"line":81,"column":11},"end":{"line":91,"column":5}},{"start":{"line":83,"column":11},"end":{"line":91,"column":5}}],"line":81},"18":{"loc":{"start":{"line":82,"column":28},"end":{"line":82,"column":40}},"type":"binary-expr","locations":[{"start":{"
[...]
ls/sentiment/textProcessor.ts","statementMap":{"0":{"start":{"line":14,"column":2},"end":{"line":14,"column":46}},"1":{"start":{"line":26,"column":18},"end":{"line":26,"column":44}},"2":{"start":{"line":29,"column":20},"end":{"line":29,"column":49}},"3":{"start":{"line":31,"column":2},"end":{"line":31,"column":54}},"4":{"start":{"line":31,"column":33},"end":{"line":31,"column":52}},"5":{"start":{"line":41,"column":16},"end":{"line":41,"column":33}},"6":{"start":{"line":43,"column":2},"end":{"line":43,"column":43}},"7":{"start":{"line":43,"column":29},"end":{"line":43,"column":41}},"8":{"start":{"line":53,"column":2},"end":{"line":53,"column":54}},"9":{"start":{"line":62,"column":18},"end":{"line":62,"column":33}},"10":{"start":{"line":63,"column":2},"end":{"line":63,"column":46}}},"fnMap":{"0":{"name":"removeNumbersAndPercents","decl":{"start":{"line":12,"column":16},"end":{"line":12,"column":40}},"loc":{"start":{"line":12,"column":63},"end":{"line":15,"column":1}},"line":12},"1":{"name":"splitIntoSentences","decl":{"start":{"line":24,"column":16},"end":{"line":24,"column":34}},"loc":{"start":{"line":24,"column":59},"end":{"line":32,"column":1}},"line":24},"2":{"name":"(anonymous_2)","decl":{"start":{"line":31,"column":26},"end":{"line":31,"column":27}},"loc":{"start":{"line":31,"column":33},"end":{"line":31,"column":52}},"line":31},"3":{"name":"tokenizeText","decl":{"start":{"line":39,"column":16},"end":{"line":39,"column":28}},"loc":{"start":{"line":39,"column":53},"end":{"line":44,"column":1}},"line":39},"4":{"name":"(anonymous_4)","decl":{"start":{"line":43,"column":22},"end":{"line":43,"column":23}},"loc":{"start":{"line":43,"column":29},"end":{"line":43,"column":41}},"line":43},"5":{"name":"cleanWord","decl":{"start":{"line":52,"column":16},"end":{"line":52,"column":25}},"loc":{"start":{"line":52,"column":48},"end":{"line":54,"column":1}},"line":52},"6":{"name":"getFirstLetter","decl":{"start":{"line":61,"column":16},"end":{"line":61,"column":30}},"loc":{"start":{"line":61,"column":53},"end":{"line":64,"column":1}},"line":61}},"branchMap":{"0":{"loc":{"start":{"line":63,"column":9},"end":{"line":63,"column":45}},"type":"cond-expr","locations":[{"start":{"line":63,"column":30},"end":{"line":63,"column":40}},{"start":{"line":63,"column":43},"end":{"line":63,"column":45}}],"line":63}},"s":{"0":0,"1":0,"2":0,"3":0,"4":0,"5":0,"6":0,"7":0,"8":1155,"9":0,"10":0},"f":{"0":0,"1":0,"2":0,"3":0,"4":0,"5":1155,"6":0},"b":{"0":[0,0]},"_coverageSchema":"1a1c01bbd47fc00a2c39e90264f33305004495a9","hash":"5714fd6b9e8307a709475543d249ac8414ec1d5f"}
,"/root/react-stocks/src/utils/sentiment/vocabularyLoader.ts": {"path":"/root/react-stocks/src/utils/sentiment/vocabularyLoader.ts","statementMap":{"0":{"start":{"line":9,"column":23},"end":{"line":9,"column":59}},"1":{"start":{"line":16,"column":2},"end":{"line":16,"column":24}},"2":{"start":{"line":25,"column":2},"end":{"line":27,"column":3}},"3":{"start":{"line":26,"column":4},"end":{"line":26,"column":17}},"4":{"start":{"line":29,"column":21},"end":{"line":29,"column":46}},"5":{"start":{"line":30,"column":2},"end":{"line":32,"column":3}},"6":{"start":{"line":31,"column":4},"end":{"line":31,"column":17}},"7":{"start":{"line":34,"column":22},"end":{"line":34,"column":35}},"8":{"start":{"line":35,"column":2},"end":{"line":37,"column":3}},"9":{"start":{"line":36,"column":4},"end":{"line":36,"column":17}},"10":{"start":{"line":39,"column":16},"end":{"line":39,"column":52}},"11":{"start":{"line":40,"column":2},"end":{"line":40,"column":52}},"12":{"start":{"line":49,"column":2},"end":{"line":51,"column":3}},"13":{"start":{"line":50,"column":4},"end":{"line":50,"column":17}},"14":{"start":{"line":53,"column":21},"end":{"line":53,"column":46}},"15":{"start":{"line":54,"column":2},"end":{"line":56,"column":3}},"16":{"start":{"line":55,"column":4},"end":{"line":55,"column":17}},"17":{"start":{"line":58,"column":22},"end":{"line":58,"column":35}},"18":{"start":{"line":59,"column":2},"end":{"line":61,"column":3}},"19":{"start":{"line":60,"column":4},"end":{"line":60,"column":17}},"20":{"start":{"line":63,"column":16},"end":{"line":63,"column":52}},"21":{"start":{"line":64,"column":2},"end":{"line":64,"column":52}},"22":{"start":{"line":74,"column":2},"end":{"line":74,"column":84}},"23":{"start":{"line":84,"column":2},"end":{"line":86,"column":3}},"24":{"start":{"line":85,"column":4},"end":{"line":85,"column":14}},"25":{"start":{"line":88,"column":21},"end":{"line":88,"column":44}},"26":{"start":{"line":89,"column":2},"end":{"line":91,"column":3}},"27":{"start":{"line":90,"column":4},"end":{"line":90,"column":14}},"28":{"start":{"line":93,"column":2},"end":{"line":93,"column":57}},"29":{"start":{"line":101,"column":24},"end":{"line":104,"column":3}},"30":{"start":{"line":102,"column":20},"end":{"line":102,"column":38}},"31":{"start":{"line":105,"column":24},"end":{"line":108,"column":3}},"32":{"start":{"line":106,"column":20},"end":{"line":106,"column":38}},"33":{"start":{"line":110,"column":2},"end":{"line":114,"column":4}}},"fnMap":{"0":{"name":"loadVocabulary","decl":{"start":{"line":15,"column":16},"end":{"line":15,"column":30}},"loc":{"start":{"line":15,"column":49},"end":{"line":17,"column":1}},"line":15},"1":{"name":"isPositiveWord","decl":{"start":{"line":24,"column":16},"end":{"line":24,"column":30}},"loc":{"start":{"line":24,"column":54},"end":{"line":41,"column":1}},"line":24},"2":{"name":"isNegativeWord","decl":{"start":{"line":48,"column":16},"end":{"line":48,"column":30}},"loc":{"start":{"line":48,"column":54},"end":{"line":65,"column":1}},"line":48},"3":{"name":"isSentimentWord","decl":{"start":{"line":73,"column":16},"end":{"line":73,"column":31}},"loc":{"start":{"line":73,"column":85},"end":{"line":75,"column":1}},"line":73},"4":{"name":"getWordsByLetter","decl":{"start":{"line":83,"column":16},"end":{"line":83,"column":32}},"loc":{"start":{"line":83,"column":89},"end":{"line":94,"column":1}},"line":83},"5":{"name":"getVocabularyStats","decl":{"start":{"line":100,"column":16},"end":{"line":100,"column":34}},"loc":{"start":{"line":100,"column":37},"end":{"line":115,"column":1}},"line":100},"6":{"name":"(anonymous_6)","decl":{"start":{"line":102,"column":4},"end":{"line":102,"column":5}},"loc":{"start":{"line":102,"column":20},"end":{"line":102,"column":38}},"line":102},"7":{"name":"(anonymous_7)","decl":{"start":{"line":106,"column":4},"end":{"line":106,"column":5}},"loc":{"start":{"line":106,"column":20},"end":{"line":106,"column":38}},"line":106}},"branchMap":{"0":{"loc":{"start":{"line":25,"column":2},"end":{"line":27,"column":3}},"type":"if","locations":[{"start":{"line":25,"column":2},"end":{"line":27,"column":3}},{"start":{},"end":{}}],"line":25},"1":{"loc":{"start":{"line":25,"column":6},"end":{"line":25,"column":39}},"type":"binary-expr","locations":[{"start":{"line":25,"column":6},"end":{"line":25,"column":11}},{"start":{"line":25,"column":15},"end":{"line":25,"column":39}}],"line":25},"2":{"loc":{"start":{"line":30,"column":2},"end":{"line":32,"column":3}},"type":"if","locations":[{"start":{"line":30,"column":2},"end":{"line":32,"column":3}},{"start":{},"end":{}}],"line":30},"3":{"loc":{"start":{"line":35,"column":2},"end":{"line":37,"column":3}},"type":"if","locations":[{"start":{"line":35,"column":2},"end":{"line":37,"column":3}},{"start":{},"end":{}}],"line":35},"4":{"loc":{"start":{"line":40,"column":9},"end":{"line":40,"column":51}},"type":"cond-expr","locations":[{"start":{"line":40,"column":17},"end":{"line":40,"column":43}},{"start":{"line":40,"column":46},"end":{"line":40,"column":51}}],"line":40},"5":{"loc":{"start":{"line":49,"column":2},"end":{"line":51,"column":3}},"type":"if","locations":[{"start":{"line":49,"column":2},"end":{"line":51,"column":3}},{"start":{},"end":{}}],"line":49},"6":{"loc":{"start":{"line":49,"column":6},"end":{"line":49,"column":39}},"type":"binary-expr","locations":[{"start":{"line":49,"column":6},"end":{"line":49,"column":11}},{"start":{"line":49,"column":15},"end":{"line":49,"column":39}}],"line":49},"7":{"loc":{"start":{"line":54,"column":2},"end":{"line":56,"column":3}},"type":"if","locations":[{"start":{"line":54,"column":2},"end":{"line":56,"column":3}},{"start":{},"end":{}}],"line":54},"8":{"loc":{"start":{"line":59,"column":2},"end":{"line":61,"column":3}},"type":"if","locations":[{"start":{"line":59,"column":2},"end":{"line":61,"column":3}},{"start":{},"end":{}}],"line":59},"9":{"loc":{"start":{"line":64,"column":9},"end":{"line":64,"column":51}},"type":"cond-expr","locations":[{"start":{"line":64,"column":17},"end":{"line":64,"column":43}},{"start":{"line":64,"column":46},"end":{"line":64,"column":51}}],"line":64},"10":{"loc":{"start":{"line":74,"column":9},"end":{"line":74,"column":83}},"type":"cond-expr","locations":[{"start":{"line":74,"column":40},"end":{"line":74,"column":60}},{"start":{"line":74,"column":63},"end":{"line":74,"column":83}}],"line":74},"11":{"loc":{"start":{"line":84,"column":2},"end":{"line":86,"column":3}},"type":"if","locations":[{"start":{"line":84,"column":2},"end":{"line":86,"column":3}},{"start":{},"end":{}}],"line":84},"12":{"loc":{"start":{"line":84,"column":6},"end":{"line":84,"column":66}},"type":"binary-expr","locations":[{"start":{"line":84,"column":6},"end":{"line":84,"column":13}},{"start":{"line":84,"column":17},"end":{"line":84,"column":43}},{"start":{"line":84,"column":47},"end":{"line":84,"column":66}}],"line":84},"13":{"loc":{"start":{"line":89,"column":2},"end":{"line":91,"column":3}},"type":"if","locations":[{"start":{"line":89,"column":2},"end":{"line":91,"column":3}},{"start":{},"end":{}}],"line":89},"14":{"loc":{"start":{"line":93,"column":9},"end":{"line":93,"column":56}},"type":"binary-expr","locations":[{"start":{"line":93,"column":9},"end":{"line":93,"column":50}},{"start":{"line":93,"column":54},"end":{"line":93,"column":56}}],"line":93}},"s":{"0":3,"1":29,"2":16,"3":3,"4":13,"5":13,"6":1,"7":12,"8":12,"9":2,"10":10,"11":10,"12":12,"13":1,"14":11,"15":11,"16":1,"17":10,"18":10,"19":1,"20":9,"21":9,"22":4,"23":6,"24":1,"25":5,"26":5,"27":2,"28":3,"29":4,"30":104,"31":4,"32":104,"33":4},"f":{"0":29,"1":16,"2":12,"3":4,"4":6,"5":4,"6":104,"7":104},"b":{"0":[3,13],"1":[16,13],"2":[1,12],"3":[2,10],"4":[10,0],"5":[1,11],"6":[12,11],"7":[1,10],"8":[1,9],"9":[9,0],"10":[2,2],"11":[1,5],"12":[6,5,5],"13":[2,3],"14":[3,0]},"_coverageSchema":"1a1c01bbd47fc00a2c39e90264f33305004495a9","hash":"6772f9861f1a70d29b878764aca33f2baf7f08bd"}
,"/root/react-stocks/src/utils/sentiment/wordCounter.ts": {"path":"/root/react-stocks/src/utils/sentiment/wordCounter.ts","statementMap":{"0":{"start":{"line":21,"column":21},"end":{"line":21,"column":37}},"1":{"start":{"line":23,"column":17},"end":{"line":23,"column":18}},"2":{"start":{"line":24,"column":17},"end":{"line":24,"column":18}},"3":{"start":{"line":27,"column":16},"end":{"line":27,"column":33}},"4":{"start":{"line":30,"column":22},"end":{"line":30,"column":34}},"5":{"start":{"line":33,"column":22},"end":{"line":33,"column":24}},"6":{"start":{"line":34,"column":32},"end":{"line":34,"column":34}},"7":{"start":{"line":35,"column":32},"end":{"line":35,"column":34}},"8":{"start":{"line":37,"column":2},"end":{"line":64,"column":3}},"9":{"start":{"line":39,"column":24},"end":{"line":39,"column":39}},"10":{"start":{"line":42,"column":4},"end":{"line":44,"column":5}},"11":{"start":{"line":43,"column":6},"end":{"line":43,"column":15}},"12":{"start":{"line":47,"column":24},"end":{"line":47,"column":38}},"13":{"start":{"line":50,"column":4},"end":{"line":54,"column":5}},"14":{"start":{"line":51,"column":6},"end":{"line":51,"column":34}},"15":{"start":{"line":52,"column":6},"end":{"line":52,"column":61}},"16":{"start":{"line":53,"column":6},"end":{"line":53,"column":61}},"17":{"start":{"line":57,"column":4},"end":{"line":59,"column":5}},"18":{"start":{"line":58,"column":6},"end":{"line":58,"column":17}},"19":{"start":{"line":61,"column":4},"end":{"line":63,"column":5}},"20":{"start":{"line":62,"column":6},"end":{"line":62,"column":17}},"21":{"start":{"line":66,"column":2},"end":{"line":69,"column":4}},"22":{"start":{"line":82,"column":22},"end":{"line":82,"column":58}},"23":{"start":{"line":85,"column":17},"end":{"line":85,"column":49}},"24":{"start":{"line":87,"column":2},"end":{"line":90,"column":4}}},"fnMap":{"0":{"name":"countSentimentWords","decl":{"start":{"line":20,"column":16},"end":{"line":20,"column":35}},"loc":{"start":{"line":20,"column":62},"end":{"line":70,"column":1}},"line":20},"1":{"name":"analyzeSentimentWords","decl":{"start":{"line":77,"column":16},"end":{"line":77,"column":37}},"loc":{"start":{"line":80,"column":2},"end":{"line":91,"column":1}},"line":80}},"branchMap":{"0":{"loc":{"start":{"line":42,"column":4},"end":{"line":44,"column":5}},"type":"if","locations":[{"start":{"line":42,"column":4},"end":{"line":44,"column":5}},{"start":{},"end":{}}],"line":42},"1":{"loc":{"start":{"line":50,"column":4},"end":{"line":54,"column":5}},"type":"if","locations":[{"start":{"line":50,"column":4},"end":{"line":54,"column":5}},{"start":{},"end":{}}],"line":50},"2":{"loc":{"start":{"line":52,"column":22},"end":{"line":52,"column":60}},"type":"binary-expr","locations":[{"start":{"line":52,"column":22},"end":{"line":52,"column":54}},{"start":{"line":52,"column":58},"end":{"line":52,"column":60}}],"line":52},"3":{"loc":{"start":{"line":53,"column":22},"end":{"line":53,"column":60}},"type":"binary-expr","locations":[{"start":{"line":53,"column":22},"end":{"line":53,"column":54}},{"start":{"line":53,"column":58},"end":{"line":53,"column":60}}],"line":53},"4":{"loc":{"start":{"line":57,"column":4},"end":{"line":59,"column":5}},"type":"if","locations":[{"start":{"line":57,"column":4},"end":{"line":59,"column":5}},{"start":{},"end":{}}],"line":57},"5":{"loc":{"start":{"line":61,"column":4},"end":{"line":63,"column":5}},"type":"if","locations":[{"start":{"line":61,"column":4},"end":{"line":63,"column":5}},{"start":{},"end":{}}],"line":61}},"s":{"0":26,"1":26,"2":26,"3":26,"4":24,"5":24,"6":24,"7":24,"8":24,"9":1155,"10":1155,"11":15,"12":1140,"13":1140,"14":96,"15":96,"16":96,"17":1140,"18":542,"19":1140,"20":523,"21":24,"22":5,"23":5,"24":5},"f":{"0":26,"1":5},"b":{"0":[15,1140],"1":[96,1044],"2":[96,0],"3":[96,0],"4":[542,598],"5":[523,617]},"_coverageSchema":"1a1c01bbd47fc00a2c39e90264f33305004495a9","hash":"f794e73e439372ca5e88688e4f713a3b43ddb5f4"}
,"/root/react-stocks/src/utils/validation/inputValidation.ts": {"path":"/root/react-stocks/src/utils/validation/inputValidation.ts","statementMap":{"0":{"start":{"line":14,"column":2},"end":{"line":16,"column":3}},"1":{"start":{"line":15,"column":4},"end":{"line":15,"column":17}},"2":{"start":{"line":18,"column":22},"end":{"line":18,"column":36}},"3":{"start":{"line":19,"column":2},"end":{"line":19,"column":34}},"4":{"start":{"line":29,"column":2},"end":{"line":31,"column":3}},"5":{"start":{"line":30,"column":4},"end":{"line":30,"column":14}},"6":{"start":{"line":33,"column":2},"end":{"line":33,"column":37}},"7":{"start":{"line":44,"column":2},"end":{"line":55,"column":3}},"8":{"start":{"line":45,"column":18},"end":{"line":45,"column":37}},"9":{"start":{"line":46,"column":16},"end":{"line":46,"column":33}},"10":{"start":{"line":48,"column":4},"end":{"line":50,"column":5}},"11":{"start":{"line":49,"column":6},"end":{"line":49,"column":19}},"12":{"start":{"line":52,"column":4},"end":{"line":52,"column":24}},"13":{"start":{"line":54,"column":4},"end":{"line":54,"column":17}},"14":{"start":{"line":64,"column":2},"end":{"line":66,"column":3}},"15":{"start":{"line":65,"column":4},"end":{"line":65,"column":17}},"16":{"start":{"line":68,"column":2},"end":{"line":73,"column":3}},"17":{"start":{"line":69,"column":19},"end":{"line":69,"column":31}},"18":{"start":{"line":70,"column":4},"end":{"line":70,"column":71}},"19":{"start":{"line":72,"column":4},"end":{"line":72,"column":17}},"20":{"start":{"line":82,"column":2},"end":{"line":84,"column":3}},"21":{"start":{"line":83,"column":4},"end":{"line":83,"column":17}},"22":{"start":{"line":86,"column":21},"end":{"line":86,"column":49}},"23":{"start":{"line":87,"column":2},"end":{"line":87,"column":32}}},"fnMap":{"0":{"name":"isValidTicker","decl":{"start":{"line":13,"column":16},"end":{"line":13,"column":29}},"loc":{"start":{"line":13,"column":55},"end":{"line":20,"column":1}},"line":13},"1":{"name":"sanitizeTicker","decl":{"start":{"line":28,"column":16},"end":{"line":28,"column":30}},"loc":{"start":{"line":28,"column":55},"end":{"line":34,"column":1}},"line":28},"2":{"name":"isValidDateRange","decl":{"start":{"line":43,"column":16},"end":{"line":43,"column":32}},"loc":{"start":{"line":43,"column":78},"end":{"line":56,"column":1}},"line":43},"3":{"name":"validateArticleURL","decl":{"start":{"line":63,"column":16},"end":{"line":63,"column":34}},"loc":{"start":{"line":63,"column":57},"end":{"line":74,"column":1}},"line":63},"4":{"name":"isValidEmail","decl":{"start":{"line":81,"column":16},"end":{"line":81,"column":28}},"loc":{"start":{"line":81,"column":53},"end":{"line":88,"column":1}},"line":81}},"branchMap":{"0":{"loc":{"start":{"line":14,"column":2},"end":{"line":16,"column":3}},"type":"if","locations":[{"start":{"line":14,"column":2},"end":{"line":16,"column":3}},{"start":{},"end":{}}],"line":14},"1":{"loc":{"start":{"line":14,"column":6},"end":{"line":14,"column":43}},"type":"binary-expr","locations":[{"start":{"line":14,"column":6},"end":{"line":14,"column":13}},{"start":{"line":14,"column":17},"end":{"line":14,"column":43}}],"line":14},"2":{"loc":{"start":{"line":29,"column":2},"end":{"line":31,"column":3}},"type":"if","locations":[{"start":{"line":29,"column":2},"end":{"line":31,"column":3}},{"start":{},"end":{}}],"line":29},"3":{"loc":{"start":{"line":29,"column":6},"end":{"line":29,"column":43}},"type":"binary-expr","locations":[{"start":{"line":29,"column":6},"end":{"line":29,"column":13}},{"start":{"line":29,"column":17},"end":{"line":29,"column":43}}],"line":29},"4":{"loc":{"start":{"line":48,"column":4},"end":{"line":50,"column":5}},"type":"if","locations":[{"start":{"line":48,"column":4},"end":{"line":50,"column":5}},{"start":{},"end":{}}],"line":48},"5":{"loc":{"start":{"line":48,"column":8},"end":{"line":48,"column":40}},"type":"binary-expr","locations":[{"start":{"line":48,"column":8},"end":{"line":48,"column":23}},{"start":{"line":48,"column":27},"end":{"line":48,"column":40}}],"line":48},"6":{"loc":{"start":{"line":64,"column":2},"end":{"line":66,"column":3}},"type":"if","locations":[{"start":{"line":64,"column":2},"end":{"line":66,"column":3}},{"start":{},"end":{}}],"line":64},"7":{"loc":{"start":{"line":64,"column":6},"end":{"line":64,"column":37}},"type":"binary-expr","locations":[{"start":{"line":64,"column":6},"end":{"line":64,"column":10}},{"start":{"line":64,"column":14},"end":{"line":64,"column":37}}],"line":64},"8":{"loc":{"start":{"line":70,"column":11},"end":{"line":70,"column":70}},"type":"binary-expr","locations":[{"start":{"line":70,"column":11},"end":{"line":70,"column":38}},{"start":{"line":70,"column":42},"end":{"line":70,"column":70}}],"line":70},"9":{"loc":{"start":{"line":82,"column":2},"end":{"line":84,"column":3}},"type":"if","locations":[{"start":{"line":82,"column":2},"end":{"line":84,"column":3}},{"start":{},"end":{}}],"line":82},"10":{"loc":{"start":{"line":82,"column":6},"end":{"line":82,"column":41}},"type":"binary-expr","locations":[{"start":{"line":82,"column":6},"end":{"line":82,"column":12}},{"start":{"line":82,"column":16},"end":{"line":82,"column":41}}],"line":82}},"s":{"0":14,"1":4,"2":10,"3":10,"4":10,"5":3,"6":7,"7":12,"8":12,"9":12,"10":12,"11":7,"12":5,"13":0,"14":12,"15":4,"16":8,"17":8,"18":6,"19":2,"20":13,"21":4,"22":9,"23":9},"f":{"0":14,"1":10,"2":12,"3":12,"4":13},"b":{"0":[4,10],"1":[14,11],"2":[3,7],"3":[10,7],"4":[7,5],"5":[12,7],"6":[4,8],"7":[12,9],"8":[6,5],"9":[4,9],"10":[13,10]},"_coverageSchema":"1a1c01bbd47fc00a2c39e90264f33305004495a9","hash":"b9d77b7236432a33cae619b11eaefe9afba234ab"}
}
