TN:
SF:src/ml/sentiment/analyzer.ts
FN:40,(anonymous_0)
FN:60,(anonymous_1)
FN:77,(anonymous_2)
FN:90,(anonymous_3)
FN:98,(anonymous_4)
FN:99,(anonymous_5)
FN:107,(anonymous_6)
FN:143,(anonymous_7)
FN:193,(anonymous_8)
FN:201,(anonymous_9)
FN:225,getSentimentAnalyzer
FN:235,resetSentimentAnalyzer
FNF:12
FNH:12
FNDA:53,(anonymous_0)
FNDA:265,(anonymous_1)
FNDA:267,(anonymous_2)
FNDA:637,(anonymous_3)
FNDA:265,(anonymous_4)
FNDA:633,(anonymous_5)
FNDA:633,(anonymous_6)
FNDA:265,(anonymous_7)
FNDA:2,(anonymous_8)
FNDA:1,(anonymous_9)
FNDA:242,getSentimentAnalyzer
FNDA:49,resetSentimentAnalyzer
DA:20,3
DA:41,53
DA:44,53
DA:46,53
DA:48,52
DA:62,265
DA:65,265
DA:68,265
DA:78,267
DA:79,2
DA:83,265
DA:87,265
DA:90,637
DA:99,633
DA:109,633
DA:113,633
DA:117,633
DA:118,153
DA:119,480
DA:120,74
DA:122,406
DA:127,633
DA:129,633
DA:148,265
DA:155,265
DA:156,633
DA:157,633
DA:158,633
DA:159,633
DA:163,265
DA:164,795
DA:165,795
DA:166,307
DA:172,265
DA:194,2
DA:202,1
DA:205,1
DA:206,0
DA:207,0
DA:208,0
DA:219,3
DA:226,242
DA:227,23
DA:229,242
DA:236,49
LF:45
LH:42
BRDA:46,0,0,52
BRDA:46,0,1,1
BRDA:78,1,0,2
BRDA:78,1,1,265
BRDA:78,2,0,267
BRDA:78,2,1,265
BRDA:109,3,0,632
BRDA:109,3,1,1
BRDA:117,4,0,153
BRDA:117,4,1,480
BRDA:119,5,0,74
BRDA:119,5,1,406
BRDA:165,6,0,307
BRDA:165,6,1,488
BRDA:205,7,0,0
BRDA:205,7,1,1
BRDA:207,8,0,0
BRDA:207,8,1,0
BRDA:226,9,0,23
BRDA:226,9,1,219
BRF:20
BRH:17
end_of_record
TN:
SF:src/ml/sentiment/lexicon.ts
FN:144,getWordScore
FN:153,getFinancialLexicon
FN:154,(anonymous_2)
FN:165,hasFinancialTerm
FNF:4
FNH:0
FNDA:0,getWordScore
FNDA:0,getFinancialLexicon
FNDA:0,(anonymous_2)
FNDA:0,hasFinancialTerm
DA:14,3
DA:145,0
DA:146,0
DA:154,0
DA:166,0
LF:5
LH:1
BRDA:146,0,0,0
BRDA:146,0,1,0
BRF:2
BRH:0
end_of_record
TN:
SF:src/ml/sentiment/sentiment.service.ts
FN:22,analyzeSentiment
FN:68,(anonymous_1)
FN:75,(anonymous_2)
FN:86,(anonymous_3)
FN:87,(anonymous_4)
FN:98,(anonymous_5)
FN:115,analyzeSentimentWithMetrics
FN:132,getPerformanceStats
FN:139,resetPerformanceStats
FNF:9
FNH:9
FNDA:236,analyzeSentiment
FNDA:165,(anonymous_1)
FNDA:6,(anonymous_2)
FNDA:525,(anonymous_3)
FNDA:114,(anonymous_4)
FNDA:25,(anonymous_5)
FNDA:165,analyzeSentimentWithMetrics
FNDA:6,getPerformanceStats
FNDA:25,resetPerformanceStats
DA:26,236
DA:28,236
DA:30,236
DA:33,236
DA:35,234
DA:37,234
DA:42,234
DA:44,2
DA:46,2
DA:52,2
DA:65,2
DA:66,2
DA:69,165
DA:70,165
DA:71,50
DA:82,6
DA:83,2
DA:86,525
DA:87,114
DA:89,4
DA:99,25
DA:104,2
DA:119,165
DA:120,165
DA:121,165
DA:123,165
DA:125,165
DA:133,6
DA:140,25
LF:29
LH:29
BRDA:54,0,0,2
BRDA:54,0,1,0
BRDA:70,1,0,50
BRDA:70,1,1,115
BRDA:82,2,0,2
BRDA:82,2,1,4
BRF:6
BRH:5
end_of_record
TN:
SF:src/ml/sentiment/types.ts
FNF:0
FNH:0
LF:0
LH:0
BRF:0
BRH:0
end_of_record
