TN:
SF:src/components/common/DateRangePicker.tsx
FN:19,DateRangePicker
FN:26,(anonymous_1)
FN:30,(anonymous_2)
FN:40,(anonymous_3)
FN:78,(anonymous_4)
FNF:5
FNH:0
FNDA:0,DateRangePicker
FNDA:0,(anonymous_1)
FNDA:0,(anonymous_2)
FNDA:0,(anonymous_3)
FNDA:0,(anonymous_4)
DA:24,0
DA:26,0
DA:27,0
DA:30,0
DA:31,0
DA:32,0
DA:34,0
DA:35,0
DA:36,0
DA:40,0
DA:41,0
DA:42,0
DA:43,0
DA:44,0
DA:46,0
DA:50,0
DA:78,0
DA:98,0
LF:18
LH:0
BRDA:32,0,0,0
BRDA:32,0,1,0
BRDA:32,1,0,0
BRDA:32,1,1,0
BRDA:41,2,0,0
BRDA:41,2,1,0
BRDA:90,3,0,0
BRDA:90,3,1,0
BRDA:91,4,0,0
BRDA:91,4,1,0
BRF:10
BRH:0
end_of_record
TN:
SF:src/components/common/EmptyState.tsx
FN:16,EmptyState
FNF:1
FNH:0
FNDA:0,EmptyState
DA:21,0
DA:30,0
LF:2
LH:0
BRDA:18,0,0,0
BRDA:25,1,0,0
BRDA:25,1,1,0
BRF:3
BRH:0
end_of_record
TN:
SF:src/components/common/ErrorBoundary.tsx
FN:23,(anonymous_0)
FN:32,(anonymous_1)
FN:37,(anonymous_2)
FN:51,(anonymous_3)
FN:59,(anonymous_4)
FNF:5
FNH:0
FNDA:0,(anonymous_0)
FNDA:0,(anonymous_1)
FNDA:0,(anonymous_2)
FNDA:0,(anonymous_3)
FNDA:0,(anonymous_4)
DA:24,0
DA:25,0
DA:34,0
DA:39,0
DA:42,0
DA:51,0
DA:52,0
DA:60,0
DA:61,0
DA:101,0
DA:105,0
LF:11
LH:0
BRDA:60,0,0,0
BRDA:60,0,1,0
BRDA:74,1,0,0
BRDA:74,1,1,0
BRDA:74,1,2,0
BRDA:78,2,0,0
BRDA:78,2,1,0
BRF:7
BRH:0
end_of_record
TN:
SF:src/components/common/ErrorDisplay.tsx
FN:16,ErrorDisplay
FNF:1
FNH:0
FNDA:0,ErrorDisplay
DA:17,0
DA:19,0
DA:32,0
LF:3
LH:0
BRDA:16,0,0,0
BRDA:17,1,0,0
BRDA:17,1,1,0
BRDA:17,2,0,0
BRDA:17,2,1,0
BRDA:23,3,0,0
BRDA:23,3,1,0
BRF:7
BRH:0
end_of_record
TN:
SF:src/components/common/LoadingIndicator.tsx
FN:14,LoadingIndicator
FN:17,(anonymous_1)
FN:35,(anonymous_2)
FNF:3
FNH:0
FNDA:0,LoadingIndicator
FNDA:0,(anonymous_1)
FNDA:0,(anonymous_2)
DA:15,0
DA:17,0
DA:18,0
DA:33,0
DA:35,0
DA:36,0
DA:40,0
DA:54,0
LF:8
LH:0
BRDA:14,0,0,0
BRDA:45,1,0,0
BRDA:45,1,1,0
BRF:3
BRH:0
end_of_record
TN:
SF:src/components/common/NewsCard.tsx
FN:16,NewsCard
FN:17,(anonymous_1)
FN:19,(anonymous_2)
FNF:3
FNH:0
FNDA:0,NewsCard
FNDA:0,(anonymous_1)
FNDA:0,(anonymous_2)
DA:17,0
DA:18,0
DA:19,0
DA:20,0
DA:25,0
DA:47,0
LF:6
LH:0
BRDA:18,0,0,0
BRDA:18,0,1,0
BRDA:37,1,0,0
BRDA:37,1,1,0
BRF:4
BRH:0
end_of_record
TN:
SF:src/components/common/OfflineIndicator.tsx
FN:11,OfflineIndicator
FNF:1
FNH:0
FNDA:0,OfflineIndicator
DA:12,0
DA:14,0
DA:15,0
DA:18,0
DA:26,0
LF:5
LH:0
BRDA:14,0,0,0
BRDA:14,0,1,0
BRF:2
BRH:0
end_of_record
TN:
SF:src/components/common/SentimentChip.tsx
FN:17,SentimentChip
FN:18,(anonymous_1)
FN:31,(anonymous_2)
FNF:3
FNH:0
FNDA:0,SentimentChip
FNDA:0,(anonymous_1)
FNDA:0,(anonymous_2)
DA:18,0
DA:19,0
DA:21,0
DA:23,0
DA:25,0
DA:27,0
DA:31,0
DA:32,0
DA:34,0
DA:36,0
DA:38,0
DA:42,0
DA:43,0
DA:45,0
DA:72,0
LF:15
LH:0
BRDA:17,0,0,0
BRDA:19,1,0,0
BRDA:19,1,1,0
BRDA:19,1,2,0
BRDA:19,1,3,0
BRDA:32,2,0,0
BRDA:32,2,1,0
BRDA:32,2,2,0
BRDA:66,3,0,0
BRDA:66,3,1,0
BRF:10
BRH:0
end_of_record
TN:
SF:src/components/common/StockCard.tsx
FN:18,StockCard
FNF:1
FNH:0
FNDA:0,StockCard
DA:20,0
DA:21,0
DA:23,0
DA:68,0
LF:4
LH:0
BRDA:21,0,0,0
BRDA:21,0,1,0
BRDA:29,1,0,0
BRDA:29,1,1,0
BRF:4
BRH:0
end_of_record
TN:
SF:src/components/common/SuccessFeedback.tsx
FN:17,SuccessFeedback
FN:21,(anonymous_1)
FN:36,(anonymous_2)
FN:38,(anonymous_3)
FN:50,(anonymous_4)
FNF:5
FNH:0
FNDA:0,SuccessFeedback
FNDA:0,(anonymous_1)
FNDA:0,(anonymous_2)
FNDA:0,(anonymous_3)
FNDA:0,(anonymous_4)
DA:18,0
DA:19,0
DA:21,0
DA:22,0
DA:23,0
DA:38,0
DA:39,0
DA:51,0
DA:56,0
DA:57,0
DA:61,0
DA:63,0
DA:83,0
LF:13
LH:0
BRDA:22,0,0,0
BRDA:22,0,1,0
BRDA:61,1,0,0
BRDA:61,1,1,0
BRDA:77,2,0,0
BRDA:77,2,1,0
BRF:6
BRH:0
end_of_record
TN:
SF:src/components/common/index.ts
FNF:0
FNH:0
LF:0
LH:0
BRF:0
BRH:0
end_of_record
TN:
SF:src/components/news/NewsListItem.tsx
FN:16,(anonymous_0)
FN:19,(anonymous_1)
FNF:2
FNH:0
FNDA:0,(anonymous_0)
FNDA:0,(anonymous_1)
DA:16,0
DA:17,0
DA:19,0
DA:20,0
DA:22,0
DA:23,0
DA:24,0
DA:27,0
DA:28,0
DA:29,0
DA:30,0
DA:32,0
DA:35,0
DA:36,0
DA:40,0
DA:88,0
DA:90,0
LF:17
LH:0
BRDA:22,0,0,0
BRDA:22,0,1,0
BRDA:29,1,0,0
BRDA:29,1,1,0
BRDA:73,2,0,0
BRDA:73,2,1,0
BRF:6
BRH:0
end_of_record
TN:
SF:src/components/portfolio/AddStockButton.tsx
FN:14,AddStockButton
FNF:1
FNH:0
FNDA:0,AddStockButton
DA:15,0
DA:28,0
LF:2
LH:0
BRF:0
BRH:0
end_of_record
TN:
SF:src/components/portfolio/PortfolioItem.tsx
FN:18,PortfolioItem
FN:19,(anonymous_1)
FN:25,(anonymous_2)
FNF:3
FNH:0
FNDA:0,PortfolioItem
FNDA:0,(anonymous_1)
FNDA:0,(anonymous_2)
DA:19,0
DA:20,0
DA:21,0
DA:22,0
DA:25,0
DA:26,0
DA:27,0
DA:28,0
DA:29,0
DA:32,0
DA:116,0
LF:11
LH:0
BRDA:20,0,0,0
BRDA:20,0,1,0
BRDA:21,1,0,0
BRDA:21,1,1,0
BRDA:22,2,0,0
BRDA:22,2,1,0
BRDA:26,3,0,0
BRDA:26,3,1,0
BRDA:27,4,0,0
BRDA:27,4,1,0
BRDA:28,5,0,0
BRDA:28,5,1,0
BRDA:36,6,0,0
BRDA:36,6,1,0
BRDA:59,7,0,0
BRDA:59,7,1,0
BRF:16
BRH:0
end_of_record
TN:
SF:src/components/search/SearchBar.tsx
FN:15,SearchBar
FN:19,(anonymous_1)
FN:20,(anonymous_2)
FN:24,(anonymous_3)
FNF:4
FNH:0
FNDA:0,SearchBar
FNDA:0,(anonymous_1)
FNDA:0,(anonymous_2)
FNDA:0,(anonymous_3)
DA:16,0
DA:19,0
DA:20,0
DA:21,0
DA:24,0
DA:27,0
DA:40,0
LF:7
LH:0
BRDA:15,0,0,0
BRF:1
BRH:0
end_of_record
TN:
SF:src/components/search/SearchResultItem.tsx
FN:17,SearchResultItem
FNF:1
FNH:0
FNDA:0,SearchResultItem
DA:18,0
DA:55,0
LF:2
LH:0
BRDA:36,0,0,0
BRDA:36,0,1,0
BRF:2
BRH:0
end_of_record
TN:
SF:src/components/sentiment/CombinedWordItem.tsx
FN:17,(anonymous_0)
FN:21,(anonymous_1)
FN:33,(anonymous_2)
FNF:3
FNH:0
FNDA:0,(anonymous_0)
FNDA:0,(anonymous_1)
FNDA:0,(anonymous_2)
DA:17,0
DA:18,0
DA:21,0
DA:22,0
DA:24,0
DA:26,0
DA:28,0
DA:33,0
DA:34,0
DA:37,0
DA:39,0
DA:134,0
DA:136,0
LF:13
LH:0
BRDA:22,0,0,0
BRDA:22,0,1,0
BRDA:22,0,2,0
BRDA:34,1,0,0
BRDA:34,1,1,0
BRF:5
BRH:0
end_of_record
TN:
SF:src/components/sentiment/SentimentToggle.tsx
FN:15,(anonymous_0)
FN:23,(anonymous_1)
FNF:2
FNH:0
FNDA:0,(anonymous_0)
FNDA:0,(anonymous_1)
DA:15,0
DA:19,0
DA:23,0
DA:41,0
LF:4
LH:0
BRF:0
BRH:0
end_of_record
TN:
SF:src/components/sentiment/SingleWordItem.tsx
FN:16,(anonymous_0)
FN:20,(anonymous_1)
FN:34,(anonymous_2)
FNF:3
FNH:0
FNDA:0,(anonymous_0)
FNDA:0,(anonymous_1)
FNDA:0,(anonymous_2)
DA:16,0
DA:17,0
DA:20,0
DA:21,0
DA:23,0
DA:25,0
DA:27,0
DA:31,0
DA:34,0
DA:35,0
DA:36,0
DA:37,0
DA:40,0
DA:100,0
DA:102,0
LF:15
LH:0
BRDA:21,0,0,0
BRDA:21,0,1,0
BRDA:21,0,2,0
BRDA:35,1,0,0
BRDA:35,1,1,0
BRDA:36,2,0,0
BRDA:36,2,1,0
BRF:7
BRH:0
end_of_record
TN:
SF:src/components/stock/PriceListHeader.tsx
FN:10,(anonymous_0)
FNF:1
FNH:0
FNDA:0,(anonymous_0)
DA:10,0
DA:11,0
DA:13,0
DA:56,0
LF:4
LH:0
BRF:0
BRH:0
end_of_record
TN:
SF:src/components/stock/PriceListItem.tsx
FN:17,(anonymous_0)
FN:21,(anonymous_1)
FN:30,(anonymous_2)
FNF:3
FNH:0
FNDA:0,(anonymous_0)
FNDA:0,(anonymous_1)
FNDA:0,(anonymous_2)
DA:17,0
DA:18,0
DA:21,0
DA:22,0
DA:23,0
DA:24,0
DA:25,0
DA:27,0
DA:30,0
DA:31,0
DA:32,0
DA:33,0
DA:34,0
DA:36,0
DA:39,0
DA:41,0
DA:87,0
DA:89,0
LF:18
LH:0
BRDA:22,0,0,0
BRDA:22,0,1,0
BRDA:24,1,0,0
BRDA:24,1,1,0
BRDA:31,2,0,0
BRDA:31,2,1,0
BRDA:33,3,0,0
BRDA:33,3,1,0
BRF:8
BRH:0
end_of_record
TN:
SF:src/components/stock/StockMetadataCard.tsx
FN:16,(anonymous_0)
FNF:1
FNH:0
FNDA:0,(anonymous_0)
DA:16,0
DA:20,0
DA:22,0
DA:23,0
DA:32,0
DA:33,0
DA:42,0
DA:72,0
LF:8
LH:0
BRDA:22,0,0,0
BRDA:22,0,1,0
BRDA:32,1,0,0
BRDA:32,1,1,0
BRDA:58,2,0,0
BRDA:58,2,1,0
BRF:6
BRH:0
end_of_record
TN:
SF:src/config/environment.ts
FN:42,validateEnvironment
FN:73,logEnvironmentStatus
FN:84,getEnvironmentConfig
FNF:3
FNH:0
FNDA:0,validateEnvironment
FNDA:0,logEnvironmentStatus
FNDA:0,getEnvironmentConfig
DA:13,3
DA:43,0
DA:45,0
DA:46,0
DA:51,0
DA:52,0
DA:65,0
DA:74,0
DA:75,0
DA:76,0
DA:77,0
DA:85,0
LF:12
LH:1
BRDA:45,0,0,0
BRDA:45,0,1,0
BRDA:51,1,0,0
BRDA:51,1,1,0
BRDA:75,2,0,0
BRDA:75,2,1,0
BRF:6
BRH:0
end_of_record
TN:
SF:src/config/features.ts
FN:35,logFeatureFlags
FN:44,getAllFeatureFlags
FN:51,isFeatureEnabled
FNF:3
FNH:2
FNDA:0,logFeatureFlags
FNDA:3,getAllFeatureFlags
FNDA:2,isFeatureEnabled
DA:14,3
DA:36,0
DA:37,0
DA:38,0
DA:45,3
DA:52,2
LF:6
LH:3
BRF:0
BRH:0
end_of_record
TN:
SF:src/constants/api.constants.ts
FNF:0
FNH:0
DA:11,2
DA:35,2
DA:56,2
LF:3
LH:3
BRDA:14,0,0,2
BRDA:14,0,1,2
BRF:2
BRH:2
end_of_record
TN:
SF:src/constants/database.constants.ts
FNF:0
FNH:0
DA:6,14
DA:7,14
DA:9,14
LF:3
LH:3
BRF:0
BRH:0
end_of_record
TN:
SF:src/contexts/PortfolioContext.tsx
FN:26,PortfolioProvider
FN:29,(anonymous_1)
FN:30,(anonymous_2)
FN:33,(anonymous_3)
FN:53,(anonymous_4)
FN:76,usePortfolioContext
FNF:6
FNH:0
FNDA:0,PortfolioProvider
FNDA:0,(anonymous_1)
FNDA:0,(anonymous_2)
FNDA:0,(anonymous_3)
FNDA:0,(anonymous_4)
FNDA:0,usePortfolioContext
DA:20,0
DA:27,0
DA:29,0
DA:30,0
DA:33,0
DA:34,0
DA:35,0
DA:38,0
DA:46,0
DA:48,0
DA:49,0
DA:53,0
DA:54,0
DA:55,0
DA:56,0
DA:58,0
DA:59,0
DA:63,0
DA:73,0
DA:77,0
DA:78,0
DA:79,0
DA:81,0
LF:23
LH:0
BRDA:78,0,0,0
BRDA:78,0,1,0
BRF:2
BRH:0
end_of_record
TN:
SF:src/contexts/StockContext.tsx
FN:25,StockProvider
FN:37,(anonymous_1)
FN:55,useStock
FNF:3
FNH:0
FNDA:0,StockProvider
FNDA:0,(anonymous_1)
FNDA:0,useStock
DA:19,0
DA:26,0
DA:27,0
DA:30,0
DA:31,0
DA:32,0
DA:34,0
DA:35,0
DA:37,0
DA:38,0
DA:39,0
DA:42,0
DA:52,0
DA:56,0
DA:57,0
DA:58,0
DA:60,0
LF:17
LH:0
BRDA:57,0,0,0
BRDA:57,0,1,0
BRF:2
BRH:0
end_of_record
TN:
SF:src/database/database.ts
FN:19,initializeDatabase
FN:56,getDatabase
FN:71,createTables
FN:98,checkTablesExist
FN:119,getDatabaseVersion
FN:140,setDatabaseVersion
FN:158,resetDatabase
FN:191,closeDatabase
FNF:8
FNH:8
FNDA:5,initializeDatabase
FNDA:7,getDatabase
FNDA:1,createTables
FNDA:5,checkTablesExist
FNDA:5,getDatabaseVersion
FNDA:1,setDatabaseVersion
FNDA:1,resetDatabase
FNDA:2,closeDatabase
DA:11,7
DA:12,7
DA:20,5
DA:21,5
DA:24,5
DA:27,5
DA:29,5
DA:30,0
DA:31,0
DA:33,5
DA:37,5
DA:38,5
DA:39,0
DA:43,5
DA:44,5
DA:46,0
DA:47,0
DA:57,7
DA:58,2
DA:61,7
DA:62,0
DA:65,7
DA:72,1
DA:73,0
DA:76,1
DA:78,1
DA:79,6
DA:80,6
DA:84,1
DA:85,1
DA:87,1
DA:89,0
DA:90,0
DA:99,5
DA:100,0
DA:103,5
DA:104,5
DA:107,5
DA:109,0
DA:110,0
DA:120,5
DA:121,0
DA:124,5
DA:125,5
DA:128,5
DA:130,0
DA:131,0
DA:141,1
DA:142,0
DA:145,1
DA:146,1
DA:148,0
DA:149,0
DA:159,1
DA:160,0
DA:163,1
DA:164,1
DA:166,1
DA:167,0
DA:171,1
DA:172,1
DA:175,1
DA:178,1
DA:180,1
DA:182,0
DA:183,0
DA:192,2
DA:193,2
DA:194,2
DA:195,2
DA:196,2
DA:197,2
DA:199,0
DA:200,0
LF:74
LH:50
BRDA:29,0,0,0
BRDA:29,0,1,5
BRDA:38,1,0,0
BRDA:38,1,1,5
BRDA:57,2,0,2
BRDA:57,2,1,5
BRDA:57,3,0,7
BRDA:57,3,1,5
BRDA:61,4,0,0
BRDA:61,4,1,7
BRDA:72,5,0,0
BRDA:72,5,1,1
BRDA:99,6,0,0
BRDA:99,6,1,5
BRDA:120,7,0,0
BRDA:120,7,1,5
BRDA:128,8,0,5
BRDA:128,8,1,0
BRDA:141,9,0,0
BRDA:141,9,1,1
BRDA:159,10,0,0
BRDA:159,10,1,1
BRDA:166,11,0,0
BRDA:166,11,1,1
BRDA:192,12,0,2
BRDA:192,12,1,0
BRF:26
BRH:15
end_of_record
TN:
SF:src/database/database.web.ts
FN:21,(anonymous_0)
FN:25,(anonymous_1)
FN:45,(anonymous_2)
FN:53,(anonymous_3)
FN:76,(anonymous_4)
FN:96,(anonymous_5)
FN:102,(anonymous_6)
FN:109,(anonymous_7)
FN:119,(anonymous_8)
FN:126,(anonymous_9)
FN:133,(anonymous_10)
FN:150,(anonymous_11)
FN:156,(anonymous_12)
FN:161,(anonymous_13)
FN:176,(anonymous_14)
FN:182,(anonymous_15)
FN:187,(anonymous_16)
FN:202,(anonymous_17)
FN:208,(anonymous_18)
FN:213,(anonymous_19)
FN:229,(anonymous_20)
FN:235,(anonymous_21)
FN:242,(anonymous_22)
FN:252,(anonymous_23)
FN:267,initializeDatabase
FN:273,getDatabase
FN:280,closeDatabase
FN:285,resetDatabase
FNF:28
FNH:0
FNDA:0,(anonymous_0)
FNDA:0,(anonymous_1)
FNDA:0,(anonymous_2)
FNDA:0,(anonymous_3)
FNDA:0,(anonymous_4)
FNDA:0,(anonymous_5)
FNDA:0,(anonymous_6)
FNDA:0,(anonymous_7)
FNDA:0,(anonymous_8)
FNDA:0,(anonymous_9)
FNDA:0,(anonymous_10)
FNDA:0,(anonymous_11)
FNDA:0,(anonymous_12)
FNDA:0,(anonymous_13)
FNDA:0,(anonymous_14)
FNDA:0,(anonymous_15)
FNDA:0,(anonymous_16)
FNDA:0,(anonymous_17)
FNDA:0,(anonymous_18)
FNDA:0,(anonymous_19)
FNDA:0,(anonymous_20)
FNDA:0,(anonymous_21)
FNDA:0,(anonymous_22)
FNDA:0,(anonymous_23)
FNDA:0,initializeDatabase
FNDA:0,getDatabase
FNDA:0,closeDatabase
FNDA:0,resetDatabase
DA:18,0
DA:22,0
DA:26,0
DA:27,0
DA:28,0
DA:29,0
DA:32,0
DA:35,0
DA:46,0
DA:47,0
DA:49,0
DA:55,0
DA:57,0
DA:58,0
DA:59,0
DA:60,0
DA:61,0
DA:62,0
DA:63,0
DA:64,0
DA:65,0
DA:66,0
DA:67,0
DA:68,0
DA:69,0
DA:70,0
DA:73,0
DA:77,0
DA:79,0
DA:80,0
DA:81,0
DA:82,0
DA:83,0
DA:84,0
DA:85,0
DA:86,0
DA:87,0
DA:88,0
DA:89,0
DA:90,0
DA:93,0
DA:97,0
DA:98,0
DA:103,0
DA:104,0
DA:105,0
DA:106,0
DA:110,0
DA:112,0
DA:113,0
DA:114,0
DA:117,0
DA:118,0
DA:120,0
DA:127,0
DA:128,0
DA:129,0
DA:132,0
DA:133,0
DA:135,0
DA:136,0
DA:146,0
DA:147,0
DA:151,0
DA:152,0
DA:157,0
DA:158,0
DA:159,0
DA:161,0
DA:162,0
DA:163,0
DA:172,0
DA:173,0
DA:177,0
DA:178,0
DA:183,0
DA:184,0
DA:185,0
DA:187,0
DA:188,0
DA:189,0
DA:198,0
DA:199,0
DA:203,0
DA:204,0
DA:209,0
DA:210,0
DA:211,0
DA:213,0
DA:214,0
DA:215,0
DA:225,0
DA:226,0
DA:230,0
DA:231,0
DA:236,0
DA:237,0
DA:238,0
DA:239,0
DA:243,0
DA:244,0
DA:245,0
DA:246,0
DA:247,0
DA:249,0
DA:253,0
DA:255,0
DA:256,0
DA:257,0
DA:260,0
DA:265,0
DA:268,0
DA:269,0
DA:270,0
DA:274,0
DA:275,0
DA:277,0
DA:281,0
DA:282,0
DA:286,0
DA:287,0
DA:288,0
DA:289,0
LF:123
LH:0
BRDA:28,0,0,0
BRDA:28,0,1,0
BRDA:57,1,0,0
BRDA:57,1,1,0
BRDA:58,2,0,0
BRDA:58,2,1,0
BRDA:59,3,0,0
BRDA:59,3,1,0
BRDA:60,4,0,0
BRDA:60,4,1,0
BRDA:61,5,0,0
BRDA:61,5,1,0
BRDA:62,6,0,0
BRDA:62,6,1,0
BRDA:63,7,0,0
BRDA:63,7,1,0
BRDA:64,8,0,0
BRDA:64,8,1,0
BRDA:65,9,0,0
BRDA:65,9,1,0
BRDA:66,10,0,0
BRDA:66,10,1,0
BRDA:67,11,0,0
BRDA:67,11,1,0
BRDA:68,12,0,0
BRDA:68,12,1,0
BRDA:69,13,0,0
BRDA:69,13,1,0
BRDA:70,14,0,0
BRDA:70,14,1,0
BRDA:79,15,0,0
BRDA:79,15,1,0
BRDA:80,16,0,0
BRDA:80,16,1,0
BRDA:81,17,0,0
BRDA:81,17,1,0
BRDA:82,18,0,0
BRDA:82,18,1,0
BRDA:83,19,0,0
BRDA:83,19,1,0
BRDA:84,20,0,0
BRDA:84,20,1,0
BRDA:85,21,0,0
BRDA:85,21,1,0
BRDA:86,22,0,0
BRDA:86,22,1,0
BRDA:87,23,0,0
BRDA:87,23,1,0
BRDA:88,24,0,0
BRDA:88,24,1,0
BRDA:89,25,0,0
BRDA:89,25,1,0
BRDA:90,26,0,0
BRDA:90,26,1,0
BRDA:98,27,0,0
BRDA:98,27,1,0
BRDA:110,28,0,0
BRDA:110,28,1,0
BRDA:114,29,0,0
BRDA:114,29,1,0
BRDA:117,30,0,0
BRDA:117,30,1,0
BRDA:120,31,0,0
BRDA:120,31,1,0
BRDA:128,32,0,0
BRDA:128,32,1,0
BRDA:135,33,0,0
BRDA:135,33,1,0
BRDA:147,34,0,0
BRDA:147,34,1,0
BRDA:152,35,0,0
BRDA:152,35,1,0
BRDA:158,36,0,0
BRDA:158,36,1,0
BRDA:162,37,0,0
BRDA:162,37,1,0
BRDA:173,38,0,0
BRDA:173,38,1,0
BRDA:178,39,0,0
BRDA:178,39,1,0
BRDA:184,40,0,0
BRDA:184,40,1,0
BRDA:188,41,0,0
BRDA:188,41,1,0
BRDA:199,42,0,0
BRDA:199,42,1,0
BRDA:204,43,0,0
BRDA:204,43,1,0
BRDA:210,44,0,0
BRDA:210,44,1,0
BRDA:214,45,0,0
BRDA:214,45,1,0
BRDA:226,46,0,0
BRDA:226,46,1,0
BRDA:231,47,0,0
BRDA:231,47,1,0
BRDA:244,48,0,0
BRDA:244,48,1,0
BRDA:253,49,0,0
BRDA:253,49,1,0
BRDA:257,50,0,0
BRDA:257,50,1,0
BRDA:274,51,0,0
BRDA:274,51,1,0
BRF:104
BRH:0
end_of_record
TN:
SF:src/database/index.ts
FN:11,loadDatabaseModule
FN:22,initializeDatabase
FN:27,getDatabase
FN:32,closeDatabase
FN:37,resetDatabase
FNF:5
FNH:2
FNDA:79,loadDatabaseModule
FNDA:0,initializeDatabase
FNDA:79,getDatabase
FNDA:0,closeDatabase
FNDA:0,resetDatabase
DA:9,7
DA:12,79
DA:13,79
DA:14,0
DA:16,79
DA:19,0
DA:23,0
DA:24,0
DA:28,79
DA:29,0
DA:33,0
DA:34,0
DA:38,0
DA:39,0
LF:14
LH:5
BRDA:12,0,0,79
BRDA:12,0,1,0
BRDA:13,1,0,0
BRDA:13,1,1,79
BRF:4
BRH:2
end_of_record
TN:
SF:src/database/schema.ts
FNF:0
FNH:0
DA:6,7
DA:32,7
DA:44,7
DA:59,7
DA:76,7
DA:91,7
DA:102,7
DA:121,7
DA:131,7
LF:9
LH:9
BRF:0
BRH:0
end_of_record
TN:
SF:src/database/repositories/combinedWord.repository.ts
FN:15,findByTicker
FN:35,findByTickerAndDateRange
FN:61,findByDate
FN:79,upsert
FN:112,deleteByTickerAndDate
FN:128,deleteByTicker
FNF:6
FNH:6
FNDA:1,findByTicker
FNDA:1,findByTickerAndDateRange
FNDA:2,findByDate
FNDA:1,upsert
FNDA:1,deleteByTickerAndDate
FNDA:1,deleteByTicker
DA:16,1
DA:17,0
DA:19,0
DA:20,0
DA:21,0
DA:23,0
DA:24,0
DA:40,1
DA:41,0
DA:47,0
DA:48,0
DA:49,0
DA:51,0
DA:52,0
DA:62,2
DA:63,0
DA:65,0
DA:66,0
DA:67,0
DA:69,0
DA:70,0
DA:80,1
DA:81,0
DA:88,0
DA:89,0
DA:102,0
DA:103,0
DA:113,1
DA:114,0
DA:116,0
DA:117,0
DA:119,0
DA:120,0
DA:129,1
DA:130,0
DA:132,0
DA:133,0
DA:135,0
DA:136,0
LF:39
LH:6
BRDA:67,0,0,0
BRDA:67,0,1,0
BRF:2
BRH:0
end_of_record
TN:
SF:src/database/repositories/index.ts
FNF:0
FNH:0
LF:0
LH:0
BRF:0
BRH:0
end_of_record
TN:
SF:src/database/repositories/news.repository.ts
FN:15,findByTicker
FN:35,findByTickerAndDateRange
FN:61,insert
FN:94,insertMany
FN:98,(anonymous_4)
FN:114,existsByUrl
FN:131,deleteByTicker
FN:148,countByTicker
FNF:8
FNH:7
FNDA:2,findByTicker
FNDA:1,findByTickerAndDateRange
FNDA:1,insert
FNDA:1,insertMany
FNDA:0,(anonymous_4)
FNDA:2,existsByUrl
FNDA:1,deleteByTicker
FNDA:1,countByTicker
DA:16,2
DA:17,0
DA:19,0
DA:20,0
DA:21,0
DA:23,0
DA:24,0
DA:40,1
DA:41,0
DA:47,0
DA:48,0
DA:49,0
DA:51,0
DA:52,0
DA:62,1
DA:63,0
DA:70,0
DA:71,0
DA:83,0
DA:85,0
DA:86,0
DA:95,1
DA:97,0
DA:98,0
DA:99,0
DA:100,0
DA:104,0
DA:105,0
DA:115,2
DA:116,0
DA:118,0
DA:119,0
DA:120,0
DA:122,0
DA:123,0
DA:132,1
DA:133,0
DA:135,0
DA:136,0
DA:138,0
DA:139,0
DA:149,1
DA:150,0
DA:152,0
DA:153,0
DA:154,0
DA:156,0
DA:157,0
LF:48
LH:7
BRDA:120,0,0,0
BRDA:120,0,1,0
BRDA:154,1,0,0
BRDA:154,1,1,0
BRF:4
BRH:0
end_of_record
TN:
SF:src/database/repositories/portfolio.repository.ts
FN:14,findAll
FN:32,findByTicker
FN:50,upsert
FN:76,deleteByTicker
FN:93,existsByTicker
FN:110,count
FN:127,deleteAll
FNF:7
FNH:7
FNDA:2,findAll
FNDA:2,findByTicker
FNDA:1,upsert
FNDA:1,deleteByTicker
FNDA:2,existsByTicker
FNDA:1,count
FNDA:1,deleteAll
DA:15,2
DA:16,0
DA:18,0
DA:19,0
DA:20,0
DA:22,0
DA:23,0
DA:33,2
DA:34,0
DA:36,0
DA:37,0
DA:38,0
DA:40,0
DA:41,0
DA:51,1
DA:52,0
DA:58,0
DA:59,0
DA:67,0
DA:68,0
DA:77,1
DA:78,0
DA:80,0
DA:81,0
DA:83,0
DA:84,0
DA:94,2
DA:95,0
DA:97,0
DA:98,0
DA:99,0
DA:101,0
DA:102,0
DA:111,1
DA:112,0
DA:114,0
DA:115,0
DA:116,0
DA:118,0
DA:119,0
DA:128,1
DA:129,0
DA:131,0
DA:132,0
DA:134,0
DA:135,0
LF:46
LH:7
BRDA:38,0,0,0
BRDA:38,0,1,0
BRDA:99,1,0,0
BRDA:99,1,1,0
BRDA:116,2,0,0
BRDA:116,2,1,0
BRF:6
BRH:0
end_of_record
TN:
SF:src/database/repositories/stock.repository.ts
FN:15,findByTicker
FN:35,findByTickerAndDateRange
FN:61,insert
FN:107,insertMany
FN:111,(anonymous_4)
FN:126,deleteByTicker
FN:143,countByTicker
FN:161,findLatestByTicker
FNF:8
FNH:7
FNDA:2,findByTicker
FNDA:1,findByTickerAndDateRange
FNDA:1,insert
FNDA:1,insertMany
FNDA:0,(anonymous_4)
FNDA:1,deleteByTicker
FNDA:2,countByTicker
FNDA:2,findLatestByTicker
DA:16,2
DA:17,0
DA:19,0
DA:20,0
DA:21,0
DA:23,0
DA:24,0
DA:40,1
DA:41,0
DA:47,0
DA:48,0
DA:49,0
DA:51,0
DA:52,0
DA:62,1
DA:63,0
DA:72,0
DA:73,0
DA:96,0
DA:98,0
DA:99,0
DA:108,1
DA:110,0
DA:111,0
DA:112,0
DA:113,0
DA:117,0
DA:118,0
DA:127,1
DA:128,0
DA:130,0
DA:131,0
DA:133,0
DA:134,0
DA:144,2
DA:145,0
DA:147,0
DA:148,0
DA:149,0
DA:151,0
DA:152,0
DA:162,2
DA:163,0
DA:170,0
DA:171,0
DA:172,0
DA:174,0
DA:175,0
LF:48
LH:7
BRDA:149,0,0,0
BRDA:149,0,1,0
BRDA:172,1,0,0
BRDA:172,1,1,0
BRF:4
BRH:0
end_of_record
TN:
SF:src/database/repositories/symbol.repository.ts
FN:15,findByTicker
FN:32,findAll
FN:50,insert
FN:80,update
FN:107,deleteByTicker
FN:124,existsByTicker
FNF:6
FNH:6
FNDA:2,findByTicker
FNDA:1,findAll
FNDA:1,insert
FNDA:1,update
FNDA:1,deleteByTicker
FNDA:2,existsByTicker
DA:16,2
DA:17,0
DA:19,0
DA:20,0
DA:21,0
DA:23,0
DA:24,0
DA:33,1
DA:34,0
DA:36,0
DA:37,0
DA:38,0
DA:40,0
DA:41,0
DA:51,1
DA:52,0
DA:58,0
DA:59,0
DA:68,0
DA:70,0
DA:71,0
DA:81,1
DA:82,0
DA:88,0
DA:89,0
DA:98,0
DA:99,0
DA:108,1
DA:109,0
DA:111,0
DA:112,0
DA:114,0
DA:115,0
DA:125,2
DA:126,0
DA:128,0
DA:129,0
DA:130,0
DA:132,0
DA:133,0
LF:40
LH:6
BRDA:21,0,0,0
BRDA:21,0,1,0
BRDA:130,1,0,0
BRDA:130,1,1,0
BRF:4
BRH:0
end_of_record
TN:
SF:src/database/repositories/wordCount.repository.ts
FN:15,findByTicker
FN:34,findByTickerAndDate
FN:52,insert
FN:87,insertMany
FN:91,(anonymous_4)
FN:107,existsByHash
FN:124,deleteByTicker
FNF:7
FNH:6
FNDA:1,findByTicker
FNDA:1,findByTickerAndDate
FNDA:1,insert
FNDA:1,insertMany
FNDA:0,(anonymous_4)
FNDA:2,existsByHash
FNDA:29,deleteByTicker
DA:16,1
DA:17,0
DA:19,0
DA:20,0
DA:21,0
DA:23,0
DA:24,0
DA:35,1
DA:36,0
DA:38,0
DA:39,0
DA:40,0
DA:42,0
DA:43,0
DA:53,1
DA:54,0
DA:61,0
DA:62,0
DA:76,0
DA:78,0
DA:79,0
DA:88,1
DA:90,0
DA:91,0
DA:92,0
DA:93,0
DA:97,0
DA:98,0
DA:108,2
DA:109,0
DA:111,0
DA:112,0
DA:113,0
DA:115,0
DA:116,0
DA:125,29
DA:126,0
DA:128,0
DA:129,0
DA:131,0
DA:132,0
LF:41
LH:6
BRDA:113,0,0,0
BRDA:113,0,1,0
BRF:2
BRH:0
end_of_record
TN:
SF:src/hooks/index.ts
FNF:0
FNH:0
LF:0
LH:0
BRF:0
BRH:0
end_of_record
TN:
SF:src/hooks/useNetworkStatus.ts
FN:32,useNetworkStatus
FN:38,(anonymous_1)
FN:40,(anonymous_2)
FN:48,(anonymous_3)
FN:55,(anonymous_4)
FNF:5
FNH:0
FNDA:0,useNetworkStatus
FNDA:0,(anonymous_1)
FNDA:0,(anonymous_2)
FNDA:0,(anonymous_3)
FNDA:0,(anonymous_4)
DA:33,0
DA:38,0
DA:40,0
DA:41,0
DA:48,0
DA:49,0
DA:55,0
DA:56,0
DA:60,0
LF:9
LH:0
BRDA:42,0,0,0
BRDA:42,0,1,0
BRDA:50,1,0,0
BRDA:50,1,1,0
BRF:4
BRH:0
end_of_record
TN:
SF:src/hooks/useNewsData.ts
FN:58,useNewsData
FN:66,(anonymous_1)
FN:122,useNewsByDate
FN:125,(anonymous_3)
FN:151,useNewsCount
FN:154,(anonymous_5)
FNF:6
FNH:0
FNDA:0,useNewsData
FNDA:0,(anonymous_1)
FNDA:0,useNewsByDate
FNDA:0,(anonymous_3)
FNDA:0,useNewsCount
FNDA:0,(anonymous_5)
DA:62,0
DA:64,0
DA:67,0
DA:68,0
DA:70,0
DA:73,0
DA:80,0
DA:81,0
DA:82,0
DA:85,0
DA:92,0
DA:93,0
DA:123,0
DA:126,0
DA:128,0
DA:131,0
DA:132,0
DA:133,0
DA:134,0
DA:137,0
DA:152,0
DA:155,0
DA:156,0
DA:158,0
DA:164,0
LF:25
LH:0
BRDA:60,0,0,0
BRDA:62,1,0,0
BRDA:62,2,0,0
BRDA:80,3,0,0
BRDA:80,3,1,0
BRDA:95,4,0,0
BRDA:95,4,1,0
BRDA:131,5,0,0
BRDA:131,5,1,0
BRDA:139,6,0,0
BRDA:139,6,1,0
BRDA:151,7,0,0
BRF:12
BRH:0
end_of_record
TN:
SF:src/hooks/usePortfolio.ts
FN:58,usePortfolio
FN:69,(anonymous_1)
FN:79,(anonymous_2)
FN:83,(anonymous_3)
FN:88,(anonymous_4)
FN:95,(anonymous_5)
FN:99,(anonymous_6)
FN:104,(anonymous_7)
FN:111,(anonymous_8)
FN:115,(anonymous_9)
FN:120,(anonymous_10)
FN:165,useIsInPortfolio
FN:168,(anonymous_12)
FN:199,usePortfolioCount
FN:202,(anonymous_14)
FNF:15
FNH:0
FNDA:0,usePortfolio
FNDA:0,(anonymous_1)
FNDA:0,(anonymous_2)
FNDA:0,(anonymous_3)
FNDA:0,(anonymous_4)
FNDA:0,(anonymous_5)
FNDA:0,(anonymous_6)
FNDA:0,(anonymous_7)
FNDA:0,(anonymous_8)
FNDA:0,(anonymous_9)
FNDA:0,(anonymous_10)
FNDA:0,useIsInPortfolio
FNDA:0,(anonymous_12)
FNDA:0,usePortfolioCount
FNDA:0,(anonymous_14)
DA:59,0
DA:67,0
DA:70,0
DA:71,0
DA:72,0
DA:73,0
DA:78,0
DA:80,0
DA:81,0
DA:84,0
DA:86,0
DA:89,0
DA:94,0
DA:96,0
DA:97,0
DA:100,0
DA:102,0
DA:105,0
DA:110,0
DA:112,0
DA:113,0
DA:116,0
DA:118,0
DA:121,0
DA:125,0
DA:166,0
DA:169,0
DA:170,0
DA:200,0
DA:203,0
DA:204,0
LF:31
LH:0
BRDA:126,0,0,0
BRDA:126,0,1,0
BRF:2
BRH:0
end_of_record
TN:
SF:src/hooks/useSentimentData.ts
FN:60,useSentimentData
FN:68,(anonymous_1)
FN:137,useArticleSentiment
FN:145,(anonymous_3)
FN:157,(anonymous_4)
FN:190,useCurrentSentiment
FN:193,(anonymous_6)
FN:206,(anonymous_7)
FN:210,(anonymous_8)
FN:225,useSentimentByDate
FN:228,(anonymous_10)
FNF:11
FNH:0
FNDA:0,useSentimentData
FNDA:0,(anonymous_1)
FNDA:0,useArticleSentiment
FNDA:0,(anonymous_3)
FNDA:0,(anonymous_4)
FNDA:0,useCurrentSentiment
FNDA:0,(anonymous_6)
FNDA:0,(anonymous_7)
FNDA:0,(anonymous_8)
FNDA:0,useSentimentByDate
FNDA:0,(anonymous_10)
DA:64,0
DA:66,0
DA:69,0
DA:70,0
DA:72,0
DA:74,0
DA:81,0
DA:82,0
DA:85,0
DA:86,0
DA:87,0
DA:90,0
DA:91,0
DA:95,0
DA:102,0
DA:103,0
DA:141,0
DA:143,0
DA:146,0
DA:150,0
DA:153,0
DA:154,0
DA:156,0
DA:157,0
DA:160,0
DA:191,0
DA:194,0
DA:197,0
DA:199,0
DA:201,0
DA:202,0
DA:203,0
DA:205,0
DA:206,0
DA:210,0
DA:211,0
DA:226,0
DA:229,0
DA:231,0
DA:238,0
DA:239,0
DA:240,0
DA:245,0
DA:248,0
LF:44
LH:0
BRDA:62,0,0,0
BRDA:64,1,0,0
BRDA:64,2,0,0
BRDA:81,3,0,0
BRDA:81,3,1,0
BRDA:105,4,0,0
BRDA:105,4,1,0
BRDA:139,5,0,0
BRDA:141,6,0,0
BRDA:141,7,0,0
BRDA:157,8,0,0
BRDA:157,8,1,0
BRDA:162,9,0,0
BRDA:162,9,1,0
BRDA:199,10,0,0
BRDA:199,10,1,0
BRDA:206,11,0,0
BRDA:206,11,1,0
BRDA:238,12,0,0
BRDA:238,12,1,0
BRDA:245,13,0,0
BRDA:245,13,1,0
BRDA:248,14,0,0
BRDA:248,14,1,0
BRDA:250,15,0,0
BRDA:250,15,1,0
BRF:26
BRH:0
end_of_record
TN:
SF:src/hooks/useStockData.ts
FN:53,useStockData
FN:61,(anonymous_1)
FN:113,useLatestStockPrice
FN:116,(anonymous_3)
FNF:4
FNH:0
FNDA:0,useStockData
FNDA:0,(anonymous_1)
FNDA:0,useLatestStockPrice
FNDA:0,(anonymous_3)
DA:57,0
DA:59,0
DA:62,0
DA:63,0
DA:65,0
DA:68,0
DA:75,0
DA:76,0
DA:77,0
DA:80,0
DA:87,0
DA:88,0
DA:114,0
DA:117,0
DA:120,0
DA:121,0
DA:122,0
DA:123,0
DA:124,0
DA:126,0
DA:129,0
LF:21
LH:0
BRDA:55,0,0,0
BRDA:57,1,0,0
BRDA:57,2,0,0
BRDA:75,3,0,0
BRDA:75,3,1,0
BRDA:90,4,0,0
BRDA:90,4,1,0
BRDA:120,5,0,0
BRDA:120,5,1,0
BRF:9
BRH:0
end_of_record
TN:
SF:src/hooks/useSymbolSearch.ts
FN:66,useSymbolSearch
FN:76,(anonymous_1)
FN:83,(anonymous_2)
FN:148,useSymbolDetails
FN:151,(anonymous_4)
FN:213,useAllSymbols
FN:216,(anonymous_6)
FNF:7
FNH:0
FNDA:0,useSymbolSearch
FNDA:0,(anonymous_1)
FNDA:0,(anonymous_2)
FNDA:0,useSymbolDetails
FNDA:0,(anonymous_4)
FNDA:0,useAllSymbols
FNDA:0,(anonymous_6)
DA:70,0
DA:72,0
DA:74,0
DA:77,0
DA:81,0
DA:82,0
DA:84,0
DA:88,0
DA:89,0
DA:90,0
DA:95,0
DA:97,0
DA:98,0
DA:101,0
DA:110,0
DA:113,0
DA:115,0
DA:116,0
DA:149,0
DA:152,0
DA:155,0
DA:157,0
DA:158,0
DA:162,0
DA:164,0
DA:165,0
DA:168,0
DA:177,0
DA:179,0
DA:181,0
DA:182,0
DA:214,0
DA:217,0
DA:218,0
LF:34
LH:0
BRDA:68,0,0,0
BRDA:70,1,0,0
BRDA:70,2,0,0
BRDA:70,3,0,0
BRDA:84,4,0,0
BRDA:84,4,1,0
BRDA:88,5,0,0
BRDA:88,5,1,0
BRDA:119,6,0,0
BRDA:119,6,1,0
BRDA:157,7,0,0
BRDA:157,7,1,0
BRF:12
BRH:0
end_of_record
TN:
SF:src/ml/prediction/cross-validation.ts
FN:20,kFoldSplit
FN:56,selectByIndices
FN:57,(anonymous_2)
FN:63,selectLabelsByIndices
FN:64,(anonymous_4)
FN:76,crossValidate
FN:112,(anonymous_6)
FN:115,(anonymous_7)
FN:146,(anonymous_8)
FN:172,(anonymous_9)
FN:179,(anonymous_10)
FN:186,(anonymous_11)
FNF:12
FNH:12
FNDA:114,kFoldSplit
FNDA:1572,selectByIndices
FNDA:16836,(anonymous_2)
FNDA:1572,selectLabelsByIndices
FNDA:16836,(anonymous_4)
FNDA:105,crossValidate
FNDA:786,(anonymous_6)
FNDA:786,(anonymous_7)
FNDA:101,(anonymous_8)
FNDA:2,(anonymous_9)
FNDA:3,(anonymous_10)
FNDA:95,(anonymous_11)
DA:21,114
DA:22,2
DA:25,112
DA:26,1
DA:29,111
DA:30,111
DA:32,111
DA:33,819
DA:34,819
DA:36,819
DA:37,819
DA:39,819
DA:40,17326
DA:41,2224
DA:43,15102
DA:47,819
DA:50,111
DA:57,16836
DA:64,16836
DA:81,105
DA:82,1
DA:85,104
DA:86,104
DA:88,104
DA:89,786
DA:92,786
DA:93,786
DA:94,786
DA:95,786
DA:98,786
DA:99,786
DA:107,786
DA:108,786
DA:112,786
DA:115,786
DA:117,104
DA:119,104
DA:133,102
DA:147,101
DA:148,1
DA:151,100
DA:152,1
DA:158,99
DA:161,99
DA:173,2
DA:180,3
DA:187,95
LF:47
LH:47
BRDA:21,0,0,2
BRDA:21,0,1,112
BRDA:25,1,0,1
BRDA:25,1,1,111
BRDA:34,2,0,111
BRDA:34,2,1,708
BRDA:40,3,0,2224
BRDA:40,3,1,15102
BRDA:40,4,0,17326
BRDA:40,4,1,10819
BRDA:81,5,0,1
BRDA:81,5,1,104
BRDA:146,6,0,3
BRDA:147,7,0,1
BRDA:147,7,1,100
BRDA:147,8,0,101
BRDA:147,8,1,100
BRDA:151,9,0,1
BRDA:151,9,1,99
BRDA:180,10,0,2
BRDA:180,10,1,1
BRDA:187,11,0,94
BRDA:187,11,1,1
BRF:23
BRH:23
end_of_record
TN:
SF:src/ml/prediction/model.ts
FN:18,sigmoid
FN:44,(anonymous_1)
FN:156,(anonymous_2)
FN:160,(anonymous_3)
FN:169,(anonymous_4)
FN:203,(anonymous_5)
FN:215,(anonymous_6)
FN:222,(anonymous_7)
FN:235,(anonymous_8)
FNF:9
FNH:9
FNDA:9173990,sigmoid
FNDA:908,(anonymous_1)
FNDA:892,(anonymous_2)
FNDA:2270,(anonymous_3)
FNDA:896,(anonymous_4)
FNDA:10,(anonymous_5)
FNDA:1791,(anonymous_6)
FNDA:1788,(anonymous_7)
FNDA:790,(anonymous_8)
DA:20,9173990
DA:21,9173988
DA:23,9173986
DA:32,912
DA:33,912
DA:34,912
DA:35,912
DA:51,908
DA:53,908
DA:54,1
DA:57,907
DA:58,1
DA:63,906
DA:64,906
DA:67,906
DA:68,906
DA:71,906
DA:73,906
DA:74,906
DA:76,906
DA:78,600602
DA:79,600602
DA:80,9171694
DA:81,9171694
DA:82,72628379
DA:84,9171694
DA:88,600602
DA:89,600602
DA:91,600602
DA:92,9171694
DA:93,9171694
DA:94,9171694
DA:95,72628379
DA:100,600602
DA:101,600602
DA:102,4685204
DA:106,600602
DA:107,600602
DA:108,4685204
DA:112,600602
DA:113,600602
DA:114,9171694
DA:116,9171694
DA:118,600602
DA:121,600602
DA:122,600602
DA:123,4685204
DA:125,600602
DA:127,600602
DA:128,0
DA:132,600602
DA:133,346
DA:134,346
DA:135,346
DA:136,0
DA:138,346
DA:141,600256
DA:142,600256
DA:145,906
DA:146,0
DA:157,892
DA:159,891
DA:160,2270
DA:170,896
DA:172,895
DA:173,2
DA:176,893
DA:177,893
DA:179,893
DA:180,2280
DA:181,1
DA:186,2279
DA:187,2279
DA:188,17078
DA:191,2279
DA:192,2279
DA:194,2279
DA:197,892
DA:204,10
DA:216,1791
DA:223,1788
DA:224,2
DA:236,790
DA:237,790
DA:238,790
DA:239,2156
DA:240,1955
DA:243,790
LF:88
LH:85
BRDA:20,0,0,2
BRDA:20,0,1,9173988
BRDA:21,1,0,2
BRDA:21,1,1,9173986
BRDA:46,2,0,2
BRDA:47,3,0,14
BRDA:48,4,0,20
BRDA:49,5,0,21
BRDA:50,6,0,908
BRDA:51,7,0,908
BRDA:51,7,1,2
BRDA:53,8,0,1
BRDA:53,8,1,907
BRDA:53,9,0,908
BRDA:53,9,1,907
BRDA:57,10,0,1
BRDA:57,10,1,906
BRDA:127,11,0,0
BRDA:127,11,1,600602
BRDA:127,12,0,600602
BRDA:127,12,1,0
BRDA:127,12,2,0
BRDA:132,13,0,346
BRDA:132,13,1,600256
BRDA:135,14,0,0
BRDA:135,14,1,346
BRDA:145,15,0,0
BRDA:145,15,1,906
BRDA:145,16,0,906
BRDA:145,16,1,560
BRDA:160,17,0,703
BRDA:160,17,1,1567
BRDA:172,18,0,2
BRDA:172,18,1,893
BRDA:180,19,0,1
BRDA:180,19,1,2279
BRDA:205,20,0,9
BRDA:205,20,1,1
BRDA:223,21,0,2
BRDA:223,21,1,1786
BRDA:239,22,0,1955
BRDA:239,22,1,201
BRF:42
BRH:37
end_of_record
TN:
SF:src/ml/prediction/prediction.service.ts
FN:42,getStockPredictions
FN:153,parsePredictionResponse
FN:173,getDefaultPredictions
FNF:3
FNH:3
FNDA:34,getStockPredictions
FNDA:2,parsePredictionResponse
FNDA:2,getDefaultPredictions
DA:16,2
DA:26,2
DA:50,34
DA:52,34
DA:54,34
DA:55,1
DA:58,33
DA:59,1
DA:65,32
DA:74,32
DA:79,32
DA:82,31
DA:84,31
DA:86,93
DA:88,93
DA:89,0
DA:97,93
DA:98,93
DA:101,93
DA:102,93
DA:105,93
DA:106,93
DA:109,93
DA:110,93
DA:116,93
DA:117,93
DA:120,93
DA:121,93
DA:124,31
DA:125,31
DA:127,31
DA:134,31
DA:141,3
DA:142,3
DA:159,2
DA:174,2
DA:178,2
LF:37
LH:36
BRDA:54,0,0,1
BRDA:54,0,1,33
BRDA:58,1,0,1
BRDA:58,1,1,32
BRDA:88,2,0,0
BRDA:88,2,1,93
BRDA:111,3,0,93
BRDA:111,3,1,0
BRF:8
BRH:6
end_of_record
TN:
SF:src/ml/prediction/preprocessing.ts
FN:16,oneHotEncode
FN:46,buildFeatureMatrix
FN:98,createLabels
FN:143,validateFeatureMatrix
FN:183,validateLabels
FNF:5
FNH:5
FNDA:45,oneHotEncode
FNDA:39,buildFeatureMatrix
FNDA:105,createLabels
FNDA:5,validateFeatureMatrix
FNDA:4,validateLabels
DA:17,45
DA:19,45
DA:20,1033
DA:22,1033
DA:23,722
DA:24,311
DA:25,260
DA:26,51
DA:27,47
DA:29,4
DA:33,45
DA:47,39
DA:50,39
DA:51,39
DA:57,2
DA:65,37
DA:66,1
DA:70,36
DA:73,36
DA:74,36
DA:75,1018
DA:84,36
DA:99,105
DA:100,2
DA:103,103
DA:104,2
DA:107,101
DA:109,101
DA:111,2157
DA:112,2157
DA:115,101
DA:121,3
DA:126,3
DA:144,5
DA:145,1
DA:148,4
DA:149,4
DA:150,1
DA:156,3
DA:157,2
DA:158,1
DA:166,2
DA:167,3
DA:168,20
DA:169,1
DA:184,4
DA:185,1
DA:188,3
DA:189,12
DA:190,2
LF:50
LH:50
BRDA:20,0,0,1032
BRDA:20,0,1,1
BRDA:22,1,0,722
BRDA:22,1,1,311
BRDA:24,2,0,260
BRDA:24,2,1,51
BRDA:26,3,0,47
BRDA:26,3,1,4
BRDA:26,4,0,51
BRDA:26,4,1,5
BRDA:51,5,0,2
BRDA:51,5,1,37
BRDA:52,6,0,39
BRDA:52,6,1,37
BRDA:52,6,2,37
BRDA:52,6,3,37
BRDA:65,7,0,1
BRDA:65,7,1,36
BRDA:99,8,0,2
BRDA:99,8,1,103
BRDA:103,9,0,2
BRDA:103,9,1,101
BRDA:111,10,0,692
BRDA:111,10,1,1465
BRDA:144,11,0,1
BRDA:144,11,1,4
BRDA:144,12,0,5
BRDA:144,12,1,5
BRDA:149,13,0,1
BRDA:149,13,1,3
BRDA:157,14,0,1
BRDA:157,14,1,1
BRDA:168,15,0,1
BRDA:168,15,1,19
BRDA:184,16,0,1
BRDA:184,16,1,3
BRDA:184,17,0,4
BRDA:184,17,1,4
BRDA:189,18,0,2
BRDA:189,18,1,10
BRDA:189,19,0,12
BRDA:189,19,1,7
BRF:42
BRH:42
end_of_record
TN:
SF:src/ml/prediction/scaler.ts
FN:29,(anonymous_0)
FN:82,(anonymous_1)
FN:132,(anonymous_2)
FN:143,(anonymous_3)
FN:180,(anonymous_4)
FN:190,(anonymous_5)
FN:198,calculateMean
FN:230,calculateStd
FNF:8
FNH:8
FNDA:110,(anonymous_0)
FNDA:197,(anonymous_1)
FNDA:98,(anonymous_2)
FNDA:1,(anonymous_3)
FNDA:9,(anonymous_4)
FNDA:2,(anonymous_5)
FNDA:18,calculateMean
FNDA:8,calculateStd
DA:21,111
DA:22,111
DA:30,110
DA:31,1
DA:34,109
DA:35,109
DA:38,109
DA:39,1956
DA:40,1
DA:46,108
DA:47,108
DA:50,108
DA:52,773
DA:53,773
DA:54,16252
DA:55,16252
DA:56,1
DA:60,16251
DA:62,772
DA:66,772
DA:67,772
DA:68,16250
DA:69,16250
DA:71,772
DA:72,772
DA:83,197
DA:84,1
DA:87,196
DA:88,0
DA:91,196
DA:92,196
DA:94,196
DA:95,1
DA:100,195
DA:102,195
DA:103,2142
DA:105,2142
DA:106,16980
DA:108,16980
DA:109,0
DA:115,16980
DA:116,4364
DA:118,12616
DA:123,195
DA:133,98
DA:134,98
DA:144,1
DA:145,0
DA:150,1
DA:151,0
DA:154,1
DA:155,1
DA:157,1
DA:158,0
DA:163,1
DA:165,1
DA:166,3
DA:168,3
DA:170,3
DA:174,1
DA:181,9
DA:191,2
DA:199,18
DA:200,0
DA:203,18
DA:204,18
DA:206,18
DA:208,15
DA:209,15
DA:210,35
DA:212,15
DA:215,3
DA:216,3
DA:217,3
DA:218,8
DA:219,10
DA:220,10
DA:223,3
DA:231,8
DA:232,0
DA:235,8
DA:236,8
DA:237,8
DA:239,8
DA:241,7
DA:242,7
DA:243,17
DA:244,17
DA:246,7
DA:249,1
DA:250,1
DA:251,1
DA:252,3
DA:253,3
DA:254,3
DA:255,3
DA:258,1
LF:97
LH:90
BRDA:30,0,0,1
BRDA:30,0,1,109
BRDA:30,1,0,110
BRDA:30,1,1,110
BRDA:39,2,0,1
BRDA:39,2,1,1955
BRDA:55,3,0,1
BRDA:55,3,1,16251
BRDA:83,4,0,1
BRDA:83,4,1,196
BRDA:83,5,0,197
BRDA:83,5,1,196
BRDA:87,6,0,0
BRDA:87,6,1,196
BRDA:87,7,0,196
BRDA:87,7,1,196
BRDA:94,8,0,1
BRDA:94,8,1,195
BRDA:108,9,0,0
BRDA:108,9,1,16980
BRDA:115,10,0,4364
BRDA:115,10,1,12616
BRDA:144,11,0,0
BRDA:144,11,1,1
BRDA:144,12,0,1
BRDA:144,12,1,1
BRDA:150,13,0,0
BRDA:150,13,1,1
BRDA:150,14,0,1
BRDA:150,14,1,1
BRDA:157,15,0,0
BRDA:157,15,1,1
BRDA:182,16,0,9
BRDA:182,16,1,0
BRDA:183,17,0,9
BRDA:183,17,1,0
BRDA:191,18,0,2
BRDA:191,18,1,1
BRDA:199,19,0,0
BRDA:199,19,1,18
BRDA:199,20,0,18
BRDA:199,20,1,18
BRDA:206,21,0,15
BRDA:206,21,1,3
BRDA:231,22,0,0
BRDA:231,22,1,8
BRDA:231,23,0,8
BRDA:231,23,1,8
BRDA:239,24,0,7
BRDA:239,24,1,1
BRF:50
BRH:41
end_of_record
TN:
SF:src/ml/prediction/types.ts
FNF:0
FNH:0
LF:0
LH:0
BRF:0
BRH:0
end_of_record
TN:
SF:src/ml/sentiment/analyzer.ts
FN:40,(anonymous_0)
FN:60,(anonymous_1)
FN:77,(anonymous_2)
FN:90,(anonymous_3)
FN:98,(anonymous_4)
FN:99,(anonymous_5)
FN:107,(anonymous_6)
FN:143,(anonymous_7)
FN:193,(anonymous_8)
FN:201,(anonymous_9)
FN:225,getSentimentAnalyzer
FN:235,resetSentimentAnalyzer
FNF:12
FNH:12
FNDA:53,(anonymous_0)
FNDA:265,(anonymous_1)
FNDA:267,(anonymous_2)
FNDA:637,(anonymous_3)
FNDA:265,(anonymous_4)
FNDA:633,(anonymous_5)
FNDA:633,(anonymous_6)
FNDA:265,(anonymous_7)
FNDA:2,(anonymous_8)
FNDA:1,(anonymous_9)
FNDA:242,getSentimentAnalyzer
FNDA:49,resetSentimentAnalyzer
DA:20,4
DA:41,53
DA:44,53
DA:46,53
DA:48,52
DA:62,265
DA:65,265
DA:68,265
DA:78,267
DA:79,2
DA:83,265
DA:87,265
DA:90,637
DA:99,633
DA:109,633
DA:113,633
DA:117,633
DA:118,153
DA:119,480
DA:120,74
DA:122,406
DA:127,633
DA:129,633
DA:148,265
DA:155,265
DA:156,633
DA:157,633
DA:158,633
DA:159,633
DA:163,265
DA:164,795
DA:165,795
DA:166,307
DA:172,265
DA:194,2
DA:202,1
DA:205,1
DA:206,0
DA:207,0
DA:208,0
DA:219,4
DA:226,242
DA:227,23
DA:229,242
DA:236,49
LF:45
LH:42
BRDA:46,0,0,52
BRDA:46,0,1,1
BRDA:78,1,0,2
BRDA:78,1,1,265
BRDA:78,2,0,267
BRDA:78,2,1,265
BRDA:109,3,0,632
BRDA:109,3,1,1
BRDA:117,4,0,153
BRDA:117,4,1,480
BRDA:119,5,0,74
BRDA:119,5,1,406
BRDA:165,6,0,307
BRDA:165,6,1,488
BRDA:205,7,0,0
BRDA:205,7,1,1
BRDA:207,8,0,0
BRDA:207,8,1,0
BRDA:226,9,0,23
BRDA:226,9,1,219
BRF:20
BRH:17
end_of_record
TN:
SF:src/ml/sentiment/lexicon.ts
FN:144,getWordScore
FN:153,getFinancialLexicon
FN:154,(anonymous_2)
FN:165,hasFinancialTerm
FNF:4
FNH:0
FNDA:0,getWordScore
FNDA:0,getFinancialLexicon
FNDA:0,(anonymous_2)
FNDA:0,hasFinancialTerm
DA:14,4
DA:145,0
DA:146,0
DA:154,0
DA:166,0
LF:5
LH:1
BRDA:146,0,0,0
BRDA:146,0,1,0
BRF:2
BRH:0
end_of_record
TN:
SF:src/ml/sentiment/sentiment.service.ts
FN:22,analyzeSentiment
FN:68,(anonymous_1)
FN:75,(anonymous_2)
FN:86,(anonymous_3)
FN:87,(anonymous_4)
FN:98,(anonymous_5)
FN:115,analyzeSentimentWithMetrics
FN:132,getPerformanceStats
FN:139,resetPerformanceStats
FNF:9
FNH:9
FNDA:236,analyzeSentiment
FNDA:165,(anonymous_1)
FNDA:6,(anonymous_2)
FNDA:507,(anonymous_3)
FNDA:114,(anonymous_4)
FNDA:25,(anonymous_5)
FNDA:165,analyzeSentimentWithMetrics
FNDA:6,getPerformanceStats
FNDA:25,resetPerformanceStats
DA:26,236
DA:28,236
DA:30,236
DA:33,236
DA:35,234
DA:37,234
DA:42,234
DA:44,2
DA:46,2
DA:52,2
DA:65,3
DA:66,3
DA:69,165
DA:70,165
DA:71,50
DA:82,6
DA:83,2
DA:86,507
DA:87,114
DA:89,4
DA:99,25
DA:104,3
DA:119,165
DA:120,165
DA:121,165
DA:123,165
DA:125,165
DA:133,6
DA:140,25
LF:29
LH:29
BRDA:54,0,0,2
BRDA:54,0,1,0
BRDA:70,1,0,50
BRDA:70,1,1,115
BRDA:82,2,0,2
BRDA:82,2,1,4
BRF:6
BRH:5
end_of_record
TN:
SF:src/ml/sentiment/types.ts
FNF:0
FNH:0
LF:0
LH:0
BRF:0
BRH:0
end_of_record
TN:
SF:src/navigation/MainTabNavigator.tsx
FN:17,MainTabNavigator
FN:20,(anonymous_1)
FN:21,(anonymous_2)
FNF:3
FNH:0
FNDA:0,MainTabNavigator
FNDA:0,(anonymous_1)
FNDA:0,(anonymous_2)
DA:15,0
DA:18,0
DA:20,0
DA:24,0
DA:25,0
DA:26,0
DA:27,0
DA:28,0
DA:29,0
DA:31,0
DA:34,0
LF:11
LH:0
BRDA:24,0,0,0
BRDA:24,0,1,0
BRDA:25,1,0,0
BRDA:25,1,1,0
BRDA:26,2,0,0
BRDA:26,2,1,0
BRDA:27,3,0,0
BRDA:27,3,1,0
BRDA:28,4,0,0
BRDA:28,4,1,0
BRDA:29,5,0,0
BRDA:29,5,1,0
BRF:12
BRH:0
end_of_record
TN:
SF:src/navigation/RootNavigator.tsx
FN:13,RootNavigator
FNF:1
FNH:0
FNDA:0,RootNavigator
DA:11,0
DA:14,0
LF:2
LH:0
BRF:0
BRH:0
end_of_record
TN:
SF:src/navigation/StockDetailNavigator.tsx
FN:20,StockDetailNavigator
FNF:1
FNH:0
FNDA:0,StockDetailNavigator
DA:14,0
DA:21,0
LF:2
LH:0
BRF:0
BRH:0
end_of_record
TN:
SF:src/navigation/navigationTypes.ts
FNF:0
FNH:0
LF:0
LH:0
BRF:0
BRH:0
end_of_record
TN:
SF:src/navigation/transitions.ts
FN:53,(anonymous_0)
FN:75,(anonymous_1)
FN:123,(anonymous_2)
FNF:3
FNH:0
FNDA:0,(anonymous_0)
FNDA:0,(anonymous_1)
FNDA:0,(anonymous_2)
DA:11,0
DA:21,0
DA:44,0
DA:52,0
DA:53,0
DA:63,0
DA:76,0
DA:108,0
DA:124,0
LF:9
LH:0
BRDA:86,0,0,0
BRDA:86,0,1,0
BRF:2
BRH:0
end_of_record
TN:
SF:src/screens/NewsScreen.tsx
FN:21,NewsScreen
FN:27,(anonymous_1)
FN:42,(anonymous_2)
FN:44,(anonymous_3)
FN:48,(anonymous_4)
FN:93,(anonymous_5)
FN:97,(anonymous_6)
FNF:7
FNH:0
FNDA:0,NewsScreen
FNDA:0,(anonymous_1)
FNDA:0,(anonymous_2)
FNDA:0,(anonymous_3)
FNDA:0,(anonymous_4)
FNDA:0,(anonymous_5)
FNDA:0,(anonymous_6)
DA:22,0
DA:23,0
DA:24,0
DA:27,0
DA:28,0
DA:29,0
DA:30,0
DA:39,0
DA:42,0
DA:43,0
DA:44,0
DA:48,0
DA:49,0
DA:50,0
DA:51,0
DA:53,0
DA:58,0
DA:59,0
DA:67,0
DA:68,0
DA:79,0
DA:80,0
DA:93,0
DA:94,0
DA:97,0
DA:99,0
DA:122,0
LF:27
LH:0
BRDA:43,0,0,0
BRDA:43,0,1,0
BRDA:58,1,0,0
BRDA:58,1,1,0
BRDA:58,2,0,0
BRDA:58,2,1,0
BRDA:67,3,0,0
BRDA:67,3,1,0
BRDA:67,4,0,0
BRDA:67,4,1,0
BRDA:71,5,0,0
BRDA:71,5,1,0
BRDA:79,6,0,0
BRDA:79,6,1,0
BRDA:79,7,0,0
BRDA:79,7,1,0
BRDA:97,8,0,0
BRDA:97,8,1,0
BRF:18
BRH:0
end_of_record
TN:
SF:src/screens/PortfolioScreen.tsx
FN:24,PortfolioScreen
FN:29,(anonymous_1)
FN:34,(anonymous_2)
FN:46,(anonymous_3)
FN:59,(anonymous_4)
FN:63,(anonymous_5)
FN:92,(anonymous_6)
FN:95,(anonymous_7)
FN:96,(anonymous_8)
FN:100,(anonymous_9)
FN:128,(anonymous_10)
FNF:11
FNH:0
FNDA:0,PortfolioScreen
FNDA:0,(anonymous_1)
FNDA:0,(anonymous_2)
FNDA:0,(anonymous_3)
FNDA:0,(anonymous_4)
FNDA:0,(anonymous_5)
FNDA:0,(anonymous_6)
FNDA:0,(anonymous_7)
FNDA:0,(anonymous_8)
FNDA:0,(anonymous_9)
FNDA:0,(anonymous_10)
DA:25,0
DA:26,0
DA:27,0
DA:29,0
DA:30,0
DA:31,0
DA:34,0
DA:35,0
DA:47,0
DA:48,0
DA:50,0
DA:51,0
DA:59,0
DA:60,0
DA:63,0
DA:64,0
DA:65,0
DA:68,0
DA:71,0
DA:73,0
DA:74,0
DA:75,0
DA:76,0
DA:78,0
DA:83,0
DA:85,0
DA:87,0
DA:88,0
DA:92,0
DA:93,0
DA:95,0
DA:96,0
DA:100,0
DA:101,0
DA:108,0
DA:109,0
DA:112,0
DA:113,0
DA:122,0
DA:128,0
DA:144,0
LF:41
LH:0
BRDA:108,0,0,0
BRDA:108,0,1,0
BRDA:112,1,0,0
BRDA:112,1,1,0
BRDA:130,2,0,0
BRDA:130,2,1,0
BRF:6
BRH:0
end_of_record
TN:
SF:src/screens/PriceScreen.tsx
FN:24,PriceScreen
FN:29,(anonymous_1)
FN:51,(anonymous_2)
FN:53,(anonymous_3)
FN:92,(anonymous_4)
FN:96,(anonymous_5)
FN:104,(anonymous_6)
FNF:7
FNH:0
FNDA:0,PriceScreen
FNDA:0,(anonymous_1)
FNDA:0,(anonymous_2)
FNDA:0,(anonymous_3)
FNDA:0,(anonymous_4)
FNDA:0,(anonymous_5)
FNDA:0,(anonymous_6)
DA:25,0
DA:26,0
DA:29,0
DA:30,0
DA:31,0
DA:32,0
DA:40,0
DA:48,0
DA:51,0
DA:52,0
DA:53,0
DA:57,0
DA:58,0
DA:66,0
DA:67,0
DA:78,0
DA:79,0
DA:92,0
DA:93,0
DA:96,0
DA:98,0
DA:105,0
DA:121,0
LF:23
LH:0
BRDA:52,0,0,0
BRDA:52,0,1,0
BRDA:57,1,0,0
BRDA:57,1,1,0
BRDA:57,2,0,0
BRDA:57,2,1,0
BRDA:66,3,0,0
BRDA:66,3,1,0
BRDA:66,4,0,0
BRDA:66,4,1,0
BRDA:70,5,0,0
BRDA:70,5,1,0
BRDA:70,5,2,0
BRDA:78,6,0,0
BRDA:78,6,1,0
BRDA:78,7,0,0
BRDA:78,7,1,0
BRDA:81,8,0,0
BRDA:81,8,1,0
BRDA:106,9,0,0
BRDA:106,9,1,0
BRF:21
BRH:0
end_of_record
TN:
SF:src/screens/SearchScreen.tsx
FN:26,SearchScreen
FN:44,(anonymous_1)
FN:48,(anonymous_2)
FN:52,(anonymous_3)
FN:69,(anonymous_4)
FN:84,(anonymous_5)
FN:87,(anonymous_6)
FN:91,(anonymous_7)
FN:102,(anonymous_8)
FN:144,(anonymous_9)
FNF:10
FNH:0
FNDA:0,SearchScreen
FNDA:0,(anonymous_1)
FNDA:0,(anonymous_2)
FNDA:0,(anonymous_3)
FNDA:0,(anonymous_4)
FNDA:0,(anonymous_5)
FNDA:0,(anonymous_6)
FNDA:0,(anonymous_7)
FNDA:0,(anonymous_8)
FNDA:0,(anonymous_9)
DA:27,0
DA:28,0
DA:29,0
DA:31,0
DA:39,0
DA:44,0
DA:45,0
DA:48,0
DA:49,0
DA:52,0
DA:53,0
DA:55,0
DA:58,0
DA:61,0
DA:64,0
DA:65,0
DA:67,0
DA:69,0
DA:70,0
DA:73,0
DA:74,0
DA:75,0
DA:77,0
DA:78,0
DA:79,0
DA:84,0
DA:85,0
DA:87,0
DA:91,0
DA:92,0
DA:102,0
DA:103,0
DA:104,0
DA:113,0
DA:114,0
DA:117,0
DA:118,0
DA:127,0
DA:136,0
DA:144,0
DA:159,0
LF:41
LH:0
BRDA:35,0,0,0
BRDA:103,1,0,0
BRDA:103,1,1,0
BRDA:113,2,0,0
BRDA:113,2,1,0
BRDA:117,3,0,0
BRDA:117,3,1,0
BRDA:147,4,0,0
BRDA:147,4,1,0
BRDA:150,5,0,0
BRDA:150,5,1,0
BRF:11
BRH:0
end_of_record
TN:
SF:src/screens/SentimentScreen.tsx
FN:23,SentimentScreen
FN:29,(anonymous_1)
FN:52,(anonymous_2)
FN:54,(anonymous_3)
FN:57,(anonymous_4)
FN:59,(anonymous_5)
FN:110,(anonymous_6)
FN:114,(anonymous_7)
FN:118,(anonymous_8)
FN:119,(anonymous_9)
FNF:10
FNH:0
FNDA:0,SentimentScreen
FNDA:0,(anonymous_1)
FNDA:0,(anonymous_2)
FNDA:0,(anonymous_3)
FNDA:0,(anonymous_4)
FNDA:0,(anonymous_5)
FNDA:0,(anonymous_6)
FNDA:0,(anonymous_7)
FNDA:0,(anonymous_8)
FNDA:0,(anonymous_9)
DA:24,0
DA:25,0
DA:26,0
DA:29,0
DA:30,0
DA:31,0
DA:32,0
DA:41,0
DA:49,0
DA:52,0
DA:53,0
DA:54,0
DA:57,0
DA:58,0
DA:59,0
DA:63,0
DA:64,0
DA:65,0
DA:66,0
DA:69,0
DA:70,0
DA:79,0
DA:80,0
DA:92,0
DA:93,0
DA:110,0
DA:111,0
DA:114,0
DA:115,0
DA:118,0
DA:119,0
DA:121,0
DA:153,0
LF:33
LH:0
BRDA:53,0,0,0
BRDA:53,0,1,0
BRDA:58,1,0,0
BRDA:58,1,1,0
BRDA:63,2,0,0
BRDA:63,2,1,0
BRDA:64,3,0,0
BRDA:64,3,1,0
BRDA:65,4,0,0
BRDA:65,4,1,0
BRDA:66,5,0,0
BRDA:66,5,1,0
BRDA:69,6,0,0
BRDA:69,6,1,0
BRDA:79,7,0,0
BRDA:79,7,1,0
BRDA:84,8,0,0
BRDA:84,8,1,0
BRDA:92,9,0,0
BRDA:92,9,1,0
BRDA:92,10,0,0
BRDA:92,10,1,0
BRDA:99,11,0,0
BRDA:99,11,1,0
BRDA:124,12,0,0
BRDA:124,12,1,0
BRF:26
BRH:0
end_of_record
TN:
SF:src/screens/StockDetailScreen.tsx
FN:19,StockDetailScreen
FN:28,(anonymous_1)
FN:32,(anonymous_2)
FN:46,(anonymous_3)
FNF:4
FNH:0
FNDA:0,StockDetailScreen
FNDA:0,(anonymous_1)
FNDA:0,(anonymous_2)
FNDA:0,(anonymous_3)
DA:20,0
DA:21,0
DA:22,0
DA:23,0
DA:25,0
DA:28,0
DA:29,0
DA:32,0
DA:33,0
DA:34,0
DA:35,0
DA:47,0
DA:54,0
DA:57,0
DA:58,0
DA:62,0
DA:64,0
DA:86,0
LF:18
LH:0
BRDA:20,0,0,0
BRDA:20,0,1,0
BRDA:34,1,0,0
BRDA:34,1,1,0
BRDA:62,2,0,0
BRDA:62,2,1,0
BRDA:70,3,0,0
BRDA:70,3,1,0
BRDA:73,4,0,0
BRDA:73,4,1,0
BRDA:75,5,0,0
BRDA:75,5,1,0
BRF:12
BRH:0
end_of_record
TN:
SF:src/services/api/polygon.service.ts
FN:19,createBackendClient
FN:40,generateArticleHash
FN:54,fetchNews
FN:116,transformPolygonToNewsDetails
FNF:4
FNH:4
FNDA:7,createBackendClient
FNDA:5,generateArticleHash
FNDA:7,fetchNews
FNDA:4,transformPolygonToNewsDetails
DA:14,2
DA:20,7
DA:21,0
DA:26,7
DA:41,5
DA:60,7
DA:62,7
DA:63,7
DA:65,7
DA:71,7
DA:72,5
DA:74,7
DA:75,1
DA:78,7
DA:80,3
DA:81,3
DA:83,4
DA:84,4
DA:85,4
DA:87,4
DA:88,1
DA:91,3
DA:92,1
DA:93,1
DA:96,2
DA:97,1
DA:100,1
DA:101,1
DA:105,0
DA:106,0
DA:121,4
DA:123,4
LF:32
LH:29
BRDA:20,0,0,0
BRDA:20,0,1,7
BRDA:58,1,0,6
BRDA:71,2,0,5
BRDA:71,2,1,2
BRDA:74,3,0,1
BRDA:74,3,1,6
BRDA:83,4,0,4
BRDA:83,4,1,0
BRDA:87,5,0,1
BRDA:87,5,1,3
BRDA:91,6,0,1
BRDA:91,6,1,2
BRDA:96,7,0,1
BRDA:96,7,1,1
BRDA:97,8,0,1
BRDA:97,8,1,0
BRDA:100,9,0,1
BRDA:100,9,1,0
BRDA:101,10,0,1
BRDA:101,10,1,0
BRDA:131,11,0,4
BRDA:131,11,1,3
BRDA:132,12,0,4
BRDA:132,12,1,3
BRF:25
BRH:20
end_of_record
TN:
SF:src/services/api/polygon.types.ts
FNF:0
FNH:0
LF:0
LH:0
BRF:0
BRH:0
end_of_record
TN:
SF:src/services/api/prediction.service.ts
FN:31,getStockPredictions
FN:67,getBrowserPredictions
FN:99,convertScoresToCategories
FN:100,(anonymous_3)
FN:111,getPythonAPIPredictions
FN:176,parsePredictionResponse
FN:196,getDefaultPredictions
FNF:7
FNH:4
FNDA:5,getStockPredictions
FNDA:0,getBrowserPredictions
FNDA:0,convertScoresToCategories
FNDA:0,(anonymous_3)
FNDA:5,getPythonAPIPredictions
FNDA:3,parsePredictionResponse
FNDA:2,getDefaultPredictions
DA:15,1
DA:40,5
DA:41,0
DA:42,0
DA:51,5
DA:52,5
DA:76,0
DA:77,0
DA:81,0
DA:85,0
DA:100,0
DA:101,0
DA:102,0
DA:103,0
DA:119,5
DA:128,5
DA:129,5
DA:133,5
DA:142,1
DA:146,1
DA:148,4
DA:151,4
DA:152,1
DA:156,3
DA:157,1
DA:161,2
DA:162,1
DA:167,1
DA:182,3
DA:197,2
DA:201,2
LF:31
LH:21
BRDA:40,0,0,0
BRDA:40,0,1,5
BRDA:76,1,0,0
BRDA:76,1,1,0
BRDA:81,2,0,0
BRDA:81,2,1,0
BRDA:81,3,0,0
BRDA:81,3,1,0
BRDA:101,4,0,0
BRDA:101,4,1,0
BRDA:102,5,0,0
BRDA:102,5,1,0
BRDA:151,6,0,1
BRDA:151,6,1,3
BRDA:151,7,0,4
BRDA:151,7,1,3
BRDA:156,8,0,1
BRDA:156,8,1,2
BRDA:156,9,0,3
BRDA:156,9,1,2
BRDA:161,10,0,1
BRDA:161,10,1,1
BRDA:161,11,0,2
BRDA:161,11,1,1
BRF:24
BRH:13
end_of_record
TN:
SF:src/services/api/sentiment.service.ts
FN:20,analyzeSentiment
FN:78,parseSentimentResult
FNF:2
FNH:2
FNDA:6,analyzeSentiment
FNDA:6,parseSentimentResult
DA:26,6
DA:30,6
DA:35,6
DA:36,6
DA:40,6
DA:49,3
DA:53,3
DA:55,3
DA:58,3
DA:59,1
DA:65,2
DA:66,1
DA:69,1
DA:87,6
DA:88,6
DA:89,6
DA:95,6
DA:96,2
DA:97,2
DA:98,4
DA:99,1
DA:100,1
DA:102,3
DA:103,3
DA:106,6
LF:25
LH:25
BRDA:58,0,0,1
BRDA:58,0,1,2
BRDA:58,1,0,3
BRDA:58,1,1,2
BRDA:65,2,0,1
BRDA:65,2,1,1
BRDA:65,3,0,2
BRDA:65,3,1,1
BRDA:95,4,0,2
BRDA:95,4,1,4
BRDA:95,5,0,6
BRDA:95,5,1,2
BRDA:98,6,0,1
BRDA:98,6,1,3
BRF:14
BRH:14
end_of_record
TN:
SF:src/services/api/tiingo.service.ts
FN:18,createBackendClient
FN:40,retryWithBackoff
FN:68,(anonymous_2)
FN:83,fetchStockPrices
FN:90,(anonymous_4)
FN:147,fetchSymbolMetadata
FN:152,(anonymous_6)
FN:201,transformTiingoToStockDetails
FN:209,(anonymous_8)
FN:241,transformTiingoToSymbolDetails
FNF:10
FNH:9
FNDA:8,createBackendClient
FNDA:8,retryWithBackoff
FNDA:0,(anonymous_2)
FNDA:6,fetchStockPrices
FNDA:6,(anonymous_4)
FNDA:2,fetchSymbolMetadata
FNDA:2,(anonymous_6)
FNDA:3,transformTiingoToStockDetails
FNDA:24,(anonymous_8)
FNDA:1,transformTiingoToSymbolDetails
DA:13,1
DA:19,8
DA:20,0
DA:25,8
DA:44,8
DA:46,8
DA:47,8
DA:48,8
DA:50,5
DA:53,5
DA:54,0
DA:55,0
DA:56,0
DA:61,5
DA:62,5
DA:66,0
DA:67,0
DA:68,0
DA:72,5
DA:88,6
DA:90,6
DA:91,6
DA:92,6
DA:98,6
DA:99,1
DA:102,6
DA:104,6
DA:109,2
DA:110,2
DA:112,4
DA:113,4
DA:114,4
DA:116,4
DA:117,1
DA:120,3
DA:121,1
DA:124,2
DA:125,1
DA:128,1
DA:129,1
DA:133,0
DA:134,0
DA:138,6
DA:150,2
DA:152,2
DA:153,2
DA:154,2
DA:156,2
DA:163,1
DA:164,1
DA:166,1
DA:167,1
DA:168,1
DA:170,1
DA:171,1
DA:174,0
DA:175,0
DA:178,0
DA:179,0
DA:182,0
DA:183,0
DA:187,0
DA:188,0
DA:192,2
DA:206,3
DA:209,24
DA:211,3
DA:244,1
LF:68
LH:51
BRDA:19,0,0,0
BRDA:19,0,1,8
BRDA:42,1,0,8
BRDA:42,2,0,8
BRDA:42,2,1,0
BRDA:53,3,0,0
BRDA:53,3,1,5
BRDA:55,4,0,0
BRDA:55,4,1,0
BRDA:55,5,0,0
BRDA:55,5,1,0
BRDA:55,5,2,0
BRDA:55,5,3,0
BRDA:61,6,0,5
BRDA:61,6,1,0
BRDA:98,7,0,1
BRDA:98,7,1,5
BRDA:102,8,0,6
BRDA:102,8,1,5
BRDA:112,9,0,4
BRDA:112,9,1,0
BRDA:116,10,0,1
BRDA:116,10,1,3
BRDA:120,11,0,1
BRDA:120,11,1,2
BRDA:124,12,0,1
BRDA:124,12,1,1
BRDA:125,13,0,1
BRDA:125,13,1,0
BRDA:128,14,0,1
BRDA:128,14,1,0
BRDA:129,15,0,1
BRDA:129,15,1,0
BRDA:166,16,0,1
BRDA:166,16,1,0
BRDA:170,17,0,1
BRDA:170,17,1,0
BRDA:174,18,0,0
BRDA:174,18,1,0
BRDA:178,19,0,0
BRDA:178,19,1,0
BRDA:179,20,0,0
BRDA:179,20,1,0
BRDA:182,21,0,0
BRDA:182,21,1,0
BRDA:183,22,0,0
BRDA:183,22,1,0
BRF:47
BRH:21
end_of_record
TN:
SF:src/services/api/tiingo.types.ts
FNF:0
FNH:0
LF:0
LH:0
BRF:0
BRH:0
end_of_record
TN:
SF:src/services/sync/newsDataSync.ts
FN:20,syncNewsData
FNF:1
FNH:0
FNDA:0,syncNewsData
DA:25,0
DA:26,0
DA:31,0
DA:33,0
DA:34,0
DA:35,0
DA:38,0
DA:43,0
DA:45,0
DA:47,0
DA:50,0
DA:52,0
DA:53,0
DA:57,0
DA:58,0
DA:60,0
DA:63,0
DA:67,0
DA:69,0
DA:70,0
LF:20
LH:0
BRDA:33,0,0,0
BRDA:33,0,1,0
BRDA:52,1,0,0
BRDA:52,1,1,0
BRF:4
BRH:0
end_of_record
TN:
SF:src/services/sync/sentimentDataSync.ts
FN:21,hashStringToNumber
FN:33,syncSentimentData
FN:153,aggregateSentiment
FN:159,(anonymous_3)
FN:160,(anonymous_4)
FNF:5
FNH:0
FNDA:0,hashStringToNumber
FNDA:0,syncSentimentData
FNDA:0,aggregateSentiment
FNDA:0,(anonymous_3)
FNDA:0,(anonymous_4)
DA:23,0
DA:24,0
DA:37,0
DA:38,0
DA:41,0
DA:43,0
DA:44,0
DA:45,0
DA:48,0
DA:50,0
DA:51,0
DA:54,0
DA:56,0
DA:57,0
DA:60,0
DA:62,0
DA:63,0
DA:64,0
DA:68,0
DA:70,0
DA:71,0
DA:72,0
DA:78,0
DA:80,0
DA:81,0
DA:82,0
DA:85,0
DA:86,0
DA:87,0
DA:89,0
DA:94,0
DA:100,0
DA:102,0
DA:108,0
DA:111,0
DA:112,0
DA:115,0
DA:129,0
DA:130,0
DA:133,0
DA:136,0
DA:137,0
DA:140,0
DA:142,0
DA:143,0
DA:159,0
DA:160,0
DA:163,0
DA:166,0
DA:169,0
DA:183,0
DA:185,0
LF:52
LH:0
BRDA:43,0,0,0
BRDA:43,0,1,0
BRDA:62,1,0,0
BRDA:62,1,1,0
BRDA:68,2,0,0
BRDA:68,2,1,0
BRDA:70,3,0,0
BRDA:70,3,1,0
BRDA:70,4,0,0
BRDA:70,4,1,0
BRDA:78,5,0,0
BRDA:78,5,1,0
BRDA:136,6,0,0
BRDA:136,6,1,0
BRF:14
BRH:0
end_of_record
TN:
SF:src/services/sync/stockDataSync.ts
FN:22,syncStockData
FN:55,(anonymous_1)
FNF:2
FNH:0
FNDA:0,syncStockData
FNDA:0,(anonymous_1)
DA:27,0
DA:28,0
DA:33,0
DA:39,0
DA:40,0
DA:43,0
DA:47,0
DA:49,0
DA:50,0
DA:51,0
DA:55,0
DA:56,0
DA:59,0
DA:61,0
DA:66,0
DA:68,0
DA:69,0
DA:70,0
DA:71,0
DA:72,0
DA:74,0
DA:76,0
DA:84,0
DA:86,0
DA:90,0
LF:25
LH:0
BRDA:39,0,0,0
BRDA:39,0,1,0
BRDA:49,1,0,0
BRDA:49,1,1,0
BRDA:68,2,0,0
BRDA:68,2,1,0
BRF:6
BRH:0
end_of_record
TN:
SF:src/services/sync/syncOrchestrator.ts
FN:42,syncAllData
FN:175,syncMultipleTickers
FNF:2
FNH:0
FNDA:0,syncAllData
FNDA:0,syncMultipleTickers
DA:47,0
DA:56,0
DA:57,0
DA:60,0
DA:61,0
DA:64,0
DA:71,0
DA:72,0
DA:73,0
DA:75,0
DA:76,0
DA:77,0
DA:82,0
DA:89,0
DA:90,0
DA:91,0
DA:93,0
DA:94,0
DA:95,0
DA:100,0
DA:107,0
DA:108,0
DA:109,0
DA:111,0
DA:112,0
DA:114,0
DA:115,0
DA:116,0
DA:119,0
DA:126,0
DA:130,0
DA:135,0
DA:136,0
DA:138,0
DA:142,0
DA:143,0
DA:144,0
DA:148,0
DA:155,0
DA:160,0
DA:162,0
DA:163,0
DA:164,0
DA:180,0
DA:182,0
DA:184,0
DA:185,0
DA:187,0
DA:188,0
DA:195,0
DA:196,0
DA:198,0
DA:199,0
DA:210,0
LF:54
LH:0
BRDA:44,0,0,0
BRDA:177,1,0,0
BRF:2
BRH:0
end_of_record
TN:
SF:src/theme/colors.ts
FNF:0
FNH:0
DA:6,0
LF:1
LH:0
BRF:0
BRH:0
end_of_record
TN:
SF:src/theme/theme.ts
FNF:0
FNH:0
DA:14,0
DA:26,0
DA:37,0
DA:65,0
LF:4
LH:0
BRF:0
BRH:0
end_of_record
TN:
SF:src/theme/typography.ts
FNF:0
FNH:0
DA:6,0
LF:1
LH:0
BRF:0
BRH:0
end_of_record
TN:
SF:src/types/api.types.ts
FNF:0
FNH:0
LF:0
LH:0
BRF:0
BRH:0
end_of_record
TN:
SF:src/types/database.types.ts
FNF:0
FNH:0
LF:0
LH:0
BRF:0
BRH:0
end_of_record
TN:
SF:src/types/sentiment.types.ts
FNF:0
FNH:0
LF:0
LH:0
BRF:0
BRH:0
end_of_record
TN:
SF:src/utils/date/dateUtils.ts
FN:13,formatDateForDB
FN:22,parseDateFromDB
FN:31,getDateRangeFromSelection
FN:48,getDatesInRange
FN:66,isValidDateString
FN:88,formatDisplayDate
FN:97,getTodayISO
FN:105,getYesterdayISO
FNF:8
FNH:8
FNDA:25,formatDateForDB
FNDA:7,parseDateFromDB
FNDA:2,getDateRangeFromSelection
FNDA:4,getDatesInRange
FNDA:15,isValidDateString
FNDA:6,formatDisplayDate
FNDA:1,getTodayISO
FNDA:1,getYesterdayISO
DA:14,25
DA:23,7
DA:32,2
DA:33,2
DA:35,2
DA:49,4
DA:50,4
DA:51,4
DA:53,4
DA:54,13
DA:55,13
DA:58,4
DA:67,15
DA:68,4
DA:72,11
DA:73,11
DA:74,4
DA:78,7
DA:79,7
DA:89,6
DA:90,6
DA:98,1
DA:106,1
LF:23
LH:23
BRDA:67,0,0,4
BRDA:67,0,1,11
BRDA:67,1,0,15
BRDA:67,1,1,12
BRDA:73,2,0,4
BRDA:73,2,1,7
BRDA:88,3,0,3
BRDA:89,4,0,5
BRDA:89,4,1,1
BRF:9
BRH:9
end_of_record
TN:
SF:src/utils/errors/APIError.ts
FN:11,(anonymous_0)
FN:27,(anonymous_1)
FN:39,(anonymous_2)
FN:58,(anonymous_3)
FN:70,(anonymous_4)
FN:82,(anonymous_5)
FN:97,(anonymous_6)
FN:113,(anonymous_7)
FN:128,(anonymous_8)
FNF:9
FNH:9
FNDA:34,(anonymous_0)
FNDA:6,(anonymous_1)
FNDA:6,(anonymous_2)
FNDA:6,(anonymous_3)
FNDA:6,(anonymous_4)
FNDA:4,(anonymous_5)
FNDA:7,(anonymous_6)
FNDA:4,(anonymous_7)
FNDA:5,(anonymous_8)
DA:16,34
DA:17,34
DA:18,34
DA:28,6
DA:29,6
DA:30,6
DA:40,6
DA:45,6
DA:46,6
DA:47,6
DA:59,6
DA:60,6
DA:61,6
DA:71,6
DA:72,6
DA:73,6
DA:86,4
DA:87,4
DA:88,4
DA:102,7
DA:103,7
DA:104,7
DA:117,4
DA:118,4
DA:119,4
DA:132,5
DA:136,5
DA:137,5
LF:28
LH:28
BRDA:27,0,0,4
BRDA:70,1,0,3
BRDA:133,2,0,5
BRDA:133,2,1,3
BRF:4
BRH:4
end_of_record
TN:
SF:src/utils/errors/errorHandler.ts
FN:57,logError
FN:102,handleAPIError
FN:169,handleDatabaseError
FN:193,isRetryableError
FN:243,getErrorMessage
FNF:5
FNH:5
FNDA:16,logError
FNDA:11,handleAPIError
FNDA:3,handleDatabaseError
FNDA:17,isRetryableError
FNDA:2,getErrorMessage
DA:45,1
DA:50,1
DA:58,16
DA:67,16
DA:68,16
DA:71,0
DA:74,0
DA:85,0
DA:86,0
DA:87,0
DA:88,0
DA:90,0
DA:91,0
DA:92,0
DA:105,11
DA:106,9
DA:107,9
DA:110,9
DA:111,2
DA:112,1
DA:114,1
DA:118,7
DA:119,2
DA:123,5
DA:124,2
DA:125,2
DA:126,1
DA:128,1
DA:130,3
DA:131,1
DA:132,1
DA:136,2
DA:137,1
DA:141,1
DA:142,1
DA:144,0
DA:150,2
DA:151,1
DA:153,1
DA:157,11
DA:159,11
DA:174,3
DA:180,3
DA:182,3
DA:195,17
DA:196,2
DA:200,15
DA:201,1
DA:205,14
DA:206,1
DA:210,13
DA:211,2
DA:215,11
DA:217,6
DA:218,1
DA:221,5
DA:224,5
DA:225,1
DA:229,4
DA:230,2
DA:235,7
DA:244,2
DA:245,2
LF:63
LH:53
BRDA:67,0,0,16
BRDA:67,0,1,0
BRDA:71,1,0,0
BRDA:71,1,1,0
BRDA:87,2,0,0
BRDA:87,2,1,0
BRDA:105,3,0,9
BRDA:105,3,1,2
BRDA:107,4,0,9
BRDA:107,4,1,9
BRDA:107,4,2,0
BRDA:110,5,0,2
BRDA:110,5,1,7
BRDA:111,6,0,1
BRDA:111,6,1,1
BRDA:118,7,0,2
BRDA:118,7,1,5
BRDA:118,8,0,7
BRDA:118,8,1,6
BRDA:123,9,0,2
BRDA:123,9,1,3
BRDA:125,10,0,1
BRDA:125,10,1,1
BRDA:130,11,0,1
BRDA:130,11,1,2
BRDA:134,12,0,1
BRDA:134,12,1,0
BRDA:136,13,0,1
BRDA:136,13,1,1
BRDA:141,14,0,1
BRDA:141,14,1,0
BRDA:141,15,0,1
BRDA:141,15,1,1
BRDA:145,16,0,0
BRDA:145,16,1,0
BRDA:150,17,0,1
BRDA:150,17,1,1
BRDA:175,18,0,3
BRDA:175,18,1,0
BRDA:195,19,0,2
BRDA:195,19,1,15
BRDA:195,20,0,17
BRDA:195,20,1,16
BRDA:200,21,0,1
BRDA:200,21,1,14
BRDA:205,22,0,1
BRDA:205,22,1,13
BRDA:210,23,0,2
BRDA:210,23,1,11
BRDA:210,24,0,13
BRDA:210,24,1,6
BRDA:210,24,2,6
BRDA:215,25,0,6
BRDA:215,25,1,5
BRDA:217,26,0,1
BRDA:217,26,1,5
BRDA:224,27,0,1
BRDA:224,27,1,4
BRDA:229,28,0,2
BRDA:229,28,1,2
BRDA:245,29,0,2
BRDA:245,29,1,0
BRF:62
BRH:50
end_of_record
TN:
SF:src/utils/errors/errorMessages.ts
FN:32,getUserFriendlyErrorMessage
FN:199,getErrorSummary
FNF:2
FNH:2
FNDA:45,getUserFriendlyErrorMessage
FNDA:2,getErrorSummary
DA:34,45
DA:35,4
DA:42,41
DA:43,3
DA:46,3
DA:53,38
DA:54,3
DA:61,35
DA:62,2
DA:69,33
DA:70,3
DA:77,30
DA:78,5
DA:79,5
DA:86,25
DA:87,2
DA:88,2
DA:95,23
DA:96,2
DA:103,21
DA:104,5
DA:105,2
DA:112,3
DA:113,1
DA:120,2
DA:128,16
DA:129,8
DA:130,1
DA:137,7
DA:138,1
DA:145,6
DA:146,1
DA:153,5
DA:154,1
DA:161,4
DA:162,1
DA:169,3
DA:170,1
DA:177,2
DA:178,2
DA:187,8
DA:200,2
DA:201,2
DA:207,2
LF:44
LH:44
BRDA:34,0,0,4
BRDA:34,0,1,41
BRDA:42,1,0,3
BRDA:42,1,1,38
BRDA:43,2,0,2
BRDA:43,2,1,1
BRDA:53,3,0,3
BRDA:53,3,1,35
BRDA:61,4,0,2
BRDA:61,4,1,33
BRDA:69,5,0,3
BRDA:69,5,1,30
BRDA:77,6,0,5
BRDA:77,6,1,25
BRDA:78,7,0,2
BRDA:78,7,1,3
BRDA:86,8,0,2
BRDA:86,8,1,23
BRDA:87,9,0,1
BRDA:87,9,1,1
BRDA:95,10,0,2
BRDA:95,10,1,21
BRDA:103,11,0,5
BRDA:103,11,1,16
BRDA:104,12,0,2
BRDA:104,12,1,3
BRDA:112,13,0,1
BRDA:112,13,1,2
BRDA:128,14,0,8
BRDA:128,14,1,8
BRDA:129,15,0,1
BRDA:129,15,1,7
BRDA:137,16,0,1
BRDA:137,16,1,6
BRDA:145,17,0,1
BRDA:145,17,1,5
BRDA:153,18,0,1
BRDA:153,18,1,4
BRDA:161,19,0,1
BRDA:161,19,1,3
BRDA:169,20,0,1
BRDA:169,20,1,2
BRDA:177,21,0,2
BRDA:177,21,1,0
BRDA:177,22,0,2
BRDA:177,22,1,1
BRDA:189,23,0,8
BRDA:189,23,1,1
BRF:48
BRH:47
end_of_record
TN:
SF:src/utils/errors/index.ts
FNF:0
FNH:0
LF:0
LH:0
BRF:0
BRH:0
end_of_record
TN:
SF:src/utils/formatting/dateFormatting.ts
FN:12,formatShortDate
FN:22,formatLongDate
FN:32,formatRelativeDate
FN:43,formatNewsDate
FN:53,formatDateTime
FNF:5
FNH:5
FNDA:3,formatShortDate
FNDA:4,formatLongDate
FNDA:3,formatRelativeDate
FNDA:4,formatNewsDate
FNDA:4,formatDateTime
DA:13,3
DA:14,3
DA:23,4
DA:24,4
DA:33,3
DA:34,3
DA:44,4
DA:45,4
DA:54,4
DA:55,4
LF:10
LH:10
BRDA:13,0,0,3
BRDA:13,0,1,0
BRDA:23,1,0,4
BRDA:23,1,1,0
BRDA:33,2,0,1
BRDA:33,2,1,2
BRDA:44,3,0,4
BRDA:44,3,1,0
BRDA:54,4,0,3
BRDA:54,4,1,1
BRF:10
BRH:7
end_of_record
TN:
SF:src/utils/formatting/numberFormatting.ts
FN:11,formatCurrency
FN:21,formatPercentage
FN:32,formatVolume
FN:49,formatMarketCap
FN:67,roundToDecimals
FN:77,formatWithCommas
FNF:6
FNH:6
FNDA:7,formatCurrency
FNDA:6,formatPercentage
FNDA:9,formatVolume
FNDA:9,formatMarketCap
FNDA:7,roundToDecimals
FNDA:6,formatWithCommas
DA:12,7
DA:22,6
DA:23,6
DA:24,6
DA:33,9
DA:34,2
DA:35,7
DA:36,2
DA:37,5
DA:38,2
DA:40,3
DA:50,9
DA:51,2
DA:52,7
DA:53,2
DA:54,5
DA:55,2
DA:57,3
DA:68,7
DA:69,7
DA:78,6
LF:21
LH:21
BRDA:11,0,0,7
BRDA:21,1,0,6
BRDA:23,2,0,4
BRDA:23,2,1,2
BRDA:33,3,0,2
BRDA:33,3,1,7
BRDA:35,4,0,2
BRDA:35,4,1,5
BRDA:37,5,0,2
BRDA:37,5,1,3
BRDA:50,6,0,2
BRDA:50,6,1,7
BRDA:52,7,0,2
BRDA:52,7,1,5
BRDA:54,8,0,2
BRDA:54,8,1,3
BRF:16
BRH:16
end_of_record
TN:
SF:src/utils/mockData/index.ts
FN:24,populateWithMockData
FNF:1
FNH:0
FNDA:0,populateWithMockData
DA:25,0
DA:27,0
DA:29,0
DA:30,0
DA:33,0
DA:34,0
DA:37,0
DA:38,0
DA:41,0
DA:42,0
DA:45,0
DA:46,0
DA:47,0
DA:51,0
DA:52,0
DA:56,0
DA:57,0
DA:58,0
DA:61,0
LF:19
LH:0
BRDA:24,0,0,0
BRF:1
BRH:0
end_of_record
TN:
SF:src/utils/mockData/newsMock.ts
FN:27,generateMockNews
FNF:1
FNH:0
FNDA:0,generateMockNews
DA:8,0
DA:19,0
DA:28,0
DA:29,0
DA:31,0
DA:32,0
DA:33,0
DA:34,0
DA:36,0
DA:40,0
DA:42,0
DA:55,0
LF:12
LH:0
BRDA:27,0,0,0
BRF:1
BRH:0
end_of_record
TN:
SF:src/utils/mockData/portfolioMock.ts
FN:12,generateMockPortfolio
FN:21,(anonymous_1)
FNF:2
FNH:0
FNDA:0,generateMockPortfolio
FNDA:0,(anonymous_1)
DA:13,0
DA:21,0
LF:2
LH:0
BRDA:23,0,0,0
BRDA:23,0,1,0
BRF:2
BRH:0
end_of_record
TN:
SF:src/utils/mockData/sentimentMock.ts
FN:14,calculateSentiment
FN:26,calculateSentimentScore
FN:39,generateMockWordCount
FN:71,generateMockCombinedWordCount
FNF:4
FNH:0
FNDA:0,calculateSentiment
FNDA:0,calculateSentimentScore
FNDA:0,generateMockWordCount
FNDA:0,generateMockCombinedWordCount
DA:15,0
DA:16,0
DA:17,0
DA:27,0
DA:28,0
DA:29,0
DA:44,0
DA:45,0
DA:46,0
DA:47,0
DA:49,0
DA:77,0
DA:78,0
DA:80,0
DA:81,0
DA:82,0
DA:85,0
DA:86,0
DA:88,0
LF:19
LH:0
BRDA:15,0,0,0
BRDA:15,0,1,0
BRDA:16,1,0,0
BRDA:16,1,1,0
BRDA:28,2,0,0
BRDA:28,2,1,0
BRDA:74,3,0,0
BRF:7
BRH:0
end_of_record
TN:
SF:src/utils/mockData/stockMock.ts
FN:18,generateMockStockPrices
FN:33,(anonymous_1)
FN:80,generateMockSymbol
FNF:3
FNH:0
FNDA:0,generateMockStockPrices
FNDA:0,(anonymous_1)
FNDA:0,generateMockSymbol
DA:27,0
DA:29,0
DA:30,0
DA:31,0
DA:33,0
DA:35,0
DA:36,0
DA:39,0
DA:40,0
DA:41,0
DA:42,0
DA:43,0
DA:45,0
DA:69,0
DA:72,0
DA:81,0
DA:89,0
DA:90,0
DA:92,0
LF:19
LH:0
BRDA:22,0,0,0
BRDA:27,1,0,0
BRDA:27,2,0,0
BRDA:93,3,0,0
BRDA:93,3,1,0
BRDA:95,4,0,0
BRDA:95,4,1,0
BRF:7
BRH:0
end_of_record
TN:
SF:src/utils/sentiment/sentimentCalculator.ts
FN:14,calculateSentiment
FN:34,calculateSentimentScore
FN:55,getSentimentInfo
FNF:3
FNH:3
FNDA:40,calculateSentiment
FNDA:49,calculateSentimentScore
FNDA:23,getSentimentInfo
DA:18,40
DA:19,20
DA:20,20
DA:21,9
DA:23,11
DA:38,49
DA:40,49
DA:41,5
DA:46,44
DA:63,23
DA:64,23
DA:65,23
DA:68,23
DA:69,11
DA:70,12
DA:71,5
DA:73,7
DA:76,23
LF:18
LH:18
BRDA:18,0,0,20
BRDA:18,0,1,20
BRDA:20,1,0,9
BRDA:20,1,1,11
BRDA:40,2,0,5
BRDA:40,2,1,44
BRDA:68,3,0,11
BRDA:68,3,1,12
BRDA:70,4,0,5
BRDA:70,4,1,7
BRF:10
BRH:10
end_of_record
TN:
SF:src/utils/sentiment/textProcessor.ts
FN:12,removeNumbersAndPercents
FN:24,splitIntoSentences
FN:31,(anonymous_2)
FN:39,tokenizeText
FN:43,(anonymous_4)
FN:52,cleanWord
FN:61,getFirstLetter
FNF:7
FNH:1
FNDA:0,removeNumbersAndPercents
FNDA:0,splitIntoSentences
FNDA:0,(anonymous_2)
FNDA:0,tokenizeText
FNDA:0,(anonymous_4)
FNDA:1155,cleanWord
FNDA:0,getFirstLetter
DA:14,0
DA:26,0
DA:29,0
DA:31,0
DA:41,0
DA:43,0
DA:53,1155
DA:62,0
DA:63,0
LF:9
LH:1
BRDA:63,0,0,0
BRDA:63,0,1,0
BRF:2
BRH:0
end_of_record
TN:
SF:src/utils/sentiment/vocabularyLoader.ts
FN:15,loadVocabulary
FN:24,isPositiveWord
FN:48,isNegativeWord
FN:73,isSentimentWord
FN:83,getWordsByLetter
FN:100,getVocabularyStats
FN:102,(anonymous_6)
FN:106,(anonymous_7)
FNF:8
FNH:8
FNDA:29,loadVocabulary
FNDA:16,isPositiveWord
FNDA:12,isNegativeWord
FNDA:4,isSentimentWord
FNDA:6,getWordsByLetter
FNDA:4,getVocabularyStats
FNDA:104,(anonymous_6)
FNDA:104,(anonymous_7)
DA:9,3
DA:16,29
DA:25,16
DA:26,3
DA:29,13
DA:30,13
DA:31,1
DA:34,12
DA:35,12
DA:36,2
DA:39,10
DA:40,10
DA:49,12
DA:50,1
DA:53,11
DA:54,11
DA:55,1
DA:58,10
DA:59,10
DA:60,1
DA:63,9
DA:64,9
DA:74,4
DA:84,6
DA:85,1
DA:88,5
DA:89,5
DA:90,2
DA:93,3
DA:101,4
DA:102,104
DA:105,4
DA:106,104
DA:110,4
LF:34
LH:34
BRDA:25,0,0,3
BRDA:25,0,1,13
BRDA:25,1,0,16
BRDA:25,1,1,13
BRDA:30,2,0,1
BRDA:30,2,1,12
BRDA:35,3,0,2
BRDA:35,3,1,10
BRDA:40,4,0,10
BRDA:40,4,1,0
BRDA:49,5,0,1
BRDA:49,5,1,11
BRDA:49,6,0,12
BRDA:49,6,1,11
BRDA:54,7,0,1
BRDA:54,7,1,10
BRDA:59,8,0,1
BRDA:59,8,1,9
BRDA:64,9,0,9
BRDA:64,9,1,0
BRDA:74,10,0,2
BRDA:74,10,1,2
BRDA:84,11,0,1
BRDA:84,11,1,5
BRDA:84,12,0,6
BRDA:84,12,1,5
BRDA:84,12,2,5
BRDA:89,13,0,2
BRDA:89,13,1,3
BRDA:93,14,0,3
BRDA:93,14,1,0
BRF:31
BRH:28
end_of_record
TN:
SF:src/utils/sentiment/wordCounter.ts
FN:20,countSentimentWords
FN:77,analyzeSentimentWords
FNF:2
FNH:2
FNDA:26,countSentimentWords
FNDA:5,analyzeSentimentWords
DA:21,26
DA:23,26
DA:24,26
DA:27,26
DA:30,24
DA:33,24
DA:34,24
DA:35,24
DA:37,24
DA:39,1155
DA:42,1155
DA:43,15
DA:47,1140
DA:50,1140
DA:51,96
DA:52,96
DA:53,96
DA:57,1140
DA:58,542
DA:61,1140
DA:62,523
DA:66,24
DA:82,5
DA:85,5
DA:87,5
LF:25
LH:25
BRDA:42,0,0,15
BRDA:42,0,1,1140
BRDA:50,1,0,96
BRDA:50,1,1,1044
BRDA:52,2,0,96
BRDA:52,2,1,0
BRDA:53,3,0,96
BRDA:53,3,1,0
BRDA:57,4,0,542
BRDA:57,4,1,598
BRDA:61,5,0,523
BRDA:61,5,1,617
BRF:12
BRH:10
end_of_record
TN:
SF:src/utils/validation/inputValidation.ts
FN:13,isValidTicker
FN:28,sanitizeTicker
FN:43,isValidDateRange
FN:63,validateArticleURL
FN:81,isValidEmail
FNF:5
FNH:5
FNDA:14,isValidTicker
FNDA:10,sanitizeTicker
FNDA:12,isValidDateRange
FNDA:12,validateArticleURL
FNDA:13,isValidEmail
DA:14,14
DA:15,4
DA:18,10
DA:19,10
DA:29,10
DA:30,3
DA:33,7
DA:44,12
DA:45,12
DA:46,12
DA:48,12
DA:49,7
DA:52,5
DA:54,0
DA:64,12
DA:65,4
DA:68,8
DA:69,8
DA:70,6
DA:72,2
DA:82,13
DA:83,4
DA:86,9
DA:87,9
LF:24
LH:23
BRDA:14,0,0,4
BRDA:14,0,1,10
BRDA:14,1,0,14
BRDA:14,1,1,11
BRDA:29,2,0,3
BRDA:29,2,1,7
BRDA:29,3,0,10
BRDA:29,3,1,7
BRDA:48,4,0,7
BRDA:48,4,1,5
BRDA:48,5,0,12
BRDA:48,5,1,7
BRDA:64,6,0,4
BRDA:64,6,1,8
BRDA:64,7,0,12
BRDA:64,7,1,9
BRDA:70,8,0,6
BRDA:70,8,1,5
BRDA:82,9,0,4
BRDA:82,9,1,9
BRDA:82,10,0,13
BRDA:82,10,1,10
BRF:22
BRH:22
end_of_record
